++ test -z /opt/conda/conda-bld/r-rjava_1515260703730/_h_env_placehold_placehold_placehold_placehold_placehold_placehold_placehold_placehold_placehold_placehold_placehold_placehold_placehold_placehold_placehold_placehold_placehold_placehold_placehold_placehold_place/lib/R
++ . /opt/conda/conda-bld/r-rjava_1515260703730/_h_env_placehold_placehold_placehold_placehold_placehold_placehold_placehold_placehold_placehold_placehold_placehold_placehold_placehold_placehold_placehold_placehold_placehold_placehold_placehold_placehold_place/lib/R/etc/javaconf
+++ :
+++ : '~autodetect~'
+++ : '~autodetect~'
+++ : '~autodetect~'
+++ /opt/conda/conda-bld/r-rjava_1515260703730/_h_env_placehold_placehold_placehold_placehold_placehold_placehold_placehold_placehold_placehold_placehold_placehold_placehold_placehold_placehold_placehold_placehold_placehold_placehold_placehold_placehold_place/lib/R/bin/R CMD config DYLIB_EXT
++ DYLIB_EXT=.dylib
++ tools_classpath=/opt/conda/conda-bld/r-rjava_1515260703730/_h_env_placehold_placehold_placehold_placehold_placehold_placehold_placehold_placehold_placehold_placehold_placehold_placehold_placehold_placehold_placehold_placehold_placehold_placehold_placehold_placehold_place/lib/R/share/java
++ revision='$Rev: 73535 $'
+++ set - '$Rev:' 73535 '$'
++ version=73535
++ version='R Java configurator: 3.4.3 (r73535)

Copyright (C) 2002-2015 The R Core Team.
This is free software; see the GNU General Public License version 2
or later for copying conditions.  There is NO warranty.'
++ usage='
Usage: R CMD javareconf [options]

Detect current Java setup and update the corresponding configuration in R.

Options:
  -h, --help     print this help message and exit
  -v, --version  print version info and exit
  -n, --dry-run  perform Java detection, but don'\''t touch any
                 configuration files
  -e <prog>      same as -n but exports all detected variables
                 and runs <prog>. If -e is the last argument
                 or <prog> is '\'''\'' then a shell is used instead
  xxx=yyy        evaluate the corresponding expression
                 (e.g. JAVA_HOME=/usr/lib/java)

Environment variables that can be used to influence the detection:
  JAVA           path to a Java interpreter executable
                 By default first '\''java'\'' command found on the PATH
                 is taken (unless JAVA_HOME is also specified).
  JAVA_HOME      home of the Java environment. If not specified,
                 it will be detected automatically from the Java
                 interpreter.
  JAVAC          path to a Java compiler
  JAVAH          path to a Java header/stub generator
  JAR            path to a Java archive tool

The following variables should be used with extreme caution. They
must all match, so use only if you have a very special setup that
javareconf cannot detect automatically:
  JAVA_LD_LIBRARY_PATH library path necessary at run-time
  JAVA_CPPFLAGS  C preprocessor flags necessary to compile JNI programs
  JAVA_LIBS      libraries (as linker flags) necessary to compile
                 JNI programs

Report bugs at <https://bugs.R-project.org>.'
++ dry_run=no
++ export_vars=no
++ test -n ''
++ test -z ''
++ JAVA_PATH=/opt/conda/conda-bld/r-rjava_1515260703730/_h_env_placehold_placehold_placehold_placehold_placehold_placehold_placehold_placehold_placehold_placehold_placehold_placehold_placehold_placehold_placehold_placehold_placehold_placehold_placehold_placehold_place/bin:/opt/conda/conda-bld/r-rjava_1515260703730/_build_env/bin:/opt/conda/conda-bld/r-rjava_1515260703730/_build_env:/opt/conda/conda-bld/r-rjava_1515260703730/_build_env/bin:/opt/conda/bin:/Users/rdonnelly/conda/apache-ant-1.9.9/bin:/usr/local/sbin:/usr/local/bin:/usr/sbin:/usr/bin:/sbin:/bin
++ JAVA_PATH=/opt/conda/conda-bld/r-rjava_1515260703730/_h_env_placehold_placehold_placehold_placehold_placehold_placehold_placehold_placehold_placehold_placehold_placehold_placehold_placehold_placehold_placehold_placehold_placehold_placehold_placehold_placehold_place/bin:/opt/conda/conda-bld/r-rjava_1515260703730/_build_env/bin:/opt/conda/conda-bld/r-rjava_1515260703730/_build_env:/opt/conda/conda-bld/r-rjava_1515260703730/_build_env/bin:/opt/conda/bin:/Users/rdonnelly/conda/apache-ant-1.9.9/bin:/usr/local/sbin:/usr/local/bin:/usr/sbin:/usr/bin:/sbin:/bin:/usr/java/bin:/usr/jdk/bin:/usr/lib/java/bin:/usr/lib/jdk/bin:/usr/local/java/bin:/usr/local/jdk/bin:/usr/local/lib/java/bin:/usr/local/lib/jdk/bin
++ test -z ''
++ save_IFS=' 	
'
++ IFS=:
++ for dir in '${JAVA_PATH}'
++ test -f /opt/conda/conda-bld/r-rjava_1515260703730/_h_env_placehold_placehold_placehold_placehold_placehold_placehold_placehold_placehold_placehold_placehold_placehold_placehold_placehold_placehold_placehold_placehold_placehold_placehold_placehold_placehold_place/bin/java
++ for dir in '${JAVA_PATH}'
++ test -f /opt/conda/conda-bld/r-rjava_1515260703730/_build_env/bin/java
++ for dir in '${JAVA_PATH}'
++ test -f /opt/conda/conda-bld/r-rjava_1515260703730/_build_env/java
++ for dir in '${JAVA_PATH}'
++ test -f /opt/conda/conda-bld/r-rjava_1515260703730/_build_env/bin/java
++ for dir in '${JAVA_PATH}'
++ test -f /opt/conda/bin/java
++ for dir in '${JAVA_PATH}'
++ test -f /Users/rdonnelly/conda/apache-ant-1.9.9/bin/java
++ for dir in '${JAVA_PATH}'
++ test -f /usr/local/sbin/java
++ for dir in '${JAVA_PATH}'
++ test -f /usr/local/bin/java
++ for dir in '${JAVA_PATH}'
++ test -f /usr/sbin/java
++ for dir in '${JAVA_PATH}'
++ test -f /usr/bin/java
++ JAVA=/usr/bin/java
++ break
++ IFS=' 	
'
++ test -z /usr/bin/java
++ echo 'Java interpreter : /usr/bin/java'
Java interpreter : /usr/bin/java
+++ /usr/bin/java -classpath /opt/conda/conda-bld/r-rjava_1515260703730/_h_env_placehold_placehold_placehold_placehold_placehold_placehold_placehold_placehold_placehold_placehold_placehold_placehold_placehold_placehold_placehold_placehold_placehold_placehold_placehold_placehold_place/lib/R/share/java getsp -test
++ jires=Test1234OK
++ test Test1234OK '!=' Test1234OK
++ test -z ''
+++ /usr/bin/java -classpath /opt/conda/conda-bld/r-rjava_1515260703730/_h_env_placehold_placehold_placehold_placehold_placehold_placehold_placehold_placehold_placehold_placehold_placehold_placehold_placehold_placehold_placehold_placehold_placehold_placehold_placehold_placehold_place/lib/R/share/java getsp java.home
++ JAVA_HOME=/Library/Java/JavaVirtualMachines/1.6.0.jdk/Contents/Home
++ test -z /Library/Java/JavaVirtualMachines/1.6.0.jdk/Contents/Home
+++ /usr/bin/java -classpath /opt/conda/conda-bld/r-rjava_1515260703730/_h_env_placehold_placehold_placehold_placehold_placehold_placehold_placehold_placehold_placehold_placehold_placehold_placehold_placehold_placehold_placehold_placehold_placehold_placehold_placehold_placehold_place/lib/R/share/java getsp java.version
++ echo 'Java version     : 1.6.0_65'
Java version     : 1.6.0_65
++ echo 'Java home path   : /Library/Java/JavaVirtualMachines/1.6.0.jdk/Contents/Home'
Java home path   : /Library/Java/JavaVirtualMachines/1.6.0.jdk/Contents/Home
++ test -z ''
++ save_IFS=' 	
'
++ IFS=:
++ for dir in '${JAVA_PATH}'
++ test -f /opt/conda/conda-bld/r-rjava_1515260703730/_h_env_placehold_placehold_placehold_placehold_placehold_placehold_placehold_placehold_placehold_placehold_placehold_placehold_placehold_placehold_placehold_placehold_placehold_placehold_placehold_placehold_place/bin/javac
++ for dir in '${JAVA_PATH}'
++ test -f /opt/conda/conda-bld/r-rjava_1515260703730/_build_env/bin/javac
++ for dir in '${JAVA_PATH}'
++ test -f /opt/conda/conda-bld/r-rjava_1515260703730/_build_env/javac
++ for dir in '${JAVA_PATH}'
++ test -f /opt/conda/conda-bld/r-rjava_1515260703730/_build_env/bin/javac
++ for dir in '${JAVA_PATH}'
++ test -f /opt/conda/bin/javac
++ for dir in '${JAVA_PATH}'
++ test -f /Users/rdonnelly/conda/apache-ant-1.9.9/bin/javac
++ for dir in '${JAVA_PATH}'
++ test -f /usr/local/sbin/javac
++ for dir in '${JAVA_PATH}'
++ test -f /usr/local/bin/javac
++ for dir in '${JAVA_PATH}'
++ test -f /usr/sbin/javac
++ for dir in '${JAVA_PATH}'
++ test -f /usr/bin/javac
++ JAVAC=/usr/bin/javac
++ break
++ IFS=' 	
'
++ : /tmp
++ tempdir=/tmp/Rjavareconf.mYiUQS
++ test -n /tmp/Rjavareconf.mYiUQS
++ test -d /tmp/Rjavareconf.mYiUQS
++ javac_works='not present'
++ test -n /usr/bin/javac
++ javac_works='not functional'
++ echo 'public class A { }'
++ test -f /tmp/Rjavareconf.mYiUQS/A.java
++ /usr/bin/javac /tmp/Rjavareconf.mYiUQS/A.java
++ test -f /tmp/Rjavareconf.mYiUQS/A.class
++ javac_works=yes
++ test yes = yes
++ echo 'Java compiler    : /usr/bin/javac'
Java compiler    : /usr/bin/javac
++ test -z ''
++ save_IFS=' 	
'
++ IFS=:
++ for dir in '${JAVA_PATH}'
++ test -f /opt/conda/conda-bld/r-rjava_1515260703730/_h_env_placehold_placehold_placehold_placehold_placehold_placehold_placehold_placehold_placehold_placehold_placehold_placehold_placehold_placehold_placehold_placehold_placehold_placehold_placehold_placehold_place/bin/javah
++ for dir in '${JAVA_PATH}'
++ test -f /opt/conda/conda-bld/r-rjava_1515260703730/_build_env/bin/javah
++ for dir in '${JAVA_PATH}'
++ test -f /opt/conda/conda-bld/r-rjava_1515260703730/_build_env/javah
++ for dir in '${JAVA_PATH}'
++ test -f /opt/conda/conda-bld/r-rjava_1515260703730/_build_env/bin/javah
++ for dir in '${JAVA_PATH}'
++ test -f /opt/conda/bin/javah
++ for dir in '${JAVA_PATH}'
++ test -f /Users/rdonnelly/conda/apache-ant-1.9.9/bin/javah
++ for dir in '${JAVA_PATH}'
++ test -f /usr/local/sbin/javah
++ for dir in '${JAVA_PATH}'
++ test -f /usr/local/bin/javah
++ for dir in '${JAVA_PATH}'
++ test -f /usr/sbin/javah
++ for dir in '${JAVA_PATH}'
++ test -f /usr/bin/javah
++ JAVAH=/usr/bin/javah
++ break
++ IFS=' 	
'
++ echo 'Java headers gen.: /usr/bin/javah'
Java headers gen.: /usr/bin/javah
++ test -z ''
++ save_IFS=' 	
'
++ IFS=:
++ for dir in '${JAVA_PATH}'
++ test -f /opt/conda/conda-bld/r-rjava_1515260703730/_h_env_placehold_placehold_placehold_placehold_placehold_placehold_placehold_placehold_placehold_placehold_placehold_placehold_placehold_placehold_placehold_placehold_placehold_placehold_placehold_placehold_place/bin/jar
++ for dir in '${JAVA_PATH}'
++ test -f /opt/conda/conda-bld/r-rjava_1515260703730/_build_env/bin/jar
++ for dir in '${JAVA_PATH}'
++ test -f /opt/conda/conda-bld/r-rjava_1515260703730/_build_env/jar
++ for dir in '${JAVA_PATH}'
++ test -f /opt/conda/conda-bld/r-rjava_1515260703730/_build_env/bin/jar
++ for dir in '${JAVA_PATH}'
++ test -f /opt/conda/bin/jar
++ for dir in '${JAVA_PATH}'
++ test -f /Users/rdonnelly/conda/apache-ant-1.9.9/bin/jar
++ for dir in '${JAVA_PATH}'
++ test -f /usr/local/sbin/jar
++ for dir in '${JAVA_PATH}'
++ test -f /usr/local/bin/jar
++ for dir in '${JAVA_PATH}'
++ test -f /usr/sbin/jar
++ for dir in '${JAVA_PATH}'
++ test -f /usr/bin/jar
++ JAR=/usr/bin/jar
++ break
++ IFS=' 	
'
++ echo 'Java archive tool: /usr/bin/jar'
Java archive tool: /usr/bin/jar
++ : '~autodetect~'
++ : '~autodetect~'
++ : '~autodetect~'
++ custom_JAVA_LIBS='~autodetect~'
++ custom_JAVA_CPPFLAGS='~autodetect~'
++ custom_JAVA_LD_LIBRARY_PATH='~autodetect~'
+++ uname
++ hostos=Darwin
++ test Darwin = Darwin
+++ echo /Library/Java/JavaVirtualMachines/1.6.0.jdk/Contents/Home
+++ grep '^/System/Library'
++ pref=
++ test '' = /Library/Java/JavaVirtualMachines/1.6.0.jdk/Contents/Home
++ echo 'Non-system Java on macOS'
Non-system Java on macOS
++ test '~autodetect~' = '~autodetect~'
++ save_LDLP=
++ LD_LIBRARY_PATH=
++ export LD_LIBRARY_PATH
+++ /usr/bin/sed -e 's/:$//' -e 's/^://'
+++ /usr/bin/java -classpath /opt/conda/conda-bld/r-rjava_1515260703730/_h_env_placehold_placehold_placehold_placehold_placehold_placehold_placehold_placehold_placehold_placehold_placehold_placehold_placehold_placehold_placehold_placehold_placehold_placehold_placehold_placehold_place/lib/R/share/java getsp java.library.path
++ java_library_path=.:/Library/Java/Extensions:/System/Library/Java/Extensions:/usr/lib/java
++ has_libjvm=no
++ save_IFS=' 	
'
++ IFS=:
++ for dir in '${java_library_path}'
++ test -f ./libjvm.dylib
++ for dir in '${java_library_path}'
++ test -f /Library/Java/Extensions/libjvm.dylib
++ for dir in '${java_library_path}'
++ test -f /System/Library/Java/Extensions/libjvm.dylib
++ for dir in '${java_library_path}'
++ test -f /usr/lib/java/libjvm.dylib
++ test no = no
+++ /usr/bin/java -classpath /opt/conda/conda-bld/r-rjava_1515260703730/_h_env_placehold_placehold_placehold_placehold_placehold_placehold_placehold_placehold_placehold_placehold_placehold_placehold_placehold_placehold_placehold_placehold_placehold_placehold_placehold_placehold_place/lib/R/share/java getsp sun.boot.library.path
+++ /usr/bin/sed -e 's/:$//' -e 's/^://'
++ boot_path=/Library/Java/JavaVirtualMachines/1.6.0.jdk/Contents/Libraries
++ test -n /Library/Java/JavaVirtualMachines/1.6.0.jdk/Contents/Libraries
++ for dir in '"${boot_path}"' '"${boot_path}/client"' '"${boot_path}/server"'
++ test -f /Library/Java/JavaVirtualMachines/1.6.0.jdk/Contents/Libraries/libjvm.dylib
++ has_libjvm=yes
++ java_library_path=/Library/Java/JavaVirtualMachines/1.6.0.jdk/Contents/Libraries
++ break
++ IFS=' 	
'
++ test false '!=' false
++ java_home=/Library/Java/JavaVirtualMachines/1.6.0.jdk/Contents/Home
+++ echo /Library/Java/JavaVirtualMachines/1.6.0.jdk/Contents/Libraries
+++ /usr/bin/sed '-e s:/Library/Java/JavaVirtualMachines/1.6.0.jdk/Contents/Home:$\(JAVA_HOME\):g'
++ JAVA_LD_LIBRARY_PATH=/Library/Java/JavaVirtualMachines/1.6.0.jdk/Contents/Libraries
++ LD_LIBRARY_PATH=
++ export LD_LIBRARY_PATH
+++ echo /Library/Java/JavaVirtualMachines/1.6.0.jdk/Contents/Libraries
+++ /usr/bin/sed -e 's|:| -L|g'
++ JAVA_LIBS=/Library/Java/JavaVirtualMachines/1.6.0.jdk/Contents/Libraries
++ test -n /Library/Java/JavaVirtualMachines/1.6.0.jdk/Contents/Libraries
++ JAVA_LIBS=-L/Library/Java/JavaVirtualMachines/1.6.0.jdk/Contents/Libraries
++ JAVA_LIBS='-L/Library/Java/JavaVirtualMachines/1.6.0.jdk/Contents/Libraries -ljvm'
+++ echo /Library/Java/JavaVirtualMachines/1.6.0.jdk/Contents/Libraries
+++ /usr/bin/sed -e 's:$(JAVA_HOME):$\{JAVA_HOME\}:g'
++ JAVA_LD_LIBRARY_PATH_SH=/Library/Java/JavaVirtualMachines/1.6.0.jdk/Contents/Libraries
++ jinc=
++ JAVA_CPPFLAGS=
++ for pinc in include ../include jre/include
++ test -f /Library/Java/JavaVirtualMachines/1.6.0.jdk/Contents/Home/include/jni.h
++ for pinc in include ../include jre/include
++ test -f /Library/Java/JavaVirtualMachines/1.6.0.jdk/Contents/Home/../include/jni.h
++ for pinc in include ../include jre/include
++ test -f /Library/Java/JavaVirtualMachines/1.6.0.jdk/Contents/Home/jre/include/jni.h
++ test -n ''
++ test -n ''
++ acx_custom_java_libs=no
++ test '~autodetect~' '!=' '~autodetect~'
++ test '~autodetect~' '!=' '~autodetect~'
++ test '~autodetect~' '!=' '~autodetect~'
++ wd=/Volumes/100GB/conda/conda-bld/r-rjava_1515260703730/work
++ cd /tmp/Rjavareconf.mYiUQS
++ echo

++ echo 'trying to compile and link a JNI program '
trying to compile and link a JNI program 
++ echo 'detected JNI cpp flags    : '
detected JNI cpp flags    : 
++ echo 'detected JNI linker flags : -L/Library/Java/JavaVirtualMachines/1.6.0.jdk/Contents/Libraries -ljvm'
detected JNI linker flags : -L/Library/Java/JavaVirtualMachines/1.6.0.jdk/Contents/Libraries -ljvm
++ cat
+++ echo
+++ /usr/bin/sed -e 's:$(JAVA_HOME):/Library/Java/JavaVirtualMachines/1.6.0.jdk/Contents/Home:g'
++ JAVA_CPPFLAGS1=
+++ echo -L/Library/Java/JavaVirtualMachines/1.6.0.jdk/Contents/Libraries -ljvm
+++ /usr/bin/sed -e 's:$(JAVA_HOME):/Library/Java/JavaVirtualMachines/1.6.0.jdk/Contents/Home:g'
++ JAVA_LIBS1='-L/Library/Java/JavaVirtualMachines/1.6.0.jdk/Contents/Libraries -ljvm'
++ cat
++ MAKEFLAGS=
++ export MAKEFLAGS
++ /opt/conda/conda-bld/r-rjava_1515260703730/_h_env_placehold_placehold_placehold_placehold_placehold_placehold_placehold_placehold_placehold_placehold_placehold_placehold_placehold_placehold_placehold_placehold_placehold_placehold_placehold_placehold_place/lib/R/bin/R CMD SHLIB conftest.c
x86_64-apple-darwin13.4.0-clang -I/opt/conda/conda-bld/r-rjava_1515260703730/_h_env_placehold_placehold_placehold_placehold_placehold_placehold_placehold_placehold_placehold_placehold_placehold_placehold_placehold_placehold_placehold_placehold_placehold_placehold_placehold_placehold_place/lib/R/include -DNDEBUG   -D_FORTIFY_SOURCE=2 -mmacosx-version-min=10.9 -I/opt/conda/conda-bld/r-rjava_1515260703730/_h_env_placehold_placehold_placehold_placehold_placehold_placehold_placehold_placehold_placehold_placehold_placehold_placehold_placehold_placehold_placehold_placehold_placehold_placehold_placehold_placehold_place/include   -fPIC  -march=core2 -mtune=haswell -mssse3 -ftree-vectorize -fPIC -fPIE -fstack-protector-strong -O2 -pipe -I/opt/conda/conda-bld/r-rjava_1515260703730/_h_env_placehold_placehold_placehold_placehold_placehold_placehold_placehold_placehold_placehold_placehold_placehold_placehold_placehold_placehold_placehold_placehold_placehold_placehold_placehold_placehold_place/include -I/opt/conda/conda-bld/r-rjava_1515260703730/_h_env_placehold_placehold_placehold_placehold_placehold_placehold_placehold_placehold_placehold_placehold_placehold_placehold_placehold_placehold_placehold_placehold_placehold_placehold_placehold_placehold_place/include  -c conftest.c -o conftest.o
conftest.c:1:10: fatal error: 'jni.h' file not found
#include <jni.h>
         ^~~~~~~
1 error generated.
make: *** [/opt/conda/conda-bld/r-rjava_1515260703730/_h_env_placehold_placehold_placehold_placehold_placehold_placehold_placehold_placehold_placehold_placehold_placehold_placehold_placehold_placehold_placehold_placehold_placehold_placehold_placehold_placehold_place/lib/R/etc/Makeconf:160: conftest.o] Error 1
++ ac_status=1
++ test 1 '!=' 0
++ echo 'Unable to compile a JNI program, ignoring this though as you may not want to compile anything here'
Unable to compile a JNI program, ignoring this though as you may not want to compile anything here
++ echo '.. this is an Anaconda Distribution and conda-forge customization whereby env activation causes us'
.. this is an Anaconda Distribution and conda-forge customization whereby env activation causes us
++ echo '.. to call R CMD javareconf in order to dynamically detect a JDK that may be in that env. The fact'
.. to call R CMD javareconf in order to dynamically detect a JDK that may be in that env. The fact
++ echo '.. that we prohibit setting LD_LIBRARY_PATH is also somewhat responsible for us needing to do this'
.. that we prohibit setting LD_LIBRARY_PATH is also somewhat responsible for us needing to do this
++ echo '.. because ${R_HOME}/etc/ldpaths is the normal way that R dynamically finds shared libraries. This'
.. because ${R_HOME}/etc/ldpaths is the normal way that R dynamically finds shared libraries. This
++ echo '.. is what would, in upstream R, set LD_LIBRARY_PATH. AD cannot set this as it causes all sorts of'
.. is what would, in upstream R, set LD_LIBRARY_PATH. AD cannot set this as it causes all sorts of
++ echo '.. issues with DT_RUNPATH / DT_RPATH on various distributions.'
.. issues with DT_RUNPATH / DT_RPATH on various distributions.
++ rm -f conftest.c conftest.o conftest.so Makevars
++ cd /Volumes/100GB/conda/conda-bld/r-rjava_1515260703730/work
++ rm -rf /tmp/Rjavareconf.mYiUQS
++ echo ''

++ test no = yes
++ echo ''

++ echo 'JAVA_HOME        : /Library/Java/JavaVirtualMachines/1.6.0.jdk/Contents/Home'
JAVA_HOME        : /Library/Java/JavaVirtualMachines/1.6.0.jdk/Contents/Home
++ echo 'Java library path: /Library/Java/JavaVirtualMachines/1.6.0.jdk/Contents/Libraries'
Java library path: /Library/Java/JavaVirtualMachines/1.6.0.jdk/Contents/Libraries
++ echo 'JNI cpp flags    : '
JNI cpp flags    : 
++ echo 'JNI linker flags : -L/Library/Java/JavaVirtualMachines/1.6.0.jdk/Contents/Libraries -ljvm'
JNI linker flags : -L/Library/Java/JavaVirtualMachines/1.6.0.jdk/Contents/Libraries -ljvm
++ test no = yes
++ echo 'Updating Java configuration in /opt/conda/conda-bld/r-rjava_1515260703730/_h_env_placehold_placehold_placehold_placehold_placehold_placehold_placehold_placehold_placehold_placehold_placehold_placehold_placehold_placehold_placehold_placehold_placehold_placehold_placehold_placehold_place/lib/R'
Updating Java configuration in /opt/conda/conda-bld/r-rjava_1515260703730/_h_env_placehold_placehold_placehold_placehold_placehold_placehold_placehold_placehold_placehold_placehold_placehold_placehold_placehold_placehold_placehold_placehold_placehold_placehold_placehold_placehold_place/lib/R
++ test -n ''
++ files='/opt/conda/conda-bld/r-rjava_1515260703730/_h_env_placehold_placehold_placehold_placehold_placehold_placehold_placehold_placehold_placehold_placehold_placehold_placehold_placehold_placehold_placehold_placehold_placehold_placehold_placehold_placehold_place/lib/R/etc/Makeconf /opt/conda/conda-bld/r-rjava_1515260703730/_h_env_placehold_placehold_placehold_placehold_placehold_placehold_placehold_placehold_placehold_placehold_placehold_placehold_placehold_placehold_placehold_placehold_placehold_placehold_placehold_placehold_place/lib/R/etc/ldpaths'
++ for file in '$files'
++ /usr/bin/sed -e 's|JAVA =.\{0,\}|JAVA = /usr/bin/java|' -e 's|JAVA_HOME =.\{0,\}|JAVA_HOME = /Library/Java/JavaVirtualMachines/1.6.0.jdk/Contents/Home|' -e 's|: ${JAVA_HOME=.\{1,\}|: ${JAVA_HOME=/Library/Java/JavaVirtualMachines/1.6.0.jdk/Contents/Home}|' -e 's|: ${R_JAVA_LD_LIBRARY_PATH=.\{1,\}|: ${R_JAVA_LD_LIBRARY_PATH=/Library/Java/JavaVirtualMachines/1.6.0.jdk/Contents/Libraries}|' -e 's|JAVA_LIBS =.\{0,\}|JAVA_LIBS = -L/Library/Java/JavaVirtualMachines/1.6.0.jdk/Contents/Libraries -ljvm|g' -e 's|JAVA_LD_LIBRARY_PATH =.\{0,\}|JAVA_LD_LIBRARY_PATH = /Library/Java/JavaVirtualMachines/1.6.0.jdk/Contents/Libraries|' -e 's|JAVAC =.\{0,\}|JAVAC = /usr/bin/javac|' -e 's|JAVAH =.\{0,\}|JAVAH = /usr/bin/javah|' -e 's|JAR =.\{0,\}|JAR = /usr/bin/jar|' -e 's|JAVA_CPPFLAGS =.\{0,\}|JAVA_CPPFLAGS = |g' /opt/conda/conda-bld/r-rjava_1515260703730/_h_env_placehold_placehold_placehold_placehold_placehold_placehold_placehold_placehold_placehold_placehold_placehold_placehold_placehold_placehold_placehold_placehold_placehold_placehold_placehold_placehold_place/lib/R/etc/Makeconf
++ test -f /opt/conda/conda-bld/r-rjava_1515260703730/_h_env_placehold_placehold_placehold_placehold_placehold_placehold_placehold_placehold_placehold_placehold_placehold_placehold_placehold_placehold_placehold_placehold_placehold_placehold_placehold_placehold_place/lib/R/etc/Makeconf.new
++ mv /opt/conda/conda-bld/r-rjava_1515260703730/_h_env_placehold_placehold_placehold_placehold_placehold_placehold_placehold_placehold_placehold_placehold_placehold_placehold_placehold_placehold_placehold_placehold_placehold_placehold_placehold_placehold_place/lib/R/etc/Makeconf.new /opt/conda/conda-bld/r-rjava_1515260703730/_h_env_placehold_placehold_placehold_placehold_placehold_placehold_placehold_placehold_placehold_placehold_placehold_placehold_placehold_placehold_placehold_placehold_placehold_placehold_placehold_placehold_place/lib/R/etc/Makeconf
++ for file in '$files'
++ /usr/bin/sed -e 's|JAVA =.\{0,\}|JAVA = /usr/bin/java|' -e 's|JAVA_HOME =.\{0,\}|JAVA_HOME = /Library/Java/JavaVirtualMachines/1.6.0.jdk/Contents/Home|' -e 's|: ${JAVA_HOME=.\{1,\}|: ${JAVA_HOME=/Library/Java/JavaVirtualMachines/1.6.0.jdk/Contents/Home}|' -e 's|: ${R_JAVA_LD_LIBRARY_PATH=.\{1,\}|: ${R_JAVA_LD_LIBRARY_PATH=/Library/Java/JavaVirtualMachines/1.6.0.jdk/Contents/Libraries}|' -e 's|JAVA_LIBS =.\{0,\}|JAVA_LIBS = -L/Library/Java/JavaVirtualMachines/1.6.0.jdk/Contents/Libraries -ljvm|g' -e 's|JAVA_LD_LIBRARY_PATH =.\{0,\}|JAVA_LD_LIBRARY_PATH = /Library/Java/JavaVirtualMachines/1.6.0.jdk/Contents/Libraries|' -e 's|JAVAC =.\{0,\}|JAVAC = /usr/bin/javac|' -e 's|JAVAH =.\{0,\}|JAVAH = /usr/bin/javah|' -e 's|JAR =.\{0,\}|JAR = /usr/bin/jar|' -e 's|JAVA_CPPFLAGS =.\{0,\}|JAVA_CPPFLAGS = |g' /opt/conda/conda-bld/r-rjava_1515260703730/_h_env_placehold_placehold_placehold_placehold_placehold_placehold_placehold_placehold_placehold_placehold_placehold_placehold_placehold_placehold_placehold_placehold_placehold_placehold_placehold_placehold_place/lib/R/etc/ldpaths
++ test -f /opt/conda/conda-bld/r-rjava_1515260703730/_h_env_placehold_placehold_placehold_placehold_placehold_placehold_placehold_placehold_placehold_placehold_placehold_placehold_placehold_placehold_placehold_placehold_placehold_placehold_placehold_placehold_place/lib/R/etc/ldpaths.new
++ mv /opt/conda/conda-bld/r-rjava_1515260703730/_h_env_placehold_placehold_placehold_placehold_placehold_placehold_placehold_placehold_placehold_placehold_placehold_placehold_placehold_placehold_placehold_placehold_placehold_placehold_placehold_placehold_place/lib/R/etc/ldpaths.new /opt/conda/conda-bld/r-rjava_1515260703730/_h_env_placehold_placehold_placehold_placehold_placehold_placehold_placehold_placehold_placehold_placehold_placehold_placehold_placehold_placehold_placehold_placehold_placehold_placehold_placehold_placehold_place/lib/R/etc/ldpaths
++ echo Done.
Done.
++ echo ''

