++ test -z /opt/conda/conda-bld/r-rjava_1515260092850/_h_env_placehold_placehold_placehold_placehold_placehold_placehold_placehold_placehold_placehold_placehold_placehold_placehold_placehold_placehold_placehold_placehold_placehold_placehold_placehold_placehold_place/lib/R
++ . /opt/conda/conda-bld/r-rjava_1515260092850/_h_env_placehold_placehold_placehold_placehold_placehold_placehold_placehold_placehold_placehold_placehold_placehold_placehold_placehold_placehold_placehold_placehold_placehold_placehold_placehold_placehold_place/lib/R/etc/javaconf
+++ :
+++ : '~autodetect~'
+++ : '~autodetect~'
+++ : '~autodetect~'
+++ /opt/conda/conda-bld/r-rjava_1515260092850/_h_env_placehold_placehold_placehold_placehold_placehold_placehold_placehold_placehold_placehold_placehold_placehold_placehold_placehold_placehold_placehold_placehold_placehold_placehold_placehold_placehold_place/lib/R/bin/R CMD config DYLIB_EXT
++ DYLIB_EXT=.dylib
++ tools_classpath=/opt/conda/conda-bld/r-rjava_1515260092850/_h_env_placehold_placehold_placehold_placehold_placehold_placehold_placehold_placehold_placehold_placehold_placehold_placehold_placehold_placehold_placehold_placehold_placehold_placehold_placehold_placehold_place/lib/R/share/java
++ revision='$Rev: 73535 $'
+++ set - '$Rev:' 73535 '$'
++ version=73535
++ version='R Java configurator: 3.4.3 (r73535)

Copyright (C) 2002-2015 The R Core Team.
This is free software; see the GNU General Public License version 2
or later for copying conditions.  There is NO warranty.'
++ usage='
Usage: R CMD javareconf [options]

Detect current Java setup and update the corresponding configuration in R.

Options:
  -h, --help     print this help message and exit
  -v, --version  print version info and exit
  -n, --dry-run  perform Java detection, but don'\''t touch any
                 configuration files
  -e <prog>      same as -n but exports all detected variables
                 and runs <prog>. If -e is the last argument
                 or <prog> is '\'''\'' then a shell is used instead
  xxx=yyy        evaluate the corresponding expression
                 (e.g. JAVA_HOME=/usr/lib/java)

Environment variables that can be used to influence the detection:
  JAVA           path to a Java interpreter executable
                 By default first '\''java'\'' command found on the PATH
                 is taken (unless JAVA_HOME is also specified).
  JAVA_HOME      home of the Java environment. If not specified,
                 it will be detected automatically from the Java
                 interpreter.
  JAVAC          path to a Java compiler
  JAVAH          path to a Java header/stub generator
  JAR            path to a Java archive tool

The following variables should be used with extreme caution. They
must all match, so use only if you have a very special setup that
javareconf cannot detect automatically:
  JAVA_LD_LIBRARY_PATH library path necessary at run-time
  JAVA_CPPFLAGS  C preprocessor flags necessary to compile JNI programs
  JAVA_LIBS      libraries (as linker flags) necessary to compile
                 JNI programs

Report bugs at <https://bugs.R-project.org>.'
++ dry_run=no
++ export_vars=no
++ test -n ''
++ test -z ''
++ JAVA_PATH=/opt/conda/conda-bld/r-rjava_1515260092850/_h_env_placehold_placehold_placehold_placehold_placehold_placehold_placehold_placehold_placehold_placehold_placehold_placehold_placehold_placehold_placehold_placehold_placehold_placehold_placehold_placehold_place/bin:/opt/conda/conda-bld/r-rjava_1515260092850/_build_env/bin:/opt/conda/conda-bld/r-rjava_1515260092850/_build_env:/opt/conda/conda-bld/r-rjava_1515260092850/_build_env/bin:/opt/conda/bin:/Users/rdonnelly/conda/apache-ant-1.9.9/bin:/usr/local/sbin:/usr/local/bin:/usr/sbin:/usr/bin:/sbin:/bin
++ JAVA_PATH=/opt/conda/conda-bld/r-rjava_1515260092850/_h_env_placehold_placehold_placehold_placehold_placehold_placehold_placehold_placehold_placehold_placehold_placehold_placehold_placehold_placehold_placehold_placehold_placehold_placehold_placehold_placehold_place/bin:/opt/conda/conda-bld/r-rjava_1515260092850/_build_env/bin:/opt/conda/conda-bld/r-rjava_1515260092850/_build_env:/opt/conda/conda-bld/r-rjava_1515260092850/_build_env/bin:/opt/conda/bin:/Users/rdonnelly/conda/apache-ant-1.9.9/bin:/usr/local/sbin:/usr/local/bin:/usr/sbin:/usr/bin:/sbin:/bin:/usr/java/bin:/usr/jdk/bin:/usr/lib/java/bin:/usr/lib/jdk/bin:/usr/local/java/bin:/usr/local/jdk/bin:/usr/local/lib/java/bin:/usr/local/lib/jdk/bin
++ test -z ''
++ save_IFS=' 	
'
++ IFS=:
++ for dir in '${JAVA_PATH}'
++ test -f /opt/conda/conda-bld/r-rjava_1515260092850/_h_env_placehold_placehold_placehold_placehold_placehold_placehold_placehold_placehold_placehold_placehold_placehold_placehold_placehold_placehold_placehold_placehold_placehold_placehold_placehold_placehold_place/bin/java
++ for dir in '${JAVA_PATH}'
++ test -f /opt/conda/conda-bld/r-rjava_1515260092850/_build_env/bin/java
++ for dir in '${JAVA_PATH}'
++ test -f /opt/conda/conda-bld/r-rjava_1515260092850/_build_env/java
++ for dir in '${JAVA_PATH}'
++ test -f /opt/conda/conda-bld/r-rjava_1515260092850/_build_env/bin/java
++ for dir in '${JAVA_PATH}'
++ test -f /opt/conda/bin/java
++ for dir in '${JAVA_PATH}'
++ test -f /Users/rdonnelly/conda/apache-ant-1.9.9/bin/java
++ for dir in '${JAVA_PATH}'
++ test -f /usr/local/sbin/java
++ for dir in '${JAVA_PATH}'
++ test -f /usr/local/bin/java
++ for dir in '${JAVA_PATH}'
++ test -f /usr/sbin/java
++ for dir in '${JAVA_PATH}'
++ test -f /usr/bin/java
++ JAVA=/usr/bin/java
++ break
++ IFS=' 	
'
++ test -z /usr/bin/java
++ test -L /usr/bin/java
+++ readlink /usr/bin/java
++ JAVA=/System/Library/Frameworks/JavaVM.framework/Versions/Current/Commands/java
+++ dirname /System/Library/Frameworks/JavaVM.framework/Versions/Current/Commands/java
++ JAVA_PATH=/System/Library/Frameworks/JavaVM.framework/Versions/Current/Commands
++ echo 'Java interpreter : /System/Library/Frameworks/JavaVM.framework/Versions/Current/Commands/java'
Java interpreter : /System/Library/Frameworks/JavaVM.framework/Versions/Current/Commands/java
+++ /System/Library/Frameworks/JavaVM.framework/Versions/Current/Commands/java -classpath /opt/conda/conda-bld/r-rjava_1515260092850/_h_env_placehold_placehold_placehold_placehold_placehold_placehold_placehold_placehold_placehold_placehold_placehold_placehold_placehold_placehold_placehold_placehold_placehold_placehold_placehold_placehold_place/lib/R/share/java getsp -test
++ jires=Test1234OK
++ test Test1234OK '!=' Test1234OK
++ test -z ''
+++ /System/Library/Frameworks/JavaVM.framework/Versions/Current/Commands/java -classpath /opt/conda/conda-bld/r-rjava_1515260092850/_h_env_placehold_placehold_placehold_placehold_placehold_placehold_placehold_placehold_placehold_placehold_placehold_placehold_placehold_placehold_placehold_placehold_placehold_placehold_placehold_placehold_place/lib/R/share/java getsp java.home
++ JAVA_HOME=/Library/Java/JavaVirtualMachines/1.6.0.jdk/Contents/Home
++ test -z /Library/Java/JavaVirtualMachines/1.6.0.jdk/Contents/Home
+++ /System/Library/Frameworks/JavaVM.framework/Versions/Current/Commands/java -classpath /opt/conda/conda-bld/r-rjava_1515260092850/_h_env_placehold_placehold_placehold_placehold_placehold_placehold_placehold_placehold_placehold_placehold_placehold_placehold_placehold_placehold_placehold_placehold_placehold_placehold_placehold_placehold_place/lib/R/share/java getsp java.version
++ echo 'Java version     : 1.6.0_65'
Java version     : 1.6.0_65
++ echo 'Java home path   : /Library/Java/JavaVirtualMachines/1.6.0.jdk/Contents/Home'
Java home path   : /Library/Java/JavaVirtualMachines/1.6.0.jdk/Contents/Home
++ test -z ''
++ save_IFS=' 	
'
++ IFS=:
++ for dir in '${JAVA_PATH}'
++ test -f /System/Library/Frameworks/JavaVM.framework/Versions/Current/Commands/javac
++ JAVAC=/System/Library/Frameworks/JavaVM.framework/Versions/Current/Commands/javac
++ break
++ IFS=' 	
'
++ : /tmp
++ tempdir=/tmp/Rjavareconf.KZbBle
++ test -n /tmp/Rjavareconf.KZbBle
++ test -d /tmp/Rjavareconf.KZbBle
++ javac_works='not present'
++ test -n /System/Library/Frameworks/JavaVM.framework/Versions/Current/Commands/javac
++ javac_works='not functional'
++ echo 'public class A { }'
++ test -f /tmp/Rjavareconf.KZbBle/A.java
++ /System/Library/Frameworks/JavaVM.framework/Versions/Current/Commands/javac /tmp/Rjavareconf.KZbBle/A.java
++ test -f /tmp/Rjavareconf.KZbBle/A.class
++ javac_works=yes
++ test yes = yes
++ echo 'Java compiler    : /System/Library/Frameworks/JavaVM.framework/Versions/Current/Commands/javac'
Java compiler    : /System/Library/Frameworks/JavaVM.framework/Versions/Current/Commands/javac
++ test -z ''
++ save_IFS=' 	
'
++ IFS=:
++ for dir in '${JAVA_PATH}'
++ test -f /System/Library/Frameworks/JavaVM.framework/Versions/Current/Commands/javah
++ JAVAH=/System/Library/Frameworks/JavaVM.framework/Versions/Current/Commands/javah
++ break
++ IFS=' 	
'
++ echo 'Java headers gen.: /System/Library/Frameworks/JavaVM.framework/Versions/Current/Commands/javah'
Java headers gen.: /System/Library/Frameworks/JavaVM.framework/Versions/Current/Commands/javah
++ test -z ''
++ save_IFS=' 	
'
++ IFS=:
++ for dir in '${JAVA_PATH}'
++ test -f /System/Library/Frameworks/JavaVM.framework/Versions/Current/Commands/jar
++ JAR=/System/Library/Frameworks/JavaVM.framework/Versions/Current/Commands/jar
++ break
++ IFS=' 	
'
++ echo 'Java archive tool: /System/Library/Frameworks/JavaVM.framework/Versions/Current/Commands/jar'
Java archive tool: /System/Library/Frameworks/JavaVM.framework/Versions/Current/Commands/jar
++ : '~autodetect~'
++ : '~autodetect~'
++ : '~autodetect~'
++ custom_JAVA_LIBS='~autodetect~'
++ custom_JAVA_CPPFLAGS='~autodetect~'
++ custom_JAVA_LD_LIBRARY_PATH='~autodetect~'
+++ uname
++ hostos=Darwin
++ test Darwin = Darwin
+++ echo /Library/Java/JavaVirtualMachines/1.6.0.jdk/Contents/Home
+++ grep '^/System/Library'
++ pref=
++ test '' = /Library/Java/JavaVirtualMachines/1.6.0.jdk/Contents/Home
++ echo 'Non-system Java on macOS'
Non-system Java on macOS
++ test '~autodetect~' = '~autodetect~'
++ save_LDLP=
++ LD_LIBRARY_PATH=
++ export LD_LIBRARY_PATH
+++ /System/Library/Frameworks/JavaVM.framework/Versions/Current/Commands/java -classpath /opt/conda/conda-bld/r-rjava_1515260092850/_h_env_placehold_placehold_placehold_placehold_placehold_placehold_placehold_placehold_placehold_placehold_placehold_placehold_placehold_placehold_placehold_placehold_placehold_placehold_placehold_placehold_place/lib/R/share/java getsp java.library.path
+++ /usr/bin/sed -e 's/:$//' -e 's/^://'
++ java_library_path=.:/Library/Java/Extensions:/System/Library/Java/Extensions:/usr/lib/java
++ has_libjvm=no
++ save_IFS=' 	
'
++ IFS=:
++ for dir in '${java_library_path}'
++ test -f ./libjvm.dylib
++ for dir in '${java_library_path}'
++ test -f /Library/Java/Extensions/libjvm.dylib
++ for dir in '${java_library_path}'
++ test -f /System/Library/Java/Extensions/libjvm.dylib
++ for dir in '${java_library_path}'
++ test -f /usr/lib/java/libjvm.dylib
++ test no = no
+++ /usr/bin/sed -e 's/:$//' -e 's/^://'
+++ /System/Library/Frameworks/JavaVM.framework/Versions/Current/Commands/java -classpath /opt/conda/conda-bld/r-rjava_1515260092850/_h_env_placehold_placehold_placehold_placehold_placehold_placehold_placehold_placehold_placehold_placehold_placehold_placehold_placehold_placehold_placehold_placehold_placehold_placehold_placehold_placehold_place/lib/R/share/java getsp sun.boot.library.path
++ boot_path=/Library/Java/JavaVirtualMachines/1.6.0.jdk/Contents/Libraries
++ test -n /Library/Java/JavaVirtualMachines/1.6.0.jdk/Contents/Libraries
++ for dir in '"${boot_path}"' '"${boot_path}/client"' '"${boot_path}/server"'
++ test -f /Library/Java/JavaVirtualMachines/1.6.0.jdk/Contents/Libraries/libjvm.dylib
++ has_libjvm=yes
++ java_library_path=/Library/Java/JavaVirtualMachines/1.6.0.jdk/Contents/Libraries
++ break
++ IFS=' 	
'
++ test false '!=' false
++ java_home=/Library/Java/JavaVirtualMachines/1.6.0.jdk/Contents/Home
+++ echo /Library/Java/JavaVirtualMachines/1.6.0.jdk/Contents/Libraries
+++ /usr/bin/sed '-e s:/Library/Java/JavaVirtualMachines/1.6.0.jdk/Contents/Home:$\(JAVA_HOME\):g'
++ JAVA_LD_LIBRARY_PATH=/Library/Java/JavaVirtualMachines/1.6.0.jdk/Contents/Libraries
++ LD_LIBRARY_PATH=
++ export LD_LIBRARY_PATH
+++ echo /Library/Java/JavaVirtualMachines/1.6.0.jdk/Contents/Libraries
+++ /usr/bin/sed -e 's|:| -L|g'
++ JAVA_LIBS=/Library/Java/JavaVirtualMachines/1.6.0.jdk/Contents/Libraries
++ test -n /Library/Java/JavaVirtualMachines/1.6.0.jdk/Contents/Libraries
++ JAVA_LIBS=-L/Library/Java/JavaVirtualMachines/1.6.0.jdk/Contents/Libraries
++ JAVA_LIBS='-L/Library/Java/JavaVirtualMachines/1.6.0.jdk/Contents/Libraries -ljvm'
+++ echo /Library/Java/JavaVirtualMachines/1.6.0.jdk/Contents/Libraries
+++ /usr/bin/sed -e 's:$(JAVA_HOME):$\{JAVA_HOME\}:g'
++ JAVA_LD_LIBRARY_PATH_SH=/Library/Java/JavaVirtualMachines/1.6.0.jdk/Contents/Libraries
++ jinc=
++ JAVA_CPPFLAGS=
++ for pinc in include ../include jre/include
++ test -f /Library/Java/JavaVirtualMachines/1.6.0.jdk/Contents/Home/include/jni.h
++ for pinc in include ../include jre/include
++ test -f /Library/Java/JavaVirtualMachines/1.6.0.jdk/Contents/Home/../include/jni.h
++ for pinc in include ../include jre/include
++ test -f /Library/Java/JavaVirtualMachines/1.6.0.jdk/Contents/Home/jre/include/jni.h
++ test -z ''
++ save_IFS=' 	
'
++ IFS=:
++ for dir in '${JAVA_PATH}'
++ test -f /System/Library/Frameworks/JavaVM.framework/Versions/Current/Commands/../Headers/jni.h
++ jinc=/System/Library/Frameworks/JavaVM.framework/Versions/Current/Commands/../Headers
++ break
++ IFS=' 	
'
++ test -n /System/Library/Frameworks/JavaVM.framework/Versions/Current/Commands/../Headers
++ JAVA_CPPFLAGS=-I/System/Library/Frameworks/JavaVM.framework/Versions/Current/Commands/../Headers
++ jmdinc=
++ jmdirs=
+++ echo 'cat(R.version$os)'
+++ /opt/conda/conda-bld/r-rjava_1515260092850/_h_env_placehold_placehold_placehold_placehold_placehold_placehold_placehold_placehold_placehold_placehold_placehold_placehold_placehold_placehold_placehold_placehold_placehold_placehold_placehold_placehold_place/lib/R/bin/R --vanilla --slave
++ host_os=darwin13.4.0
++ case "${host_os}" in
++ jmdirs=darwin
++ test -z darwin
++ jmdirs='. darwin genunix ppc x86 iris hp-ux aix win32 cygwin openbsd'
++ for pimd in '${jmdirs}'
++ test -f /System/Library/Frameworks/JavaVM.framework/Versions/Current/Commands/../Headers/./jni_md.h
++ jmdinc=/System/Library/Frameworks/JavaVM.framework/Versions/Current/Commands/../Headers/.
++ break
++ test -z /System/Library/Frameworks/JavaVM.framework/Versions/Current/Commands/../Headers/.
++ test -n /System/Library/Frameworks/JavaVM.framework/Versions/Current/Commands/../Headers/.
++ test /System/Library/Frameworks/JavaVM.framework/Versions/Current/Commands/../Headers/. '!=' /System/Library/Frameworks/JavaVM.framework/Versions/Current/Commands/../Headers/.
+++ echo -I/System/Library/Frameworks/JavaVM.framework/Versions/Current/Commands/../Headers
+++ /usr/bin/sed -e 's:/Library/Java/JavaVirtualMachines/1.6.0.jdk/Contents/Home:$(JAVA_HOME):g'
++ JAVA_CPPFLAGS=-I/System/Library/Frameworks/JavaVM.framework/Versions/Current/Commands/../Headers
++ test -n ''
++ acx_custom_java_libs=no
++ test '~autodetect~' '!=' '~autodetect~'
++ test '~autodetect~' '!=' '~autodetect~'
++ test '~autodetect~' '!=' '~autodetect~'
++ wd=/Volumes/100GB/conda/conda-bld/r-rjava_1515260092850/work
++ cd /tmp/Rjavareconf.KZbBle
++ echo

++ echo 'trying to compile and link a JNI program '
trying to compile and link a JNI program 
++ echo 'detected JNI cpp flags    : -I/System/Library/Frameworks/JavaVM.framework/Versions/Current/Commands/../Headers'
detected JNI cpp flags    : -I/System/Library/Frameworks/JavaVM.framework/Versions/Current/Commands/../Headers
++ echo 'detected JNI linker flags : -L/Library/Java/JavaVirtualMachines/1.6.0.jdk/Contents/Libraries -ljvm'
detected JNI linker flags : -L/Library/Java/JavaVirtualMachines/1.6.0.jdk/Contents/Libraries -ljvm
++ cat
+++ echo -I/System/Library/Frameworks/JavaVM.framework/Versions/Current/Commands/../Headers
+++ /usr/bin/sed -e 's:$(JAVA_HOME):/Library/Java/JavaVirtualMachines/1.6.0.jdk/Contents/Home:g'
++ JAVA_CPPFLAGS1=-I/System/Library/Frameworks/JavaVM.framework/Versions/Current/Commands/../Headers
+++ echo -L/Library/Java/JavaVirtualMachines/1.6.0.jdk/Contents/Libraries -ljvm
+++ /usr/bin/sed -e 's:$(JAVA_HOME):/Library/Java/JavaVirtualMachines/1.6.0.jdk/Contents/Home:g'
++ JAVA_LIBS1='-L/Library/Java/JavaVirtualMachines/1.6.0.jdk/Contents/Libraries -ljvm'
++ cat
++ MAKEFLAGS=
++ export MAKEFLAGS
++ /opt/conda/conda-bld/r-rjava_1515260092850/_h_env_placehold_placehold_placehold_placehold_placehold_placehold_placehold_placehold_placehold_placehold_placehold_placehold_placehold_placehold_placehold_placehold_placehold_placehold_placehold_placehold_place/lib/R/bin/R CMD SHLIB conftest.c
x86_64-apple-darwin13.4.0-clang -I/opt/conda/conda-bld/r-rjava_1515260092850/_h_env_placehold_placehold_placehold_placehold_placehold_placehold_placehold_placehold_placehold_placehold_placehold_placehold_placehold_placehold_placehold_placehold_placehold_placehold_placehold_placehold_place/lib/R/include -DNDEBUG -I/System/Library/Frameworks/JavaVM.framework/Versions/Current/Commands/../Headers  -D_FORTIFY_SOURCE=2 -mmacosx-version-min=10.9 -I/opt/conda/conda-bld/r-rjava_1515260092850/_h_env_placehold_placehold_placehold_placehold_placehold_placehold_placehold_placehold_placehold_placehold_placehold_placehold_placehold_placehold_placehold_placehold_placehold_placehold_placehold_placehold_place/include   -fPIC  -march=core2 -mtune=haswell -mssse3 -ftree-vectorize -fPIC -fPIE -fstack-protector-strong -O2 -pipe -I/opt/conda/conda-bld/r-rjava_1515260092850/_h_env_placehold_placehold_placehold_placehold_placehold_placehold_placehold_placehold_placehold_placehold_placehold_placehold_placehold_placehold_placehold_placehold_placehold_placehold_placehold_placehold_place/include -I/opt/conda/conda-bld/r-rjava_1515260092850/_h_env_placehold_placehold_placehold_placehold_placehold_placehold_placehold_placehold_placehold_placehold_placehold_placehold_placehold_placehold_placehold_placehold_placehold_placehold_placehold_placehold_place/include  -c conftest.c -o conftest.o
conftest.c:4:5: warning: 'JNI_CreateJavaVM' is deprecated [-Wdeprecated-declarations]
    JNI_CreateJavaVM(0, 0, 0);
    ^
/System/Library/Frameworks/JavaVM.framework/Versions/Current/Commands/../Headers/jni.h:1937:1: note: 'JNI_CreateJavaVM' has been explicitly marked deprecated here
JNI_CreateJavaVM(JavaVM **pvm, void **penv, void *args);
^
1 warning generated.
x86_64-apple-darwin13.4.0-clang -dynamiclib -Wl,-headerpad_max_install_names -undefined dynamic_lookup -single_module -multiply_defined suppress -L/opt/conda/conda-bld/r-rjava_1515260092850/_h_env_placehold_placehold_placehold_placehold_placehold_placehold_placehold_placehold_placehold_placehold_placehold_placehold_placehold_placehold_placehold_placehold_placehold_placehold_placehold_placehold_place/lib/R/lib -Wl,-pie -Wl,-headerpad_max_install_names -Wl,-rpath,/opt/conda/conda-bld/r-rjava_1515260092850/_h_env_placehold_placehold_placehold_placehold_placehold_placehold_placehold_placehold_placehold_placehold_placehold_placehold_placehold_placehold_placehold_placehold_placehold_placehold_placehold_placehold_place/lib -L/opt/conda/conda-bld/r-rjava_1515260092850/_h_env_placehold_placehold_placehold_placehold_placehold_placehold_placehold_placehold_placehold_placehold_placehold_placehold_placehold_placehold_placehold_placehold_placehold_placehold_placehold_placehold_place/lib -o conftest.so conftest.o -L/Library/Java/JavaVirtualMachines/1.6.0.jdk/Contents/Libraries -ljvm -L/opt/conda/conda-bld/r-rjava_1515260092850/_h_env_placehold_placehold_placehold_placehold_placehold_placehold_placehold_placehold_placehold_placehold_placehold_placehold_placehold_placehold_placehold_placehold_placehold_placehold_placehold_placehold_place/lib/R/lib -lR -lintl -lc -Wl,-framework -Wl,CoreFoundation
ld: warning: -pie being ignored. It is only used when linking a main executable
ld: warning: ignoring file /Library/Java/JavaVirtualMachines/1.6.0.jdk/Contents/Libraries/libjvm.dylib, file was built for i386 which is not the architecture being linked (x86_64): /Library/Java/JavaVirtualMachines/1.6.0.jdk/Contents/Libraries/libjvm.dylib
++ ac_status=0
++ test 0 '!=' 0
++ rm -f conftest.c conftest.o conftest.so Makevars
++ cd /Volumes/100GB/conda/conda-bld/r-rjava_1515260092850/work
++ rm -rf /tmp/Rjavareconf.KZbBle
++ echo ''

++ test no = yes
++ echo ''

++ echo 'JAVA_HOME        : /Library/Java/JavaVirtualMachines/1.6.0.jdk/Contents/Home'
JAVA_HOME        : /Library/Java/JavaVirtualMachines/1.6.0.jdk/Contents/Home
++ echo 'Java library path: /Library/Java/JavaVirtualMachines/1.6.0.jdk/Contents/Libraries'
Java library path: /Library/Java/JavaVirtualMachines/1.6.0.jdk/Contents/Libraries
++ echo 'JNI cpp flags    : -I/System/Library/Frameworks/JavaVM.framework/Versions/Current/Commands/../Headers'
JNI cpp flags    : -I/System/Library/Frameworks/JavaVM.framework/Versions/Current/Commands/../Headers
++ echo 'JNI linker flags : -L/Library/Java/JavaVirtualMachines/1.6.0.jdk/Contents/Libraries -ljvm'
JNI linker flags : -L/Library/Java/JavaVirtualMachines/1.6.0.jdk/Contents/Libraries -ljvm
++ test no = yes
++ echo 'Updating Java configuration in /opt/conda/conda-bld/r-rjava_1515260092850/_h_env_placehold_placehold_placehold_placehold_placehold_placehold_placehold_placehold_placehold_placehold_placehold_placehold_placehold_placehold_placehold_placehold_placehold_placehold_placehold_placehold_place/lib/R'
Updating Java configuration in /opt/conda/conda-bld/r-rjava_1515260092850/_h_env_placehold_placehold_placehold_placehold_placehold_placehold_placehold_placehold_placehold_placehold_placehold_placehold_placehold_placehold_placehold_placehold_placehold_placehold_placehold_placehold_place/lib/R
++ test -n ''
++ files='/opt/conda/conda-bld/r-rjava_1515260092850/_h_env_placehold_placehold_placehold_placehold_placehold_placehold_placehold_placehold_placehold_placehold_placehold_placehold_placehold_placehold_placehold_placehold_placehold_placehold_placehold_placehold_place/lib/R/etc/Makeconf /opt/conda/conda-bld/r-rjava_1515260092850/_h_env_placehold_placehold_placehold_placehold_placehold_placehold_placehold_placehold_placehold_placehold_placehold_placehold_placehold_placehold_placehold_placehold_placehold_placehold_placehold_placehold_place/lib/R/etc/ldpaths'
++ for file in '$files'
++ /usr/bin/sed -e 's|JAVA =.\{0,\}|JAVA = /System/Library/Frameworks/JavaVM.framework/Versions/Current/Commands/java|' -e 's|JAVA_HOME =.\{0,\}|JAVA_HOME = /Library/Java/JavaVirtualMachines/1.6.0.jdk/Contents/Home|' -e 's|: ${JAVA_HOME=.\{1,\}|: ${JAVA_HOME=/Library/Java/JavaVirtualMachines/1.6.0.jdk/Contents/Home}|' -e 's|: ${R_JAVA_LD_LIBRARY_PATH=.\{1,\}|: ${R_JAVA_LD_LIBRARY_PATH=/Library/Java/JavaVirtualMachines/1.6.0.jdk/Contents/Libraries}|' -e 's|JAVA_LIBS =.\{0,\}|JAVA_LIBS = -L/Library/Java/JavaVirtualMachines/1.6.0.jdk/Contents/Libraries -ljvm|g' -e 's|JAVA_LD_LIBRARY_PATH =.\{0,\}|JAVA_LD_LIBRARY_PATH = /Library/Java/JavaVirtualMachines/1.6.0.jdk/Contents/Libraries|' -e 's|JAVAC =.\{0,\}|JAVAC = /System/Library/Frameworks/JavaVM.framework/Versions/Current/Commands/javac|' -e 's|JAVAH =.\{0,\}|JAVAH = /System/Library/Frameworks/JavaVM.framework/Versions/Current/Commands/javah|' -e 's|JAR =.\{0,\}|JAR = /System/Library/Frameworks/JavaVM.framework/Versions/Current/Commands/jar|' -e 's|JAVA_CPPFLAGS =.\{0,\}|JAVA_CPPFLAGS = -I/System/Library/Frameworks/JavaVM.framework/Versions/Current/Commands/../Headers|g' /opt/conda/conda-bld/r-rjava_1515260092850/_h_env_placehold_placehold_placehold_placehold_placehold_placehold_placehold_placehold_placehold_placehold_placehold_placehold_placehold_placehold_placehold_placehold_placehold_placehold_placehold_placehold_place/lib/R/etc/Makeconf
++ test -f /opt/conda/conda-bld/r-rjava_1515260092850/_h_env_placehold_placehold_placehold_placehold_placehold_placehold_placehold_placehold_placehold_placehold_placehold_placehold_placehold_placehold_placehold_placehold_placehold_placehold_placehold_placehold_place/lib/R/etc/Makeconf.new
++ mv /opt/conda/conda-bld/r-rjava_1515260092850/_h_env_placehold_placehold_placehold_placehold_placehold_placehold_placehold_placehold_placehold_placehold_placehold_placehold_placehold_placehold_placehold_placehold_placehold_placehold_placehold_placehold_place/lib/R/etc/Makeconf.new /opt/conda/conda-bld/r-rjava_1515260092850/_h_env_placehold_placehold_placehold_placehold_placehold_placehold_placehold_placehold_placehold_placehold_placehold_placehold_placehold_placehold_placehold_placehold_placehold_placehold_placehold_placehold_place/lib/R/etc/Makeconf
++ for file in '$files'
++ /usr/bin/sed -e 's|JAVA =.\{0,\}|JAVA = /System/Library/Frameworks/JavaVM.framework/Versions/Current/Commands/java|' -e 's|JAVA_HOME =.\{0,\}|JAVA_HOME = /Library/Java/JavaVirtualMachines/1.6.0.jdk/Contents/Home|' -e 's|: ${JAVA_HOME=.\{1,\}|: ${JAVA_HOME=/Library/Java/JavaVirtualMachines/1.6.0.jdk/Contents/Home}|' -e 's|: ${R_JAVA_LD_LIBRARY_PATH=.\{1,\}|: ${R_JAVA_LD_LIBRARY_PATH=/Library/Java/JavaVirtualMachines/1.6.0.jdk/Contents/Libraries}|' -e 's|JAVA_LIBS =.\{0,\}|JAVA_LIBS = -L/Library/Java/JavaVirtualMachines/1.6.0.jdk/Contents/Libraries -ljvm|g' -e 's|JAVA_LD_LIBRARY_PATH =.\{0,\}|JAVA_LD_LIBRARY_PATH = /Library/Java/JavaVirtualMachines/1.6.0.jdk/Contents/Libraries|' -e 's|JAVAC =.\{0,\}|JAVAC = /System/Library/Frameworks/JavaVM.framework/Versions/Current/Commands/javac|' -e 's|JAVAH =.\{0,\}|JAVAH = /System/Library/Frameworks/JavaVM.framework/Versions/Current/Commands/javah|' -e 's|JAR =.\{0,\}|JAR = /System/Library/Frameworks/JavaVM.framework/Versions/Current/Commands/jar|' -e 's|JAVA_CPPFLAGS =.\{0,\}|JAVA_CPPFLAGS = -I/System/Library/Frameworks/JavaVM.framework/Versions/Current/Commands/../Headers|g' /opt/conda/conda-bld/r-rjava_1515260092850/_h_env_placehold_placehold_placehold_placehold_placehold_placehold_placehold_placehold_placehold_placehold_placehold_placehold_placehold_placehold_placehold_placehold_placehold_placehold_placehold_placehold_place/lib/R/etc/ldpaths
++ test -f /opt/conda/conda-bld/r-rjava_1515260092850/_h_env_placehold_placehold_placehold_placehold_placehold_placehold_placehold_placehold_placehold_placehold_placehold_placehold_placehold_placehold_placehold_placehold_placehold_placehold_placehold_placehold_place/lib/R/etc/ldpaths.new
++ mv /opt/conda/conda-bld/r-rjava_1515260092850/_h_env_placehold_placehold_placehold_placehold_placehold_placehold_placehold_placehold_placehold_placehold_placehold_placehold_placehold_placehold_placehold_placehold_placehold_placehold_placehold_placehold_place/lib/R/etc/ldpaths.new /opt/conda/conda-bld/r-rjava_1515260092850/_h_env_placehold_placehold_placehold_placehold_placehold_placehold_placehold_placehold_placehold_placehold_placehold_placehold_placehold_placehold_placehold_placehold_placehold_placehold_placehold_placehold_place/lib/R/etc/ldpaths
++ echo Done.
Done.
++ echo ''

