package-id: com.apple.pkg.JavaForMacOSX107
version: 1.0.0.0.1.1247562015
volume: /
location: /
install-time: 1503921222
groups: com.apple.FindSystemFiles.pkg-group 
Library
Library/Java
Library/Java/JavaVirtualMachines
Library/Java/JavaVirtualMachines/1.6.0.jdk
Library/Java/JavaVirtualMachines/1.6.0.jdk/Contents
Library/Java/JavaVirtualMachines/1.6.0.jdk/Contents/Classes
Library/Java/JavaVirtualMachines/1.6.0.jdk/Contents/Classes/alt-rt.jar
Library/Java/JavaVirtualMachines/1.6.0.jdk/Contents/Classes/alt-string.jar
Library/Java/JavaVirtualMachines/1.6.0.jdk/Contents/Classes/charsets.jar
Library/Java/JavaVirtualMachines/1.6.0.jdk/Contents/Classes/classes.jar
Library/Java/JavaVirtualMachines/1.6.0.jdk/Contents/Classes/dt.jar
Library/Java/JavaVirtualMachines/1.6.0.jdk/Contents/Classes/jce.jar
Library/Java/JavaVirtualMachines/1.6.0.jdk/Contents/Classes/jconsole.jar
Library/Java/JavaVirtualMachines/1.6.0.jdk/Contents/Classes/jsse.jar
Library/Java/JavaVirtualMachines/1.6.0.jdk/Contents/Classes/management-agent.jar
Library/Java/JavaVirtualMachines/1.6.0.jdk/Contents/Classes/ui.jar
Library/Java/JavaVirtualMachines/1.6.0.jdk/Contents/Commands
Library/Java/JavaVirtualMachines/1.6.0.jdk/Contents/Commands/appletviewer
Library/Java/JavaVirtualMachines/1.6.0.jdk/Contents/Commands/apt
Library/Java/JavaVirtualMachines/1.6.0.jdk/Contents/Commands/extcheck
Library/Java/JavaVirtualMachines/1.6.0.jdk/Contents/Commands/idlj
Library/Java/JavaVirtualMachines/1.6.0.jdk/Contents/Commands/jar
Library/Java/JavaVirtualMachines/1.6.0.jdk/Contents/Commands/jarsigner
Library/Java/JavaVirtualMachines/1.6.0.jdk/Contents/Commands/java
Library/Java/JavaVirtualMachines/1.6.0.jdk/Contents/Commands/javac
Library/Java/JavaVirtualMachines/1.6.0.jdk/Contents/Commands/javadoc
Library/Java/JavaVirtualMachines/1.6.0.jdk/Contents/Commands/javah
Library/Java/JavaVirtualMachines/1.6.0.jdk/Contents/Commands/javap
Library/Java/JavaVirtualMachines/1.6.0.jdk/Contents/Commands/javaws
Library/Java/JavaVirtualMachines/1.6.0.jdk/Contents/Commands/jconsole
Library/Java/JavaVirtualMachines/1.6.0.jdk/Contents/Commands/jdb
Library/Java/JavaVirtualMachines/1.6.0.jdk/Contents/Commands/jhat
Library/Java/JavaVirtualMachines/1.6.0.jdk/Contents/Commands/jinfo
Library/Java/JavaVirtualMachines/1.6.0.jdk/Contents/Commands/jmap
Library/Java/JavaVirtualMachines/1.6.0.jdk/Contents/Commands/jps
Library/Java/JavaVirtualMachines/1.6.0.jdk/Contents/Commands/jrunscript
Library/Java/JavaVirtualMachines/1.6.0.jdk/Contents/Commands/jsadebugd
Library/Java/JavaVirtualMachines/1.6.0.jdk/Contents/Commands/jstack
Library/Java/JavaVirtualMachines/1.6.0.jdk/Contents/Commands/jstat
Library/Java/JavaVirtualMachines/1.6.0.jdk/Contents/Commands/jstatd
Library/Java/JavaVirtualMachines/1.6.0.jdk/Contents/Commands/keytool
Library/Java/JavaVirtualMachines/1.6.0.jdk/Contents/Commands/native2ascii
Library/Java/JavaVirtualMachines/1.6.0.jdk/Contents/Commands/orbd
Library/Java/JavaVirtualMachines/1.6.0.jdk/Contents/Commands/pack200
Library/Java/JavaVirtualMachines/1.6.0.jdk/Contents/Commands/policytool
Library/Java/JavaVirtualMachines/1.6.0.jdk/Contents/Commands/rmic
Library/Java/JavaVirtualMachines/1.6.0.jdk/Contents/Commands/rmid
Library/Java/JavaVirtualMachines/1.6.0.jdk/Contents/Commands/rmiregistry
Library/Java/JavaVirtualMachines/1.6.0.jdk/Contents/Commands/schemagen
Library/Java/JavaVirtualMachines/1.6.0.jdk/Contents/Commands/serialver
Library/Java/JavaVirtualMachines/1.6.0.jdk/Contents/Commands/servertool
Library/Java/JavaVirtualMachines/1.6.0.jdk/Contents/Commands/tnameserv
Library/Java/JavaVirtualMachines/1.6.0.jdk/Contents/Commands/unpack200
Library/Java/JavaVirtualMachines/1.6.0.jdk/Contents/Commands/wsgen
Library/Java/JavaVirtualMachines/1.6.0.jdk/Contents/Commands/wsimport
Library/Java/JavaVirtualMachines/1.6.0.jdk/Contents/Commands/xjc
Library/Java/JavaVirtualMachines/1.6.0.jdk/Contents/Home
Library/Java/JavaVirtualMachines/1.6.0.jdk/Contents/Home/bin
Library/Java/JavaVirtualMachines/1.6.0.jdk/Contents/Home/bin/appletviewer
Library/Java/JavaVirtualMachines/1.6.0.jdk/Contents/Home/bin/apt
Library/Java/JavaVirtualMachines/1.6.0.jdk/Contents/Home/bin/extcheck
Library/Java/JavaVirtualMachines/1.6.0.jdk/Contents/Home/bin/idlj
Library/Java/JavaVirtualMachines/1.6.0.jdk/Contents/Home/bin/jar
Library/Java/JavaVirtualMachines/1.6.0.jdk/Contents/Home/bin/jarsigner
Library/Java/JavaVirtualMachines/1.6.0.jdk/Contents/Home/bin/java
Library/Java/JavaVirtualMachines/1.6.0.jdk/Contents/Home/bin/javac
Library/Java/JavaVirtualMachines/1.6.0.jdk/Contents/Home/bin/javadoc
Library/Java/JavaVirtualMachines/1.6.0.jdk/Contents/Home/bin/javah
Library/Java/JavaVirtualMachines/1.6.0.jdk/Contents/Home/bin/javap
Library/Java/JavaVirtualMachines/1.6.0.jdk/Contents/Home/bin/javaws
Library/Java/JavaVirtualMachines/1.6.0.jdk/Contents/Home/bin/jconsole
Library/Java/JavaVirtualMachines/1.6.0.jdk/Contents/Home/bin/jdb
Library/Java/JavaVirtualMachines/1.6.0.jdk/Contents/Home/bin/jhat
Library/Java/JavaVirtualMachines/1.6.0.jdk/Contents/Home/bin/jinfo
Library/Java/JavaVirtualMachines/1.6.0.jdk/Contents/Home/bin/jmap
Library/Java/JavaVirtualMachines/1.6.0.jdk/Contents/Home/bin/jps
Library/Java/JavaVirtualMachines/1.6.0.jdk/Contents/Home/bin/jrunscript
Library/Java/JavaVirtualMachines/1.6.0.jdk/Contents/Home/bin/jsadebugd
Library/Java/JavaVirtualMachines/1.6.0.jdk/Contents/Home/bin/jstack
Library/Java/JavaVirtualMachines/1.6.0.jdk/Contents/Home/bin/jstat
Library/Java/JavaVirtualMachines/1.6.0.jdk/Contents/Home/bin/jstatd
Library/Java/JavaVirtualMachines/1.6.0.jdk/Contents/Home/bin/keytool
Library/Java/JavaVirtualMachines/1.6.0.jdk/Contents/Home/bin/native2ascii
Library/Java/JavaVirtualMachines/1.6.0.jdk/Contents/Home/bin/orbd
Library/Java/JavaVirtualMachines/1.6.0.jdk/Contents/Home/bin/pack200
Library/Java/JavaVirtualMachines/1.6.0.jdk/Contents/Home/bin/policytool
Library/Java/JavaVirtualMachines/1.6.0.jdk/Contents/Home/bin/rmic
Library/Java/JavaVirtualMachines/1.6.0.jdk/Contents/Home/bin/rmid
Library/Java/JavaVirtualMachines/1.6.0.jdk/Contents/Home/bin/rmiregistry
Library/Java/JavaVirtualMachines/1.6.0.jdk/Contents/Home/bin/schemagen
Library/Java/JavaVirtualMachines/1.6.0.jdk/Contents/Home/bin/serialver
Library/Java/JavaVirtualMachines/1.6.0.jdk/Contents/Home/bin/servertool
Library/Java/JavaVirtualMachines/1.6.0.jdk/Contents/Home/bin/tnameserv
Library/Java/JavaVirtualMachines/1.6.0.jdk/Contents/Home/bin/unpack200
Library/Java/JavaVirtualMachines/1.6.0.jdk/Contents/Home/bin/wsgen
Library/Java/JavaVirtualMachines/1.6.0.jdk/Contents/Home/bin/wsimport
Library/Java/JavaVirtualMachines/1.6.0.jdk/Contents/Home/bin/xjc
Library/Java/JavaVirtualMachines/1.6.0.jdk/Contents/Home/bundle
Library/Java/JavaVirtualMachines/1.6.0.jdk/Contents/Home/lib
Library/Java/JavaVirtualMachines/1.6.0.jdk/Contents/Home/lib/Xusage.txt
Library/Java/JavaVirtualMachines/1.6.0.jdk/Contents/Home/lib/audio
Library/Java/JavaVirtualMachines/1.6.0.jdk/Contents/Home/lib/audio/soundbank-mid.gm
Library/Java/JavaVirtualMachines/1.6.0.jdk/Contents/Home/lib/calendars.properties
Library/Java/JavaVirtualMachines/1.6.0.jdk/Contents/Home/lib/classlist
Library/Java/JavaVirtualMachines/1.6.0.jdk/Contents/Home/lib/client_jvm.cfg
Library/Java/JavaVirtualMachines/1.6.0.jdk/Contents/Home/lib/cmm
Library/Java/JavaVirtualMachines/1.6.0.jdk/Contents/Home/lib/cmm/CIEXYZ.pf
Library/Java/JavaVirtualMachines/1.6.0.jdk/Contents/Home/lib/cmm/GRAY.pf
Library/Java/JavaVirtualMachines/1.6.0.jdk/Contents/Home/lib/cmm/LINEAR_RGB.pf
Library/Java/JavaVirtualMachines/1.6.0.jdk/Contents/Home/lib/cmm/PYCC.pf
Library/Java/JavaVirtualMachines/1.6.0.jdk/Contents/Home/lib/cmm/sRGB.pf
Library/Java/JavaVirtualMachines/1.6.0.jdk/Contents/Home/lib/content-types.properties
Library/Java/JavaVirtualMachines/1.6.0.jdk/Contents/Home/lib/deploy
Library/Java/JavaVirtualMachines/1.6.0.jdk/Contents/Home/lib/deploy.jar
Library/Java/JavaVirtualMachines/1.6.0.jdk/Contents/Home/lib/dt.jar
Library/Java/JavaVirtualMachines/1.6.0.jdk/Contents/Home/lib/endorsed
Library/Java/JavaVirtualMachines/1.6.0.jdk/Contents/Home/lib/ext
Library/Java/JavaVirtualMachines/1.6.0.jdk/Contents/Home/lib/ext/apple_provider.jar
Library/Java/JavaVirtualMachines/1.6.0.jdk/Contents/Home/lib/ext/dnsns.jar
Library/Java/JavaVirtualMachines/1.6.0.jdk/Contents/Home/lib/ext/localedata.jar
Library/Java/JavaVirtualMachines/1.6.0.jdk/Contents/Home/lib/ext/sunjce_provider.jar
Library/Java/JavaVirtualMachines/1.6.0.jdk/Contents/Home/lib/ext/sunpkcs11.jar
Library/Java/JavaVirtualMachines/1.6.0.jdk/Contents/Home/lib/flavormap.properties
Library/Java/JavaVirtualMachines/1.6.0.jdk/Contents/Home/lib/fontconfig.bfc
Library/Java/JavaVirtualMachines/1.6.0.jdk/Contents/Home/lib/fontconfig.properties.src
Library/Java/JavaVirtualMachines/1.6.0.jdk/Contents/Home/lib/fonts
Library/Java/JavaVirtualMachines/1.6.0.jdk/Contents/Home/lib/fonts/LucidaBrightDemiBold.ttf
Library/Java/JavaVirtualMachines/1.6.0.jdk/Contents/Home/lib/fonts/LucidaBrightDemiItalic.ttf
Library/Java/JavaVirtualMachines/1.6.0.jdk/Contents/Home/lib/fonts/LucidaBrightItalic.ttf
Library/Java/JavaVirtualMachines/1.6.0.jdk/Contents/Home/lib/fonts/LucidaBrightRegular.ttf
Library/Java/JavaVirtualMachines/1.6.0.jdk/Contents/Home/lib/fonts/LucidaSansDemiBold.ttf
Library/Java/JavaVirtualMachines/1.6.0.jdk/Contents/Home/lib/fonts/LucidaSansRegular.ttf
Library/Java/JavaVirtualMachines/1.6.0.jdk/Contents/Home/lib/fonts/LucidaTypewriterBold.ttf
Library/Java/JavaVirtualMachines/1.6.0.jdk/Contents/Home/lib/fonts/LucidaTypewriterRegular.ttf
Library/Java/JavaVirtualMachines/1.6.0.jdk/Contents/Home/lib/im
Library/Java/JavaVirtualMachines/1.6.0.jdk/Contents/Home/lib/im/indicim.jar
Library/Java/JavaVirtualMachines/1.6.0.jdk/Contents/Home/lib/im/thaiim.jar
Library/Java/JavaVirtualMachines/1.6.0.jdk/Contents/Home/lib/images
Library/Java/JavaVirtualMachines/1.6.0.jdk/Contents/Home/lib/images/cursors
Library/Java/JavaVirtualMachines/1.6.0.jdk/Contents/Home/lib/images/cursors/cursors.properties
Library/Java/JavaVirtualMachines/1.6.0.jdk/Contents/Home/lib/images/cursors/invalid32x32.gif
Library/Java/JavaVirtualMachines/1.6.0.jdk/Contents/Home/lib/images/cursors/motif_CopyDrop32x32.gif
Library/Java/JavaVirtualMachines/1.6.0.jdk/Contents/Home/lib/images/cursors/motif_CopyNoDrop32x32.gif
Library/Java/JavaVirtualMachines/1.6.0.jdk/Contents/Home/lib/images/cursors/motif_LinkDrop32x32.gif
Library/Java/JavaVirtualMachines/1.6.0.jdk/Contents/Home/lib/images/cursors/motif_LinkNoDrop32x32.gif
Library/Java/JavaVirtualMachines/1.6.0.jdk/Contents/Home/lib/images/cursors/motif_MoveDrop32x32.gif
Library/Java/JavaVirtualMachines/1.6.0.jdk/Contents/Home/lib/images/cursors/motif_MoveNoDrop32x32.gif
Library/Java/JavaVirtualMachines/1.6.0.jdk/Contents/Home/lib/ir.idl
Library/Java/JavaVirtualMachines/1.6.0.jdk/Contents/Home/lib/javaws.jar
Library/Java/JavaVirtualMachines/1.6.0.jdk/Contents/Home/lib/jce.jar
Library/Java/JavaVirtualMachines/1.6.0.jdk/Contents/Home/lib/jconsole.jar
Library/Java/JavaVirtualMachines/1.6.0.jdk/Contents/Home/lib/jvm.cfg
Library/Java/JavaVirtualMachines/1.6.0.jdk/Contents/Home/lib/jvm.hprof.txt
Library/Java/JavaVirtualMachines/1.6.0.jdk/Contents/Home/lib/logging.properties
Library/Java/JavaVirtualMachines/1.6.0.jdk/Contents/Home/lib/management
Library/Java/JavaVirtualMachines/1.6.0.jdk/Contents/Home/lib/management/jmxremote.access
Library/Java/JavaVirtualMachines/1.6.0.jdk/Contents/Home/lib/management/jmxremote.password.template
Library/Java/JavaVirtualMachines/1.6.0.jdk/Contents/Home/lib/management/management.properties
Library/Java/JavaVirtualMachines/1.6.0.jdk/Contents/Home/lib/management/snmp.acl.template
Library/Java/JavaVirtualMachines/1.6.0.jdk/Contents/Home/lib/management-agent.jar
Library/Java/JavaVirtualMachines/1.6.0.jdk/Contents/Home/lib/net.properties
Library/Java/JavaVirtualMachines/1.6.0.jdk/Contents/Home/lib/orb.idl
Library/Java/JavaVirtualMachines/1.6.0.jdk/Contents/Home/lib/plugin.jar
Library/Java/JavaVirtualMachines/1.6.0.jdk/Contents/Home/lib/psfont.properties.ja
Library/Java/JavaVirtualMachines/1.6.0.jdk/Contents/Home/lib/psfontj2d.properties
Library/Java/JavaVirtualMachines/1.6.0.jdk/Contents/Home/lib/sa-jdi.jar
Library/Java/JavaVirtualMachines/1.6.0.jdk/Contents/Home/lib/security
Library/Java/JavaVirtualMachines/1.6.0.jdk/Contents/Home/lib/security/US_export_policy.jar
Library/Java/JavaVirtualMachines/1.6.0.jdk/Contents/Home/lib/security/blacklist
Library/Java/JavaVirtualMachines/1.6.0.jdk/Contents/Home/lib/security/cacerts
Library/Java/JavaVirtualMachines/1.6.0.jdk/Contents/Home/lib/security/java.policy
Library/Java/JavaVirtualMachines/1.6.0.jdk/Contents/Home/lib/security/java.security
Library/Java/JavaVirtualMachines/1.6.0.jdk/Contents/Home/lib/security/local_policy.jar
Library/Java/JavaVirtualMachines/1.6.0.jdk/Contents/Home/lib/security/sunpkcs11-macosx.cfg
Library/Java/JavaVirtualMachines/1.6.0.jdk/Contents/Home/lib/security/trusted.libraries
Library/Java/JavaVirtualMachines/1.6.0.jdk/Contents/Home/lib/server_jvm.cfg
Library/Java/JavaVirtualMachines/1.6.0.jdk/Contents/Home/lib/sound.properties
Library/Java/JavaVirtualMachines/1.6.0.jdk/Contents/Home/lib/swing.properties
Library/Java/JavaVirtualMachines/1.6.0.jdk/Contents/Home/lib/tzmappings
Library/Java/JavaVirtualMachines/1.6.0.jdk/Contents/Home/lib/zi
Library/Java/JavaVirtualMachines/1.6.0.jdk/Contents/Home/lib/zi/Africa
Library/Java/JavaVirtualMachines/1.6.0.jdk/Contents/Home/lib/zi/Africa/Abidjan
Library/Java/JavaVirtualMachines/1.6.0.jdk/Contents/Home/lib/zi/Africa/Accra
Library/Java/JavaVirtualMachines/1.6.0.jdk/Contents/Home/lib/zi/Africa/Addis_Ababa
Library/Java/JavaVirtualMachines/1.6.0.jdk/Contents/Home/lib/zi/Africa/Algiers
Library/Java/JavaVirtualMachines/1.6.0.jdk/Contents/Home/lib/zi/Africa/Asmara
Library/Java/JavaVirtualMachines/1.6.0.jdk/Contents/Home/lib/zi/Africa/Bamako
Library/Java/JavaVirtualMachines/1.6.0.jdk/Contents/Home/lib/zi/Africa/Bangui
Library/Java/JavaVirtualMachines/1.6.0.jdk/Contents/Home/lib/zi/Africa/Banjul
Library/Java/JavaVirtualMachines/1.6.0.jdk/Contents/Home/lib/zi/Africa/Bissau
Library/Java/JavaVirtualMachines/1.6.0.jdk/Contents/Home/lib/zi/Africa/Blantyre
Library/Java/JavaVirtualMachines/1.6.0.jdk/Contents/Home/lib/zi/Africa/Brazzaville
Library/Java/JavaVirtualMachines/1.6.0.jdk/Contents/Home/lib/zi/Africa/Bujumbura
Library/Java/JavaVirtualMachines/1.6.0.jdk/Contents/Home/lib/zi/Africa/Cairo
Library/Java/JavaVirtualMachines/1.6.0.jdk/Contents/Home/lib/zi/Africa/Casablanca
Library/Java/JavaVirtualMachines/1.6.0.jdk/Contents/Home/lib/zi/Africa/Ceuta
Library/Java/JavaVirtualMachines/1.6.0.jdk/Contents/Home/lib/zi/Africa/Conakry
Library/Java/JavaVirtualMachines/1.6.0.jdk/Contents/Home/lib/zi/Africa/Dakar
Library/Java/JavaVirtualMachines/1.6.0.jdk/Contents/Home/lib/zi/Africa/Dar_es_Salaam
Library/Java/JavaVirtualMachines/1.6.0.jdk/Contents/Home/lib/zi/Africa/Djibouti
Library/Java/JavaVirtualMachines/1.6.0.jdk/Contents/Home/lib/zi/Africa/Douala
Library/Java/JavaVirtualMachines/1.6.0.jdk/Contents/Home/lib/zi/Africa/El_Aaiun
Library/Java/JavaVirtualMachines/1.6.0.jdk/Contents/Home/lib/zi/Africa/Freetown
Library/Java/JavaVirtualMachines/1.6.0.jdk/Contents/Home/lib/zi/Africa/Gaborone
Library/Java/JavaVirtualMachines/1.6.0.jdk/Contents/Home/lib/zi/Africa/Harare
Library/Java/JavaVirtualMachines/1.6.0.jdk/Contents/Home/lib/zi/Africa/Johannesburg
Library/Java/JavaVirtualMachines/1.6.0.jdk/Contents/Home/lib/zi/Africa/Juba
Library/Java/JavaVirtualMachines/1.6.0.jdk/Contents/Home/lib/zi/Africa/Kampala
Library/Java/JavaVirtualMachines/1.6.0.jdk/Contents/Home/lib/zi/Africa/Khartoum
Library/Java/JavaVirtualMachines/1.6.0.jdk/Contents/Home/lib/zi/Africa/Kigali
Library/Java/JavaVirtualMachines/1.6.0.jdk/Contents/Home/lib/zi/Africa/Kinshasa
Library/Java/JavaVirtualMachines/1.6.0.jdk/Contents/Home/lib/zi/Africa/Lagos
Library/Java/JavaVirtualMachines/1.6.0.jdk/Contents/Home/lib/zi/Africa/Libreville
Library/Java/JavaVirtualMachines/1.6.0.jdk/Contents/Home/lib/zi/Africa/Lome
Library/Java/JavaVirtualMachines/1.6.0.jdk/Contents/Home/lib/zi/Africa/Luanda
Library/Java/JavaVirtualMachines/1.6.0.jdk/Contents/Home/lib/zi/Africa/Lubumbashi
Library/Java/JavaVirtualMachines/1.6.0.jdk/Contents/Home/lib/zi/Africa/Lusaka
Library/Java/JavaVirtualMachines/1.6.0.jdk/Contents/Home/lib/zi/Africa/Malabo
Library/Java/JavaVirtualMachines/1.6.0.jdk/Contents/Home/lib/zi/Africa/Maputo
Library/Java/JavaVirtualMachines/1.6.0.jdk/Contents/Home/lib/zi/Africa/Maseru
Library/Java/JavaVirtualMachines/1.6.0.jdk/Contents/Home/lib/zi/Africa/Mbabane
Library/Java/JavaVirtualMachines/1.6.0.jdk/Contents/Home/lib/zi/Africa/Mogadishu
Library/Java/JavaVirtualMachines/1.6.0.jdk/Contents/Home/lib/zi/Africa/Monrovia
Library/Java/JavaVirtualMachines/1.6.0.jdk/Contents/Home/lib/zi/Africa/Nairobi
Library/Java/JavaVirtualMachines/1.6.0.jdk/Contents/Home/lib/zi/Africa/Ndjamena
Library/Java/JavaVirtualMachines/1.6.0.jdk/Contents/Home/lib/zi/Africa/Niamey
Library/Java/JavaVirtualMachines/1.6.0.jdk/Contents/Home/lib/zi/Africa/Nouakchott
Library/Java/JavaVirtualMachines/1.6.0.jdk/Contents/Home/lib/zi/Africa/Ouagadougou
Library/Java/JavaVirtualMachines/1.6.0.jdk/Contents/Home/lib/zi/Africa/Porto-Novo
Library/Java/JavaVirtualMachines/1.6.0.jdk/Contents/Home/lib/zi/Africa/Sao_Tome
Library/Java/JavaVirtualMachines/1.6.0.jdk/Contents/Home/lib/zi/Africa/Tripoli
Library/Java/JavaVirtualMachines/1.6.0.jdk/Contents/Home/lib/zi/Africa/Tunis
Library/Java/JavaVirtualMachines/1.6.0.jdk/Contents/Home/lib/zi/Africa/Windhoek
Library/Java/JavaVirtualMachines/1.6.0.jdk/Contents/Home/lib/zi/America
Library/Java/JavaVirtualMachines/1.6.0.jdk/Contents/Home/lib/zi/America/Adak
Library/Java/JavaVirtualMachines/1.6.0.jdk/Contents/Home/lib/zi/America/Anchorage
Library/Java/JavaVirtualMachines/1.6.0.jdk/Contents/Home/lib/zi/America/Anguilla
Library/Java/JavaVirtualMachines/1.6.0.jdk/Contents/Home/lib/zi/America/Antigua
Library/Java/JavaVirtualMachines/1.6.0.jdk/Contents/Home/lib/zi/America/Araguaina
Library/Java/JavaVirtualMachines/1.6.0.jdk/Contents/Home/lib/zi/America/Argentina
Library/Java/JavaVirtualMachines/1.6.0.jdk/Contents/Home/lib/zi/America/Argentina/Buenos_Aires
Library/Java/JavaVirtualMachines/1.6.0.jdk/Contents/Home/lib/zi/America/Argentina/Catamarca
Library/Java/JavaVirtualMachines/1.6.0.jdk/Contents/Home/lib/zi/America/Argentina/Cordoba
Library/Java/JavaVirtualMachines/1.6.0.jdk/Contents/Home/lib/zi/America/Argentina/Jujuy
Library/Java/JavaVirtualMachines/1.6.0.jdk/Contents/Home/lib/zi/America/Argentina/La_Rioja
Library/Java/JavaVirtualMachines/1.6.0.jdk/Contents/Home/lib/zi/America/Argentina/Mendoza
Library/Java/JavaVirtualMachines/1.6.0.jdk/Contents/Home/lib/zi/America/Argentina/Rio_Gallegos
Library/Java/JavaVirtualMachines/1.6.0.jdk/Contents/Home/lib/zi/America/Argentina/Salta
Library/Java/JavaVirtualMachines/1.6.0.jdk/Contents/Home/lib/zi/America/Argentina/San_Juan
Library/Java/JavaVirtualMachines/1.6.0.jdk/Contents/Home/lib/zi/America/Argentina/San_Luis
Library/Java/JavaVirtualMachines/1.6.0.jdk/Contents/Home/lib/zi/America/Argentina/Tucuman
Library/Java/JavaVirtualMachines/1.6.0.jdk/Contents/Home/lib/zi/America/Argentina/Ushuaia
Library/Java/JavaVirtualMachines/1.6.0.jdk/Contents/Home/lib/zi/America/Aruba
Library/Java/JavaVirtualMachines/1.6.0.jdk/Contents/Home/lib/zi/America/Asuncion
Library/Java/JavaVirtualMachines/1.6.0.jdk/Contents/Home/lib/zi/America/Atikokan
Library/Java/JavaVirtualMachines/1.6.0.jdk/Contents/Home/lib/zi/America/Bahia
Library/Java/JavaVirtualMachines/1.6.0.jdk/Contents/Home/lib/zi/America/Bahia_Banderas
Library/Java/JavaVirtualMachines/1.6.0.jdk/Contents/Home/lib/zi/America/Barbados
Library/Java/JavaVirtualMachines/1.6.0.jdk/Contents/Home/lib/zi/America/Belem
Library/Java/JavaVirtualMachines/1.6.0.jdk/Contents/Home/lib/zi/America/Belize
Library/Java/JavaVirtualMachines/1.6.0.jdk/Contents/Home/lib/zi/America/Blanc-Sablon
Library/Java/JavaVirtualMachines/1.6.0.jdk/Contents/Home/lib/zi/America/Boa_Vista
Library/Java/JavaVirtualMachines/1.6.0.jdk/Contents/Home/lib/zi/America/Bogota
Library/Java/JavaVirtualMachines/1.6.0.jdk/Contents/Home/lib/zi/America/Boise
Library/Java/JavaVirtualMachines/1.6.0.jdk/Contents/Home/lib/zi/America/Cambridge_Bay
Library/Java/JavaVirtualMachines/1.6.0.jdk/Contents/Home/lib/zi/America/Campo_Grande
Library/Java/JavaVirtualMachines/1.6.0.jdk/Contents/Home/lib/zi/America/Cancun
Library/Java/JavaVirtualMachines/1.6.0.jdk/Contents/Home/lib/zi/America/Caracas
Library/Java/JavaVirtualMachines/1.6.0.jdk/Contents/Home/lib/zi/America/Cayenne
Library/Java/JavaVirtualMachines/1.6.0.jdk/Contents/Home/lib/zi/America/Cayman
Library/Java/JavaVirtualMachines/1.6.0.jdk/Contents/Home/lib/zi/America/Chicago
Library/Java/JavaVirtualMachines/1.6.0.jdk/Contents/Home/lib/zi/America/Chihuahua
Library/Java/JavaVirtualMachines/1.6.0.jdk/Contents/Home/lib/zi/America/Costa_Rica
Library/Java/JavaVirtualMachines/1.6.0.jdk/Contents/Home/lib/zi/America/Creston
Library/Java/JavaVirtualMachines/1.6.0.jdk/Contents/Home/lib/zi/America/Cuiaba
Library/Java/JavaVirtualMachines/1.6.0.jdk/Contents/Home/lib/zi/America/Curacao
Library/Java/JavaVirtualMachines/1.6.0.jdk/Contents/Home/lib/zi/America/Danmarkshavn
Library/Java/JavaVirtualMachines/1.6.0.jdk/Contents/Home/lib/zi/America/Dawson
Library/Java/JavaVirtualMachines/1.6.0.jdk/Contents/Home/lib/zi/America/Dawson_Creek
Library/Java/JavaVirtualMachines/1.6.0.jdk/Contents/Home/lib/zi/America/Denver
Library/Java/JavaVirtualMachines/1.6.0.jdk/Contents/Home/lib/zi/America/Detroit
Library/Java/JavaVirtualMachines/1.6.0.jdk/Contents/Home/lib/zi/America/Dominica
Library/Java/JavaVirtualMachines/1.6.0.jdk/Contents/Home/lib/zi/America/Edmonton
Library/Java/JavaVirtualMachines/1.6.0.jdk/Contents/Home/lib/zi/America/Eirunepe
Library/Java/JavaVirtualMachines/1.6.0.jdk/Contents/Home/lib/zi/America/El_Salvador
Library/Java/JavaVirtualMachines/1.6.0.jdk/Contents/Home/lib/zi/America/Fortaleza
Library/Java/JavaVirtualMachines/1.6.0.jdk/Contents/Home/lib/zi/America/Glace_Bay
Library/Java/JavaVirtualMachines/1.6.0.jdk/Contents/Home/lib/zi/America/Godthab
Library/Java/JavaVirtualMachines/1.6.0.jdk/Contents/Home/lib/zi/America/Goose_Bay
Library/Java/JavaVirtualMachines/1.6.0.jdk/Contents/Home/lib/zi/America/Grand_Turk
Library/Java/JavaVirtualMachines/1.6.0.jdk/Contents/Home/lib/zi/America/Grenada
Library/Java/JavaVirtualMachines/1.6.0.jdk/Contents/Home/lib/zi/America/Guadeloupe
Library/Java/JavaVirtualMachines/1.6.0.jdk/Contents/Home/lib/zi/America/Guatemala
Library/Java/JavaVirtualMachines/1.6.0.jdk/Contents/Home/lib/zi/America/Guayaquil
Library/Java/JavaVirtualMachines/1.6.0.jdk/Contents/Home/lib/zi/America/Guyana
Library/Java/JavaVirtualMachines/1.6.0.jdk/Contents/Home/lib/zi/America/Halifax
Library/Java/JavaVirtualMachines/1.6.0.jdk/Contents/Home/lib/zi/America/Havana
Library/Java/JavaVirtualMachines/1.6.0.jdk/Contents/Home/lib/zi/America/Hermosillo
Library/Java/JavaVirtualMachines/1.6.0.jdk/Contents/Home/lib/zi/America/Indiana
Library/Java/JavaVirtualMachines/1.6.0.jdk/Contents/Home/lib/zi/America/Indiana/Indianapolis
Library/Java/JavaVirtualMachines/1.6.0.jdk/Contents/Home/lib/zi/America/Indiana/Knox
Library/Java/JavaVirtualMachines/1.6.0.jdk/Contents/Home/lib/zi/America/Indiana/Marengo
Library/Java/JavaVirtualMachines/1.6.0.jdk/Contents/Home/lib/zi/America/Indiana/Petersburg
Library/Java/JavaVirtualMachines/1.6.0.jdk/Contents/Home/lib/zi/America/Indiana/Tell_City
Library/Java/JavaVirtualMachines/1.6.0.jdk/Contents/Home/lib/zi/America/Indiana/Vevay
Library/Java/JavaVirtualMachines/1.6.0.jdk/Contents/Home/lib/zi/America/Indiana/Vincennes
Library/Java/JavaVirtualMachines/1.6.0.jdk/Contents/Home/lib/zi/America/Indiana/Winamac
Library/Java/JavaVirtualMachines/1.6.0.jdk/Contents/Home/lib/zi/America/Inuvik
Library/Java/JavaVirtualMachines/1.6.0.jdk/Contents/Home/lib/zi/America/Iqaluit
Library/Java/JavaVirtualMachines/1.6.0.jdk/Contents/Home/lib/zi/America/Jamaica
Library/Java/JavaVirtualMachines/1.6.0.jdk/Contents/Home/lib/zi/America/Juneau
Library/Java/JavaVirtualMachines/1.6.0.jdk/Contents/Home/lib/zi/America/Kentucky
Library/Java/JavaVirtualMachines/1.6.0.jdk/Contents/Home/lib/zi/America/Kentucky/Louisville
Library/Java/JavaVirtualMachines/1.6.0.jdk/Contents/Home/lib/zi/America/Kentucky/Monticello
Library/Java/JavaVirtualMachines/1.6.0.jdk/Contents/Home/lib/zi/America/La_Paz
Library/Java/JavaVirtualMachines/1.6.0.jdk/Contents/Home/lib/zi/America/Lima
Library/Java/JavaVirtualMachines/1.6.0.jdk/Contents/Home/lib/zi/America/Los_Angeles
Library/Java/JavaVirtualMachines/1.6.0.jdk/Contents/Home/lib/zi/America/Maceio
Library/Java/JavaVirtualMachines/1.6.0.jdk/Contents/Home/lib/zi/America/Managua
Library/Java/JavaVirtualMachines/1.6.0.jdk/Contents/Home/lib/zi/America/Manaus
Library/Java/JavaVirtualMachines/1.6.0.jdk/Contents/Home/lib/zi/America/Martinique
Library/Java/JavaVirtualMachines/1.6.0.jdk/Contents/Home/lib/zi/America/Matamoros
Library/Java/JavaVirtualMachines/1.6.0.jdk/Contents/Home/lib/zi/America/Mazatlan
Library/Java/JavaVirtualMachines/1.6.0.jdk/Contents/Home/lib/zi/America/Menominee
Library/Java/JavaVirtualMachines/1.6.0.jdk/Contents/Home/lib/zi/America/Merida
Library/Java/JavaVirtualMachines/1.6.0.jdk/Contents/Home/lib/zi/America/Metlakatla
Library/Java/JavaVirtualMachines/1.6.0.jdk/Contents/Home/lib/zi/America/Mexico_City
Library/Java/JavaVirtualMachines/1.6.0.jdk/Contents/Home/lib/zi/America/Miquelon
Library/Java/JavaVirtualMachines/1.6.0.jdk/Contents/Home/lib/zi/America/Moncton
Library/Java/JavaVirtualMachines/1.6.0.jdk/Contents/Home/lib/zi/America/Monterrey
Library/Java/JavaVirtualMachines/1.6.0.jdk/Contents/Home/lib/zi/America/Montevideo
Library/Java/JavaVirtualMachines/1.6.0.jdk/Contents/Home/lib/zi/America/Montreal
Library/Java/JavaVirtualMachines/1.6.0.jdk/Contents/Home/lib/zi/America/Montserrat
Library/Java/JavaVirtualMachines/1.6.0.jdk/Contents/Home/lib/zi/America/Nassau
Library/Java/JavaVirtualMachines/1.6.0.jdk/Contents/Home/lib/zi/America/New_York
Library/Java/JavaVirtualMachines/1.6.0.jdk/Contents/Home/lib/zi/America/Nipigon
Library/Java/JavaVirtualMachines/1.6.0.jdk/Contents/Home/lib/zi/America/Nome
Library/Java/JavaVirtualMachines/1.6.0.jdk/Contents/Home/lib/zi/America/Noronha
Library/Java/JavaVirtualMachines/1.6.0.jdk/Contents/Home/lib/zi/America/North_Dakota
Library/Java/JavaVirtualMachines/1.6.0.jdk/Contents/Home/lib/zi/America/North_Dakota/Beulah
Library/Java/JavaVirtualMachines/1.6.0.jdk/Contents/Home/lib/zi/America/North_Dakota/Center
Library/Java/JavaVirtualMachines/1.6.0.jdk/Contents/Home/lib/zi/America/North_Dakota/New_Salem
Library/Java/JavaVirtualMachines/1.6.0.jdk/Contents/Home/lib/zi/America/Ojinaga
Library/Java/JavaVirtualMachines/1.6.0.jdk/Contents/Home/lib/zi/America/Panama
Library/Java/JavaVirtualMachines/1.6.0.jdk/Contents/Home/lib/zi/America/Pangnirtung
Library/Java/JavaVirtualMachines/1.6.0.jdk/Contents/Home/lib/zi/America/Paramaribo
Library/Java/JavaVirtualMachines/1.6.0.jdk/Contents/Home/lib/zi/America/Phoenix
Library/Java/JavaVirtualMachines/1.6.0.jdk/Contents/Home/lib/zi/America/Port-au-Prince
Library/Java/JavaVirtualMachines/1.6.0.jdk/Contents/Home/lib/zi/America/Port_of_Spain
Library/Java/JavaVirtualMachines/1.6.0.jdk/Contents/Home/lib/zi/America/Porto_Velho
Library/Java/JavaVirtualMachines/1.6.0.jdk/Contents/Home/lib/zi/America/Puerto_Rico
Library/Java/JavaVirtualMachines/1.6.0.jdk/Contents/Home/lib/zi/America/Rainy_River
Library/Java/JavaVirtualMachines/1.6.0.jdk/Contents/Home/lib/zi/America/Rankin_Inlet
Library/Java/JavaVirtualMachines/1.6.0.jdk/Contents/Home/lib/zi/America/Recife
Library/Java/JavaVirtualMachines/1.6.0.jdk/Contents/Home/lib/zi/America/Regina
Library/Java/JavaVirtualMachines/1.6.0.jdk/Contents/Home/lib/zi/America/Resolute
Library/Java/JavaVirtualMachines/1.6.0.jdk/Contents/Home/lib/zi/America/Rio_Branco
Library/Java/JavaVirtualMachines/1.6.0.jdk/Contents/Home/lib/zi/America/Santa_Isabel
Library/Java/JavaVirtualMachines/1.6.0.jdk/Contents/Home/lib/zi/America/Santarem
Library/Java/JavaVirtualMachines/1.6.0.jdk/Contents/Home/lib/zi/America/Santiago
Library/Java/JavaVirtualMachines/1.6.0.jdk/Contents/Home/lib/zi/America/Santo_Domingo
Library/Java/JavaVirtualMachines/1.6.0.jdk/Contents/Home/lib/zi/America/Sao_Paulo
Library/Java/JavaVirtualMachines/1.6.0.jdk/Contents/Home/lib/zi/America/Scoresbysund
Library/Java/JavaVirtualMachines/1.6.0.jdk/Contents/Home/lib/zi/America/Sitka
Library/Java/JavaVirtualMachines/1.6.0.jdk/Contents/Home/lib/zi/America/St_Johns
Library/Java/JavaVirtualMachines/1.6.0.jdk/Contents/Home/lib/zi/America/St_Kitts
Library/Java/JavaVirtualMachines/1.6.0.jdk/Contents/Home/lib/zi/America/St_Lucia
Library/Java/JavaVirtualMachines/1.6.0.jdk/Contents/Home/lib/zi/America/St_Thomas
Library/Java/JavaVirtualMachines/1.6.0.jdk/Contents/Home/lib/zi/America/St_Vincent
Library/Java/JavaVirtualMachines/1.6.0.jdk/Contents/Home/lib/zi/America/Swift_Current
Library/Java/JavaVirtualMachines/1.6.0.jdk/Contents/Home/lib/zi/America/Tegucigalpa
Library/Java/JavaVirtualMachines/1.6.0.jdk/Contents/Home/lib/zi/America/Thule
Library/Java/JavaVirtualMachines/1.6.0.jdk/Contents/Home/lib/zi/America/Thunder_Bay
Library/Java/JavaVirtualMachines/1.6.0.jdk/Contents/Home/lib/zi/America/Tijuana
Library/Java/JavaVirtualMachines/1.6.0.jdk/Contents/Home/lib/zi/America/Toronto
Library/Java/JavaVirtualMachines/1.6.0.jdk/Contents/Home/lib/zi/America/Tortola
Library/Java/JavaVirtualMachines/1.6.0.jdk/Contents/Home/lib/zi/America/Vancouver
Library/Java/JavaVirtualMachines/1.6.0.jdk/Contents/Home/lib/zi/America/Whitehorse
Library/Java/JavaVirtualMachines/1.6.0.jdk/Contents/Home/lib/zi/America/Winnipeg
Library/Java/JavaVirtualMachines/1.6.0.jdk/Contents/Home/lib/zi/America/Yakutat
Library/Java/JavaVirtualMachines/1.6.0.jdk/Contents/Home/lib/zi/America/Yellowknife
Library/Java/JavaVirtualMachines/1.6.0.jdk/Contents/Home/lib/zi/Antarctica
Library/Java/JavaVirtualMachines/1.6.0.jdk/Contents/Home/lib/zi/Antarctica/Casey
Library/Java/JavaVirtualMachines/1.6.0.jdk/Contents/Home/lib/zi/Antarctica/Davis
Library/Java/JavaVirtualMachines/1.6.0.jdk/Contents/Home/lib/zi/Antarctica/DumontDUrville
Library/Java/JavaVirtualMachines/1.6.0.jdk/Contents/Home/lib/zi/Antarctica/Macquarie
Library/Java/JavaVirtualMachines/1.6.0.jdk/Contents/Home/lib/zi/Antarctica/Mawson
Library/Java/JavaVirtualMachines/1.6.0.jdk/Contents/Home/lib/zi/Antarctica/McMurdo
Library/Java/JavaVirtualMachines/1.6.0.jdk/Contents/Home/lib/zi/Antarctica/Palmer
Library/Java/JavaVirtualMachines/1.6.0.jdk/Contents/Home/lib/zi/Antarctica/Rothera
Library/Java/JavaVirtualMachines/1.6.0.jdk/Contents/Home/lib/zi/Antarctica/Syowa
Library/Java/JavaVirtualMachines/1.6.0.jdk/Contents/Home/lib/zi/Antarctica/Vostok
Library/Java/JavaVirtualMachines/1.6.0.jdk/Contents/Home/lib/zi/Asia
Library/Java/JavaVirtualMachines/1.6.0.jdk/Contents/Home/lib/zi/Asia/Aden
Library/Java/JavaVirtualMachines/1.6.0.jdk/Contents/Home/lib/zi/Asia/Almaty
Library/Java/JavaVirtualMachines/1.6.0.jdk/Contents/Home/lib/zi/Asia/Amman
Library/Java/JavaVirtualMachines/1.6.0.jdk/Contents/Home/lib/zi/Asia/Anadyr
Library/Java/JavaVirtualMachines/1.6.0.jdk/Contents/Home/lib/zi/Asia/Aqtau
Library/Java/JavaVirtualMachines/1.6.0.jdk/Contents/Home/lib/zi/Asia/Aqtobe
Library/Java/JavaVirtualMachines/1.6.0.jdk/Contents/Home/lib/zi/Asia/Ashgabat
Library/Java/JavaVirtualMachines/1.6.0.jdk/Contents/Home/lib/zi/Asia/Baghdad
Library/Java/JavaVirtualMachines/1.6.0.jdk/Contents/Home/lib/zi/Asia/Bahrain
Library/Java/JavaVirtualMachines/1.6.0.jdk/Contents/Home/lib/zi/Asia/Baku
Library/Java/JavaVirtualMachines/1.6.0.jdk/Contents/Home/lib/zi/Asia/Bangkok
Library/Java/JavaVirtualMachines/1.6.0.jdk/Contents/Home/lib/zi/Asia/Beirut
Library/Java/JavaVirtualMachines/1.6.0.jdk/Contents/Home/lib/zi/Asia/Bishkek
Library/Java/JavaVirtualMachines/1.6.0.jdk/Contents/Home/lib/zi/Asia/Brunei
Library/Java/JavaVirtualMachines/1.6.0.jdk/Contents/Home/lib/zi/Asia/Choibalsan
Library/Java/JavaVirtualMachines/1.6.0.jdk/Contents/Home/lib/zi/Asia/Chongqing
Library/Java/JavaVirtualMachines/1.6.0.jdk/Contents/Home/lib/zi/Asia/Colombo
Library/Java/JavaVirtualMachines/1.6.0.jdk/Contents/Home/lib/zi/Asia/Damascus
Library/Java/JavaVirtualMachines/1.6.0.jdk/Contents/Home/lib/zi/Asia/Dhaka
Library/Java/JavaVirtualMachines/1.6.0.jdk/Contents/Home/lib/zi/Asia/Dili
Library/Java/JavaVirtualMachines/1.6.0.jdk/Contents/Home/lib/zi/Asia/Dubai
Library/Java/JavaVirtualMachines/1.6.0.jdk/Contents/Home/lib/zi/Asia/Dushanbe
Library/Java/JavaVirtualMachines/1.6.0.jdk/Contents/Home/lib/zi/Asia/Gaza
Library/Java/JavaVirtualMachines/1.6.0.jdk/Contents/Home/lib/zi/Asia/Harbin
Library/Java/JavaVirtualMachines/1.6.0.jdk/Contents/Home/lib/zi/Asia/Hebron
Library/Java/JavaVirtualMachines/1.6.0.jdk/Contents/Home/lib/zi/Asia/Ho_Chi_Minh
Library/Java/JavaVirtualMachines/1.6.0.jdk/Contents/Home/lib/zi/Asia/Hong_Kong
Library/Java/JavaVirtualMachines/1.6.0.jdk/Contents/Home/lib/zi/Asia/Hovd
Library/Java/JavaVirtualMachines/1.6.0.jdk/Contents/Home/lib/zi/Asia/Irkutsk
Library/Java/JavaVirtualMachines/1.6.0.jdk/Contents/Home/lib/zi/Asia/Jakarta
Library/Java/JavaVirtualMachines/1.6.0.jdk/Contents/Home/lib/zi/Asia/Jayapura
Library/Java/JavaVirtualMachines/1.6.0.jdk/Contents/Home/lib/zi/Asia/Jerusalem
Library/Java/JavaVirtualMachines/1.6.0.jdk/Contents/Home/lib/zi/Asia/Kabul
Library/Java/JavaVirtualMachines/1.6.0.jdk/Contents/Home/lib/zi/Asia/Kamchatka
Library/Java/JavaVirtualMachines/1.6.0.jdk/Contents/Home/lib/zi/Asia/Karachi
Library/Java/JavaVirtualMachines/1.6.0.jdk/Contents/Home/lib/zi/Asia/Kashgar
Library/Java/JavaVirtualMachines/1.6.0.jdk/Contents/Home/lib/zi/Asia/Kathmandu
Library/Java/JavaVirtualMachines/1.6.0.jdk/Contents/Home/lib/zi/Asia/Khandyga
Library/Java/JavaVirtualMachines/1.6.0.jdk/Contents/Home/lib/zi/Asia/Kolkata
Library/Java/JavaVirtualMachines/1.6.0.jdk/Contents/Home/lib/zi/Asia/Krasnoyarsk
Library/Java/JavaVirtualMachines/1.6.0.jdk/Contents/Home/lib/zi/Asia/Kuala_Lumpur
Library/Java/JavaVirtualMachines/1.6.0.jdk/Contents/Home/lib/zi/Asia/Kuching
Library/Java/JavaVirtualMachines/1.6.0.jdk/Contents/Home/lib/zi/Asia/Kuwait
Library/Java/JavaVirtualMachines/1.6.0.jdk/Contents/Home/lib/zi/Asia/Macau
Library/Java/JavaVirtualMachines/1.6.0.jdk/Contents/Home/lib/zi/Asia/Magadan
Library/Java/JavaVirtualMachines/1.6.0.jdk/Contents/Home/lib/zi/Asia/Makassar
Library/Java/JavaVirtualMachines/1.6.0.jdk/Contents/Home/lib/zi/Asia/Manila
Library/Java/JavaVirtualMachines/1.6.0.jdk/Contents/Home/lib/zi/Asia/Muscat
Library/Java/JavaVirtualMachines/1.6.0.jdk/Contents/Home/lib/zi/Asia/Nicosia
Library/Java/JavaVirtualMachines/1.6.0.jdk/Contents/Home/lib/zi/Asia/Novokuznetsk
Library/Java/JavaVirtualMachines/1.6.0.jdk/Contents/Home/lib/zi/Asia/Novosibirsk
Library/Java/JavaVirtualMachines/1.6.0.jdk/Contents/Home/lib/zi/Asia/Omsk
Library/Java/JavaVirtualMachines/1.6.0.jdk/Contents/Home/lib/zi/Asia/Oral
Library/Java/JavaVirtualMachines/1.6.0.jdk/Contents/Home/lib/zi/Asia/Phnom_Penh
Library/Java/JavaVirtualMachines/1.6.0.jdk/Contents/Home/lib/zi/Asia/Pontianak
Library/Java/JavaVirtualMachines/1.6.0.jdk/Contents/Home/lib/zi/Asia/Pyongyang
Library/Java/JavaVirtualMachines/1.6.0.jdk/Contents/Home/lib/zi/Asia/Qatar
Library/Java/JavaVirtualMachines/1.6.0.jdk/Contents/Home/lib/zi/Asia/Qyzylorda
Library/Java/JavaVirtualMachines/1.6.0.jdk/Contents/Home/lib/zi/Asia/Rangoon
Library/Java/JavaVirtualMachines/1.6.0.jdk/Contents/Home/lib/zi/Asia/Riyadh
Library/Java/JavaVirtualMachines/1.6.0.jdk/Contents/Home/lib/zi/Asia/Riyadh87
Library/Java/JavaVirtualMachines/1.6.0.jdk/Contents/Home/lib/zi/Asia/Riyadh88
Library/Java/JavaVirtualMachines/1.6.0.jdk/Contents/Home/lib/zi/Asia/Riyadh89
Library/Java/JavaVirtualMachines/1.6.0.jdk/Contents/Home/lib/zi/Asia/Sakhalin
Library/Java/JavaVirtualMachines/1.6.0.jdk/Contents/Home/lib/zi/Asia/Samarkand
Library/Java/JavaVirtualMachines/1.6.0.jdk/Contents/Home/lib/zi/Asia/Seoul
Library/Java/JavaVirtualMachines/1.6.0.jdk/Contents/Home/lib/zi/Asia/Shanghai
Library/Java/JavaVirtualMachines/1.6.0.jdk/Contents/Home/lib/zi/Asia/Singapore
Library/Java/JavaVirtualMachines/1.6.0.jdk/Contents/Home/lib/zi/Asia/Taipei
Library/Java/JavaVirtualMachines/1.6.0.jdk/Contents/Home/lib/zi/Asia/Tashkent
Library/Java/JavaVirtualMachines/1.6.0.jdk/Contents/Home/lib/zi/Asia/Tbilisi
Library/Java/JavaVirtualMachines/1.6.0.jdk/Contents/Home/lib/zi/Asia/Tehran
Library/Java/JavaVirtualMachines/1.6.0.jdk/Contents/Home/lib/zi/Asia/Thimphu
Library/Java/JavaVirtualMachines/1.6.0.jdk/Contents/Home/lib/zi/Asia/Tokyo
Library/Java/JavaVirtualMachines/1.6.0.jdk/Contents/Home/lib/zi/Asia/Ulaanbaatar
Library/Java/JavaVirtualMachines/1.6.0.jdk/Contents/Home/lib/zi/Asia/Urumqi
Library/Java/JavaVirtualMachines/1.6.0.jdk/Contents/Home/lib/zi/Asia/Ust-Nera
Library/Java/JavaVirtualMachines/1.6.0.jdk/Contents/Home/lib/zi/Asia/Vientiane
Library/Java/JavaVirtualMachines/1.6.0.jdk/Contents/Home/lib/zi/Asia/Vladivostok
Library/Java/JavaVirtualMachines/1.6.0.jdk/Contents/Home/lib/zi/Asia/Yakutsk
Library/Java/JavaVirtualMachines/1.6.0.jdk/Contents/Home/lib/zi/Asia/Yekaterinburg
Library/Java/JavaVirtualMachines/1.6.0.jdk/Contents/Home/lib/zi/Asia/Yerevan
Library/Java/JavaVirtualMachines/1.6.0.jdk/Contents/Home/lib/zi/Atlantic
Library/Java/JavaVirtualMachines/1.6.0.jdk/Contents/Home/lib/zi/Atlantic/Azores
Library/Java/JavaVirtualMachines/1.6.0.jdk/Contents/Home/lib/zi/Atlantic/Bermuda
Library/Java/JavaVirtualMachines/1.6.0.jdk/Contents/Home/lib/zi/Atlantic/Canary
Library/Java/JavaVirtualMachines/1.6.0.jdk/Contents/Home/lib/zi/Atlantic/Cape_Verde
Library/Java/JavaVirtualMachines/1.6.0.jdk/Contents/Home/lib/zi/Atlantic/Faroe
Library/Java/JavaVirtualMachines/1.6.0.jdk/Contents/Home/lib/zi/Atlantic/Madeira
Library/Java/JavaVirtualMachines/1.6.0.jdk/Contents/Home/lib/zi/Atlantic/Reykjavik
Library/Java/JavaVirtualMachines/1.6.0.jdk/Contents/Home/lib/zi/Atlantic/South_Georgia
Library/Java/JavaVirtualMachines/1.6.0.jdk/Contents/Home/lib/zi/Atlantic/St_Helena
Library/Java/JavaVirtualMachines/1.6.0.jdk/Contents/Home/lib/zi/Atlantic/Stanley
Library/Java/JavaVirtualMachines/1.6.0.jdk/Contents/Home/lib/zi/Australia
Library/Java/JavaVirtualMachines/1.6.0.jdk/Contents/Home/lib/zi/Australia/Adelaide
Library/Java/JavaVirtualMachines/1.6.0.jdk/Contents/Home/lib/zi/Australia/Brisbane
Library/Java/JavaVirtualMachines/1.6.0.jdk/Contents/Home/lib/zi/Australia/Broken_Hill
Library/Java/JavaVirtualMachines/1.6.0.jdk/Contents/Home/lib/zi/Australia/Currie
Library/Java/JavaVirtualMachines/1.6.0.jdk/Contents/Home/lib/zi/Australia/Darwin
Library/Java/JavaVirtualMachines/1.6.0.jdk/Contents/Home/lib/zi/Australia/Eucla
Library/Java/JavaVirtualMachines/1.6.0.jdk/Contents/Home/lib/zi/Australia/Hobart
Library/Java/JavaVirtualMachines/1.6.0.jdk/Contents/Home/lib/zi/Australia/Lindeman
Library/Java/JavaVirtualMachines/1.6.0.jdk/Contents/Home/lib/zi/Australia/Lord_Howe
Library/Java/JavaVirtualMachines/1.6.0.jdk/Contents/Home/lib/zi/Australia/Melbourne
Library/Java/JavaVirtualMachines/1.6.0.jdk/Contents/Home/lib/zi/Australia/Perth
Library/Java/JavaVirtualMachines/1.6.0.jdk/Contents/Home/lib/zi/Australia/Sydney
Library/Java/JavaVirtualMachines/1.6.0.jdk/Contents/Home/lib/zi/CET
Library/Java/JavaVirtualMachines/1.6.0.jdk/Contents/Home/lib/zi/CST6CDT
Library/Java/JavaVirtualMachines/1.6.0.jdk/Contents/Home/lib/zi/EET
Library/Java/JavaVirtualMachines/1.6.0.jdk/Contents/Home/lib/zi/EST
Library/Java/JavaVirtualMachines/1.6.0.jdk/Contents/Home/lib/zi/EST5EDT
Library/Java/JavaVirtualMachines/1.6.0.jdk/Contents/Home/lib/zi/Etc
Library/Java/JavaVirtualMachines/1.6.0.jdk/Contents/Home/lib/zi/Etc/GMT
Library/Java/JavaVirtualMachines/1.6.0.jdk/Contents/Home/lib/zi/Etc/GMT+1
Library/Java/JavaVirtualMachines/1.6.0.jdk/Contents/Home/lib/zi/Etc/GMT+10
Library/Java/JavaVirtualMachines/1.6.0.jdk/Contents/Home/lib/zi/Etc/GMT+11
Library/Java/JavaVirtualMachines/1.6.0.jdk/Contents/Home/lib/zi/Etc/GMT+12
Library/Java/JavaVirtualMachines/1.6.0.jdk/Contents/Home/lib/zi/Etc/GMT+2
Library/Java/JavaVirtualMachines/1.6.0.jdk/Contents/Home/lib/zi/Etc/GMT+3
Library/Java/JavaVirtualMachines/1.6.0.jdk/Contents/Home/lib/zi/Etc/GMT+4
Library/Java/JavaVirtualMachines/1.6.0.jdk/Contents/Home/lib/zi/Etc/GMT+5
Library/Java/JavaVirtualMachines/1.6.0.jdk/Contents/Home/lib/zi/Etc/GMT+6
Library/Java/JavaVirtualMachines/1.6.0.jdk/Contents/Home/lib/zi/Etc/GMT+7
Library/Java/JavaVirtualMachines/1.6.0.jdk/Contents/Home/lib/zi/Etc/GMT+8
Library/Java/JavaVirtualMachines/1.6.0.jdk/Contents/Home/lib/zi/Etc/GMT+9
Library/Java/JavaVirtualMachines/1.6.0.jdk/Contents/Home/lib/zi/Etc/GMT-1
Library/Java/JavaVirtualMachines/1.6.0.jdk/Contents/Home/lib/zi/Etc/GMT-10
Library/Java/JavaVirtualMachines/1.6.0.jdk/Contents/Home/lib/zi/Etc/GMT-11
Library/Java/JavaVirtualMachines/1.6.0.jdk/Contents/Home/lib/zi/Etc/GMT-12
Library/Java/JavaVirtualMachines/1.6.0.jdk/Contents/Home/lib/zi/Etc/GMT-13
Library/Java/JavaVirtualMachines/1.6.0.jdk/Contents/Home/lib/zi/Etc/GMT-14
Library/Java/JavaVirtualMachines/1.6.0.jdk/Contents/Home/lib/zi/Etc/GMT-2
Library/Java/JavaVirtualMachines/1.6.0.jdk/Contents/Home/lib/zi/Etc/GMT-3
Library/Java/JavaVirtualMachines/1.6.0.jdk/Contents/Home/lib/zi/Etc/GMT-4
Library/Java/JavaVirtualMachines/1.6.0.jdk/Contents/Home/lib/zi/Etc/GMT-5
Library/Java/JavaVirtualMachines/1.6.0.jdk/Contents/Home/lib/zi/Etc/GMT-6
Library/Java/JavaVirtualMachines/1.6.0.jdk/Contents/Home/lib/zi/Etc/GMT-7
Library/Java/JavaVirtualMachines/1.6.0.jdk/Contents/Home/lib/zi/Etc/GMT-8
Library/Java/JavaVirtualMachines/1.6.0.jdk/Contents/Home/lib/zi/Etc/GMT-9
Library/Java/JavaVirtualMachines/1.6.0.jdk/Contents/Home/lib/zi/Etc/UCT
Library/Java/JavaVirtualMachines/1.6.0.jdk/Contents/Home/lib/zi/Etc/UTC
Library/Java/JavaVirtualMachines/1.6.0.jdk/Contents/Home/lib/zi/Europe
Library/Java/JavaVirtualMachines/1.6.0.jdk/Contents/Home/lib/zi/Europe/Amsterdam
Library/Java/JavaVirtualMachines/1.6.0.jdk/Contents/Home/lib/zi/Europe/Andorra
Library/Java/JavaVirtualMachines/1.6.0.jdk/Contents/Home/lib/zi/Europe/Athens
Library/Java/JavaVirtualMachines/1.6.0.jdk/Contents/Home/lib/zi/Europe/Belgrade
Library/Java/JavaVirtualMachines/1.6.0.jdk/Contents/Home/lib/zi/Europe/Berlin
Library/Java/JavaVirtualMachines/1.6.0.jdk/Contents/Home/lib/zi/Europe/Brussels
Library/Java/JavaVirtualMachines/1.6.0.jdk/Contents/Home/lib/zi/Europe/Bucharest
Library/Java/JavaVirtualMachines/1.6.0.jdk/Contents/Home/lib/zi/Europe/Budapest
Library/Java/JavaVirtualMachines/1.6.0.jdk/Contents/Home/lib/zi/Europe/Chisinau
Library/Java/JavaVirtualMachines/1.6.0.jdk/Contents/Home/lib/zi/Europe/Copenhagen
Library/Java/JavaVirtualMachines/1.6.0.jdk/Contents/Home/lib/zi/Europe/Dublin
Library/Java/JavaVirtualMachines/1.6.0.jdk/Contents/Home/lib/zi/Europe/Gibraltar
Library/Java/JavaVirtualMachines/1.6.0.jdk/Contents/Home/lib/zi/Europe/Helsinki
Library/Java/JavaVirtualMachines/1.6.0.jdk/Contents/Home/lib/zi/Europe/Istanbul
Library/Java/JavaVirtualMachines/1.6.0.jdk/Contents/Home/lib/zi/Europe/Kaliningrad
Library/Java/JavaVirtualMachines/1.6.0.jdk/Contents/Home/lib/zi/Europe/Kiev
Library/Java/JavaVirtualMachines/1.6.0.jdk/Contents/Home/lib/zi/Europe/Lisbon
Library/Java/JavaVirtualMachines/1.6.0.jdk/Contents/Home/lib/zi/Europe/London
Library/Java/JavaVirtualMachines/1.6.0.jdk/Contents/Home/lib/zi/Europe/Luxembourg
Library/Java/JavaVirtualMachines/1.6.0.jdk/Contents/Home/lib/zi/Europe/Madrid
Library/Java/JavaVirtualMachines/1.6.0.jdk/Contents/Home/lib/zi/Europe/Malta
Library/Java/JavaVirtualMachines/1.6.0.jdk/Contents/Home/lib/zi/Europe/Minsk
Library/Java/JavaVirtualMachines/1.6.0.jdk/Contents/Home/lib/zi/Europe/Monaco
Library/Java/JavaVirtualMachines/1.6.0.jdk/Contents/Home/lib/zi/Europe/Moscow
Library/Java/JavaVirtualMachines/1.6.0.jdk/Contents/Home/lib/zi/Europe/Oslo
Library/Java/JavaVirtualMachines/1.6.0.jdk/Contents/Home/lib/zi/Europe/Paris
Library/Java/JavaVirtualMachines/1.6.0.jdk/Contents/Home/lib/zi/Europe/Prague
Library/Java/JavaVirtualMachines/1.6.0.jdk/Contents/Home/lib/zi/Europe/Riga
Library/Java/JavaVirtualMachines/1.6.0.jdk/Contents/Home/lib/zi/Europe/Rome
Library/Java/JavaVirtualMachines/1.6.0.jdk/Contents/Home/lib/zi/Europe/Samara
Library/Java/JavaVirtualMachines/1.6.0.jdk/Contents/Home/lib/zi/Europe/Simferopol
Library/Java/JavaVirtualMachines/1.6.0.jdk/Contents/Home/lib/zi/Europe/Sofia
Library/Java/JavaVirtualMachines/1.6.0.jdk/Contents/Home/lib/zi/Europe/Stockholm
Library/Java/JavaVirtualMachines/1.6.0.jdk/Contents/Home/lib/zi/Europe/Tallinn
Library/Java/JavaVirtualMachines/1.6.0.jdk/Contents/Home/lib/zi/Europe/Tirane
Library/Java/JavaVirtualMachines/1.6.0.jdk/Contents/Home/lib/zi/Europe/Uzhgorod
Library/Java/JavaVirtualMachines/1.6.0.jdk/Contents/Home/lib/zi/Europe/Vaduz
Library/Java/JavaVirtualMachines/1.6.0.jdk/Contents/Home/lib/zi/Europe/Vienna
Library/Java/JavaVirtualMachines/1.6.0.jdk/Contents/Home/lib/zi/Europe/Vilnius
Library/Java/JavaVirtualMachines/1.6.0.jdk/Contents/Home/lib/zi/Europe/Volgograd
Library/Java/JavaVirtualMachines/1.6.0.jdk/Contents/Home/lib/zi/Europe/Warsaw
Library/Java/JavaVirtualMachines/1.6.0.jdk/Contents/Home/lib/zi/Europe/Zaporozhye
Library/Java/JavaVirtualMachines/1.6.0.jdk/Contents/Home/lib/zi/Europe/Zurich
Library/Java/JavaVirtualMachines/1.6.0.jdk/Contents/Home/lib/zi/GMT
Library/Java/JavaVirtualMachines/1.6.0.jdk/Contents/Home/lib/zi/HST
Library/Java/JavaVirtualMachines/1.6.0.jdk/Contents/Home/lib/zi/Indian
Library/Java/JavaVirtualMachines/1.6.0.jdk/Contents/Home/lib/zi/Indian/Antananarivo
Library/Java/JavaVirtualMachines/1.6.0.jdk/Contents/Home/lib/zi/Indian/Chagos
Library/Java/JavaVirtualMachines/1.6.0.jdk/Contents/Home/lib/zi/Indian/Christmas
Library/Java/JavaVirtualMachines/1.6.0.jdk/Contents/Home/lib/zi/Indian/Cocos
Library/Java/JavaVirtualMachines/1.6.0.jdk/Contents/Home/lib/zi/Indian/Comoro
Library/Java/JavaVirtualMachines/1.6.0.jdk/Contents/Home/lib/zi/Indian/Kerguelen
Library/Java/JavaVirtualMachines/1.6.0.jdk/Contents/Home/lib/zi/Indian/Mahe
Library/Java/JavaVirtualMachines/1.6.0.jdk/Contents/Home/lib/zi/Indian/Maldives
Library/Java/JavaVirtualMachines/1.6.0.jdk/Contents/Home/lib/zi/Indian/Mauritius
Library/Java/JavaVirtualMachines/1.6.0.jdk/Contents/Home/lib/zi/Indian/Mayotte
Library/Java/JavaVirtualMachines/1.6.0.jdk/Contents/Home/lib/zi/Indian/Reunion
Library/Java/JavaVirtualMachines/1.6.0.jdk/Contents/Home/lib/zi/MET
Library/Java/JavaVirtualMachines/1.6.0.jdk/Contents/Home/lib/zi/MST
Library/Java/JavaVirtualMachines/1.6.0.jdk/Contents/Home/lib/zi/MST7MDT
Library/Java/JavaVirtualMachines/1.6.0.jdk/Contents/Home/lib/zi/PST8PDT
Library/Java/JavaVirtualMachines/1.6.0.jdk/Contents/Home/lib/zi/Pacific
Library/Java/JavaVirtualMachines/1.6.0.jdk/Contents/Home/lib/zi/Pacific/Apia
Library/Java/JavaVirtualMachines/1.6.0.jdk/Contents/Home/lib/zi/Pacific/Auckland
Library/Java/JavaVirtualMachines/1.6.0.jdk/Contents/Home/lib/zi/Pacific/Chatham
Library/Java/JavaVirtualMachines/1.6.0.jdk/Contents/Home/lib/zi/Pacific/Chuuk
Library/Java/JavaVirtualMachines/1.6.0.jdk/Contents/Home/lib/zi/Pacific/Easter
Library/Java/JavaVirtualMachines/1.6.0.jdk/Contents/Home/lib/zi/Pacific/Efate
Library/Java/JavaVirtualMachines/1.6.0.jdk/Contents/Home/lib/zi/Pacific/Enderbury
Library/Java/JavaVirtualMachines/1.6.0.jdk/Contents/Home/lib/zi/Pacific/Fakaofo
Library/Java/JavaVirtualMachines/1.6.0.jdk/Contents/Home/lib/zi/Pacific/Fiji
Library/Java/JavaVirtualMachines/1.6.0.jdk/Contents/Home/lib/zi/Pacific/Funafuti
Library/Java/JavaVirtualMachines/1.6.0.jdk/Contents/Home/lib/zi/Pacific/Galapagos
Library/Java/JavaVirtualMachines/1.6.0.jdk/Contents/Home/lib/zi/Pacific/Gambier
Library/Java/JavaVirtualMachines/1.6.0.jdk/Contents/Home/lib/zi/Pacific/Guadalcanal
Library/Java/JavaVirtualMachines/1.6.0.jdk/Contents/Home/lib/zi/Pacific/Guam
Library/Java/JavaVirtualMachines/1.6.0.jdk/Contents/Home/lib/zi/Pacific/Honolulu
Library/Java/JavaVirtualMachines/1.6.0.jdk/Contents/Home/lib/zi/Pacific/Johnston
Library/Java/JavaVirtualMachines/1.6.0.jdk/Contents/Home/lib/zi/Pacific/Kiritimati
Library/Java/JavaVirtualMachines/1.6.0.jdk/Contents/Home/lib/zi/Pacific/Kosrae
Library/Java/JavaVirtualMachines/1.6.0.jdk/Contents/Home/lib/zi/Pacific/Kwajalein
Library/Java/JavaVirtualMachines/1.6.0.jdk/Contents/Home/lib/zi/Pacific/Majuro
Library/Java/JavaVirtualMachines/1.6.0.jdk/Contents/Home/lib/zi/Pacific/Marquesas
Library/Java/JavaVirtualMachines/1.6.0.jdk/Contents/Home/lib/zi/Pacific/Midway
Library/Java/JavaVirtualMachines/1.6.0.jdk/Contents/Home/lib/zi/Pacific/Nauru
Library/Java/JavaVirtualMachines/1.6.0.jdk/Contents/Home/lib/zi/Pacific/Niue
Library/Java/JavaVirtualMachines/1.6.0.jdk/Contents/Home/lib/zi/Pacific/Norfolk
Library/Java/JavaVirtualMachines/1.6.0.jdk/Contents/Home/lib/zi/Pacific/Noumea
Library/Java/JavaVirtualMachines/1.6.0.jdk/Contents/Home/lib/zi/Pacific/Pago_Pago
Library/Java/JavaVirtualMachines/1.6.0.jdk/Contents/Home/lib/zi/Pacific/Palau
Library/Java/JavaVirtualMachines/1.6.0.jdk/Contents/Home/lib/zi/Pacific/Pitcairn
Library/Java/JavaVirtualMachines/1.6.0.jdk/Contents/Home/lib/zi/Pacific/Pohnpei
Library/Java/JavaVirtualMachines/1.6.0.jdk/Contents/Home/lib/zi/Pacific/Port_Moresby
Library/Java/JavaVirtualMachines/1.6.0.jdk/Contents/Home/lib/zi/Pacific/Rarotonga
Library/Java/JavaVirtualMachines/1.6.0.jdk/Contents/Home/lib/zi/Pacific/Saipan
Library/Java/JavaVirtualMachines/1.6.0.jdk/Contents/Home/lib/zi/Pacific/Tahiti
Library/Java/JavaVirtualMachines/1.6.0.jdk/Contents/Home/lib/zi/Pacific/Tarawa
Library/Java/JavaVirtualMachines/1.6.0.jdk/Contents/Home/lib/zi/Pacific/Tongatapu
Library/Java/JavaVirtualMachines/1.6.0.jdk/Contents/Home/lib/zi/Pacific/Wake
Library/Java/JavaVirtualMachines/1.6.0.jdk/Contents/Home/lib/zi/Pacific/Wallis
Library/Java/JavaVirtualMachines/1.6.0.jdk/Contents/Home/lib/zi/SystemV
Library/Java/JavaVirtualMachines/1.6.0.jdk/Contents/Home/lib/zi/SystemV/AST4
Library/Java/JavaVirtualMachines/1.6.0.jdk/Contents/Home/lib/zi/SystemV/AST4ADT
Library/Java/JavaVirtualMachines/1.6.0.jdk/Contents/Home/lib/zi/SystemV/CST6
Library/Java/JavaVirtualMachines/1.6.0.jdk/Contents/Home/lib/zi/SystemV/CST6CDT
Library/Java/JavaVirtualMachines/1.6.0.jdk/Contents/Home/lib/zi/SystemV/EST5
Library/Java/JavaVirtualMachines/1.6.0.jdk/Contents/Home/lib/zi/SystemV/EST5EDT
Library/Java/JavaVirtualMachines/1.6.0.jdk/Contents/Home/lib/zi/SystemV/HST10
Library/Java/JavaVirtualMachines/1.6.0.jdk/Contents/Home/lib/zi/SystemV/MST7
Library/Java/JavaVirtualMachines/1.6.0.jdk/Contents/Home/lib/zi/SystemV/MST7MDT
Library/Java/JavaVirtualMachines/1.6.0.jdk/Contents/Home/lib/zi/SystemV/PST8
Library/Java/JavaVirtualMachines/1.6.0.jdk/Contents/Home/lib/zi/SystemV/PST8PDT
Library/Java/JavaVirtualMachines/1.6.0.jdk/Contents/Home/lib/zi/SystemV/YST9
Library/Java/JavaVirtualMachines/1.6.0.jdk/Contents/Home/lib/zi/SystemV/YST9YDT
Library/Java/JavaVirtualMachines/1.6.0.jdk/Contents/Home/lib/zi/WET
Library/Java/JavaVirtualMachines/1.6.0.jdk/Contents/Home/lib/zi/ZoneInfoMappings
Library/Java/JavaVirtualMachines/1.6.0.jdk/Contents/Home/man
Library/Java/JavaVirtualMachines/1.6.0.jdk/Contents/Home/man/appletviewer.1
Library/Java/JavaVirtualMachines/1.6.0.jdk/Contents/Home/man/apt.1
Library/Java/JavaVirtualMachines/1.6.0.jdk/Contents/Home/man/extcheck.1
Library/Java/JavaVirtualMachines/1.6.0.jdk/Contents/Home/man/idlj.1
Library/Java/JavaVirtualMachines/1.6.0.jdk/Contents/Home/man/jar.1
Library/Java/JavaVirtualMachines/1.6.0.jdk/Contents/Home/man/jarsigner.1
Library/Java/JavaVirtualMachines/1.6.0.jdk/Contents/Home/man/java.1
Library/Java/JavaVirtualMachines/1.6.0.jdk/Contents/Home/man/javac.1
Library/Java/JavaVirtualMachines/1.6.0.jdk/Contents/Home/man/javadoc.1
Library/Java/JavaVirtualMachines/1.6.0.jdk/Contents/Home/man/javah.1
Library/Java/JavaVirtualMachines/1.6.0.jdk/Contents/Home/man/javap.1
Library/Java/JavaVirtualMachines/1.6.0.jdk/Contents/Home/man/javaws.1
Library/Java/JavaVirtualMachines/1.6.0.jdk/Contents/Home/man/jconsole.1
Library/Java/JavaVirtualMachines/1.6.0.jdk/Contents/Home/man/jdb.1
Library/Java/JavaVirtualMachines/1.6.0.jdk/Contents/Home/man/jhat.1
Library/Java/JavaVirtualMachines/1.6.0.jdk/Contents/Home/man/jinfo.1
Library/Java/JavaVirtualMachines/1.6.0.jdk/Contents/Home/man/jmap.1
Library/Java/JavaVirtualMachines/1.6.0.jdk/Contents/Home/man/jps.1
Library/Java/JavaVirtualMachines/1.6.0.jdk/Contents/Home/man/jrunscript.1
Library/Java/JavaVirtualMachines/1.6.0.jdk/Contents/Home/man/jsadebugd.1
Library/Java/JavaVirtualMachines/1.6.0.jdk/Contents/Home/man/jstack.1
Library/Java/JavaVirtualMachines/1.6.0.jdk/Contents/Home/man/jstat.1
Library/Java/JavaVirtualMachines/1.6.0.jdk/Contents/Home/man/jstatd.1
Library/Java/JavaVirtualMachines/1.6.0.jdk/Contents/Home/man/keytool.1
Library/Java/JavaVirtualMachines/1.6.0.jdk/Contents/Home/man/native2ascii.1
Library/Java/JavaVirtualMachines/1.6.0.jdk/Contents/Home/man/orbd.1
Library/Java/JavaVirtualMachines/1.6.0.jdk/Contents/Home/man/pack200.1
Library/Java/JavaVirtualMachines/1.6.0.jdk/Contents/Home/man/policytool.1
Library/Java/JavaVirtualMachines/1.6.0.jdk/Contents/Home/man/rmic.1
Library/Java/JavaVirtualMachines/1.6.0.jdk/Contents/Home/man/rmid.1
Library/Java/JavaVirtualMachines/1.6.0.jdk/Contents/Home/man/rmiregistry.1
Library/Java/JavaVirtualMachines/1.6.0.jdk/Contents/Home/man/schemagen.1
Library/Java/JavaVirtualMachines/1.6.0.jdk/Contents/Home/man/serialver.1
Library/Java/JavaVirtualMachines/1.6.0.jdk/Contents/Home/man/servertool.1
Library/Java/JavaVirtualMachines/1.6.0.jdk/Contents/Home/man/tnameserv.1
Library/Java/JavaVirtualMachines/1.6.0.jdk/Contents/Home/man/unpack200.1
Library/Java/JavaVirtualMachines/1.6.0.jdk/Contents/Home/man/wsgen.1
Library/Java/JavaVirtualMachines/1.6.0.jdk/Contents/Home/man/wsimport.1
Library/Java/JavaVirtualMachines/1.6.0.jdk/Contents/Home/man/xjc.1
Library/Java/JavaVirtualMachines/1.6.0.jdk/Contents/Info.plist
Library/Java/JavaVirtualMachines/1.6.0.jdk/Contents/Libraries
Library/Java/JavaVirtualMachines/1.6.0.jdk/Contents/Libraries/classlist
Library/Java/JavaVirtualMachines/1.6.0.jdk/Contents/Libraries/client_classlist
Library/Java/JavaVirtualMachines/1.6.0.jdk/Contents/Libraries/libattach.jnilib
Library/Java/JavaVirtualMachines/1.6.0.jdk/Contents/Libraries/libawt.jnilib
Library/Java/JavaVirtualMachines/1.6.0.jdk/Contents/Libraries/libclient.dylib
Library/Java/JavaVirtualMachines/1.6.0.jdk/Contents/Libraries/libclient64.dylib
Library/Java/JavaVirtualMachines/1.6.0.jdk/Contents/Libraries/libcmm.jnilib
Library/Java/JavaVirtualMachines/1.6.0.jdk/Contents/Libraries/libcolorsync.jnilib
Library/Java/JavaVirtualMachines/1.6.0.jdk/Contents/Libraries/libdcpr.jnilib
Library/Java/JavaVirtualMachines/1.6.0.jdk/Contents/Libraries/libdeploy.jnilib
Library/Java/JavaVirtualMachines/1.6.0.jdk/Contents/Libraries/libdt_local.jnilib
Library/Java/JavaVirtualMachines/1.6.0.jdk/Contents/Libraries/libdt_socket.jnilib
Library/Java/JavaVirtualMachines/1.6.0.jdk/Contents/Libraries/libfontmanager.jnilib
Library/Java/JavaVirtualMachines/1.6.0.jdk/Contents/Libraries/libframeembedding.jnilib
Library/Java/JavaVirtualMachines/1.6.0.jdk/Contents/Libraries/libgssapi.jnilib
Library/Java/JavaVirtualMachines/1.6.0.jdk/Contents/Libraries/libhotspot.dylib
Library/Java/JavaVirtualMachines/1.6.0.jdk/Contents/Libraries/libhpi.dylib
Library/Java/JavaVirtualMachines/1.6.0.jdk/Contents/Libraries/libhprof.jnilib
Library/Java/JavaVirtualMachines/1.6.0.jdk/Contents/Libraries/libhsdbd.jnilib
Library/Java/JavaVirtualMachines/1.6.0.jdk/Contents/Libraries/libinstrument.jnilib
Library/Java/JavaVirtualMachines/1.6.0.jdk/Contents/Libraries/libioser12.jnilib
Library/Java/JavaVirtualMachines/1.6.0.jdk/Contents/Libraries/libj2gss.jnilib
Library/Java/JavaVirtualMachines/1.6.0.jdk/Contents/Libraries/libj2pcsc.jnilib
Library/Java/JavaVirtualMachines/1.6.0.jdk/Contents/Libraries/libj2pkcs11.jnilib
Library/Java/JavaVirtualMachines/1.6.0.jdk/Contents/Libraries/libjaas_unix.jnilib
Library/Java/JavaVirtualMachines/1.6.0.jdk/Contents/Libraries/libjava.jnilib
Library/Java/JavaVirtualMachines/1.6.0.jdk/Contents/Libraries/libjava_crw_demo.jnilib
Library/Java/JavaVirtualMachines/1.6.0.jdk/Contents/Libraries/libjawt.dylib
Library/Java/JavaVirtualMachines/1.6.0.jdk/Contents/Libraries/libjdwp.jnilib
Library/Java/JavaVirtualMachines/1.6.0.jdk/Contents/Libraries/libjli.jnilib
Library/Java/JavaVirtualMachines/1.6.0.jdk/Contents/Libraries/libjpeg.jnilib
Library/Java/JavaVirtualMachines/1.6.0.jdk/Contents/Libraries/libjsound.jnilib
Library/Java/JavaVirtualMachines/1.6.0.jdk/Contents/Libraries/libjvm.dylib
Library/Java/JavaVirtualMachines/1.6.0.jdk/Contents/Libraries/libjvmlinkage.dylib
Library/Java/JavaVirtualMachines/1.6.0.jdk/Contents/Libraries/libkeychain.jnilib
Library/Java/JavaVirtualMachines/1.6.0.jdk/Contents/Libraries/libmacjavaws.jnilib
Library/Java/JavaVirtualMachines/1.6.0.jdk/Contents/Libraries/libmanagement.jnilib
Library/Java/JavaVirtualMachines/1.6.0.jdk/Contents/Libraries/libnet.jnilib
Library/Java/JavaVirtualMachines/1.6.0.jdk/Contents/Libraries/libnio.jnilib
Library/Java/JavaVirtualMachines/1.6.0.jdk/Contents/Libraries/libnpt.jnilib
Library/Java/JavaVirtualMachines/1.6.0.jdk/Contents/Libraries/librmi.jnilib
Library/Java/JavaVirtualMachines/1.6.0.jdk/Contents/Libraries/libserver.dylib
Library/Java/JavaVirtualMachines/1.6.0.jdk/Contents/Libraries/libsplashscreen.jnilib
Library/Java/JavaVirtualMachines/1.6.0.jdk/Contents/Libraries/libsuncmm.jnilib
Library/Java/JavaVirtualMachines/1.6.0.jdk/Contents/Libraries/libunpack.jnilib
Library/Java/JavaVirtualMachines/1.6.0.jdk/Contents/Libraries/libverify.dylib
Library/Java/JavaVirtualMachines/1.6.0.jdk/Contents/Libraries/libzip.jnilib
Library/Java/JavaVirtualMachines/1.6.0.jdk/Contents/Libraries/server_classlist
Library/Java/JavaVirtualMachines/1.6.0.jdk/Contents/MacOS
Library/Java/JavaVirtualMachines/1.6.0.jdk/Contents/MacOS/libjava.jnilib
Library/Java/JavaVirtualMachines/1.6.0.jdk/Contents/Resources
Library/Java/JavaVirtualMachines/1.6.0.jdk/Contents/Resources/Dutch.lproj
Library/Java/JavaVirtualMachines/1.6.0.jdk/Contents/Resources/Dutch.lproj/aqua.properties
Library/Java/JavaVirtualMachines/1.6.0.jdk/Contents/Resources/Dutch.lproj/serviceui.properties
Library/Java/JavaVirtualMachines/1.6.0.jdk/Contents/Resources/English.lproj
Library/Java/JavaVirtualMachines/1.6.0.jdk/Contents/Resources/English.lproj/aqua.properties
Library/Java/JavaVirtualMachines/1.6.0.jdk/Contents/Resources/English.lproj/serviceui.properties
Library/Java/JavaVirtualMachines/1.6.0.jdk/Contents/Resources/French.lproj
Library/Java/JavaVirtualMachines/1.6.0.jdk/Contents/Resources/French.lproj/aqua.properties
Library/Java/JavaVirtualMachines/1.6.0.jdk/Contents/Resources/French.lproj/serviceui.properties
Library/Java/JavaVirtualMachines/1.6.0.jdk/Contents/Resources/German.lproj
Library/Java/JavaVirtualMachines/1.6.0.jdk/Contents/Resources/German.lproj/aqua.properties
Library/Java/JavaVirtualMachines/1.6.0.jdk/Contents/Resources/German.lproj/serviceui.properties
Library/Java/JavaVirtualMachines/1.6.0.jdk/Contents/Resources/Italian.lproj
Library/Java/JavaVirtualMachines/1.6.0.jdk/Contents/Resources/Italian.lproj/aqua.properties
Library/Java/JavaVirtualMachines/1.6.0.jdk/Contents/Resources/Italian.lproj/serviceui.properties
Library/Java/JavaVirtualMachines/1.6.0.jdk/Contents/Resources/Japanese.lproj
Library/Java/JavaVirtualMachines/1.6.0.jdk/Contents/Resources/Japanese.lproj/aqua.properties
Library/Java/JavaVirtualMachines/1.6.0.jdk/Contents/Resources/Japanese.lproj/serviceui.properties
Library/Java/JavaVirtualMachines/1.6.0.jdk/Contents/Resources/Spanish.lproj
Library/Java/JavaVirtualMachines/1.6.0.jdk/Contents/Resources/Spanish.lproj/aqua.properties
Library/Java/JavaVirtualMachines/1.6.0.jdk/Contents/Resources/Spanish.lproj/serviceui.properties
Library/Java/JavaVirtualMachines/1.6.0.jdk/Contents/Resources/ar.lproj
Library/Java/JavaVirtualMachines/1.6.0.jdk/Contents/Resources/ar.lproj/aqua.properties
Library/Java/JavaVirtualMachines/1.6.0.jdk/Contents/Resources/ar.lproj/serviceui.properties
Library/Java/JavaVirtualMachines/1.6.0.jdk/Contents/Resources/ca.lproj
Library/Java/JavaVirtualMachines/1.6.0.jdk/Contents/Resources/ca.lproj/aqua.properties
Library/Java/JavaVirtualMachines/1.6.0.jdk/Contents/Resources/ca.lproj/serviceui.properties
Library/Java/JavaVirtualMachines/1.6.0.jdk/Contents/Resources/cs.lproj
Library/Java/JavaVirtualMachines/1.6.0.jdk/Contents/Resources/cs.lproj/aqua.properties
Library/Java/JavaVirtualMachines/1.6.0.jdk/Contents/Resources/cs.lproj/serviceui.properties
Library/Java/JavaVirtualMachines/1.6.0.jdk/Contents/Resources/da.lproj
Library/Java/JavaVirtualMachines/1.6.0.jdk/Contents/Resources/da.lproj/aqua.properties
Library/Java/JavaVirtualMachines/1.6.0.jdk/Contents/Resources/da.lproj/serviceui.properties
Library/Java/JavaVirtualMachines/1.6.0.jdk/Contents/Resources/el.lproj
Library/Java/JavaVirtualMachines/1.6.0.jdk/Contents/Resources/el.lproj/aqua.properties
Library/Java/JavaVirtualMachines/1.6.0.jdk/Contents/Resources/el.lproj/serviceui.properties
Library/Java/JavaVirtualMachines/1.6.0.jdk/Contents/Resources/fi.lproj
Library/Java/JavaVirtualMachines/1.6.0.jdk/Contents/Resources/fi.lproj/aqua.properties
Library/Java/JavaVirtualMachines/1.6.0.jdk/Contents/Resources/fi.lproj/serviceui.properties
Library/Java/JavaVirtualMachines/1.6.0.jdk/Contents/Resources/he.lproj
Library/Java/JavaVirtualMachines/1.6.0.jdk/Contents/Resources/he.lproj/aqua.properties
Library/Java/JavaVirtualMachines/1.6.0.jdk/Contents/Resources/he.lproj/serviceui.properties
Library/Java/JavaVirtualMachines/1.6.0.jdk/Contents/Resources/hr.lproj
Library/Java/JavaVirtualMachines/1.6.0.jdk/Contents/Resources/hr.lproj/aqua.properties
Library/Java/JavaVirtualMachines/1.6.0.jdk/Contents/Resources/hr.lproj/serviceui.properties
Library/Java/JavaVirtualMachines/1.6.0.jdk/Contents/Resources/hu.lproj
Library/Java/JavaVirtualMachines/1.6.0.jdk/Contents/Resources/hu.lproj/aqua.properties
Library/Java/JavaVirtualMachines/1.6.0.jdk/Contents/Resources/hu.lproj/serviceui.properties
Library/Java/JavaVirtualMachines/1.6.0.jdk/Contents/Resources/id.lproj
Library/Java/JavaVirtualMachines/1.6.0.jdk/Contents/Resources/id.lproj/aqua.properties
Library/Java/JavaVirtualMachines/1.6.0.jdk/Contents/Resources/id.lproj/serviceui.properties
Library/Java/JavaVirtualMachines/1.6.0.jdk/Contents/Resources/ko.lproj
Library/Java/JavaVirtualMachines/1.6.0.jdk/Contents/Resources/ko.lproj/aqua.properties
Library/Java/JavaVirtualMachines/1.6.0.jdk/Contents/Resources/ko.lproj/serviceui.properties
Library/Java/JavaVirtualMachines/1.6.0.jdk/Contents/Resources/ms.lproj
Library/Java/JavaVirtualMachines/1.6.0.jdk/Contents/Resources/ms.lproj/aqua.properties
Library/Java/JavaVirtualMachines/1.6.0.jdk/Contents/Resources/ms.lproj/serviceui.properties
Library/Java/JavaVirtualMachines/1.6.0.jdk/Contents/Resources/no.lproj
Library/Java/JavaVirtualMachines/1.6.0.jdk/Contents/Resources/no.lproj/aqua.properties
Library/Java/JavaVirtualMachines/1.6.0.jdk/Contents/Resources/no.lproj/serviceui.properties
Library/Java/JavaVirtualMachines/1.6.0.jdk/Contents/Resources/pl.lproj
Library/Java/JavaVirtualMachines/1.6.0.jdk/Contents/Resources/pl.lproj/aqua.properties
Library/Java/JavaVirtualMachines/1.6.0.jdk/Contents/Resources/pl.lproj/serviceui.properties
Library/Java/JavaVirtualMachines/1.6.0.jdk/Contents/Resources/pt.lproj
Library/Java/JavaVirtualMachines/1.6.0.jdk/Contents/Resources/pt.lproj/aqua.properties
Library/Java/JavaVirtualMachines/1.6.0.jdk/Contents/Resources/pt.lproj/serviceui.properties
Library/Java/JavaVirtualMachines/1.6.0.jdk/Contents/Resources/pt_PT.lproj
Library/Java/JavaVirtualMachines/1.6.0.jdk/Contents/Resources/pt_PT.lproj/aqua.properties
Library/Java/JavaVirtualMachines/1.6.0.jdk/Contents/Resources/pt_PT.lproj/serviceui.properties
Library/Java/JavaVirtualMachines/1.6.0.jdk/Contents/Resources/ro.lproj
Library/Java/JavaVirtualMachines/1.6.0.jdk/Contents/Resources/ro.lproj/aqua.properties
Library/Java/JavaVirtualMachines/1.6.0.jdk/Contents/Resources/ro.lproj/serviceui.properties
Library/Java/JavaVirtualMachines/1.6.0.jdk/Contents/Resources/ru.lproj
Library/Java/JavaVirtualMachines/1.6.0.jdk/Contents/Resources/ru.lproj/aqua.properties
Library/Java/JavaVirtualMachines/1.6.0.jdk/Contents/Resources/ru.lproj/serviceui.properties
Library/Java/JavaVirtualMachines/1.6.0.jdk/Contents/Resources/sk.lproj
Library/Java/JavaVirtualMachines/1.6.0.jdk/Contents/Resources/sk.lproj/aqua.properties
Library/Java/JavaVirtualMachines/1.6.0.jdk/Contents/Resources/sk.lproj/serviceui.properties
Library/Java/JavaVirtualMachines/1.6.0.jdk/Contents/Resources/sv.lproj
Library/Java/JavaVirtualMachines/1.6.0.jdk/Contents/Resources/sv.lproj/aqua.properties
Library/Java/JavaVirtualMachines/1.6.0.jdk/Contents/Resources/sv.lproj/serviceui.properties
Library/Java/JavaVirtualMachines/1.6.0.jdk/Contents/Resources/th.lproj
Library/Java/JavaVirtualMachines/1.6.0.jdk/Contents/Resources/th.lproj/aqua.properties
Library/Java/JavaVirtualMachines/1.6.0.jdk/Contents/Resources/th.lproj/serviceui.properties
Library/Java/JavaVirtualMachines/1.6.0.jdk/Contents/Resources/tr.lproj
Library/Java/JavaVirtualMachines/1.6.0.jdk/Contents/Resources/tr.lproj/aqua.properties
Library/Java/JavaVirtualMachines/1.6.0.jdk/Contents/Resources/tr.lproj/serviceui.properties
Library/Java/JavaVirtualMachines/1.6.0.jdk/Contents/Resources/uk.lproj
Library/Java/JavaVirtualMachines/1.6.0.jdk/Contents/Resources/uk.lproj/aqua.properties
Library/Java/JavaVirtualMachines/1.6.0.jdk/Contents/Resources/uk.lproj/serviceui.properties
Library/Java/JavaVirtualMachines/1.6.0.jdk/Contents/Resources/vi.lproj
Library/Java/JavaVirtualMachines/1.6.0.jdk/Contents/Resources/vi.lproj/aqua.properties
Library/Java/JavaVirtualMachines/1.6.0.jdk/Contents/Resources/vi.lproj/serviceui.properties
Library/Java/JavaVirtualMachines/1.6.0.jdk/Contents/Resources/zh_CN.lproj
Library/Java/JavaVirtualMachines/1.6.0.jdk/Contents/Resources/zh_CN.lproj/aqua.properties
Library/Java/JavaVirtualMachines/1.6.0.jdk/Contents/Resources/zh_CN.lproj/serviceui.properties
Library/Java/JavaVirtualMachines/1.6.0.jdk/Contents/Resources/zh_TW.lproj
Library/Java/JavaVirtualMachines/1.6.0.jdk/Contents/Resources/zh_TW.lproj/aqua.properties
Library/Java/JavaVirtualMachines/1.6.0.jdk/Contents/Resources/zh_TW.lproj/serviceui.properties
Library/Java/JavaVirtualMachines/1.6.0.jdk/Contents/version.plist
