package-id: com.oracle.jre
version: 1.1
volume: /
location: Library/Internet Plug-Ins/JavaAppletPlugin.plugin
install-time: 1508747079
Contents
Contents/Frameworks
Contents/Frameworks/Sparkle.framework
Contents/Frameworks/Sparkle.framework/Headers
Contents/Frameworks/Sparkle.framework/Resources
Contents/Frameworks/Sparkle.framework/Sparkle
Contents/Frameworks/Sparkle.framework/Versions
Contents/Frameworks/Sparkle.framework/Versions/A
Contents/Frameworks/Sparkle.framework/Versions/A/Headers
Contents/Frameworks/Sparkle.framework/Versions/A/Headers/SUAppcast.h
Contents/Frameworks/Sparkle.framework/Versions/A/Headers/SUAppcastItem.h
Contents/Frameworks/Sparkle.framework/Versions/A/Headers/SUUpdater.h
Contents/Frameworks/Sparkle.framework/Versions/A/Headers/SUVersionComparisonProtocol.h
Contents/Frameworks/Sparkle.framework/Versions/A/Headers/SUVersionDisplayProtocol.h
Contents/Frameworks/Sparkle.framework/Versions/A/Headers/Sparkle.h
Contents/Frameworks/Sparkle.framework/Versions/A/Resources
Contents/Frameworks/Sparkle.framework/Versions/A/Resources/Info.plist
Contents/Frameworks/Sparkle.framework/Versions/A/Resources/License.txt
Contents/Frameworks/Sparkle.framework/Versions/A/Resources/Logo_Java2.png
Contents/Frameworks/Sparkle.framework/Versions/A/Resources/SUModelTranslation.plist
Contents/Frameworks/Sparkle.framework/Versions/A/Resources/SUStatus.nib
Contents/Frameworks/Sparkle.framework/Versions/A/Resources/WebJavaDisabled.nib
Contents/Frameworks/Sparkle.framework/Versions/A/Resources/WebJavaRestoreWindowsController.nib
Contents/Frameworks/Sparkle.framework/Versions/A/Resources/cs.lproj
Contents/Frameworks/Sparkle.framework/Versions/A/Resources/cs.lproj/SUAutomaticUpdateAlert.nib
Contents/Frameworks/Sparkle.framework/Versions/A/Resources/cs.lproj/SUUpdateAlert.nib
Contents/Frameworks/Sparkle.framework/Versions/A/Resources/cs.lproj/SUUpdatePermissionPrompt.nib
Contents/Frameworks/Sparkle.framework/Versions/A/Resources/cs.lproj/Sparkle.strings
Contents/Frameworks/Sparkle.framework/Versions/A/Resources/da.lproj
Contents/Frameworks/Sparkle.framework/Versions/A/Resources/da.lproj/SUAutomaticUpdateAlert.nib
Contents/Frameworks/Sparkle.framework/Versions/A/Resources/da.lproj/SUUpdateAlert.nib
Contents/Frameworks/Sparkle.framework/Versions/A/Resources/da.lproj/SUUpdatePermissionPrompt.nib
Contents/Frameworks/Sparkle.framework/Versions/A/Resources/da.lproj/Sparkle.strings
Contents/Frameworks/Sparkle.framework/Versions/A/Resources/de.lproj
Contents/Frameworks/Sparkle.framework/Versions/A/Resources/de.lproj/Localizable.strings
Contents/Frameworks/Sparkle.framework/Versions/A/Resources/de.lproj/SUAutomaticUpdateAlert.nib
Contents/Frameworks/Sparkle.framework/Versions/A/Resources/de.lproj/SUUpdateAlert.nib
Contents/Frameworks/Sparkle.framework/Versions/A/Resources/de.lproj/SUUpdatePermissionPrompt.nib
Contents/Frameworks/Sparkle.framework/Versions/A/Resources/de.lproj/Sparkle.strings
Contents/Frameworks/Sparkle.framework/Versions/A/Resources/en.lproj
Contents/Frameworks/Sparkle.framework/Versions/A/Resources/en.lproj/Localizable.strings
Contents/Frameworks/Sparkle.framework/Versions/A/Resources/en.lproj/SUAutomaticUpdateAlert.nib
Contents/Frameworks/Sparkle.framework/Versions/A/Resources/en.lproj/SUPasswordPrompt.nib
Contents/Frameworks/Sparkle.framework/Versions/A/Resources/en.lproj/SUUpdateAlert.nib
Contents/Frameworks/Sparkle.framework/Versions/A/Resources/en.lproj/SUUpdatePermissionPrompt.nib
Contents/Frameworks/Sparkle.framework/Versions/A/Resources/en.lproj/Sparkle.strings
Contents/Frameworks/Sparkle.framework/Versions/A/Resources/es.lproj
Contents/Frameworks/Sparkle.framework/Versions/A/Resources/es.lproj/Localizable.strings
Contents/Frameworks/Sparkle.framework/Versions/A/Resources/es.lproj/SUAutomaticUpdateAlert.nib
Contents/Frameworks/Sparkle.framework/Versions/A/Resources/es.lproj/SUUpdateAlert.nib
Contents/Frameworks/Sparkle.framework/Versions/A/Resources/es.lproj/SUUpdatePermissionPrompt.nib
Contents/Frameworks/Sparkle.framework/Versions/A/Resources/es.lproj/Sparkle.strings
Contents/Frameworks/Sparkle.framework/Versions/A/Resources/finish_installation.app
Contents/Frameworks/Sparkle.framework/Versions/A/Resources/finish_installation.app/Contents
Contents/Frameworks/Sparkle.framework/Versions/A/Resources/finish_installation.app/Contents/Info.plist
Contents/Frameworks/Sparkle.framework/Versions/A/Resources/finish_installation.app/Contents/Library
Contents/Frameworks/Sparkle.framework/Versions/A/Resources/finish_installation.app/Contents/Library/LaunchServices
Contents/Frameworks/Sparkle.framework/Versions/A/Resources/finish_installation.app/Contents/Library/LaunchServices/com.oracle.java.JavaUpdateHelper
Contents/Frameworks/Sparkle.framework/Versions/A/Resources/finish_installation.app/Contents/MacOS
Contents/Frameworks/Sparkle.framework/Versions/A/Resources/finish_installation.app/Contents/MacOS/finish_installation
Contents/Frameworks/Sparkle.framework/Versions/A/Resources/finish_installation.app/Contents/PkgInfo
Contents/Frameworks/Sparkle.framework/Versions/A/Resources/finish_installation.app/Contents/Resources
Contents/Frameworks/Sparkle.framework/Versions/A/Resources/finish_installation.app/Contents/Resources/SUStatus.nib
Contents/Frameworks/Sparkle.framework/Versions/A/Resources/finish_installation.app/Contents/Resources/Sparkle.icns
Contents/Frameworks/Sparkle.framework/Versions/A/Resources/finish_installation.app/Contents/Resources/WebJavaDisabled.nib
Contents/Frameworks/Sparkle.framework/Versions/A/Resources/finish_installation.app/Contents/Resources/WebJavaRestoreWindowsController.nib
Contents/Frameworks/Sparkle.framework/Versions/A/Resources/finish_installation.app/Contents/Resources/cs.lproj
Contents/Frameworks/Sparkle.framework/Versions/A/Resources/finish_installation.app/Contents/Resources/cs.lproj/Sparkle.strings
Contents/Frameworks/Sparkle.framework/Versions/A/Resources/finish_installation.app/Contents/Resources/da.lproj
Contents/Frameworks/Sparkle.framework/Versions/A/Resources/finish_installation.app/Contents/Resources/da.lproj/Sparkle.strings
Contents/Frameworks/Sparkle.framework/Versions/A/Resources/finish_installation.app/Contents/Resources/de.lproj
Contents/Frameworks/Sparkle.framework/Versions/A/Resources/finish_installation.app/Contents/Resources/de.lproj/Localizable.strings
Contents/Frameworks/Sparkle.framework/Versions/A/Resources/finish_installation.app/Contents/Resources/de.lproj/Sparkle.strings
Contents/Frameworks/Sparkle.framework/Versions/A/Resources/finish_installation.app/Contents/Resources/en.lproj
Contents/Frameworks/Sparkle.framework/Versions/A/Resources/finish_installation.app/Contents/Resources/en.lproj/Localizable.strings
Contents/Frameworks/Sparkle.framework/Versions/A/Resources/finish_installation.app/Contents/Resources/en.lproj/Sparkle.strings
Contents/Frameworks/Sparkle.framework/Versions/A/Resources/finish_installation.app/Contents/Resources/es.lproj
Contents/Frameworks/Sparkle.framework/Versions/A/Resources/finish_installation.app/Contents/Resources/es.lproj/Localizable.strings
Contents/Frameworks/Sparkle.framework/Versions/A/Resources/finish_installation.app/Contents/Resources/es.lproj/Sparkle.strings
Contents/Frameworks/Sparkle.framework/Versions/A/Resources/finish_installation.app/Contents/Resources/fr.lproj
Contents/Frameworks/Sparkle.framework/Versions/A/Resources/finish_installation.app/Contents/Resources/fr.lproj/Localizable.strings
Contents/Frameworks/Sparkle.framework/Versions/A/Resources/finish_installation.app/Contents/Resources/fr.lproj/Sparkle.strings
Contents/Frameworks/Sparkle.framework/Versions/A/Resources/finish_installation.app/Contents/Resources/is.lproj
Contents/Frameworks/Sparkle.framework/Versions/A/Resources/finish_installation.app/Contents/Resources/is.lproj/Sparkle.strings
Contents/Frameworks/Sparkle.framework/Versions/A/Resources/finish_installation.app/Contents/Resources/it.lproj
Contents/Frameworks/Sparkle.framework/Versions/A/Resources/finish_installation.app/Contents/Resources/it.lproj/Localizable.strings
Contents/Frameworks/Sparkle.framework/Versions/A/Resources/finish_installation.app/Contents/Resources/it.lproj/Sparkle.strings
Contents/Frameworks/Sparkle.framework/Versions/A/Resources/finish_installation.app/Contents/Resources/ja.lproj
Contents/Frameworks/Sparkle.framework/Versions/A/Resources/finish_installation.app/Contents/Resources/ja.lproj/Localizable.strings
Contents/Frameworks/Sparkle.framework/Versions/A/Resources/finish_installation.app/Contents/Resources/ja.lproj/Sparkle.strings
Contents/Frameworks/Sparkle.framework/Versions/A/Resources/finish_installation.app/Contents/Resources/ko.lproj
Contents/Frameworks/Sparkle.framework/Versions/A/Resources/finish_installation.app/Contents/Resources/ko.lproj/Localizable.strings
Contents/Frameworks/Sparkle.framework/Versions/A/Resources/finish_installation.app/Contents/Resources/nl.lproj
Contents/Frameworks/Sparkle.framework/Versions/A/Resources/finish_installation.app/Contents/Resources/nl.lproj/Sparkle.strings
Contents/Frameworks/Sparkle.framework/Versions/A/Resources/finish_installation.app/Contents/Resources/pl.lproj
Contents/Frameworks/Sparkle.framework/Versions/A/Resources/finish_installation.app/Contents/Resources/pl.lproj/Sparkle.strings
Contents/Frameworks/Sparkle.framework/Versions/A/Resources/finish_installation.app/Contents/Resources/pt_BR.lproj
Contents/Frameworks/Sparkle.framework/Versions/A/Resources/finish_installation.app/Contents/Resources/pt_BR.lproj/Sparkle.strings
Contents/Frameworks/Sparkle.framework/Versions/A/Resources/finish_installation.app/Contents/Resources/pt_PT.lproj
Contents/Frameworks/Sparkle.framework/Versions/A/Resources/finish_installation.app/Contents/Resources/pt_PT.lproj/Sparkle.strings
Contents/Frameworks/Sparkle.framework/Versions/A/Resources/finish_installation.app/Contents/Resources/ro.lproj
Contents/Frameworks/Sparkle.framework/Versions/A/Resources/finish_installation.app/Contents/Resources/ro.lproj/Sparkle.strings
Contents/Frameworks/Sparkle.framework/Versions/A/Resources/finish_installation.app/Contents/Resources/ru.lproj
Contents/Frameworks/Sparkle.framework/Versions/A/Resources/finish_installation.app/Contents/Resources/ru.lproj/Sparkle.strings
Contents/Frameworks/Sparkle.framework/Versions/A/Resources/finish_installation.app/Contents/Resources/sl.lproj
Contents/Frameworks/Sparkle.framework/Versions/A/Resources/finish_installation.app/Contents/Resources/sl.lproj/Sparkle.strings
Contents/Frameworks/Sparkle.framework/Versions/A/Resources/finish_installation.app/Contents/Resources/sv.lproj
Contents/Frameworks/Sparkle.framework/Versions/A/Resources/finish_installation.app/Contents/Resources/sv.lproj/Localizable.strings
Contents/Frameworks/Sparkle.framework/Versions/A/Resources/finish_installation.app/Contents/Resources/sv.lproj/Sparkle.strings
Contents/Frameworks/Sparkle.framework/Versions/A/Resources/finish_installation.app/Contents/Resources/th.lproj
Contents/Frameworks/Sparkle.framework/Versions/A/Resources/finish_installation.app/Contents/Resources/th.lproj/Sparkle.strings
Contents/Frameworks/Sparkle.framework/Versions/A/Resources/finish_installation.app/Contents/Resources/tr.lproj
Contents/Frameworks/Sparkle.framework/Versions/A/Resources/finish_installation.app/Contents/Resources/tr.lproj/Sparkle.strings
Contents/Frameworks/Sparkle.framework/Versions/A/Resources/finish_installation.app/Contents/Resources/zh_CN.lproj
Contents/Frameworks/Sparkle.framework/Versions/A/Resources/finish_installation.app/Contents/Resources/zh_CN.lproj/Sparkle.strings
Contents/Frameworks/Sparkle.framework/Versions/A/Resources/finish_installation.app/Contents/Resources/zh_TW.lproj
Contents/Frameworks/Sparkle.framework/Versions/A/Resources/finish_installation.app/Contents/Resources/zh_TW.lproj/Sparkle.strings
Contents/Frameworks/Sparkle.framework/Versions/A/Resources/finish_installation.app/Contents/_CodeSignature
Contents/Frameworks/Sparkle.framework/Versions/A/Resources/finish_installation.app/Contents/_CodeSignature/CodeDirectory
Contents/Frameworks/Sparkle.framework/Versions/A/Resources/finish_installation.app/Contents/_CodeSignature/CodeRequirements
Contents/Frameworks/Sparkle.framework/Versions/A/Resources/finish_installation.app/Contents/_CodeSignature/CodeResources
Contents/Frameworks/Sparkle.framework/Versions/A/Resources/finish_installation.app/Contents/_CodeSignature/CodeSignature
Contents/Frameworks/Sparkle.framework/Versions/A/Resources/fr.lproj
Contents/Frameworks/Sparkle.framework/Versions/A/Resources/fr.lproj/Localizable.strings
Contents/Frameworks/Sparkle.framework/Versions/A/Resources/fr.lproj/SUAutomaticUpdateAlert.nib
Contents/Frameworks/Sparkle.framework/Versions/A/Resources/fr.lproj/SUUpdateAlert.nib
Contents/Frameworks/Sparkle.framework/Versions/A/Resources/fr.lproj/SUUpdatePermissionPrompt.nib
Contents/Frameworks/Sparkle.framework/Versions/A/Resources/fr.lproj/Sparkle.strings
Contents/Frameworks/Sparkle.framework/Versions/A/Resources/fr_CA.lproj
Contents/Frameworks/Sparkle.framework/Versions/A/Resources/fr_CA.lproj/Localizable.strings
Contents/Frameworks/Sparkle.framework/Versions/A/Resources/fr_CA.lproj/SUAutomaticUpdateAlert.nib
Contents/Frameworks/Sparkle.framework/Versions/A/Resources/fr_CA.lproj/SUUpdateAlert.nib
Contents/Frameworks/Sparkle.framework/Versions/A/Resources/fr_CA.lproj/SUUpdatePermissionPrompt.nib
Contents/Frameworks/Sparkle.framework/Versions/A/Resources/fr_CA.lproj/Sparkle.strings
Contents/Frameworks/Sparkle.framework/Versions/A/Resources/is.lproj
Contents/Frameworks/Sparkle.framework/Versions/A/Resources/is.lproj/SUAutomaticUpdateAlert.nib
Contents/Frameworks/Sparkle.framework/Versions/A/Resources/is.lproj/SUUpdateAlert.nib
Contents/Frameworks/Sparkle.framework/Versions/A/Resources/is.lproj/SUUpdatePermissionPrompt.nib
Contents/Frameworks/Sparkle.framework/Versions/A/Resources/is.lproj/Sparkle.strings
Contents/Frameworks/Sparkle.framework/Versions/A/Resources/it.lproj
Contents/Frameworks/Sparkle.framework/Versions/A/Resources/it.lproj/Localizable.strings
Contents/Frameworks/Sparkle.framework/Versions/A/Resources/it.lproj/SUAutomaticUpdateAlert.nib
Contents/Frameworks/Sparkle.framework/Versions/A/Resources/it.lproj/SUUpdateAlert.nib
Contents/Frameworks/Sparkle.framework/Versions/A/Resources/it.lproj/SUUpdatePermissionPrompt.nib
Contents/Frameworks/Sparkle.framework/Versions/A/Resources/it.lproj/Sparkle.strings
Contents/Frameworks/Sparkle.framework/Versions/A/Resources/ja.lproj
Contents/Frameworks/Sparkle.framework/Versions/A/Resources/ja.lproj/Localizable.strings
Contents/Frameworks/Sparkle.framework/Versions/A/Resources/ja.lproj/SUAutomaticUpdateAlert.nib
Contents/Frameworks/Sparkle.framework/Versions/A/Resources/ja.lproj/SUUpdateAlert.nib
Contents/Frameworks/Sparkle.framework/Versions/A/Resources/ja.lproj/SUUpdatePermissionPrompt.nib
Contents/Frameworks/Sparkle.framework/Versions/A/Resources/ja.lproj/Sparkle.strings
Contents/Frameworks/Sparkle.framework/Versions/A/Resources/ko.lproj
Contents/Frameworks/Sparkle.framework/Versions/A/Resources/ko.lproj/Localizable.strings
Contents/Frameworks/Sparkle.framework/Versions/A/Resources/ko.lproj/SUAutomaticUpdateAlert.nib
Contents/Frameworks/Sparkle.framework/Versions/A/Resources/ko.lproj/SUUpdateAlert.nib
Contents/Frameworks/Sparkle.framework/Versions/A/Resources/ko.lproj/SUUpdatePermissionPrompt.nib
Contents/Frameworks/Sparkle.framework/Versions/A/Resources/new_masthead.png
Contents/Frameworks/Sparkle.framework/Versions/A/Resources/nl.lproj
Contents/Frameworks/Sparkle.framework/Versions/A/Resources/nl.lproj/SUAutomaticUpdateAlert.nib
Contents/Frameworks/Sparkle.framework/Versions/A/Resources/nl.lproj/SUUpdateAlert.nib
Contents/Frameworks/Sparkle.framework/Versions/A/Resources/nl.lproj/SUUpdatePermissionPrompt.nib
Contents/Frameworks/Sparkle.framework/Versions/A/Resources/nl.lproj/Sparkle.strings
Contents/Frameworks/Sparkle.framework/Versions/A/Resources/pl.lproj
Contents/Frameworks/Sparkle.framework/Versions/A/Resources/pl.lproj/SUAutomaticUpdateAlert.nib
Contents/Frameworks/Sparkle.framework/Versions/A/Resources/pl.lproj/SUUpdateAlert.nib
Contents/Frameworks/Sparkle.framework/Versions/A/Resources/pl.lproj/SUUpdatePermissionPrompt.nib
Contents/Frameworks/Sparkle.framework/Versions/A/Resources/pl.lproj/Sparkle.strings
Contents/Frameworks/Sparkle.framework/Versions/A/Resources/pt.lproj
Contents/Frameworks/Sparkle.framework/Versions/A/Resources/pt.lproj/SUAutomaticUpdateAlert.nib
Contents/Frameworks/Sparkle.framework/Versions/A/Resources/pt.lproj/SUPasswordPrompt.nib
Contents/Frameworks/Sparkle.framework/Versions/A/Resources/pt.lproj/SUUpdateAlert.nib
Contents/Frameworks/Sparkle.framework/Versions/A/Resources/pt.lproj/SUUpdatePermissionPrompt.nib
Contents/Frameworks/Sparkle.framework/Versions/A/Resources/pt.lproj/Sparkle.strings
Contents/Frameworks/Sparkle.framework/Versions/A/Resources/pt_BR.lproj
Contents/Frameworks/Sparkle.framework/Versions/A/Resources/pt_BR.lproj/SUAutomaticUpdateAlert.nib
Contents/Frameworks/Sparkle.framework/Versions/A/Resources/pt_BR.lproj/SUPasswordPrompt.nib
Contents/Frameworks/Sparkle.framework/Versions/A/Resources/pt_BR.lproj/SUUpdateAlert.nib
Contents/Frameworks/Sparkle.framework/Versions/A/Resources/pt_BR.lproj/SUUpdatePermissionPrompt.nib
Contents/Frameworks/Sparkle.framework/Versions/A/Resources/pt_BR.lproj/Sparkle.strings
Contents/Frameworks/Sparkle.framework/Versions/A/Resources/pt_PT.lproj
Contents/Frameworks/Sparkle.framework/Versions/A/Resources/pt_PT.lproj/SUAutomaticUpdateAlert.nib
Contents/Frameworks/Sparkle.framework/Versions/A/Resources/pt_PT.lproj/SUUpdateAlert.nib
Contents/Frameworks/Sparkle.framework/Versions/A/Resources/pt_PT.lproj/SUUpdatePermissionPrompt.nib
Contents/Frameworks/Sparkle.framework/Versions/A/Resources/pt_PT.lproj/Sparkle.strings
Contents/Frameworks/Sparkle.framework/Versions/A/Resources/ro.lproj
Contents/Frameworks/Sparkle.framework/Versions/A/Resources/ro.lproj/SUAutomaticUpdateAlert.nib
Contents/Frameworks/Sparkle.framework/Versions/A/Resources/ro.lproj/SUUpdateAlert.nib
Contents/Frameworks/Sparkle.framework/Versions/A/Resources/ro.lproj/SUUpdatePermissionPrompt.nib
Contents/Frameworks/Sparkle.framework/Versions/A/Resources/ro.lproj/Sparkle.strings
Contents/Frameworks/Sparkle.framework/Versions/A/Resources/ru.lproj
Contents/Frameworks/Sparkle.framework/Versions/A/Resources/ru.lproj/SUAutomaticUpdateAlert.nib
Contents/Frameworks/Sparkle.framework/Versions/A/Resources/ru.lproj/SUUpdateAlert.nib
Contents/Frameworks/Sparkle.framework/Versions/A/Resources/ru.lproj/SUUpdatePermissionPrompt.nib
Contents/Frameworks/Sparkle.framework/Versions/A/Resources/ru.lproj/Sparkle.strings
Contents/Frameworks/Sparkle.framework/Versions/A/Resources/sk.lproj
Contents/Frameworks/Sparkle.framework/Versions/A/Resources/sk.lproj/SUAutomaticUpdateAlert.nib
Contents/Frameworks/Sparkle.framework/Versions/A/Resources/sk.lproj/SUUpdateAlert.nib
Contents/Frameworks/Sparkle.framework/Versions/A/Resources/sk.lproj/SUUpdatePermissionPrompt.nib
Contents/Frameworks/Sparkle.framework/Versions/A/Resources/sl.lproj
Contents/Frameworks/Sparkle.framework/Versions/A/Resources/sl.lproj/SUAutomaticUpdateAlert.nib
Contents/Frameworks/Sparkle.framework/Versions/A/Resources/sl.lproj/SUUpdateAlert.nib
Contents/Frameworks/Sparkle.framework/Versions/A/Resources/sl.lproj/SUUpdatePermissionPrompt.nib
Contents/Frameworks/Sparkle.framework/Versions/A/Resources/sl.lproj/Sparkle.strings
Contents/Frameworks/Sparkle.framework/Versions/A/Resources/sv.lproj
Contents/Frameworks/Sparkle.framework/Versions/A/Resources/sv.lproj/Localizable.strings
Contents/Frameworks/Sparkle.framework/Versions/A/Resources/sv.lproj/SUAutomaticUpdateAlert.nib
Contents/Frameworks/Sparkle.framework/Versions/A/Resources/sv.lproj/SUUpdateAlert.nib
Contents/Frameworks/Sparkle.framework/Versions/A/Resources/sv.lproj/SUUpdatePermissionPrompt.nib
Contents/Frameworks/Sparkle.framework/Versions/A/Resources/sv.lproj/Sparkle.strings
Contents/Frameworks/Sparkle.framework/Versions/A/Resources/th.lproj
Contents/Frameworks/Sparkle.framework/Versions/A/Resources/th.lproj/SUAutomaticUpdateAlert.nib
Contents/Frameworks/Sparkle.framework/Versions/A/Resources/th.lproj/SUPasswordPrompt.nib
Contents/Frameworks/Sparkle.framework/Versions/A/Resources/th.lproj/SUUpdateAlert.nib
Contents/Frameworks/Sparkle.framework/Versions/A/Resources/th.lproj/SUUpdatePermissionPrompt.nib
Contents/Frameworks/Sparkle.framework/Versions/A/Resources/th.lproj/Sparkle.strings
Contents/Frameworks/Sparkle.framework/Versions/A/Resources/tr.lproj
Contents/Frameworks/Sparkle.framework/Versions/A/Resources/tr.lproj/SUAutomaticUpdateAlert.nib
Contents/Frameworks/Sparkle.framework/Versions/A/Resources/tr.lproj/SUUpdateAlert.nib
Contents/Frameworks/Sparkle.framework/Versions/A/Resources/tr.lproj/SUUpdatePermissionPrompt.nib
Contents/Frameworks/Sparkle.framework/Versions/A/Resources/tr.lproj/Sparkle.strings
Contents/Frameworks/Sparkle.framework/Versions/A/Resources/update_java48.png
Contents/Frameworks/Sparkle.framework/Versions/A/Resources/zh-Hans.lproj
Contents/Frameworks/Sparkle.framework/Versions/A/Resources/zh-Hans.lproj/Localizable.strings
Contents/Frameworks/Sparkle.framework/Versions/A/Resources/zh-Hans.lproj/SUAutomaticUpdateAlert.nib
Contents/Frameworks/Sparkle.framework/Versions/A/Resources/zh-Hans.lproj/SUUpdateAlert.nib
Contents/Frameworks/Sparkle.framework/Versions/A/Resources/zh-Hans.lproj/SUUpdatePermissionPrompt.nib
Contents/Frameworks/Sparkle.framework/Versions/A/Resources/zh-Hans.lproj/Sparkle.strings
Contents/Frameworks/Sparkle.framework/Versions/A/Resources/zh-Hant.lproj
Contents/Frameworks/Sparkle.framework/Versions/A/Resources/zh-Hant.lproj/Localizable.strings
Contents/Frameworks/Sparkle.framework/Versions/A/Resources/zh-Hant.lproj/SUAutomaticUpdateAlert.nib
Contents/Frameworks/Sparkle.framework/Versions/A/Resources/zh-Hant.lproj/SUUpdateAlert.nib
Contents/Frameworks/Sparkle.framework/Versions/A/Resources/zh-Hant.lproj/SUUpdatePermissionPrompt.nib
Contents/Frameworks/Sparkle.framework/Versions/A/Resources/zh-Hant.lproj/Sparkle.strings
Contents/Frameworks/Sparkle.framework/Versions/A/Resources/zh_CN.lproj
Contents/Frameworks/Sparkle.framework/Versions/A/Resources/zh_CN.lproj/Localizable.strings
Contents/Frameworks/Sparkle.framework/Versions/A/Resources/zh_CN.lproj/SUAutomaticUpdateAlert.nib
Contents/Frameworks/Sparkle.framework/Versions/A/Resources/zh_CN.lproj/SUUpdateAlert.nib
Contents/Frameworks/Sparkle.framework/Versions/A/Resources/zh_CN.lproj/SUUpdatePermissionPrompt.nib
Contents/Frameworks/Sparkle.framework/Versions/A/Resources/zh_CN.lproj/Sparkle.strings
Contents/Frameworks/Sparkle.framework/Versions/A/Resources/zh_TW.lproj
Contents/Frameworks/Sparkle.framework/Versions/A/Resources/zh_TW.lproj/Localizable.strings
Contents/Frameworks/Sparkle.framework/Versions/A/Resources/zh_TW.lproj/SUAutomaticUpdateAlert.nib
Contents/Frameworks/Sparkle.framework/Versions/A/Resources/zh_TW.lproj/SUUpdateAlert.nib
Contents/Frameworks/Sparkle.framework/Versions/A/Resources/zh_TW.lproj/SUUpdatePermissionPrompt.nib
Contents/Frameworks/Sparkle.framework/Versions/A/Resources/zh_TW.lproj/Sparkle.strings
Contents/Frameworks/Sparkle.framework/Versions/A/Sparkle
Contents/Frameworks/Sparkle.framework/Versions/A/_CodeSignature
Contents/Frameworks/Sparkle.framework/Versions/A/_CodeSignature/CodeDirectory
Contents/Frameworks/Sparkle.framework/Versions/A/_CodeSignature/CodeRequirements
Contents/Frameworks/Sparkle.framework/Versions/A/_CodeSignature/CodeResources
Contents/Frameworks/Sparkle.framework/Versions/A/_CodeSignature/CodeSignature
Contents/Frameworks/Sparkle.framework/Versions/Current
Contents/Home
Contents/Home/README.html
Contents/Home/bin
Contents/Home/bin/appletviewer
Contents/Home/bin/idlj
Contents/Home/bin/java
Contents/Home/bin/javaws
Contents/Home/bin/jcontrol
Contents/Home/bin/jjs
Contents/Home/bin/jrunscript
Contents/Home/bin/jweblauncher
Contents/Home/bin/keytool
Contents/Home/bin/orbd
Contents/Home/bin/pack200
Contents/Home/bin/rmid
Contents/Home/bin/rmiregistry
Contents/Home/bin/servertool
Contents/Home/bin/tnameserv
Contents/Home/bin/unpack200
Contents/Home/conf
Contents/Home/conf/logging.properties
Contents/Home/conf/management
Contents/Home/conf/management/jmxremote.access
Contents/Home/conf/management/jmxremote.password.template
Contents/Home/conf/management/management.properties
Contents/Home/conf/management/snmp.acl.template
Contents/Home/conf/net.properties
Contents/Home/conf/security
Contents/Home/conf/security/java.policy
Contents/Home/conf/security/java.security
Contents/Home/conf/security/javaws.policy
Contents/Home/conf/security/policy
Contents/Home/conf/security/policy/README.txt
Contents/Home/conf/security/policy/limited
Contents/Home/conf/security/policy/limited/default_US_export.policy
Contents/Home/conf/security/policy/limited/default_local.policy
Contents/Home/conf/security/policy/limited/exempt_local.policy
Contents/Home/conf/security/policy/unlimited
Contents/Home/conf/security/policy/unlimited/default_US_export.policy
Contents/Home/conf/security/policy/unlimited/default_local.policy
Contents/Home/conf/sound.properties
Contents/Home/legal
Contents/Home/legal/java.activation
Contents/Home/legal/java.activation/COPYRIGHT
Contents/Home/legal/java.activation/LICENSE
Contents/Home/legal/java.base
Contents/Home/legal/java.base/COPYRIGHT
Contents/Home/legal/java.base/LICENSE
Contents/Home/legal/java.base/aes.md
Contents/Home/legal/java.base/asm.md
Contents/Home/legal/java.base/cldr.md
Contents/Home/legal/java.base/icu.md
Contents/Home/legal/java.base/public_suffix.md
Contents/Home/legal/java.base/zlib.md
Contents/Home/legal/java.compiler
Contents/Home/legal/java.compiler/COPYRIGHT
Contents/Home/legal/java.compiler/LICENSE
Contents/Home/legal/java.corba
Contents/Home/legal/java.corba/COPYRIGHT
Contents/Home/legal/java.corba/LICENSE
Contents/Home/legal/java.datatransfer
Contents/Home/legal/java.datatransfer/COPYRIGHT
Contents/Home/legal/java.datatransfer/LICENSE
Contents/Home/legal/java.desktop
Contents/Home/legal/java.desktop/COPYRIGHT
Contents/Home/legal/java.desktop/LICENSE
Contents/Home/legal/java.desktop/colorimaging.md
Contents/Home/legal/java.desktop/fontconfig.md
Contents/Home/legal/java.desktop/giflib.md
Contents/Home/legal/java.desktop/harfbuzz.md
Contents/Home/legal/java.desktop/jpeg.md
Contents/Home/legal/java.desktop/lcms.md
Contents/Home/legal/java.desktop/libpng.md
Contents/Home/legal/java.desktop/mesa3d.md
Contents/Home/legal/java.desktop/opengl.md
Contents/Home/legal/java.desktop/xwindows.md
Contents/Home/legal/java.instrument
Contents/Home/legal/java.instrument/COPYRIGHT
Contents/Home/legal/java.instrument/LICENSE
Contents/Home/legal/java.jnlp
Contents/Home/legal/java.jnlp/COPYRIGHT
Contents/Home/legal/java.jnlp/LICENSE
Contents/Home/legal/java.logging
Contents/Home/legal/java.logging/COPYRIGHT
Contents/Home/legal/java.logging/LICENSE
Contents/Home/legal/java.management
Contents/Home/legal/java.management/COPYRIGHT
Contents/Home/legal/java.management/LICENSE
Contents/Home/legal/java.management.rmi
Contents/Home/legal/java.management.rmi/COPYRIGHT
Contents/Home/legal/java.management.rmi/LICENSE
Contents/Home/legal/java.naming
Contents/Home/legal/java.naming/COPYRIGHT
Contents/Home/legal/java.naming/LICENSE
Contents/Home/legal/java.prefs
Contents/Home/legal/java.prefs/COPYRIGHT
Contents/Home/legal/java.prefs/LICENSE
Contents/Home/legal/java.rmi
Contents/Home/legal/java.rmi/COPYRIGHT
Contents/Home/legal/java.rmi/LICENSE
Contents/Home/legal/java.scripting
Contents/Home/legal/java.scripting/COPYRIGHT
Contents/Home/legal/java.scripting/LICENSE
Contents/Home/legal/java.se
Contents/Home/legal/java.se/COPYRIGHT
Contents/Home/legal/java.se/LICENSE
Contents/Home/legal/java.se.ee
Contents/Home/legal/java.se.ee/COPYRIGHT
Contents/Home/legal/java.se.ee/LICENSE
Contents/Home/legal/java.security.jgss
Contents/Home/legal/java.security.jgss/COPYRIGHT
Contents/Home/legal/java.security.jgss/LICENSE
Contents/Home/legal/java.security.sasl
Contents/Home/legal/java.security.sasl/COPYRIGHT
Contents/Home/legal/java.security.sasl/LICENSE
Contents/Home/legal/java.smartcardio
Contents/Home/legal/java.smartcardio/COPYRIGHT
Contents/Home/legal/java.smartcardio/LICENSE
Contents/Home/legal/java.smartcardio/pcsclite.md
Contents/Home/legal/java.sql
Contents/Home/legal/java.sql/COPYRIGHT
Contents/Home/legal/java.sql/LICENSE
Contents/Home/legal/java.sql.rowset
Contents/Home/legal/java.sql.rowset/COPYRIGHT
Contents/Home/legal/java.sql.rowset/LICENSE
Contents/Home/legal/java.transaction
Contents/Home/legal/java.transaction/COPYRIGHT
Contents/Home/legal/java.transaction/LICENSE
Contents/Home/legal/java.xml
Contents/Home/legal/java.xml/COPYRIGHT
Contents/Home/legal/java.xml/LICENSE
Contents/Home/legal/java.xml/bcel.md
Contents/Home/legal/java.xml/dom.md
Contents/Home/legal/java.xml/jcup.md
Contents/Home/legal/java.xml/xalan.md
Contents/Home/legal/java.xml/xerces.md
Contents/Home/legal/java.xml/xmlresolver.md
Contents/Home/legal/java.xml.bind
Contents/Home/legal/java.xml.bind/COPYRIGHT
Contents/Home/legal/java.xml.bind/LICENSE
Contents/Home/legal/java.xml.crypto
Contents/Home/legal/java.xml.crypto/COPYRIGHT
Contents/Home/legal/java.xml.crypto/LICENSE
Contents/Home/legal/java.xml.crypto/santuario.md
Contents/Home/legal/java.xml.ws
Contents/Home/legal/java.xml.ws/COPYRIGHT
Contents/Home/legal/java.xml.ws/LICENSE
Contents/Home/legal/java.xml.ws.annotation
Contents/Home/legal/java.xml.ws.annotation/COPYRIGHT
Contents/Home/legal/java.xml.ws.annotation/LICENSE
Contents/Home/legal/javafx.base
Contents/Home/legal/javafx.base/COPYRIGHT
Contents/Home/legal/javafx.base/LICENSE
Contents/Home/legal/javafx.controls
Contents/Home/legal/javafx.controls/COPYRIGHT
Contents/Home/legal/javafx.controls/LICENSE
Contents/Home/legal/javafx.deploy
Contents/Home/legal/javafx.deploy/COPYRIGHT
Contents/Home/legal/javafx.deploy/LICENSE
Contents/Home/legal/javafx.fxml
Contents/Home/legal/javafx.fxml/COPYRIGHT
Contents/Home/legal/javafx.fxml/LICENSE
Contents/Home/legal/javafx.graphics
Contents/Home/legal/javafx.graphics/COPYRIGHT
Contents/Home/legal/javafx.graphics/LICENSE
Contents/Home/legal/javafx.graphics/icu_v51.md
Contents/Home/legal/javafx.graphics/jpeg_v7.md
Contents/Home/legal/javafx.media
Contents/Home/legal/javafx.media/COPYRIGHT
Contents/Home/legal/javafx.media/LICENSE
Contents/Home/legal/javafx.media/applecoreaudio.md
Contents/Home/legal/javafx.media/glib.md
Contents/Home/legal/javafx.media/gstreamer.md
Contents/Home/legal/javafx.media/libffi.md
Contents/Home/legal/javafx.swing
Contents/Home/legal/javafx.swing/COPYRIGHT
Contents/Home/legal/javafx.swing/LICENSE
Contents/Home/legal/javafx.web
Contents/Home/legal/javafx.web/COPYRIGHT
Contents/Home/legal/javafx.web/LICENSE
Contents/Home/legal/javafx.web/icu_v51.md
Contents/Home/legal/javafx.web/libxml2.md
Contents/Home/legal/javafx.web/libxslt.md
Contents/Home/legal/javafx.web/webkit.md
Contents/Home/legal/jdk.accessibility
Contents/Home/legal/jdk.accessibility/COPYRIGHT
Contents/Home/legal/jdk.accessibility/LICENSE
Contents/Home/legal/jdk.charsets
Contents/Home/legal/jdk.charsets/COPYRIGHT
Contents/Home/legal/jdk.charsets/LICENSE
Contents/Home/legal/jdk.crypto.cryptoki
Contents/Home/legal/jdk.crypto.cryptoki/COPYRIGHT
Contents/Home/legal/jdk.crypto.cryptoki/LICENSE
Contents/Home/legal/jdk.crypto.cryptoki/pkcs11cryptotoken.md
Contents/Home/legal/jdk.crypto.cryptoki/pkcs11wrapper.md
Contents/Home/legal/jdk.crypto.ec
Contents/Home/legal/jdk.crypto.ec/COPYRIGHT
Contents/Home/legal/jdk.crypto.ec/LICENSE
Contents/Home/legal/jdk.crypto.ec/ecc.md
Contents/Home/legal/jdk.deploy
Contents/Home/legal/jdk.deploy/COPYRIGHT
Contents/Home/legal/jdk.deploy/LICENSE
Contents/Home/legal/jdk.deploy.controlpanel
Contents/Home/legal/jdk.deploy.controlpanel/COPYRIGHT
Contents/Home/legal/jdk.deploy.controlpanel/LICENSE
Contents/Home/legal/jdk.dynalink
Contents/Home/legal/jdk.dynalink/COPYRIGHT
Contents/Home/legal/jdk.dynalink/LICENSE
Contents/Home/legal/jdk.dynalink/dynalink.md
Contents/Home/legal/jdk.httpserver
Contents/Home/legal/jdk.httpserver/COPYRIGHT
Contents/Home/legal/jdk.httpserver/LICENSE
Contents/Home/legal/jdk.incubator.httpclient
Contents/Home/legal/jdk.incubator.httpclient/COPYRIGHT
Contents/Home/legal/jdk.incubator.httpclient/LICENSE
Contents/Home/legal/jdk.internal.le
Contents/Home/legal/jdk.internal.le/COPYRIGHT
Contents/Home/legal/jdk.internal.le/LICENSE
Contents/Home/legal/jdk.internal.le/jline.md
Contents/Home/legal/jdk.internal.vm.ci
Contents/Home/legal/jdk.internal.vm.ci/COPYRIGHT
Contents/Home/legal/jdk.internal.vm.ci/LICENSE
Contents/Home/legal/jdk.javaws
Contents/Home/legal/jdk.javaws/COPYRIGHT
Contents/Home/legal/jdk.javaws/LICENSE
Contents/Home/legal/jdk.jdwp.agent
Contents/Home/legal/jdk.jdwp.agent/COPYRIGHT
Contents/Home/legal/jdk.jdwp.agent/LICENSE
Contents/Home/legal/jdk.jfr
Contents/Home/legal/jdk.jfr/COPYRIGHT
Contents/Home/legal/jdk.jfr/LICENSE
Contents/Home/legal/jdk.jsobject
Contents/Home/legal/jdk.jsobject/COPYRIGHT
Contents/Home/legal/jdk.jsobject/LICENSE
Contents/Home/legal/jdk.localedata
Contents/Home/legal/jdk.localedata/COPYRIGHT
Contents/Home/legal/jdk.localedata/LICENSE
Contents/Home/legal/jdk.localedata/cldr.md
Contents/Home/legal/jdk.localedata/thaidict.md
Contents/Home/legal/jdk.management
Contents/Home/legal/jdk.management/COPYRIGHT
Contents/Home/legal/jdk.management/LICENSE
Contents/Home/legal/jdk.management.agent
Contents/Home/legal/jdk.management.agent/COPYRIGHT
Contents/Home/legal/jdk.management.agent/LICENSE
Contents/Home/legal/jdk.management.cmm
Contents/Home/legal/jdk.management.cmm/COPYRIGHT
Contents/Home/legal/jdk.management.cmm/LICENSE
Contents/Home/legal/jdk.management.jfr
Contents/Home/legal/jdk.management.jfr/COPYRIGHT
Contents/Home/legal/jdk.management.jfr/LICENSE
Contents/Home/legal/jdk.management.resource
Contents/Home/legal/jdk.management.resource/COPYRIGHT
Contents/Home/legal/jdk.management.resource/LICENSE
Contents/Home/legal/jdk.naming.dns
Contents/Home/legal/jdk.naming.dns/COPYRIGHT
Contents/Home/legal/jdk.naming.dns/LICENSE
Contents/Home/legal/jdk.naming.rmi
Contents/Home/legal/jdk.naming.rmi/COPYRIGHT
Contents/Home/legal/jdk.naming.rmi/LICENSE
Contents/Home/legal/jdk.net
Contents/Home/legal/jdk.net/COPYRIGHT
Contents/Home/legal/jdk.net/LICENSE
Contents/Home/legal/jdk.pack
Contents/Home/legal/jdk.pack/COPYRIGHT
Contents/Home/legal/jdk.pack/LICENSE
Contents/Home/legal/jdk.plugin
Contents/Home/legal/jdk.plugin/COPYRIGHT
Contents/Home/legal/jdk.plugin/LICENSE
Contents/Home/legal/jdk.plugin.dom
Contents/Home/legal/jdk.plugin.dom/COPYRIGHT
Contents/Home/legal/jdk.plugin.dom/LICENSE
Contents/Home/legal/jdk.plugin.dom/dom.md
Contents/Home/legal/jdk.plugin.server
Contents/Home/legal/jdk.plugin.server/COPYRIGHT
Contents/Home/legal/jdk.plugin.server/LICENSE
Contents/Home/legal/jdk.scripting.nashorn
Contents/Home/legal/jdk.scripting.nashorn/COPYRIGHT
Contents/Home/legal/jdk.scripting.nashorn/LICENSE
Contents/Home/legal/jdk.scripting.nashorn/double-conversion.md
Contents/Home/legal/jdk.scripting.nashorn/joni.md
Contents/Home/legal/jdk.scripting.nashorn.shell
Contents/Home/legal/jdk.scripting.nashorn.shell/COPYRIGHT
Contents/Home/legal/jdk.scripting.nashorn.shell/LICENSE
Contents/Home/legal/jdk.sctp
Contents/Home/legal/jdk.sctp/COPYRIGHT
Contents/Home/legal/jdk.sctp/LICENSE
Contents/Home/legal/jdk.security.auth
Contents/Home/legal/jdk.security.auth/COPYRIGHT
Contents/Home/legal/jdk.security.auth/LICENSE
Contents/Home/legal/jdk.security.jgss
Contents/Home/legal/jdk.security.jgss/COPYRIGHT
Contents/Home/legal/jdk.security.jgss/LICENSE
Contents/Home/legal/jdk.snmp
Contents/Home/legal/jdk.snmp/COPYRIGHT
Contents/Home/legal/jdk.snmp/LICENSE
Contents/Home/legal/jdk.unsupported
Contents/Home/legal/jdk.unsupported/COPYRIGHT
Contents/Home/legal/jdk.unsupported/LICENSE
Contents/Home/legal/jdk.xml.dom
Contents/Home/legal/jdk.xml.dom/COPYRIGHT
Contents/Home/legal/jdk.xml.dom/LICENSE
Contents/Home/legal/jdk.zipfs
Contents/Home/legal/jdk.zipfs/COPYRIGHT
Contents/Home/legal/jdk.zipfs/LICENSE
Contents/Home/legal/oracle.desktop
Contents/Home/legal/oracle.desktop/COPYRIGHT
Contents/Home/legal/oracle.desktop/LICENSE
Contents/Home/legal/oracle.net
Contents/Home/legal/oracle.net/COPYRIGHT
Contents/Home/legal/oracle.net/LICENSE
Contents/Home/legal/other
Contents/Home/legal/other/bsdiff.md
Contents/Home/legal/other/sparkle.md
Contents/Home/lib
Contents/Home/lib/classlist
Contents/Home/lib/deploy
Contents/Home/lib/deploy/JavaControlPanel.prefPane
Contents/Home/lib/deploy/JavaControlPanel.prefPane/Contents
Contents/Home/lib/deploy/JavaControlPanel.prefPane/Contents/Info.plist
Contents/Home/lib/deploy/JavaControlPanel.prefPane/Contents/MacOS
Contents/Home/lib/deploy/JavaControlPanel.prefPane/Contents/MacOS/JavaControlPanel
Contents/Home/lib/deploy/JavaControlPanel.prefPane/Contents/Resources
Contents/Home/lib/deploy/JavaControlPanel.prefPane/Contents/Resources/Java7VM.icns
Contents/Home/lib/deploy/JavaControlPanel.prefPane/Contents/Resources/JavaControlPanel.nib
Contents/Home/lib/deploy/JavaControlPanel.prefPane/Contents/Resources/JavaCupLogo-161.png
Contents/Home/lib/deploy/JavaControlPanel.prefPane/Contents/Resources/de.lproj
Contents/Home/lib/deploy/JavaControlPanel.prefPane/Contents/Resources/de.lproj/InfoPlist.strings
Contents/Home/lib/deploy/JavaControlPanel.prefPane/Contents/Resources/de.lproj/JavaControlPanel.strings
Contents/Home/lib/deploy/JavaControlPanel.prefPane/Contents/Resources/en.lproj
Contents/Home/lib/deploy/JavaControlPanel.prefPane/Contents/Resources/en.lproj/InfoPlist.strings
Contents/Home/lib/deploy/JavaControlPanel.prefPane/Contents/Resources/en.lproj/JavaControlPanel.strings
Contents/Home/lib/deploy/JavaControlPanel.prefPane/Contents/Resources/es.lproj
Contents/Home/lib/deploy/JavaControlPanel.prefPane/Contents/Resources/es.lproj/InfoPlist.strings
Contents/Home/lib/deploy/JavaControlPanel.prefPane/Contents/Resources/es.lproj/JavaControlPanel.strings
Contents/Home/lib/deploy/JavaControlPanel.prefPane/Contents/Resources/fr.lproj
Contents/Home/lib/deploy/JavaControlPanel.prefPane/Contents/Resources/fr.lproj/InfoPlist.strings
Contents/Home/lib/deploy/JavaControlPanel.prefPane/Contents/Resources/fr.lproj/JavaControlPanel.strings
Contents/Home/lib/deploy/JavaControlPanel.prefPane/Contents/Resources/it.lproj
Contents/Home/lib/deploy/JavaControlPanel.prefPane/Contents/Resources/it.lproj/InfoPlist.strings
Contents/Home/lib/deploy/JavaControlPanel.prefPane/Contents/Resources/it.lproj/JavaControlPanel.strings
Contents/Home/lib/deploy/JavaControlPanel.prefPane/Contents/Resources/ja.lproj
Contents/Home/lib/deploy/JavaControlPanel.prefPane/Contents/Resources/ja.lproj/InfoPlist.strings
Contents/Home/lib/deploy/JavaControlPanel.prefPane/Contents/Resources/ja.lproj/JavaControlPanel.strings
Contents/Home/lib/deploy/JavaControlPanel.prefPane/Contents/Resources/ko.lproj
Contents/Home/lib/deploy/JavaControlPanel.prefPane/Contents/Resources/ko.lproj/InfoPlist.strings
Contents/Home/lib/deploy/JavaControlPanel.prefPane/Contents/Resources/ko.lproj/JavaControlPanel.strings
Contents/Home/lib/deploy/JavaControlPanel.prefPane/Contents/Resources/pt_BR.lproj
Contents/Home/lib/deploy/JavaControlPanel.prefPane/Contents/Resources/pt_BR.lproj/InfoPlist.strings
Contents/Home/lib/deploy/JavaControlPanel.prefPane/Contents/Resources/pt_BR.lproj/JavaControlPanel.strings
Contents/Home/lib/deploy/JavaControlPanel.prefPane/Contents/Resources/sv.lproj
Contents/Home/lib/deploy/JavaControlPanel.prefPane/Contents/Resources/sv.lproj/InfoPlist.strings
Contents/Home/lib/deploy/JavaControlPanel.prefPane/Contents/Resources/sv.lproj/JavaControlPanel.strings
Contents/Home/lib/deploy/JavaControlPanel.prefPane/Contents/Resources/zh_CN.lproj
Contents/Home/lib/deploy/JavaControlPanel.prefPane/Contents/Resources/zh_CN.lproj/InfoPlist.strings
Contents/Home/lib/deploy/JavaControlPanel.prefPane/Contents/Resources/zh_CN.lproj/JavaControlPanel.strings
Contents/Home/lib/deploy/JavaControlPanel.prefPane/Contents/Resources/zh_TW.lproj
Contents/Home/lib/deploy/JavaControlPanel.prefPane/Contents/Resources/zh_TW.lproj/InfoPlist.strings
Contents/Home/lib/deploy/JavaControlPanel.prefPane/Contents/Resources/zh_TW.lproj/JavaControlPanel.strings
Contents/Home/lib/deploy/cautionshield.icns
Contents/Home/lib/deploy/cautionshield48s.png
Contents/Home/lib/deploy/icon-info48.png
Contents/Home/lib/deploy/icon-warning16.png
Contents/Home/lib/deploy/messages.properties
Contents/Home/lib/deploy/messages_de.properties
Contents/Home/lib/deploy/messages_es.properties
Contents/Home/lib/deploy/messages_fr.properties
Contents/Home/lib/deploy/messages_it.properties
Contents/Home/lib/deploy/messages_ja.properties
Contents/Home/lib/deploy/messages_ko.properties
Contents/Home/lib/deploy/messages_pt_BR.properties
Contents/Home/lib/deploy/messages_sv.properties
Contents/Home/lib/deploy/messages_zh_CN.properties
Contents/Home/lib/deploy/messages_zh_HK.properties
Contents/Home/lib/deploy/messages_zh_TW.properties
Contents/Home/lib/deploy/mixcode_s.png
Contents/Home/lib/deploy/splash.gif
Contents/Home/lib/deploy.jar
Contents/Home/lib/fontconfig.bfc
Contents/Home/lib/fontconfig.properties.src
Contents/Home/lib/fonts
Contents/Home/lib/fonts/LucidaBrightDemiBold.ttf
Contents/Home/lib/fonts/LucidaBrightDemiItalic.ttf
Contents/Home/lib/fonts/LucidaBrightItalic.ttf
Contents/Home/lib/fonts/LucidaBrightRegular.ttf
Contents/Home/lib/fonts/LucidaSansDemiBold.ttf
Contents/Home/lib/fonts/LucidaSansRegular.ttf
Contents/Home/lib/fonts/LucidaTypewriterBold.ttf
Contents/Home/lib/fonts/LucidaTypewriterRegular.ttf
Contents/Home/lib/fonts/fonts.dir
Contents/Home/lib/java.jnlp.jar
Contents/Home/lib/javafx-swt.jar
Contents/Home/lib/javafx.properties
Contents/Home/lib/javaws.jar
Contents/Home/lib/jdk.deploy.jar
Contents/Home/lib/jdk.javaws.jar
Contents/Home/lib/jdk.plugin.dom.jar
Contents/Home/lib/jdk.plugin.jar
Contents/Home/lib/jfr
Contents/Home/lib/jfr/default.jfc
Contents/Home/lib/jfr/profile.jfc
Contents/Home/lib/jli
Contents/Home/lib/jli/libjli.dylib
Contents/Home/lib/jrt-fs.jar
Contents/Home/lib/jspawnhelper
Contents/Home/lib/jvm.cfg
Contents/Home/lib/libawt.dylib
Contents/Home/lib/libawt_lwawt.dylib
Contents/Home/lib/libbci.dylib
Contents/Home/lib/libcmm.dylib
Contents/Home/lib/libdcpr.dylib
Contents/Home/lib/libdecora_sse.dylib
Contents/Home/lib/libdeploy.dylib
Contents/Home/lib/libdt_socket.dylib
Contents/Home/lib/libfontmanager.dylib
Contents/Home/lib/libfxplugins.dylib
Contents/Home/lib/libglass.dylib
Contents/Home/lib/libglib-lite.dylib
Contents/Home/lib/libgstreamer-lite.dylib
Contents/Home/lib/libinstrument.dylib
Contents/Home/lib/libj2gss.dylib
Contents/Home/lib/libj2pcsc.dylib
Contents/Home/lib/libj2pkcs11.dylib
Contents/Home/lib/libjaas_unix.dylib
Contents/Home/lib/libjava.dylib
Contents/Home/lib/libjavafx_font.dylib
Contents/Home/lib/libjavafx_font_t2k.dylib
Contents/Home/lib/libjavafx_iio.dylib
Contents/Home/lib/libjavajpeg.dylib
Contents/Home/lib/libjawt.dylib
Contents/Home/lib/libjdwp.dylib
Contents/Home/lib/libjfxmedia.dylib
Contents/Home/lib/libjfxmedia_avf.dylib
Contents/Home/lib/libjfxwebkit.dylib
Contents/Home/lib/libjimage.dylib
Contents/Home/lib/libjsig.dylib
Contents/Home/lib/libjsound.dylib
Contents/Home/lib/libkcms.dylib
Contents/Home/lib/liblcms.dylib
Contents/Home/lib/libmanagement.dylib
Contents/Home/lib/libmanagement_agent.dylib
Contents/Home/lib/libmanagement_ext.dylib
Contents/Home/lib/libmlib_image.dylib
Contents/Home/lib/libnet.dylib
Contents/Home/lib/libnio.dylib
Contents/Home/lib/libnpjp2.dylib
Contents/Home/lib/libosx.dylib
Contents/Home/lib/libosxapp.dylib
Contents/Home/lib/libosxkrb5.dylib
Contents/Home/lib/libosxsecurity.dylib
Contents/Home/lib/libosxui.dylib
Contents/Home/lib/libprefs.dylib
Contents/Home/lib/libprism_common.dylib
Contents/Home/lib/libprism_es2.dylib
Contents/Home/lib/libprism_sw.dylib
Contents/Home/lib/librm.dylib
Contents/Home/lib/librmi.dylib
Contents/Home/lib/libsplashscreen.dylib
Contents/Home/lib/libsunec.dylib
Contents/Home/lib/libt2k.dylib
Contents/Home/lib/libunpack.dylib
Contents/Home/lib/libverify.dylib
Contents/Home/lib/libzip.dylib
Contents/Home/lib/modules
Contents/Home/lib/nibs
Contents/Home/lib/nibs/MixedCodeHelpDialog.nib
Contents/Home/lib/nibs/MixedCodeMainDialog.nib
Contents/Home/lib/nibs/MixedCodeMainDialogJs.nib
Contents/Home/lib/plugin-legacy.jar
Contents/Home/lib/plugin.jar
Contents/Home/lib/psfont.properties.ja
Contents/Home/lib/psfontj2d.properties
Contents/Home/lib/security
Contents/Home/lib/security/blacklist
Contents/Home/lib/security/blacklisted.certs
Contents/Home/lib/security/cacerts
Contents/Home/lib/security/default.policy
Contents/Home/lib/security/public_suffix_list.dat
Contents/Home/lib/security/trusted.libraries
Contents/Home/lib/server
Contents/Home/lib/server/Xusage.txt
Contents/Home/lib/server/libjsig.dylib
Contents/Home/lib/server/libjvm.dylib
Contents/Home/lib/shortcuts
Contents/Home/lib/shortcuts/JavaWSApplicationStub
Contents/Home/lib/tzdb.dat
Contents/Home/release
Contents/Info.plist
Contents/MacOS
Contents/MacOS/JavaAppletPlugin
Contents/Plugins
Contents/Resources
Contents/Resources/Helper-Tool
Contents/Resources/Java Updater.app
Contents/Resources/Java7VM.icns
Contents/Resources/JavaControlPanelHelper
Contents/Resources/JavaUpdater.app
Contents/Resources/JavaUpdater.app/Contents
Contents/Resources/JavaUpdater.app/Contents/Info.plist
Contents/Resources/JavaUpdater.app/Contents/MacOS
Contents/Resources/JavaUpdater.app/Contents/MacOS/JavaUpdater
Contents/Resources/JavaUpdater.app/Contents/PkgInfo
Contents/Resources/JavaUpdater.app/Contents/Resources
Contents/Resources/JavaUpdater.app/Contents/Resources/MacJavaUpdate.icns
Contents/Resources/JavaUpdater.app/Contents/Resources/de.lproj
Contents/Resources/JavaUpdater.app/Contents/Resources/de.lproj/InfoPlist.strings
Contents/Resources/JavaUpdater.app/Contents/Resources/de.lproj/MainMenu.nib
Contents/Resources/JavaUpdater.app/Contents/Resources/en.lproj
Contents/Resources/JavaUpdater.app/Contents/Resources/en.lproj/InfoPlist.strings
Contents/Resources/JavaUpdater.app/Contents/Resources/en.lproj/MainMenu.nib
Contents/Resources/JavaUpdater.app/Contents/Resources/es.lproj
Contents/Resources/JavaUpdater.app/Contents/Resources/es.lproj/InfoPlist.strings
Contents/Resources/JavaUpdater.app/Contents/Resources/es.lproj/MainMenu.nib
Contents/Resources/JavaUpdater.app/Contents/Resources/fr.lproj
Contents/Resources/JavaUpdater.app/Contents/Resources/fr.lproj/InfoPlist.strings
Contents/Resources/JavaUpdater.app/Contents/Resources/fr.lproj/MainMenu.nib
Contents/Resources/JavaUpdater.app/Contents/Resources/it.lproj
Contents/Resources/JavaUpdater.app/Contents/Resources/it.lproj/InfoPlist.strings
Contents/Resources/JavaUpdater.app/Contents/Resources/it.lproj/MainMenu.nib
Contents/Resources/JavaUpdater.app/Contents/Resources/nl.lproj
Contents/Resources/JavaUpdater.app/Contents/Resources/nl.lproj/InfoPlist.strings
Contents/Resources/JavaUpdater.app/Contents/Resources/nl.lproj/MainMenu.nib
Contents/Resources/JavaUpdater.app/Contents/Resources/ru.lproj
Contents/Resources/JavaUpdater.app/Contents/Resources/ru.lproj/InfoPlist.strings
Contents/Resources/JavaUpdater.app/Contents/Resources/ru.lproj/MainMenu.nib
Contents/Resources/JavaUpdater.app/Contents/Resources/sv.lproj
Contents/Resources/JavaUpdater.app/Contents/Resources/sv.lproj/InfoPlist.strings
Contents/Resources/JavaUpdater.app/Contents/Resources/sv.lproj/MainMenu.nib
Contents/Resources/JavawsLauncher.app
Contents/Resources/JavawsLauncher.app/Contents
Contents/Resources/JavawsLauncher.app/Contents/Info.plist
Contents/Resources/JavawsLauncher.app/Contents/MacOS
Contents/Resources/JavawsLauncher.app/Contents/MacOS/JavawsLauncher
Contents/Resources/JavawsLauncher.app/Contents/_CodeSignature
Contents/Resources/JavawsLauncher.app/Contents/_CodeSignature/CodeResources
Contents/Resources/com.oracle.java.Helper-Tool.plist
Contents/Resources/com.oracle.java.Java-Updater.plist
Contents/Resources/de.lproj
Contents/Resources/de.lproj/Localizable.strings
Contents/Resources/dsa_pub.pem
Contents/Resources/en.lproj
Contents/Resources/en.lproj/Localizable.strings
Contents/Resources/es.lproj
Contents/Resources/es.lproj/Localizable.strings
Contents/Resources/fr.lproj
Contents/Resources/fr.lproj/Localizable.strings
Contents/Resources/it.lproj
Contents/Resources/it.lproj/Localizable.strings
Contents/Resources/ja.lproj
Contents/Resources/ja.lproj/Localizable.strings
Contents/Resources/ko.lproj
Contents/Resources/ko.lproj/Localizable.strings
Contents/Resources/menuextraicon.png
Contents/Resources/pt_BR.lproj
Contents/Resources/pt_BR.lproj/Localizable.strings
Contents/Resources/sv.lproj
Contents/Resources/sv.lproj/Localizable.strings
Contents/Resources/zh_CN.lproj
Contents/Resources/zh_CN.lproj/Localizable.strings
Contents/Resources/zh_TW.lproj
Contents/Resources/zh_TW.lproj/Localizable.strings
