package-id: com.oracle.jdk-9.0.1
version: 1.1
volume: /
location: Library/Java/JavaVirtualMachines/jdk-9.0.1.jdk
install-time: 1508747079
Contents
Contents/Home
Contents/Home/README.html
Contents/Home/bin
Contents/Home/bin/appletviewer
Contents/Home/bin/idlj
Contents/Home/bin/jar
Contents/Home/bin/jarsigner
Contents/Home/bin/java
Contents/Home/bin/javac
Contents/Home/bin/javadoc
Contents/Home/bin/javah
Contents/Home/bin/javap
Contents/Home/bin/javapackager
Contents/Home/bin/javaws
Contents/Home/bin/jcmd
Contents/Home/bin/jconsole
Contents/Home/bin/jcontrol
Contents/Home/bin/jdb
Contents/Home/bin/jdeprscan
Contents/Home/bin/jdeps
Contents/Home/bin/jhsdb
Contents/Home/bin/jimage
Contents/Home/bin/jinfo
Contents/Home/bin/jjs
Contents/Home/bin/jlink
Contents/Home/bin/jmap
Contents/Home/bin/jmc
Contents/Home/bin/jmod
Contents/Home/bin/jps
Contents/Home/bin/jrunscript
Contents/Home/bin/jshell
Contents/Home/bin/jstack
Contents/Home/bin/jstat
Contents/Home/bin/jstatd
Contents/Home/bin/jweblauncher
Contents/Home/bin/keytool
Contents/Home/bin/orbd
Contents/Home/bin/pack200
Contents/Home/bin/policytool
Contents/Home/bin/rmic
Contents/Home/bin/rmid
Contents/Home/bin/rmiregistry
Contents/Home/bin/schemagen
Contents/Home/bin/serialver
Contents/Home/bin/servertool
Contents/Home/bin/tnameserv
Contents/Home/bin/unpack200
Contents/Home/bin/wsgen
Contents/Home/bin/wsimport
Contents/Home/bin/xjc
Contents/Home/conf
Contents/Home/conf/logging.properties
Contents/Home/conf/management
Contents/Home/conf/management/jmxremote.access
Contents/Home/conf/management/jmxremote.password.template
Contents/Home/conf/management/management.properties
Contents/Home/conf/management/snmp.acl.template
Contents/Home/conf/net.properties
Contents/Home/conf/security
Contents/Home/conf/security/java.policy
Contents/Home/conf/security/java.security
Contents/Home/conf/security/javaws.policy
Contents/Home/conf/security/policy
Contents/Home/conf/security/policy/README.txt
Contents/Home/conf/security/policy/limited
Contents/Home/conf/security/policy/limited/default_US_export.policy
Contents/Home/conf/security/policy/limited/default_local.policy
Contents/Home/conf/security/policy/limited/exempt_local.policy
Contents/Home/conf/security/policy/unlimited
Contents/Home/conf/security/policy/unlimited/default_US_export.policy
Contents/Home/conf/security/policy/unlimited/default_local.policy
Contents/Home/conf/sound.properties
Contents/Home/include
Contents/Home/include/classfile_constants.h
Contents/Home/include/darwin
Contents/Home/include/darwin/jawt_md.h
Contents/Home/include/darwin/jni_md.h
Contents/Home/include/ir.idl
Contents/Home/include/jawt.h
Contents/Home/include/jdwpTransport.h
Contents/Home/include/jni.h
Contents/Home/include/jvmti.h
Contents/Home/include/jvmticmlr.h
Contents/Home/include/orb.idl
Contents/Home/jmods
Contents/Home/jmods/java.activation.jmod
Contents/Home/jmods/java.base.jmod
Contents/Home/jmods/java.compiler.jmod
Contents/Home/jmods/java.corba.jmod
Contents/Home/jmods/java.datatransfer.jmod
Contents/Home/jmods/java.desktop.jmod
Contents/Home/jmods/java.instrument.jmod
Contents/Home/jmods/java.jnlp.jmod
Contents/Home/jmods/java.logging.jmod
Contents/Home/jmods/java.management.jmod
Contents/Home/jmods/java.management.rmi.jmod
Contents/Home/jmods/java.naming.jmod
Contents/Home/jmods/java.prefs.jmod
Contents/Home/jmods/java.rmi.jmod
Contents/Home/jmods/java.scripting.jmod
Contents/Home/jmods/java.se.ee.jmod
Contents/Home/jmods/java.se.jmod
Contents/Home/jmods/java.security.jgss.jmod
Contents/Home/jmods/java.security.sasl.jmod
Contents/Home/jmods/java.smartcardio.jmod
Contents/Home/jmods/java.sql.jmod
Contents/Home/jmods/java.sql.rowset.jmod
Contents/Home/jmods/java.transaction.jmod
Contents/Home/jmods/java.xml.bind.jmod
Contents/Home/jmods/java.xml.crypto.jmod
Contents/Home/jmods/java.xml.jmod
Contents/Home/jmods/java.xml.ws.annotation.jmod
Contents/Home/jmods/java.xml.ws.jmod
Contents/Home/jmods/javafx.base.jmod
Contents/Home/jmods/javafx.controls.jmod
Contents/Home/jmods/javafx.deploy.jmod
Contents/Home/jmods/javafx.fxml.jmod
Contents/Home/jmods/javafx.graphics.jmod
Contents/Home/jmods/javafx.media.jmod
Contents/Home/jmods/javafx.swing.jmod
Contents/Home/jmods/javafx.web.jmod
Contents/Home/jmods/jdk.accessibility.jmod
Contents/Home/jmods/jdk.attach.jmod
Contents/Home/jmods/jdk.charsets.jmod
Contents/Home/jmods/jdk.compiler.jmod
Contents/Home/jmods/jdk.crypto.cryptoki.jmod
Contents/Home/jmods/jdk.crypto.ec.jmod
Contents/Home/jmods/jdk.deploy.controlpanel.jmod
Contents/Home/jmods/jdk.deploy.jmod
Contents/Home/jmods/jdk.dynalink.jmod
Contents/Home/jmods/jdk.editpad.jmod
Contents/Home/jmods/jdk.hotspot.agent.jmod
Contents/Home/jmods/jdk.httpserver.jmod
Contents/Home/jmods/jdk.incubator.httpclient.jmod
Contents/Home/jmods/jdk.internal.ed.jmod
Contents/Home/jmods/jdk.internal.jvmstat.jmod
Contents/Home/jmods/jdk.internal.le.jmod
Contents/Home/jmods/jdk.internal.opt.jmod
Contents/Home/jmods/jdk.internal.vm.ci.jmod
Contents/Home/jmods/jdk.jartool.jmod
Contents/Home/jmods/jdk.javadoc.jmod
Contents/Home/jmods/jdk.javaws.jmod
Contents/Home/jmods/jdk.jcmd.jmod
Contents/Home/jmods/jdk.jconsole.jmod
Contents/Home/jmods/jdk.jdeps.jmod
Contents/Home/jmods/jdk.jdi.jmod
Contents/Home/jmods/jdk.jdwp.agent.jmod
Contents/Home/jmods/jdk.jfr.jmod
Contents/Home/jmods/jdk.jlink.jmod
Contents/Home/jmods/jdk.jshell.jmod
Contents/Home/jmods/jdk.jsobject.jmod
Contents/Home/jmods/jdk.jstatd.jmod
Contents/Home/jmods/jdk.localedata.jmod
Contents/Home/jmods/jdk.management.agent.jmod
Contents/Home/jmods/jdk.management.cmm.jmod
Contents/Home/jmods/jdk.management.jfr.jmod
Contents/Home/jmods/jdk.management.jmod
Contents/Home/jmods/jdk.management.resource.jmod
Contents/Home/jmods/jdk.naming.dns.jmod
Contents/Home/jmods/jdk.naming.rmi.jmod
Contents/Home/jmods/jdk.net.jmod
Contents/Home/jmods/jdk.pack.jmod
Contents/Home/jmods/jdk.packager.jmod
Contents/Home/jmods/jdk.packager.services.jmod
Contents/Home/jmods/jdk.plugin.dom.jmod
Contents/Home/jmods/jdk.plugin.jmod
Contents/Home/jmods/jdk.plugin.server.jmod
Contents/Home/jmods/jdk.policytool.jmod
Contents/Home/jmods/jdk.rmic.jmod
Contents/Home/jmods/jdk.scripting.nashorn.jmod
Contents/Home/jmods/jdk.scripting.nashorn.shell.jmod
Contents/Home/jmods/jdk.sctp.jmod
Contents/Home/jmods/jdk.security.auth.jmod
Contents/Home/jmods/jdk.security.jgss.jmod
Contents/Home/jmods/jdk.snmp.jmod
Contents/Home/jmods/jdk.unsupported.jmod
Contents/Home/jmods/jdk.xml.bind.jmod
Contents/Home/jmods/jdk.xml.dom.jmod
Contents/Home/jmods/jdk.xml.ws.jmod
Contents/Home/jmods/jdk.zipfs.jmod
Contents/Home/jmods/oracle.desktop.jmod
Contents/Home/jmods/oracle.net.jmod
Contents/Home/legal
Contents/Home/legal/java.activation
Contents/Home/legal/java.activation/COPYRIGHT
Contents/Home/legal/java.activation/LICENSE
Contents/Home/legal/java.base
Contents/Home/legal/java.base/COPYRIGHT
Contents/Home/legal/java.base/LICENSE
Contents/Home/legal/java.base/aes.md
Contents/Home/legal/java.base/asm.md
Contents/Home/legal/java.base/cldr.md
Contents/Home/legal/java.base/icu.md
Contents/Home/legal/java.base/public_suffix.md
Contents/Home/legal/java.base/zlib.md
Contents/Home/legal/java.compiler
Contents/Home/legal/java.compiler/COPYRIGHT
Contents/Home/legal/java.compiler/LICENSE
Contents/Home/legal/java.corba
Contents/Home/legal/java.corba/COPYRIGHT
Contents/Home/legal/java.corba/LICENSE
Contents/Home/legal/java.datatransfer
Contents/Home/legal/java.datatransfer/COPYRIGHT
Contents/Home/legal/java.datatransfer/LICENSE
Contents/Home/legal/java.desktop
Contents/Home/legal/java.desktop/COPYRIGHT
Contents/Home/legal/java.desktop/LICENSE
Contents/Home/legal/java.desktop/colorimaging.md
Contents/Home/legal/java.desktop/fontconfig.md
Contents/Home/legal/java.desktop/giflib.md
Contents/Home/legal/java.desktop/harfbuzz.md
Contents/Home/legal/java.desktop/jpeg.md
Contents/Home/legal/java.desktop/lcms.md
Contents/Home/legal/java.desktop/libpng.md
Contents/Home/legal/java.desktop/mesa3d.md
Contents/Home/legal/java.desktop/opengl.md
Contents/Home/legal/java.desktop/xwindows.md
Contents/Home/legal/java.instrument
Contents/Home/legal/java.instrument/COPYRIGHT
Contents/Home/legal/java.instrument/LICENSE
Contents/Home/legal/java.jnlp
Contents/Home/legal/java.jnlp/COPYRIGHT
Contents/Home/legal/java.jnlp/LICENSE
Contents/Home/legal/java.logging
Contents/Home/legal/java.logging/COPYRIGHT
Contents/Home/legal/java.logging/LICENSE
Contents/Home/legal/java.management
Contents/Home/legal/java.management/COPYRIGHT
Contents/Home/legal/java.management/LICENSE
Contents/Home/legal/java.management.rmi
Contents/Home/legal/java.management.rmi/COPYRIGHT
Contents/Home/legal/java.management.rmi/LICENSE
Contents/Home/legal/java.naming
Contents/Home/legal/java.naming/COPYRIGHT
Contents/Home/legal/java.naming/LICENSE
Contents/Home/legal/java.prefs
Contents/Home/legal/java.prefs/COPYRIGHT
Contents/Home/legal/java.prefs/LICENSE
Contents/Home/legal/java.rmi
Contents/Home/legal/java.rmi/COPYRIGHT
Contents/Home/legal/java.rmi/LICENSE
Contents/Home/legal/java.scripting
Contents/Home/legal/java.scripting/COPYRIGHT
Contents/Home/legal/java.scripting/LICENSE
Contents/Home/legal/java.se
Contents/Home/legal/java.se/COPYRIGHT
Contents/Home/legal/java.se/LICENSE
Contents/Home/legal/java.se.ee
Contents/Home/legal/java.se.ee/COPYRIGHT
Contents/Home/legal/java.se.ee/LICENSE
Contents/Home/legal/java.security.jgss
Contents/Home/legal/java.security.jgss/COPYRIGHT
Contents/Home/legal/java.security.jgss/LICENSE
Contents/Home/legal/java.security.sasl
Contents/Home/legal/java.security.sasl/COPYRIGHT
Contents/Home/legal/java.security.sasl/LICENSE
Contents/Home/legal/java.smartcardio
Contents/Home/legal/java.smartcardio/COPYRIGHT
Contents/Home/legal/java.smartcardio/LICENSE
Contents/Home/legal/java.smartcardio/pcsclite.md
Contents/Home/legal/java.sql
Contents/Home/legal/java.sql/COPYRIGHT
Contents/Home/legal/java.sql/LICENSE
Contents/Home/legal/java.sql.rowset
Contents/Home/legal/java.sql.rowset/COPYRIGHT
Contents/Home/legal/java.sql.rowset/LICENSE
Contents/Home/legal/java.transaction
Contents/Home/legal/java.transaction/COPYRIGHT
Contents/Home/legal/java.transaction/LICENSE
Contents/Home/legal/java.xml
Contents/Home/legal/java.xml/COPYRIGHT
Contents/Home/legal/java.xml/LICENSE
Contents/Home/legal/java.xml/bcel.md
Contents/Home/legal/java.xml/dom.md
Contents/Home/legal/java.xml/jcup.md
Contents/Home/legal/java.xml/xalan.md
Contents/Home/legal/java.xml/xerces.md
Contents/Home/legal/java.xml/xmlresolver.md
Contents/Home/legal/java.xml.bind
Contents/Home/legal/java.xml.bind/COPYRIGHT
Contents/Home/legal/java.xml.bind/LICENSE
Contents/Home/legal/java.xml.crypto
Contents/Home/legal/java.xml.crypto/COPYRIGHT
Contents/Home/legal/java.xml.crypto/LICENSE
Contents/Home/legal/java.xml.crypto/santuario.md
Contents/Home/legal/java.xml.ws
Contents/Home/legal/java.xml.ws/COPYRIGHT
Contents/Home/legal/java.xml.ws/LICENSE
Contents/Home/legal/java.xml.ws.annotation
Contents/Home/legal/java.xml.ws.annotation/COPYRIGHT
Contents/Home/legal/java.xml.ws.annotation/LICENSE
Contents/Home/legal/javafx.base
Contents/Home/legal/javafx.base/COPYRIGHT
Contents/Home/legal/javafx.base/LICENSE
Contents/Home/legal/javafx.controls
Contents/Home/legal/javafx.controls/COPYRIGHT
Contents/Home/legal/javafx.controls/LICENSE
Contents/Home/legal/javafx.deploy
Contents/Home/legal/javafx.deploy/COPYRIGHT
Contents/Home/legal/javafx.deploy/LICENSE
Contents/Home/legal/javafx.fxml
Contents/Home/legal/javafx.fxml/COPYRIGHT
Contents/Home/legal/javafx.fxml/LICENSE
Contents/Home/legal/javafx.graphics
Contents/Home/legal/javafx.graphics/COPYRIGHT
Contents/Home/legal/javafx.graphics/LICENSE
Contents/Home/legal/javafx.graphics/icu_v51.md
Contents/Home/legal/javafx.graphics/jpeg_v7.md
Contents/Home/legal/javafx.media
Contents/Home/legal/javafx.media/COPYRIGHT
Contents/Home/legal/javafx.media/LICENSE
Contents/Home/legal/javafx.media/applecoreaudio.md
Contents/Home/legal/javafx.media/glib.md
Contents/Home/legal/javafx.media/gstreamer.md
Contents/Home/legal/javafx.media/libffi.md
Contents/Home/legal/javafx.swing
Contents/Home/legal/javafx.swing/COPYRIGHT
Contents/Home/legal/javafx.swing/LICENSE
Contents/Home/legal/javafx.web
Contents/Home/legal/javafx.web/COPYRIGHT
Contents/Home/legal/javafx.web/LICENSE
Contents/Home/legal/javafx.web/icu_v51.md
Contents/Home/legal/javafx.web/libxml2.md
Contents/Home/legal/javafx.web/libxslt.md
Contents/Home/legal/javafx.web/webkit.md
Contents/Home/legal/jdk.accessibility
Contents/Home/legal/jdk.accessibility/COPYRIGHT
Contents/Home/legal/jdk.accessibility/LICENSE
Contents/Home/legal/jdk.attach
Contents/Home/legal/jdk.attach/COPYRIGHT
Contents/Home/legal/jdk.attach/LICENSE
Contents/Home/legal/jdk.charsets
Contents/Home/legal/jdk.charsets/COPYRIGHT
Contents/Home/legal/jdk.charsets/LICENSE
Contents/Home/legal/jdk.compiler
Contents/Home/legal/jdk.compiler/COPYRIGHT
Contents/Home/legal/jdk.compiler/LICENSE
Contents/Home/legal/jdk.crypto.cryptoki
Contents/Home/legal/jdk.crypto.cryptoki/COPYRIGHT
Contents/Home/legal/jdk.crypto.cryptoki/LICENSE
Contents/Home/legal/jdk.crypto.cryptoki/pkcs11cryptotoken.md
Contents/Home/legal/jdk.crypto.cryptoki/pkcs11wrapper.md
Contents/Home/legal/jdk.crypto.ec
Contents/Home/legal/jdk.crypto.ec/COPYRIGHT
Contents/Home/legal/jdk.crypto.ec/LICENSE
Contents/Home/legal/jdk.crypto.ec/ecc.md
Contents/Home/legal/jdk.deploy
Contents/Home/legal/jdk.deploy/COPYRIGHT
Contents/Home/legal/jdk.deploy/LICENSE
Contents/Home/legal/jdk.deploy.controlpanel
Contents/Home/legal/jdk.deploy.controlpanel/COPYRIGHT
Contents/Home/legal/jdk.deploy.controlpanel/LICENSE
Contents/Home/legal/jdk.dynalink
Contents/Home/legal/jdk.dynalink/COPYRIGHT
Contents/Home/legal/jdk.dynalink/LICENSE
Contents/Home/legal/jdk.dynalink/dynalink.md
Contents/Home/legal/jdk.editpad
Contents/Home/legal/jdk.editpad/COPYRIGHT
Contents/Home/legal/jdk.editpad/LICENSE
Contents/Home/legal/jdk.hotspot.agent
Contents/Home/legal/jdk.hotspot.agent/COPYRIGHT
Contents/Home/legal/jdk.hotspot.agent/LICENSE
Contents/Home/legal/jdk.httpserver
Contents/Home/legal/jdk.httpserver/COPYRIGHT
Contents/Home/legal/jdk.httpserver/LICENSE
Contents/Home/legal/jdk.incubator.httpclient
Contents/Home/legal/jdk.incubator.httpclient/COPYRIGHT
Contents/Home/legal/jdk.incubator.httpclient/LICENSE
Contents/Home/legal/jdk.internal.ed
Contents/Home/legal/jdk.internal.ed/COPYRIGHT
Contents/Home/legal/jdk.internal.ed/LICENSE
Contents/Home/legal/jdk.internal.jvmstat
Contents/Home/legal/jdk.internal.jvmstat/COPYRIGHT
Contents/Home/legal/jdk.internal.jvmstat/LICENSE
Contents/Home/legal/jdk.internal.le
Contents/Home/legal/jdk.internal.le/COPYRIGHT
Contents/Home/legal/jdk.internal.le/LICENSE
Contents/Home/legal/jdk.internal.le/jline.md
Contents/Home/legal/jdk.internal.opt
Contents/Home/legal/jdk.internal.opt/COPYRIGHT
Contents/Home/legal/jdk.internal.opt/LICENSE
Contents/Home/legal/jdk.internal.opt/jopt-simple.md
Contents/Home/legal/jdk.internal.vm.ci
Contents/Home/legal/jdk.internal.vm.ci/COPYRIGHT
Contents/Home/legal/jdk.internal.vm.ci/LICENSE
Contents/Home/legal/jdk.jartool
Contents/Home/legal/jdk.jartool/COPYRIGHT
Contents/Home/legal/jdk.jartool/LICENSE
Contents/Home/legal/jdk.javadoc
Contents/Home/legal/jdk.javadoc/COPYRIGHT
Contents/Home/legal/jdk.javadoc/LICENSE
Contents/Home/legal/jdk.javadoc/jquery.md
Contents/Home/legal/jdk.javadoc/jszip.md
Contents/Home/legal/jdk.javadoc/pako.md
Contents/Home/legal/jdk.javaws
Contents/Home/legal/jdk.javaws/COPYRIGHT
Contents/Home/legal/jdk.javaws/LICENSE
Contents/Home/legal/jdk.jcmd
Contents/Home/legal/jdk.jcmd/COPYRIGHT
Contents/Home/legal/jdk.jcmd/LICENSE
Contents/Home/legal/jdk.jconsole
Contents/Home/legal/jdk.jconsole/COPYRIGHT
Contents/Home/legal/jdk.jconsole/LICENSE
Contents/Home/legal/jdk.jdeps
Contents/Home/legal/jdk.jdeps/COPYRIGHT
Contents/Home/legal/jdk.jdeps/LICENSE
Contents/Home/legal/jdk.jdi
Contents/Home/legal/jdk.jdi/COPYRIGHT
Contents/Home/legal/jdk.jdi/LICENSE
Contents/Home/legal/jdk.jdwp.agent
Contents/Home/legal/jdk.jdwp.agent/COPYRIGHT
Contents/Home/legal/jdk.jdwp.agent/LICENSE
Contents/Home/legal/jdk.jfr
Contents/Home/legal/jdk.jfr/COPYRIGHT
Contents/Home/legal/jdk.jfr/LICENSE
Contents/Home/legal/jdk.jlink
Contents/Home/legal/jdk.jlink/COPYRIGHT
Contents/Home/legal/jdk.jlink/LICENSE
Contents/Home/legal/jdk.jshell
Contents/Home/legal/jdk.jshell/COPYRIGHT
Contents/Home/legal/jdk.jshell/LICENSE
Contents/Home/legal/jdk.jsobject
Contents/Home/legal/jdk.jsobject/COPYRIGHT
Contents/Home/legal/jdk.jsobject/LICENSE
Contents/Home/legal/jdk.jstatd
Contents/Home/legal/jdk.jstatd/COPYRIGHT
Contents/Home/legal/jdk.jstatd/LICENSE
Contents/Home/legal/jdk.localedata
Contents/Home/legal/jdk.localedata/COPYRIGHT
Contents/Home/legal/jdk.localedata/LICENSE
Contents/Home/legal/jdk.localedata/cldr.md
Contents/Home/legal/jdk.localedata/thaidict.md
Contents/Home/legal/jdk.management
Contents/Home/legal/jdk.management/COPYRIGHT
Contents/Home/legal/jdk.management/LICENSE
Contents/Home/legal/jdk.management.agent
Contents/Home/legal/jdk.management.agent/COPYRIGHT
Contents/Home/legal/jdk.management.agent/LICENSE
Contents/Home/legal/jdk.management.cmm
Contents/Home/legal/jdk.management.cmm/COPYRIGHT
Contents/Home/legal/jdk.management.cmm/LICENSE
Contents/Home/legal/jdk.management.jfr
Contents/Home/legal/jdk.management.jfr/COPYRIGHT
Contents/Home/legal/jdk.management.jfr/LICENSE
Contents/Home/legal/jdk.management.resource
Contents/Home/legal/jdk.management.resource/COPYRIGHT
Contents/Home/legal/jdk.management.resource/LICENSE
Contents/Home/legal/jdk.naming.dns
Contents/Home/legal/jdk.naming.dns/COPYRIGHT
Contents/Home/legal/jdk.naming.dns/LICENSE
Contents/Home/legal/jdk.naming.rmi
Contents/Home/legal/jdk.naming.rmi/COPYRIGHT
Contents/Home/legal/jdk.naming.rmi/LICENSE
Contents/Home/legal/jdk.net
Contents/Home/legal/jdk.net/COPYRIGHT
Contents/Home/legal/jdk.net/LICENSE
Contents/Home/legal/jdk.pack
Contents/Home/legal/jdk.pack/COPYRIGHT
Contents/Home/legal/jdk.pack/LICENSE
Contents/Home/legal/jdk.packager
Contents/Home/legal/jdk.packager/COPYRIGHT
Contents/Home/legal/jdk.packager/LICENSE
Contents/Home/legal/jdk.packager.services
Contents/Home/legal/jdk.packager.services/COPYRIGHT
Contents/Home/legal/jdk.packager.services/LICENSE
Contents/Home/legal/jdk.plugin
Contents/Home/legal/jdk.plugin/COPYRIGHT
Contents/Home/legal/jdk.plugin/LICENSE
Contents/Home/legal/jdk.plugin.dom
Contents/Home/legal/jdk.plugin.dom/COPYRIGHT
Contents/Home/legal/jdk.plugin.dom/LICENSE
Contents/Home/legal/jdk.plugin.dom/dom.md
Contents/Home/legal/jdk.plugin.server
Contents/Home/legal/jdk.plugin.server/COPYRIGHT
Contents/Home/legal/jdk.plugin.server/LICENSE
Contents/Home/legal/jdk.policytool
Contents/Home/legal/jdk.policytool/COPYRIGHT
Contents/Home/legal/jdk.policytool/LICENSE
Contents/Home/legal/jdk.rmic
Contents/Home/legal/jdk.rmic/COPYRIGHT
Contents/Home/legal/jdk.rmic/LICENSE
Contents/Home/legal/jdk.scripting.nashorn
Contents/Home/legal/jdk.scripting.nashorn/COPYRIGHT
Contents/Home/legal/jdk.scripting.nashorn/LICENSE
Contents/Home/legal/jdk.scripting.nashorn/double-conversion.md
Contents/Home/legal/jdk.scripting.nashorn/joni.md
Contents/Home/legal/jdk.scripting.nashorn.shell
Contents/Home/legal/jdk.scripting.nashorn.shell/COPYRIGHT
Contents/Home/legal/jdk.scripting.nashorn.shell/LICENSE
Contents/Home/legal/jdk.sctp
Contents/Home/legal/jdk.sctp/COPYRIGHT
Contents/Home/legal/jdk.sctp/LICENSE
Contents/Home/legal/jdk.security.auth
Contents/Home/legal/jdk.security.auth/COPYRIGHT
Contents/Home/legal/jdk.security.auth/LICENSE
Contents/Home/legal/jdk.security.jgss
Contents/Home/legal/jdk.security.jgss/COPYRIGHT
Contents/Home/legal/jdk.security.jgss/LICENSE
Contents/Home/legal/jdk.snmp
Contents/Home/legal/jdk.snmp/COPYRIGHT
Contents/Home/legal/jdk.snmp/LICENSE
Contents/Home/legal/jdk.unsupported
Contents/Home/legal/jdk.unsupported/COPYRIGHT
Contents/Home/legal/jdk.unsupported/LICENSE
Contents/Home/legal/jdk.xml.bind
Contents/Home/legal/jdk.xml.bind/COPYRIGHT
Contents/Home/legal/jdk.xml.bind/LICENSE
Contents/Home/legal/jdk.xml.bind/freebxml.md
Contents/Home/legal/jdk.xml.bind/relaxngdatatype.md
Contents/Home/legal/jdk.xml.bind/rngom.md
Contents/Home/legal/jdk.xml.bind/xmlresolver.md
Contents/Home/legal/jdk.xml.dom
Contents/Home/legal/jdk.xml.dom/COPYRIGHT
Contents/Home/legal/jdk.xml.dom/LICENSE
Contents/Home/legal/jdk.xml.ws
Contents/Home/legal/jdk.xml.ws/COPYRIGHT
Contents/Home/legal/jdk.xml.ws/LICENSE
Contents/Home/legal/jdk.zipfs
Contents/Home/legal/jdk.zipfs/COPYRIGHT
Contents/Home/legal/jdk.zipfs/LICENSE
Contents/Home/legal/oracle.desktop
Contents/Home/legal/oracle.desktop/COPYRIGHT
Contents/Home/legal/oracle.desktop/LICENSE
Contents/Home/legal/oracle.net
Contents/Home/legal/oracle.net/COPYRIGHT
Contents/Home/legal/oracle.net/LICENSE
Contents/Home/lib
Contents/Home/lib/ant-javafx.jar
Contents/Home/lib/classlist
Contents/Home/lib/ct.sym
Contents/Home/lib/deploy
Contents/Home/lib/deploy/JavaControlPanel.prefPane
Contents/Home/lib/deploy/JavaControlPanel.prefPane/Contents
Contents/Home/lib/deploy/JavaControlPanel.prefPane/Contents/Info.plist
Contents/Home/lib/deploy/JavaControlPanel.prefPane/Contents/MacOS
Contents/Home/lib/deploy/JavaControlPanel.prefPane/Contents/MacOS/JavaControlPanel
Contents/Home/lib/deploy/JavaControlPanel.prefPane/Contents/Resources
Contents/Home/lib/deploy/JavaControlPanel.prefPane/Contents/Resources/Java7VM.icns
Contents/Home/lib/deploy/JavaControlPanel.prefPane/Contents/Resources/JavaControlPanel.nib
Contents/Home/lib/deploy/JavaControlPanel.prefPane/Contents/Resources/JavaCupLogo-161.png
Contents/Home/lib/deploy/JavaControlPanel.prefPane/Contents/Resources/de.lproj
Contents/Home/lib/deploy/JavaControlPanel.prefPane/Contents/Resources/de.lproj/InfoPlist.strings
Contents/Home/lib/deploy/JavaControlPanel.prefPane/Contents/Resources/de.lproj/JavaControlPanel.strings
Contents/Home/lib/deploy/JavaControlPanel.prefPane/Contents/Resources/en.lproj
Contents/Home/lib/deploy/JavaControlPanel.prefPane/Contents/Resources/en.lproj/InfoPlist.strings
Contents/Home/lib/deploy/JavaControlPanel.prefPane/Contents/Resources/en.lproj/JavaControlPanel.strings
Contents/Home/lib/deploy/JavaControlPanel.prefPane/Contents/Resources/es.lproj
Contents/Home/lib/deploy/JavaControlPanel.prefPane/Contents/Resources/es.lproj/InfoPlist.strings
Contents/Home/lib/deploy/JavaControlPanel.prefPane/Contents/Resources/es.lproj/JavaControlPanel.strings
Contents/Home/lib/deploy/JavaControlPanel.prefPane/Contents/Resources/fr.lproj
Contents/Home/lib/deploy/JavaControlPanel.prefPane/Contents/Resources/fr.lproj/InfoPlist.strings
Contents/Home/lib/deploy/JavaControlPanel.prefPane/Contents/Resources/fr.lproj/JavaControlPanel.strings
Contents/Home/lib/deploy/JavaControlPanel.prefPane/Contents/Resources/it.lproj
Contents/Home/lib/deploy/JavaControlPanel.prefPane/Contents/Resources/it.lproj/InfoPlist.strings
Contents/Home/lib/deploy/JavaControlPanel.prefPane/Contents/Resources/it.lproj/JavaControlPanel.strings
Contents/Home/lib/deploy/JavaControlPanel.prefPane/Contents/Resources/ja.lproj
Contents/Home/lib/deploy/JavaControlPanel.prefPane/Contents/Resources/ja.lproj/InfoPlist.strings
Contents/Home/lib/deploy/JavaControlPanel.prefPane/Contents/Resources/ja.lproj/JavaControlPanel.strings
Contents/Home/lib/deploy/JavaControlPanel.prefPane/Contents/Resources/ko.lproj
Contents/Home/lib/deploy/JavaControlPanel.prefPane/Contents/Resources/ko.lproj/InfoPlist.strings
Contents/Home/lib/deploy/JavaControlPanel.prefPane/Contents/Resources/ko.lproj/JavaControlPanel.strings
Contents/Home/lib/deploy/JavaControlPanel.prefPane/Contents/Resources/pt_BR.lproj
Contents/Home/lib/deploy/JavaControlPanel.prefPane/Contents/Resources/pt_BR.lproj/InfoPlist.strings
Contents/Home/lib/deploy/JavaControlPanel.prefPane/Contents/Resources/pt_BR.lproj/JavaControlPanel.strings
Contents/Home/lib/deploy/JavaControlPanel.prefPane/Contents/Resources/sv.lproj
Contents/Home/lib/deploy/JavaControlPanel.prefPane/Contents/Resources/sv.lproj/InfoPlist.strings
Contents/Home/lib/deploy/JavaControlPanel.prefPane/Contents/Resources/sv.lproj/JavaControlPanel.strings
Contents/Home/lib/deploy/JavaControlPanel.prefPane/Contents/Resources/zh_CN.lproj
Contents/Home/lib/deploy/JavaControlPanel.prefPane/Contents/Resources/zh_CN.lproj/InfoPlist.strings
Contents/Home/lib/deploy/JavaControlPanel.prefPane/Contents/Resources/zh_CN.lproj/JavaControlPanel.strings
Contents/Home/lib/deploy/JavaControlPanel.prefPane/Contents/Resources/zh_TW.lproj
Contents/Home/lib/deploy/JavaControlPanel.prefPane/Contents/Resources/zh_TW.lproj/InfoPlist.strings
Contents/Home/lib/deploy/JavaControlPanel.prefPane/Contents/Resources/zh_TW.lproj/JavaControlPanel.strings
Contents/Home/lib/deploy/cautionshield.icns
Contents/Home/lib/deploy/icon-warning16.png
Contents/Home/lib/deploy/messages.properties
Contents/Home/lib/deploy/messages_de.properties
Contents/Home/lib/deploy/messages_es.properties
Contents/Home/lib/deploy/messages_fr.properties
Contents/Home/lib/deploy/messages_it.properties
Contents/Home/lib/deploy/messages_ja.properties
Contents/Home/lib/deploy/messages_ko.properties
Contents/Home/lib/deploy/messages_pt_BR.properties
Contents/Home/lib/deploy/messages_sv.properties
Contents/Home/lib/deploy/messages_zh_CN.properties
Contents/Home/lib/deploy/messages_zh_HK.properties
Contents/Home/lib/deploy/messages_zh_TW.properties
Contents/Home/lib/deploy/mixcode_s.png
Contents/Home/lib/deploy/splash.gif
Contents/Home/lib/deploy.jar
Contents/Home/lib/fontconfig.bfc
Contents/Home/lib/fontconfig.properties.src
Contents/Home/lib/fonts
Contents/Home/lib/fonts/LucidaBrightDemiBold.ttf
Contents/Home/lib/fonts/LucidaBrightDemiItalic.ttf
Contents/Home/lib/fonts/LucidaBrightItalic.ttf
Contents/Home/lib/fonts/LucidaBrightRegular.ttf
Contents/Home/lib/fonts/LucidaSansDemiBold.ttf
Contents/Home/lib/fonts/LucidaSansRegular.ttf
Contents/Home/lib/fonts/LucidaTypewriterBold.ttf
Contents/Home/lib/fonts/LucidaTypewriterRegular.ttf
Contents/Home/lib/fonts/fonts.dir
Contents/Home/lib/java.jnlp.jar
Contents/Home/lib/javafx-swt.jar
Contents/Home/lib/javafx.properties
Contents/Home/lib/javaws.jar
Contents/Home/lib/jdk.deploy.jar
Contents/Home/lib/jdk.javaws.jar
Contents/Home/lib/jdk.plugin.dom.jar
Contents/Home/lib/jdk.plugin.jar
Contents/Home/lib/jfr
Contents/Home/lib/jfr/default.jfc
Contents/Home/lib/jfr/profile.jfc
Contents/Home/lib/jli
Contents/Home/lib/jli/libjli.dylib
Contents/Home/lib/jrt-fs.jar
Contents/Home/lib/jspawnhelper
Contents/Home/lib/jvm.cfg
Contents/Home/lib/libattach.dylib
Contents/Home/lib/libawt.dylib
Contents/Home/lib/libawt_lwawt.dylib
Contents/Home/lib/libbci.dylib
Contents/Home/lib/libcmm.dylib
Contents/Home/lib/libdcpr.dylib
Contents/Home/lib/libdecora_sse.dylib
Contents/Home/lib/libdeploy.dylib
Contents/Home/lib/libdt_socket.dylib
Contents/Home/lib/libfontmanager.dylib
Contents/Home/lib/libfxplugins.dylib
Contents/Home/lib/libglass.dylib
Contents/Home/lib/libglib-lite.dylib
Contents/Home/lib/libgstreamer-lite.dylib
Contents/Home/lib/libinstrument.dylib
Contents/Home/lib/libj2gss.dylib
Contents/Home/lib/libj2pcsc.dylib
Contents/Home/lib/libj2pkcs11.dylib
Contents/Home/lib/libjaas_unix.dylib
Contents/Home/lib/libjava.dylib
Contents/Home/lib/libjavafx_font.dylib
Contents/Home/lib/libjavafx_font_t2k.dylib
Contents/Home/lib/libjavafx_iio.dylib
Contents/Home/lib/libjavajpeg.dylib
Contents/Home/lib/libjawt.dylib
Contents/Home/lib/libjdwp.dylib
Contents/Home/lib/libjfxmedia.dylib
Contents/Home/lib/libjfxmedia_avf.dylib
Contents/Home/lib/libjfxwebkit.dylib
Contents/Home/lib/libjimage.dylib
Contents/Home/lib/libjsig.dylib
Contents/Home/lib/libjsound.dylib
Contents/Home/lib/libkcms.dylib
Contents/Home/lib/liblcms.dylib
Contents/Home/lib/libmanagement.dylib
Contents/Home/lib/libmanagement_agent.dylib
Contents/Home/lib/libmanagement_ext.dylib
Contents/Home/lib/libmlib_image.dylib
Contents/Home/lib/libnet.dylib
Contents/Home/lib/libnio.dylib
Contents/Home/lib/libnpjp2.dylib
Contents/Home/lib/libosx.dylib
Contents/Home/lib/libosxapp.dylib
Contents/Home/lib/libosxkrb5.dylib
Contents/Home/lib/libosxsecurity.dylib
Contents/Home/lib/libosxui.dylib
Contents/Home/lib/libprefs.dylib
Contents/Home/lib/libprism_common.dylib
Contents/Home/lib/libprism_es2.dylib
Contents/Home/lib/libprism_sw.dylib
Contents/Home/lib/librm.dylib
Contents/Home/lib/librmi.dylib
Contents/Home/lib/libsaproc.dylib
Contents/Home/lib/libsplashscreen.dylib
Contents/Home/lib/libsunec.dylib
Contents/Home/lib/libt2k.dylib
Contents/Home/lib/libunpack.dylib
Contents/Home/lib/libverify.dylib
Contents/Home/lib/libzip.dylib
Contents/Home/lib/missioncontrol
Contents/Home/lib/missioncontrol/.eclipseproduct
Contents/Home/lib/missioncontrol/Java Mission Control.app
Contents/Home/lib/missioncontrol/Java Mission Control.app/Contents
Contents/Home/lib/missioncontrol/Java Mission Control.app/Contents/Eclipse
Contents/Home/lib/missioncontrol/Java Mission Control.app/Contents/Eclipse/jmc.ini
Contents/Home/lib/missioncontrol/Java Mission Control.app/Contents/Info.plist
Contents/Home/lib/missioncontrol/Java Mission Control.app/Contents/MacOS
Contents/Home/lib/missioncontrol/Java Mission Control.app/Contents/MacOS/jmc
Contents/Home/lib/missioncontrol/Java Mission Control.app/Contents/Resources
Contents/Home/lib/missioncontrol/Java Mission Control.app/Contents/Resources/jmc.icns
Contents/Home/lib/missioncontrol/Java Mission Control.app/Contents/_CodeSignature
Contents/Home/lib/missioncontrol/Java Mission Control.app/Contents/_CodeSignature/CodeResources
Contents/Home/lib/missioncontrol/THIRDPARTYLICENSEREADME.txt
Contents/Home/lib/missioncontrol/artifacts.xml
Contents/Home/lib/missioncontrol/configuration
Contents/Home/lib/missioncontrol/configuration/config.ini
Contents/Home/lib/missioncontrol/configuration/org.eclipse.equinox.simpleconfigurator
Contents/Home/lib/missioncontrol/configuration/org.eclipse.equinox.simpleconfigurator/.baseBundlesInfoTimestamp
Contents/Home/lib/missioncontrol/configuration/org.eclipse.equinox.simpleconfigurator/bundles.info
Contents/Home/lib/missioncontrol/configuration/org.eclipse.update
Contents/Home/lib/missioncontrol/configuration/org.eclipse.update/platform.xml
Contents/Home/lib/missioncontrol/dropins
Contents/Home/lib/missioncontrol/dropins/README.TXT
Contents/Home/lib/missioncontrol/features
Contents/Home/lib/missioncontrol/features/com.oracle.jmc.feature.console_6.0.0.173472
Contents/Home/lib/missioncontrol/features/com.oracle.jmc.feature.console_6.0.0.173472/feature.properties
Contents/Home/lib/missioncontrol/features/com.oracle.jmc.feature.console_6.0.0.173472/feature.xml
Contents/Home/lib/missioncontrol/features/com.oracle.jmc.feature.core_6.0.0.173472
Contents/Home/lib/missioncontrol/features/com.oracle.jmc.feature.core_6.0.0.173472/feature.properties
Contents/Home/lib/missioncontrol/features/com.oracle.jmc.feature.core_6.0.0.173472/feature.xml
Contents/Home/lib/missioncontrol/features/com.oracle.jmc.feature.flightrecorder_6.0.0.173472
Contents/Home/lib/missioncontrol/features/com.oracle.jmc.feature.flightrecorder_6.0.0.173472/feature.properties
Contents/Home/lib/missioncontrol/features/com.oracle.jmc.feature.flightrecorder_6.0.0.173472/feature.xml
Contents/Home/lib/missioncontrol/features/com.oracle.jmc.feature.rcp.ja_6.0.0.173472
Contents/Home/lib/missioncontrol/features/com.oracle.jmc.feature.rcp.ja_6.0.0.173472/feature.properties
Contents/Home/lib/missioncontrol/features/com.oracle.jmc.feature.rcp.ja_6.0.0.173472/feature.xml
Contents/Home/lib/missioncontrol/features/com.oracle.jmc.feature.rcp.update_6.0.0.173472
Contents/Home/lib/missioncontrol/features/com.oracle.jmc.feature.rcp.update_6.0.0.173472/feature.properties
Contents/Home/lib/missioncontrol/features/com.oracle.jmc.feature.rcp.update_6.0.0.173472/feature.xml
Contents/Home/lib/missioncontrol/features/com.oracle.jmc.feature.rcp.zh_CN_6.0.0.173472
Contents/Home/lib/missioncontrol/features/com.oracle.jmc.feature.rcp.zh_CN_6.0.0.173472/feature.properties
Contents/Home/lib/missioncontrol/features/com.oracle.jmc.feature.rcp.zh_CN_6.0.0.173472/feature.xml
Contents/Home/lib/missioncontrol/features/com.oracle.jmc.feature.rcp_6.0.0.173472
Contents/Home/lib/missioncontrol/features/com.oracle.jmc.feature.rcp_6.0.0.173472/feature.properties
Contents/Home/lib/missioncontrol/features/com.oracle.jmc.feature.rcp_6.0.0.173472/feature.xml
Contents/Home/lib/missioncontrol/features/com.oracle.jmc.rcp.product_6.0.0.173472
Contents/Home/lib/missioncontrol/features/com.oracle.jmc.rcp.product_6.0.0.173472/feature.properties
Contents/Home/lib/missioncontrol/features/com.oracle.jmc.rcp.product_6.0.0.173472/feature.xml
Contents/Home/lib/missioncontrol/features/org.eclipse.babel.nls_eclipse_ja_4.5.0.v20151128060001
Contents/Home/lib/missioncontrol/features/org.eclipse.babel.nls_eclipse_ja_4.5.0.v20151128060001/about.html
Contents/Home/lib/missioncontrol/features/org.eclipse.babel.nls_eclipse_ja_4.5.0.v20151128060001/eclipse_update_120.jpg
Contents/Home/lib/missioncontrol/features/org.eclipse.babel.nls_eclipse_ja_4.5.0.v20151128060001/epl-v10.html
Contents/Home/lib/missioncontrol/features/org.eclipse.babel.nls_eclipse_ja_4.5.0.v20151128060001/feature.properties
Contents/Home/lib/missioncontrol/features/org.eclipse.babel.nls_eclipse_ja_4.5.0.v20151128060001/feature.xml
Contents/Home/lib/missioncontrol/features/org.eclipse.babel.nls_eclipse_ja_4.5.0.v20151128060001/license.html
Contents/Home/lib/missioncontrol/features/org.eclipse.babel.nls_eclipse_zh_4.5.0.v20151128060001
Contents/Home/lib/missioncontrol/features/org.eclipse.babel.nls_eclipse_zh_4.5.0.v20151128060001/about.html
Contents/Home/lib/missioncontrol/features/org.eclipse.babel.nls_eclipse_zh_4.5.0.v20151128060001/eclipse_update_120.jpg
Contents/Home/lib/missioncontrol/features/org.eclipse.babel.nls_eclipse_zh_4.5.0.v20151128060001/epl-v10.html
Contents/Home/lib/missioncontrol/features/org.eclipse.babel.nls_eclipse_zh_4.5.0.v20151128060001/feature.properties
Contents/Home/lib/missioncontrol/features/org.eclipse.babel.nls_eclipse_zh_4.5.0.v20151128060001/feature.xml
Contents/Home/lib/missioncontrol/features/org.eclipse.babel.nls_eclipse_zh_4.5.0.v20151128060001/license.html
Contents/Home/lib/missioncontrol/features/org.eclipse.e4.rcp_1.5.0.v20160701-1418
Contents/Home/lib/missioncontrol/features/org.eclipse.e4.rcp_1.5.0.v20160701-1418/META-INF
Contents/Home/lib/missioncontrol/features/org.eclipse.e4.rcp_1.5.0.v20160701-1418/META-INF/MANIFEST.MF
Contents/Home/lib/missioncontrol/features/org.eclipse.e4.rcp_1.5.0.v20160701-1418/epl-v10.html
Contents/Home/lib/missioncontrol/features/org.eclipse.e4.rcp_1.5.0.v20160701-1418/feature.properties
Contents/Home/lib/missioncontrol/features/org.eclipse.e4.rcp_1.5.0.v20160701-1418/feature.xml
Contents/Home/lib/missioncontrol/features/org.eclipse.e4.rcp_1.5.0.v20160701-1418/license.html
Contents/Home/lib/missioncontrol/features/org.eclipse.ecf.core.feature_1.3.0.v20160405-1820
Contents/Home/lib/missioncontrol/features/org.eclipse.ecf.core.feature_1.3.0.v20160405-1820/META-INF
Contents/Home/lib/missioncontrol/features/org.eclipse.ecf.core.feature_1.3.0.v20160405-1820/META-INF/ECLIPSE_.RSA
Contents/Home/lib/missioncontrol/features/org.eclipse.ecf.core.feature_1.3.0.v20160405-1820/META-INF/ECLIPSE_.SF
Contents/Home/lib/missioncontrol/features/org.eclipse.ecf.core.feature_1.3.0.v20160405-1820/META-INF/MANIFEST.MF
Contents/Home/lib/missioncontrol/features/org.eclipse.ecf.core.feature_1.3.0.v20160405-1820/META-INF/eclipse.inf
Contents/Home/lib/missioncontrol/features/org.eclipse.ecf.core.feature_1.3.0.v20160405-1820/about.html
Contents/Home/lib/missioncontrol/features/org.eclipse.ecf.core.feature_1.3.0.v20160405-1820/epl-v10.html
Contents/Home/lib/missioncontrol/features/org.eclipse.ecf.core.feature_1.3.0.v20160405-1820/feature.properties
Contents/Home/lib/missioncontrol/features/org.eclipse.ecf.core.feature_1.3.0.v20160405-1820/feature.xml
Contents/Home/lib/missioncontrol/features/org.eclipse.ecf.core.feature_1.3.0.v20160405-1820/license.html
Contents/Home/lib/missioncontrol/features/org.eclipse.ecf.core.ssl.feature_1.1.0.v20160405-1820
Contents/Home/lib/missioncontrol/features/org.eclipse.ecf.core.ssl.feature_1.1.0.v20160405-1820/META-INF
Contents/Home/lib/missioncontrol/features/org.eclipse.ecf.core.ssl.feature_1.1.0.v20160405-1820/META-INF/ECLIPSE_.RSA
Contents/Home/lib/missioncontrol/features/org.eclipse.ecf.core.ssl.feature_1.1.0.v20160405-1820/META-INF/ECLIPSE_.SF
Contents/Home/lib/missioncontrol/features/org.eclipse.ecf.core.ssl.feature_1.1.0.v20160405-1820/META-INF/MANIFEST.MF
Contents/Home/lib/missioncontrol/features/org.eclipse.ecf.core.ssl.feature_1.1.0.v20160405-1820/META-INF/eclipse.inf
Contents/Home/lib/missioncontrol/features/org.eclipse.ecf.core.ssl.feature_1.1.0.v20160405-1820/about.html
Contents/Home/lib/missioncontrol/features/org.eclipse.ecf.core.ssl.feature_1.1.0.v20160405-1820/epl-v10.html
Contents/Home/lib/missioncontrol/features/org.eclipse.ecf.core.ssl.feature_1.1.0.v20160405-1820/feature.properties
Contents/Home/lib/missioncontrol/features/org.eclipse.ecf.core.ssl.feature_1.1.0.v20160405-1820/feature.xml
Contents/Home/lib/missioncontrol/features/org.eclipse.ecf.core.ssl.feature_1.1.0.v20160405-1820/license.html
Contents/Home/lib/missioncontrol/features/org.eclipse.ecf.filetransfer.feature_3.13.1.v20160405-1820
Contents/Home/lib/missioncontrol/features/org.eclipse.ecf.filetransfer.feature_3.13.1.v20160405-1820/META-INF
Contents/Home/lib/missioncontrol/features/org.eclipse.ecf.filetransfer.feature_3.13.1.v20160405-1820/META-INF/ECLIPSE_.RSA
Contents/Home/lib/missioncontrol/features/org.eclipse.ecf.filetransfer.feature_3.13.1.v20160405-1820/META-INF/ECLIPSE_.SF
Contents/Home/lib/missioncontrol/features/org.eclipse.ecf.filetransfer.feature_3.13.1.v20160405-1820/META-INF/MANIFEST.MF
Contents/Home/lib/missioncontrol/features/org.eclipse.ecf.filetransfer.feature_3.13.1.v20160405-1820/META-INF/eclipse.inf
Contents/Home/lib/missioncontrol/features/org.eclipse.ecf.filetransfer.feature_3.13.1.v20160405-1820/about.html
Contents/Home/lib/missioncontrol/features/org.eclipse.ecf.filetransfer.feature_3.13.1.v20160405-1820/asl-v20.txt
Contents/Home/lib/missioncontrol/features/org.eclipse.ecf.filetransfer.feature_3.13.1.v20160405-1820/epl-v10.html
Contents/Home/lib/missioncontrol/features/org.eclipse.ecf.filetransfer.feature_3.13.1.v20160405-1820/feature.properties
Contents/Home/lib/missioncontrol/features/org.eclipse.ecf.filetransfer.feature_3.13.1.v20160405-1820/feature.xml
Contents/Home/lib/missioncontrol/features/org.eclipse.ecf.filetransfer.feature_3.13.1.v20160405-1820/license.html
Contents/Home/lib/missioncontrol/features/org.eclipse.ecf.filetransfer.httpclient4.feature_3.13.1.v20160405-1820
Contents/Home/lib/missioncontrol/features/org.eclipse.ecf.filetransfer.httpclient4.feature_3.13.1.v20160405-1820/META-INF
Contents/Home/lib/missioncontrol/features/org.eclipse.ecf.filetransfer.httpclient4.feature_3.13.1.v20160405-1820/META-INF/ECLIPSE_.RSA
Contents/Home/lib/missioncontrol/features/org.eclipse.ecf.filetransfer.httpclient4.feature_3.13.1.v20160405-1820/META-INF/ECLIPSE_.SF
Contents/Home/lib/missioncontrol/features/org.eclipse.ecf.filetransfer.httpclient4.feature_3.13.1.v20160405-1820/META-INF/MANIFEST.MF
Contents/Home/lib/missioncontrol/features/org.eclipse.ecf.filetransfer.httpclient4.feature_3.13.1.v20160405-1820/META-INF/eclipse.inf
Contents/Home/lib/missioncontrol/features/org.eclipse.ecf.filetransfer.httpclient4.feature_3.13.1.v20160405-1820/about.html
Contents/Home/lib/missioncontrol/features/org.eclipse.ecf.filetransfer.httpclient4.feature_3.13.1.v20160405-1820/asl-v20.txt
Contents/Home/lib/missioncontrol/features/org.eclipse.ecf.filetransfer.httpclient4.feature_3.13.1.v20160405-1820/epl-v10.html
Contents/Home/lib/missioncontrol/features/org.eclipse.ecf.filetransfer.httpclient4.feature_3.13.1.v20160405-1820/feature.properties
Contents/Home/lib/missioncontrol/features/org.eclipse.ecf.filetransfer.httpclient4.feature_3.13.1.v20160405-1820/feature.xml
Contents/Home/lib/missioncontrol/features/org.eclipse.ecf.filetransfer.httpclient4.feature_3.13.1.v20160405-1820/license.html
Contents/Home/lib/missioncontrol/features/org.eclipse.ecf.filetransfer.httpclient4.ssl.feature_1.1.0.v20160405-1820
Contents/Home/lib/missioncontrol/features/org.eclipse.ecf.filetransfer.httpclient4.ssl.feature_1.1.0.v20160405-1820/META-INF
Contents/Home/lib/missioncontrol/features/org.eclipse.ecf.filetransfer.httpclient4.ssl.feature_1.1.0.v20160405-1820/META-INF/ECLIPSE_.RSA
Contents/Home/lib/missioncontrol/features/org.eclipse.ecf.filetransfer.httpclient4.ssl.feature_1.1.0.v20160405-1820/META-INF/ECLIPSE_.SF
Contents/Home/lib/missioncontrol/features/org.eclipse.ecf.filetransfer.httpclient4.ssl.feature_1.1.0.v20160405-1820/META-INF/MANIFEST.MF
Contents/Home/lib/missioncontrol/features/org.eclipse.ecf.filetransfer.httpclient4.ssl.feature_1.1.0.v20160405-1820/META-INF/eclipse.inf
Contents/Home/lib/missioncontrol/features/org.eclipse.ecf.filetransfer.httpclient4.ssl.feature_1.1.0.v20160405-1820/about.html
Contents/Home/lib/missioncontrol/features/org.eclipse.ecf.filetransfer.httpclient4.ssl.feature_1.1.0.v20160405-1820/asl-v20.txt
Contents/Home/lib/missioncontrol/features/org.eclipse.ecf.filetransfer.httpclient4.ssl.feature_1.1.0.v20160405-1820/epl-v10.html
Contents/Home/lib/missioncontrol/features/org.eclipse.ecf.filetransfer.httpclient4.ssl.feature_1.1.0.v20160405-1820/feature.properties
Contents/Home/lib/missioncontrol/features/org.eclipse.ecf.filetransfer.httpclient4.ssl.feature_1.1.0.v20160405-1820/feature.xml
Contents/Home/lib/missioncontrol/features/org.eclipse.ecf.filetransfer.httpclient4.ssl.feature_1.1.0.v20160405-1820/license.html
Contents/Home/lib/missioncontrol/features/org.eclipse.ecf.filetransfer.ssl.feature_1.1.0.v20160405-1820
Contents/Home/lib/missioncontrol/features/org.eclipse.ecf.filetransfer.ssl.feature_1.1.0.v20160405-1820/META-INF
Contents/Home/lib/missioncontrol/features/org.eclipse.ecf.filetransfer.ssl.feature_1.1.0.v20160405-1820/META-INF/ECLIPSE_.RSA
Contents/Home/lib/missioncontrol/features/org.eclipse.ecf.filetransfer.ssl.feature_1.1.0.v20160405-1820/META-INF/ECLIPSE_.SF
Contents/Home/lib/missioncontrol/features/org.eclipse.ecf.filetransfer.ssl.feature_1.1.0.v20160405-1820/META-INF/MANIFEST.MF
Contents/Home/lib/missioncontrol/features/org.eclipse.ecf.filetransfer.ssl.feature_1.1.0.v20160405-1820/META-INF/eclipse.inf
Contents/Home/lib/missioncontrol/features/org.eclipse.ecf.filetransfer.ssl.feature_1.1.0.v20160405-1820/about.html
Contents/Home/lib/missioncontrol/features/org.eclipse.ecf.filetransfer.ssl.feature_1.1.0.v20160405-1820/epl-v10.html
Contents/Home/lib/missioncontrol/features/org.eclipse.ecf.filetransfer.ssl.feature_1.1.0.v20160405-1820/feature.properties
Contents/Home/lib/missioncontrol/features/org.eclipse.ecf.filetransfer.ssl.feature_1.1.0.v20160405-1820/feature.xml
Contents/Home/lib/missioncontrol/features/org.eclipse.ecf.filetransfer.ssl.feature_1.1.0.v20160405-1820/license.html
Contents/Home/lib/missioncontrol/features/org.eclipse.emf.common_2.12.0.v20160420-0247
Contents/Home/lib/missioncontrol/features/org.eclipse.emf.common_2.12.0.v20160420-0247/META-INF
Contents/Home/lib/missioncontrol/features/org.eclipse.emf.common_2.12.0.v20160420-0247/META-INF/ECLIPSE_.RSA
Contents/Home/lib/missioncontrol/features/org.eclipse.emf.common_2.12.0.v20160420-0247/META-INF/ECLIPSE_.SF
Contents/Home/lib/missioncontrol/features/org.eclipse.emf.common_2.12.0.v20160420-0247/META-INF/MANIFEST.MF
Contents/Home/lib/missioncontrol/features/org.eclipse.emf.common_2.12.0.v20160420-0247/META-INF/eclipse.inf
Contents/Home/lib/missioncontrol/features/org.eclipse.emf.common_2.12.0.v20160420-0247/epl-v10.html
Contents/Home/lib/missioncontrol/features/org.eclipse.emf.common_2.12.0.v20160420-0247/feature.properties
Contents/Home/lib/missioncontrol/features/org.eclipse.emf.common_2.12.0.v20160420-0247/feature.xml
Contents/Home/lib/missioncontrol/features/org.eclipse.emf.common_2.12.0.v20160420-0247/license.html
Contents/Home/lib/missioncontrol/features/org.eclipse.emf.ecore_2.12.0.v20160420-0247
Contents/Home/lib/missioncontrol/features/org.eclipse.emf.ecore_2.12.0.v20160420-0247/META-INF
Contents/Home/lib/missioncontrol/features/org.eclipse.emf.ecore_2.12.0.v20160420-0247/META-INF/ECLIPSE_.RSA
Contents/Home/lib/missioncontrol/features/org.eclipse.emf.ecore_2.12.0.v20160420-0247/META-INF/ECLIPSE_.SF
Contents/Home/lib/missioncontrol/features/org.eclipse.emf.ecore_2.12.0.v20160420-0247/META-INF/MANIFEST.MF
Contents/Home/lib/missioncontrol/features/org.eclipse.emf.ecore_2.12.0.v20160420-0247/META-INF/eclipse.inf
Contents/Home/lib/missioncontrol/features/org.eclipse.emf.ecore_2.12.0.v20160420-0247/epl-v10.html
Contents/Home/lib/missioncontrol/features/org.eclipse.emf.ecore_2.12.0.v20160420-0247/feature.properties
Contents/Home/lib/missioncontrol/features/org.eclipse.emf.ecore_2.12.0.v20160420-0247/feature.xml
Contents/Home/lib/missioncontrol/features/org.eclipse.emf.ecore_2.12.0.v20160420-0247/license.html
Contents/Home/lib/missioncontrol/features/org.eclipse.equinox.p2.core.feature_1.3.200.v20160606-1311
Contents/Home/lib/missioncontrol/features/org.eclipse.equinox.p2.core.feature_1.3.200.v20160606-1311/META-INF
Contents/Home/lib/missioncontrol/features/org.eclipse.equinox.p2.core.feature_1.3.200.v20160606-1311/META-INF/ECLIPSE_.RSA
Contents/Home/lib/missioncontrol/features/org.eclipse.equinox.p2.core.feature_1.3.200.v20160606-1311/META-INF/ECLIPSE_.SF
Contents/Home/lib/missioncontrol/features/org.eclipse.equinox.p2.core.feature_1.3.200.v20160606-1311/META-INF/MANIFEST.MF
Contents/Home/lib/missioncontrol/features/org.eclipse.equinox.p2.core.feature_1.3.200.v20160606-1311/epl-v10.html
Contents/Home/lib/missioncontrol/features/org.eclipse.equinox.p2.core.feature_1.3.200.v20160606-1311/feature.properties
Contents/Home/lib/missioncontrol/features/org.eclipse.equinox.p2.core.feature_1.3.200.v20160606-1311/feature.xml
Contents/Home/lib/missioncontrol/features/org.eclipse.equinox.p2.core.feature_1.3.200.v20160606-1311/license.html
Contents/Home/lib/missioncontrol/features/org.eclipse.equinox.p2.rcp.feature_1.2.200.v20160606-1311
Contents/Home/lib/missioncontrol/features/org.eclipse.equinox.p2.rcp.feature_1.2.200.v20160606-1311/META-INF
Contents/Home/lib/missioncontrol/features/org.eclipse.equinox.p2.rcp.feature_1.2.200.v20160606-1311/META-INF/ECLIPSE_.RSA
Contents/Home/lib/missioncontrol/features/org.eclipse.equinox.p2.rcp.feature_1.2.200.v20160606-1311/META-INF/ECLIPSE_.SF
Contents/Home/lib/missioncontrol/features/org.eclipse.equinox.p2.rcp.feature_1.2.200.v20160606-1311/META-INF/MANIFEST.MF
Contents/Home/lib/missioncontrol/features/org.eclipse.equinox.p2.rcp.feature_1.2.200.v20160606-1311/epl-v10.html
Contents/Home/lib/missioncontrol/features/org.eclipse.equinox.p2.rcp.feature_1.2.200.v20160606-1311/feature.properties
Contents/Home/lib/missioncontrol/features/org.eclipse.equinox.p2.rcp.feature_1.2.200.v20160606-1311/feature.xml
Contents/Home/lib/missioncontrol/features/org.eclipse.equinox.p2.rcp.feature_1.2.200.v20160606-1311/license.html
Contents/Home/lib/missioncontrol/features/org.eclipse.help_2.2.0.v20160815-0911
Contents/Home/lib/missioncontrol/features/org.eclipse.help_2.2.0.v20160815-0911/META-INF
Contents/Home/lib/missioncontrol/features/org.eclipse.help_2.2.0.v20160815-0911/META-INF/MANIFEST.MF
Contents/Home/lib/missioncontrol/features/org.eclipse.help_2.2.0.v20160815-0911/epl-v10.html
Contents/Home/lib/missioncontrol/features/org.eclipse.help_2.2.0.v20160815-0911/feature.properties
Contents/Home/lib/missioncontrol/features/org.eclipse.help_2.2.0.v20160815-0911/feature.xml
Contents/Home/lib/missioncontrol/features/org.eclipse.help_2.2.0.v20160815-0911/license.html
Contents/Home/lib/missioncontrol/features/org.eclipse.rcp_4.6.0.v20160815-0911
Contents/Home/lib/missioncontrol/features/org.eclipse.rcp_4.6.0.v20160815-0911/META-INF
Contents/Home/lib/missioncontrol/features/org.eclipse.rcp_4.6.0.v20160815-0911/META-INF/MANIFEST.MF
Contents/Home/lib/missioncontrol/features/org.eclipse.rcp_4.6.0.v20160815-0911/epl-v10.html
Contents/Home/lib/missioncontrol/features/org.eclipse.rcp_4.6.0.v20160815-0911/feature.properties
Contents/Home/lib/missioncontrol/features/org.eclipse.rcp_4.6.0.v20160815-0911/feature.xml
Contents/Home/lib/missioncontrol/features/org.eclipse.rcp_4.6.0.v20160815-0911/license.html
Contents/Home/lib/missioncontrol/p2
Contents/Home/lib/missioncontrol/p2/org.eclipse.equinox.p2.core
Contents/Home/lib/missioncontrol/p2/org.eclipse.equinox.p2.core/cache
Contents/Home/lib/missioncontrol/p2/org.eclipse.equinox.p2.core/cache/artifacts.xml
Contents/Home/lib/missioncontrol/p2/org.eclipse.equinox.p2.engine
Contents/Home/lib/missioncontrol/p2/org.eclipse.equinox.p2.engine/.settings
Contents/Home/lib/missioncontrol/p2/org.eclipse.equinox.p2.engine/.settings/org.eclipse.equinox.p2.artifact.repository.prefs
Contents/Home/lib/missioncontrol/p2/org.eclipse.equinox.p2.engine/.settings/org.eclipse.equinox.p2.metadata.repository.prefs
Contents/Home/lib/missioncontrol/p2/org.eclipse.equinox.p2.engine/profileRegistry
Contents/Home/lib/missioncontrol/p2/org.eclipse.equinox.p2.engine/profileRegistry/JMC.profile
Contents/Home/lib/missioncontrol/p2/org.eclipse.equinox.p2.engine/profileRegistry/JMC.profile/.data
Contents/Home/lib/missioncontrol/p2/org.eclipse.equinox.p2.engine/profileRegistry/JMC.profile/.lock
Contents/Home/lib/missioncontrol/p2/org.eclipse.equinox.p2.engine/profileRegistry/JMC.profile/1496259234374.profile.gz
Contents/Home/lib/missioncontrol/p2/org.eclipse.equinox.p2.engine/profileRegistry/JMC.profile/1496259234849.profile.gz
Contents/Home/lib/missioncontrol/p2/org.eclipse.equinox.p2.engine/profileRegistry/JMC.profile/1496259242716.profile.gz
Contents/Home/lib/missioncontrol/p2/org.eclipse.equinox.p2.engine/profileRegistry/JMC.profile/1496259243868.profile.gz
Contents/Home/lib/missioncontrol/plugins
Contents/Home/lib/missioncontrol/plugins/com.ibm.icu_56.1.0.v201601250100.jar
Contents/Home/lib/missioncontrol/plugins/com.oracle.jmc.alert.ja_6.0.0.173472.jar
Contents/Home/lib/missioncontrol/plugins/com.oracle.jmc.alert.zh_CN_6.0.0.173472.jar
Contents/Home/lib/missioncontrol/plugins/com.oracle.jmc.alert_6.0.0.173472.jar
Contents/Home/lib/missioncontrol/plugins/com.oracle.jmc.attach_6.0.0.173472.jar
Contents/Home/lib/missioncontrol/plugins/com.oracle.jmc.browser.attach.ja_6.0.0.173472.jar
Contents/Home/lib/missioncontrol/plugins/com.oracle.jmc.browser.attach.zh_CN_6.0.0.173472.jar
Contents/Home/lib/missioncontrol/plugins/com.oracle.jmc.browser.attach_6.0.0.173472.jar
Contents/Home/lib/missioncontrol/plugins/com.oracle.jmc.browser.ja_6.0.0.173472.jar
Contents/Home/lib/missioncontrol/plugins/com.oracle.jmc.browser.jdp.ja_6.0.0.173472.jar
Contents/Home/lib/missioncontrol/plugins/com.oracle.jmc.browser.jdp.zh_CN_6.0.0.173472.jar
Contents/Home/lib/missioncontrol/plugins/com.oracle.jmc.browser.jdp_6.0.0.173472.jar
Contents/Home/lib/missioncontrol/plugins/com.oracle.jmc.browser.zh_CN_6.0.0.173472.jar
Contents/Home/lib/missioncontrol/plugins/com.oracle.jmc.browser_6.0.0.173472.jar
Contents/Home/lib/missioncontrol/plugins/com.oracle.jmc.commands_6.0.0.173472.jar
Contents/Home/lib/missioncontrol/plugins/com.oracle.jmc.common.internal_6.0.0.173472.jar
Contents/Home/lib/missioncontrol/plugins/com.oracle.jmc.common_6.0.0.173472.jar
Contents/Home/lib/missioncontrol/plugins/com.oracle.jmc.console.persistence.ja_6.0.0.173472.jar
Contents/Home/lib/missioncontrol/plugins/com.oracle.jmc.console.persistence.zh_CN_6.0.0.173472.jar
Contents/Home/lib/missioncontrol/plugins/com.oracle.jmc.console.persistence_6.0.0.173472.jar
Contents/Home/lib/missioncontrol/plugins/com.oracle.jmc.console.ui.diagnostic.ja_6.0.0.173472.jar
Contents/Home/lib/missioncontrol/plugins/com.oracle.jmc.console.ui.diagnostic.zh_CN_6.0.0.173472.jar
Contents/Home/lib/missioncontrol/plugins/com.oracle.jmc.console.ui.diagnostic_6.0.0.173472.jar
Contents/Home/lib/missioncontrol/plugins/com.oracle.jmc.console.ui.ja_6.0.0.173472.jar
Contents/Home/lib/missioncontrol/plugins/com.oracle.jmc.console.ui.mbeanbrowser.ja_6.0.0.173472.jar
Contents/Home/lib/missioncontrol/plugins/com.oracle.jmc.console.ui.mbeanbrowser.zh_CN_6.0.0.173472.jar
Contents/Home/lib/missioncontrol/plugins/com.oracle.jmc.console.ui.mbeanbrowser_6.0.0.173472.jar
Contents/Home/lib/missioncontrol/plugins/com.oracle.jmc.console.ui.notification.ja_6.0.0.173472.jar
Contents/Home/lib/missioncontrol/plugins/com.oracle.jmc.console.ui.notification.zh_CN_6.0.0.173472.jar
Contents/Home/lib/missioncontrol/plugins/com.oracle.jmc.console.ui.notification_6.0.0.173472
Contents/Home/lib/missioncontrol/plugins/com.oracle.jmc.console.ui.notification_6.0.0.173472/META-INF
Contents/Home/lib/missioncontrol/plugins/com.oracle.jmc.console.ui.notification_6.0.0.173472/META-INF/MANIFEST.MF
Contents/Home/lib/missioncontrol/plugins/com.oracle.jmc.console.ui.notification_6.0.0.173472/com.oracle.jmc.console.ui.notification_contexts.xml
Contents/Home/lib/missioncontrol/plugins/com.oracle.jmc.console.ui.notification_6.0.0.173472/icons
Contents/Home/lib/missioncontrol/plugins/com.oracle.jmc.console.ui.notification_6.0.0.173472/icons/alert_obj.png
Contents/Home/lib/missioncontrol/plugins/com.oracle.jmc.console.ui.notification_6.0.0.173472/icons/file_obj.gif
Contents/Home/lib/missioncontrol/plugins/com.oracle.jmc.console.ui.notification_6.0.0.173472/icons/flight_recorder.png
Contents/Home/lib/missioncontrol/plugins/com.oracle.jmc.console.ui.notification_6.0.0.173472/icons/new-trigger-wiz.gif
Contents/Home/lib/missioncontrol/plugins/com.oracle.jmc.console.ui.notification_6.0.0.173472/notification_plugin.jar
Contents/Home/lib/missioncontrol/plugins/com.oracle.jmc.console.ui.notification_6.0.0.173472/plugin.properties
Contents/Home/lib/missioncontrol/plugins/com.oracle.jmc.console.ui.notification_6.0.0.173472/plugin.xml
Contents/Home/lib/missioncontrol/plugins/com.oracle.jmc.console.ui.zh_CN_6.0.0.173472.jar
Contents/Home/lib/missioncontrol/plugins/com.oracle.jmc.console.ui_6.0.0.173472.jar
Contents/Home/lib/missioncontrol/plugins/com.oracle.jmc.core_6.0.0.173472.jar
Contents/Home/lib/missioncontrol/plugins/com.oracle.jmc.docs.ja_6.0.0.173472.jar
Contents/Home/lib/missioncontrol/plugins/com.oracle.jmc.docs.zh_CN_6.0.0.173472.jar
Contents/Home/lib/missioncontrol/plugins/com.oracle.jmc.docs_6.0.0.173472.jar
Contents/Home/lib/missioncontrol/plugins/com.oracle.jmc.flightrecorder.configuration_6.0.0.173472.jar
Contents/Home/lib/missioncontrol/plugins/com.oracle.jmc.flightrecorder.controlpanel.ui.configuration_6.0.0.173472.jar
Contents/Home/lib/missioncontrol/plugins/com.oracle.jmc.flightrecorder.controlpanel.ui.ja_6.0.0.173472.jar
Contents/Home/lib/missioncontrol/plugins/com.oracle.jmc.flightrecorder.controlpanel.ui.zh_CN_6.0.0.173472.jar
Contents/Home/lib/missioncontrol/plugins/com.oracle.jmc.flightrecorder.controlpanel.ui_6.0.0.173472.jar
Contents/Home/lib/missioncontrol/plugins/com.oracle.jmc.flightrecorder.rules.extensionprovider_6.0.0.173472.jar
Contents/Home/lib/missioncontrol/plugins/com.oracle.jmc.flightrecorder.rules.jdk_6.0.0.173472.jar
Contents/Home/lib/missioncontrol/plugins/com.oracle.jmc.flightrecorder.rules_6.0.0.173472.jar
Contents/Home/lib/missioncontrol/plugins/com.oracle.jmc.flightrecorder.ui.ja_6.0.0.173472.jar
Contents/Home/lib/missioncontrol/plugins/com.oracle.jmc.flightrecorder.ui.zh_CN_6.0.0.173472.jar
Contents/Home/lib/missioncontrol/plugins/com.oracle.jmc.flightrecorder.ui_6.0.0.173472.jar
Contents/Home/lib/missioncontrol/plugins/com.oracle.jmc.flightrecorder_6.0.0.173472.jar
Contents/Home/lib/missioncontrol/plugins/com.oracle.jmc.greychart.ui.ja_6.0.0.173472.jar
Contents/Home/lib/missioncontrol/plugins/com.oracle.jmc.greychart.ui.zh_CN_6.0.0.173472.jar
Contents/Home/lib/missioncontrol/plugins/com.oracle.jmc.greychart.ui_6.0.0.173472.jar
Contents/Home/lib/missioncontrol/plugins/com.oracle.jmc.greychartplugin_6.0.0.173472.jar
Contents/Home/lib/missioncontrol/plugins/com.oracle.jmc.javafx.osgi_6.0.0.173472.jar
Contents/Home/lib/missioncontrol/plugins/com.oracle.jmc.jdp_6.0.0.173472.jar
Contents/Home/lib/missioncontrol/plugins/com.oracle.jmc.p2.ui.overridden_5.5.0.173472.jar
Contents/Home/lib/missioncontrol/plugins/com.oracle.jmc.rcp.application.ja_6.0.0.173472.jar
Contents/Home/lib/missioncontrol/plugins/com.oracle.jmc.rcp.application.zh_CN_6.0.0.173472.jar
Contents/Home/lib/missioncontrol/plugins/com.oracle.jmc.rcp.application_6.0.0.173472.jar
Contents/Home/lib/missioncontrol/plugins/com.oracle.jmc.rcp.intro.ja_6.0.0.173472.jar
Contents/Home/lib/missioncontrol/plugins/com.oracle.jmc.rcp.intro.zh_CN_6.0.0.173472.jar
Contents/Home/lib/missioncontrol/plugins/com.oracle.jmc.rcp.intro_6.0.0.173472.jar
Contents/Home/lib/missioncontrol/plugins/com.oracle.jmc.rjmx.ext_6.0.0.173472.jar
Contents/Home/lib/missioncontrol/plugins/com.oracle.jmc.rjmx.ja_6.0.0.173472.jar
Contents/Home/lib/missioncontrol/plugins/com.oracle.jmc.rjmx.services.jfr_6.0.0.173472.jar
Contents/Home/lib/missioncontrol/plugins/com.oracle.jmc.rjmx.ui.ja_6.0.0.173472.jar
Contents/Home/lib/missioncontrol/plugins/com.oracle.jmc.rjmx.ui.zh_CN_6.0.0.173472.jar
Contents/Home/lib/missioncontrol/plugins/com.oracle.jmc.rjmx.ui_6.0.0.173472.jar
Contents/Home/lib/missioncontrol/plugins/com.oracle.jmc.rjmx.zh_CN_6.0.0.173472.jar
Contents/Home/lib/missioncontrol/plugins/com.oracle.jmc.rjmx_6.0.0.173472
Contents/Home/lib/missioncontrol/plugins/com.oracle.jmc.rjmx_6.0.0.173472/META-INF
Contents/Home/lib/missioncontrol/plugins/com.oracle.jmc.rjmx_6.0.0.173472/META-INF/MANIFEST.MF
Contents/Home/lib/missioncontrol/plugins/com.oracle.jmc.rjmx_6.0.0.173472/icons
Contents/Home/lib/missioncontrol/plugins/com.oracle.jmc.rjmx_6.0.0.173472/icons/console_view.png
Contents/Home/lib/missioncontrol/plugins/com.oracle.jmc.rjmx_6.0.0.173472/icons/date-span-16.png
Contents/Home/lib/missioncontrol/plugins/com.oracle.jmc.rjmx_6.0.0.173472/icons/day-of-week-16.png
Contents/Home/lib/missioncontrol/plugins/com.oracle.jmc.rjmx_6.0.0.173472/icons/diagnostic-command-16.png
Contents/Home/lib/missioncontrol/plugins/com.oracle.jmc.rjmx_6.0.0.173472/icons/hprof-16.png
Contents/Home/lib/missioncontrol/plugins/com.oracle.jmc.rjmx_6.0.0.173472/icons/send-email-16.png
Contents/Home/lib/missioncontrol/plugins/com.oracle.jmc.rjmx_6.0.0.173472/icons/time-span-16.png
Contents/Home/lib/missioncontrol/plugins/com.oracle.jmc.rjmx_6.0.0.173472/lib
Contents/Home/lib/missioncontrol/plugins/com.oracle.jmc.rjmx_6.0.0.173472/lib/dsn.jar
Contents/Home/lib/missioncontrol/plugins/com.oracle.jmc.rjmx_6.0.0.173472/lib/gimap.jar
Contents/Home/lib/missioncontrol/plugins/com.oracle.jmc.rjmx_6.0.0.173472/lib/imap.jar
Contents/Home/lib/missioncontrol/plugins/com.oracle.jmc.rjmx_6.0.0.173472/lib/mailapi.jar
Contents/Home/lib/missioncontrol/plugins/com.oracle.jmc.rjmx_6.0.0.173472/lib/pop3.jar
Contents/Home/lib/missioncontrol/plugins/com.oracle.jmc.rjmx_6.0.0.173472/lib/smtp.jar
Contents/Home/lib/missioncontrol/plugins/com.oracle.jmc.rjmx_6.0.0.173472/plugin.properties
Contents/Home/lib/missioncontrol/plugins/com.oracle.jmc.rjmx_6.0.0.173472/plugin.xml
Contents/Home/lib/missioncontrol/plugins/com.oracle.jmc.rjmx_6.0.0.173472/rjmx.jar
Contents/Home/lib/missioncontrol/plugins/com.oracle.jmc.rjmx_6.0.0.173472/schema
Contents/Home/lib/missioncontrol/plugins/com.oracle.jmc.rjmx_6.0.0.173472/schema/com.oracle.jmc.rjmx.actionProvider.exsd
Contents/Home/lib/missioncontrol/plugins/com.oracle.jmc.rjmx_6.0.0.173472/schema/com.oracle.jmc.rjmx.attributeTransformation.exsd
Contents/Home/lib/missioncontrol/plugins/com.oracle.jmc.rjmx_6.0.0.173472/schema/com.oracle.jmc.rjmx.descriptorProvider.exsd
Contents/Home/lib/missioncontrol/plugins/com.oracle.jmc.rjmx_6.0.0.173472/schema/com.oracle.jmc.rjmx.metadataprovider.exsd
Contents/Home/lib/missioncontrol/plugins/com.oracle.jmc.rjmx_6.0.0.173472/schema/com.oracle.jmc.rjmx.service.exsd
Contents/Home/lib/missioncontrol/plugins/com.oracle.jmc.rjmx_6.0.0.173472/schema/com.oracle.jmc.rjmx.syntheticattribute.exsd
Contents/Home/lib/missioncontrol/plugins/com.oracle.jmc.rjmx_6.0.0.173472/schema/com.oracle.jmc.rjmx.syntheticnotification.exsd
Contents/Home/lib/missioncontrol/plugins/com.oracle.jmc.rjmx_6.0.0.173472/schema/triggerActionExceptionHandlers.exsd
Contents/Home/lib/missioncontrol/plugins/com.oracle.jmc.rjmx_6.0.0.173472/schema/triggerActions.exsd
Contents/Home/lib/missioncontrol/plugins/com.oracle.jmc.rjmx_6.0.0.173472/schema/triggerConstraints.exsd
Contents/Home/lib/missioncontrol/plugins/com.oracle.jmc.rjmx_6.0.0.173472/schema/triggerEvaluators.exsd
Contents/Home/lib/missioncontrol/plugins/com.oracle.jmc.ui.ja_6.0.0.173472.jar
Contents/Home/lib/missioncontrol/plugins/com.oracle.jmc.ui.zh_CN_6.0.0.173472.jar
Contents/Home/lib/missioncontrol/plugins/com.oracle.jmc.ui_6.0.0.173472.jar
Contents/Home/lib/missioncontrol/plugins/com.sun.el_2.2.0.v201303151357.jar
Contents/Home/lib/missioncontrol/plugins/javax.annotation_1.2.0.v201602091430.jar
Contents/Home/lib/missioncontrol/plugins/javax.el_2.2.0.v201303151357.jar
Contents/Home/lib/missioncontrol/plugins/javax.inject_1.0.0.v20091030.jar
Contents/Home/lib/missioncontrol/plugins/javax.servlet.jsp_2.2.0.v201112011158.jar
Contents/Home/lib/missioncontrol/plugins/javax.servlet_3.1.0.v201410161800.jar
Contents/Home/lib/missioncontrol/plugins/javax.xml_1.3.4.v201005080400.jar
Contents/Home/lib/missioncontrol/plugins/org.apache.batik.css_1.7.0.v201011041433.jar
Contents/Home/lib/missioncontrol/plugins/org.apache.batik.util.gui_1.7.0.v200903091627.jar
Contents/Home/lib/missioncontrol/plugins/org.apache.batik.util_1.7.0.v201011041433.jar
Contents/Home/lib/missioncontrol/plugins/org.apache.commons.codec_1.6.0.v201305230611.jar
Contents/Home/lib/missioncontrol/plugins/org.apache.commons.jxpath_1.3.0.v200911051830.jar
Contents/Home/lib/missioncontrol/plugins/org.apache.commons.logging_1.1.1.v201101211721.jar
Contents/Home/lib/missioncontrol/plugins/org.apache.felix.gogo.command_0.10.0.v201209301215.jar
Contents/Home/lib/missioncontrol/plugins/org.apache.felix.gogo.runtime_0.10.0.v201209301036.jar
Contents/Home/lib/missioncontrol/plugins/org.apache.felix.gogo.shell_0.10.0.v201212101605.jar
Contents/Home/lib/missioncontrol/plugins/org.apache.httpcomponents.httpclient_4.3.6.v201511171540.jar
Contents/Home/lib/missioncontrol/plugins/org.apache.httpcomponents.httpcore_4.3.3.v201411290715.jar
Contents/Home/lib/missioncontrol/plugins/org.apache.jasper.glassfish_2.2.2.v201501141630.jar
Contents/Home/lib/missioncontrol/plugins/org.apache.lucene.analysis_3.5.0.v20120725-1805.jar
Contents/Home/lib/missioncontrol/plugins/org.apache.lucene.core_3.5.0.v20120725-1805.jar
Contents/Home/lib/missioncontrol/plugins/org.eclipse.core.commands.nl_ja_4.5.0.v20151128060001.jar
Contents/Home/lib/missioncontrol/plugins/org.eclipse.core.commands.nl_zh_4.5.0.v20151128060001.jar
Contents/Home/lib/missioncontrol/plugins/org.eclipse.core.commands_3.8.0.v20160316-1921.jar
Contents/Home/lib/missioncontrol/plugins/org.eclipse.core.contenttype_3.5.100.v20160418-1621.jar
Contents/Home/lib/missioncontrol/plugins/org.eclipse.core.databinding.beans.nl_ja_4.5.0.v20151128060001.jar
Contents/Home/lib/missioncontrol/plugins/org.eclipse.core.databinding.beans.nl_zh_4.5.0.v20151128060001.jar
Contents/Home/lib/missioncontrol/plugins/org.eclipse.core.databinding.beans_1.3.100.v20160509-1025.jar
Contents/Home/lib/missioncontrol/plugins/org.eclipse.core.databinding.nl_ja_4.5.0.v20151128060001.jar
Contents/Home/lib/missioncontrol/plugins/org.eclipse.core.databinding.nl_zh_4.5.0.v20151128060001.jar
Contents/Home/lib/missioncontrol/plugins/org.eclipse.core.databinding.observable.nl_ja_4.5.0.v20151128060001.jar
Contents/Home/lib/missioncontrol/plugins/org.eclipse.core.databinding.observable.nl_zh_4.5.0.v20151128060001.jar
Contents/Home/lib/missioncontrol/plugins/org.eclipse.core.databinding.observable_1.6.0.v20160511-1747.jar
Contents/Home/lib/missioncontrol/plugins/org.eclipse.core.databinding.property.nl_ja_4.5.0.v20151128060001.jar
Contents/Home/lib/missioncontrol/plugins/org.eclipse.core.databinding.property.nl_zh_4.5.0.v20151128060001.jar
Contents/Home/lib/missioncontrol/plugins/org.eclipse.core.databinding.property_1.6.0.v20160427-0852.jar
Contents/Home/lib/missioncontrol/plugins/org.eclipse.core.databinding_1.6.0.v20160412-0910.jar
Contents/Home/lib/missioncontrol/plugins/org.eclipse.core.expressions_3.5.100.v20160418-1621.jar
Contents/Home/lib/missioncontrol/plugins/org.eclipse.core.filesystem.macosx.nl_ja_4.5.0.v20151128060001.jar
Contents/Home/lib/missioncontrol/plugins/org.eclipse.core.filesystem.macosx.nl_zh_4.5.0.v20151128060001.jar
Contents/Home/lib/missioncontrol/plugins/org.eclipse.core.filesystem.nl_ja_4.5.0.v20151128060001.jar
Contents/Home/lib/missioncontrol/plugins/org.eclipse.core.filesystem.nl_zh_4.5.0.v20151128060001.jar
Contents/Home/lib/missioncontrol/plugins/org.eclipse.core.filesystem_1.6.0.v20160503-1608.jar
Contents/Home/lib/missioncontrol/plugins/org.eclipse.core.jobs_3.8.0.v20160509-0411.jar
Contents/Home/lib/missioncontrol/plugins/org.eclipse.core.net.nl_ja_4.5.0.v20151128060001.jar
Contents/Home/lib/missioncontrol/plugins/org.eclipse.core.net.nl_zh_4.5.0.v20151128060001.jar
Contents/Home/lib/missioncontrol/plugins/org.eclipse.core.net_1.3.0.v20160418-1534.jar
Contents/Home/lib/missioncontrol/plugins/org.eclipse.core.resources.nl_ja_4.5.0.v20151128060001.jar
Contents/Home/lib/missioncontrol/plugins/org.eclipse.core.resources.nl_zh_4.5.0.v20151128060001.jar
Contents/Home/lib/missioncontrol/plugins/org.eclipse.core.resources_3.11.0.v20160503-1608.jar
Contents/Home/lib/missioncontrol/plugins/org.eclipse.core.runtime_3.12.0.v20160606-1342.jar
Contents/Home/lib/missioncontrol/plugins/org.eclipse.e4.core.commands.nl_ja_4.5.0.v20151128060001.jar
Contents/Home/lib/missioncontrol/plugins/org.eclipse.e4.core.commands.nl_zh_4.5.0.v20151128060001.jar
Contents/Home/lib/missioncontrol/plugins/org.eclipse.e4.core.commands_0.11.100.v20160506-0804.jar
Contents/Home/lib/missioncontrol/plugins/org.eclipse.e4.core.contexts_1.5.0.v20160504-0909.jar
Contents/Home/lib/missioncontrol/plugins/org.eclipse.e4.core.di.annotations_1.5.0.v20151127-1241.jar
Contents/Home/lib/missioncontrol/plugins/org.eclipse.e4.core.di.extensions_0.14.0.v20160211-1614.jar
Contents/Home/lib/missioncontrol/plugins/org.eclipse.e4.core.di_1.6.0.v20160319-0612.jar
Contents/Home/lib/missioncontrol/plugins/org.eclipse.e4.core.services_2.0.100.v20160509-1032.jar
Contents/Home/lib/missioncontrol/plugins/org.eclipse.e4.emf.xpath.nl_ja_4.5.0.v20151128060001.jar
Contents/Home/lib/missioncontrol/plugins/org.eclipse.e4.emf.xpath.nl_zh_4.5.0.v20151128060001.jar
Contents/Home/lib/missioncontrol/plugins/org.eclipse.e4.emf.xpath_0.1.200.v20160506-0804.jar
Contents/Home/lib/missioncontrol/plugins/org.eclipse.e4.ui.bindings.nl_ja_4.5.0.v20151128060001.jar
Contents/Home/lib/missioncontrol/plugins/org.eclipse.e4.ui.bindings.nl_zh_4.5.0.v20151128060001.jar
Contents/Home/lib/missioncontrol/plugins/org.eclipse.e4.ui.bindings_0.11.100.v20160509-1025.jar
Contents/Home/lib/missioncontrol/plugins/org.eclipse.e4.ui.css.core.nl_ja_4.5.0.v20151128060001.jar
Contents/Home/lib/missioncontrol/plugins/org.eclipse.e4.ui.css.core.nl_zh_4.5.0.v20151128060001.jar
Contents/Home/lib/missioncontrol/plugins/org.eclipse.e4.ui.css.core_0.12.0.v20160505-1310.jar
Contents/Home/lib/missioncontrol/plugins/org.eclipse.e4.ui.css.swt.nl_ja_4.5.0.v20151128060001.jar
Contents/Home/lib/missioncontrol/plugins/org.eclipse.e4.ui.css.swt.nl_zh_4.5.0.v20151128060001.jar
Contents/Home/lib/missioncontrol/plugins/org.eclipse.e4.ui.css.swt.theme.nl_ja_4.5.0.v20151128060001.jar
Contents/Home/lib/missioncontrol/plugins/org.eclipse.e4.ui.css.swt.theme.nl_zh_4.5.0.v20151128060001.jar
Contents/Home/lib/missioncontrol/plugins/org.eclipse.e4.ui.css.swt.theme_0.10.100.v20160523-0836.jar
Contents/Home/lib/missioncontrol/plugins/org.eclipse.e4.ui.css.swt_0.12.100.v20160517-1505.jar
Contents/Home/lib/missioncontrol/plugins/org.eclipse.e4.ui.di.nl_ja_4.5.0.v20151128060001.jar
Contents/Home/lib/missioncontrol/plugins/org.eclipse.e4.ui.di.nl_zh_4.5.0.v20151128060001.jar
Contents/Home/lib/missioncontrol/plugins/org.eclipse.e4.ui.di_1.1.100.v20160506-0759.jar
Contents/Home/lib/missioncontrol/plugins/org.eclipse.e4.ui.dialogs.nl_ja_4.5.0.v20151128060001.jar
Contents/Home/lib/missioncontrol/plugins/org.eclipse.e4.ui.dialogs.nl_zh_4.5.0.v20151128060001.jar
Contents/Home/lib/missioncontrol/plugins/org.eclipse.e4.ui.dialogs_1.1.0.v20151127-1218.jar
Contents/Home/lib/missioncontrol/plugins/org.eclipse.e4.ui.model.workbench.nl_ja_4.5.0.v20151128060001.jar
Contents/Home/lib/missioncontrol/plugins/org.eclipse.e4.ui.model.workbench.nl_zh_4.5.0.v20151128060001.jar
Contents/Home/lib/missioncontrol/plugins/org.eclipse.e4.ui.model.workbench_1.2.0.v20160229-1459.jar
Contents/Home/lib/missioncontrol/plugins/org.eclipse.e4.ui.services.nl_ja_4.5.0.v20151128060001.jar
Contents/Home/lib/missioncontrol/plugins/org.eclipse.e4.ui.services.nl_zh_4.5.0.v20151128060001.jar
Contents/Home/lib/missioncontrol/plugins/org.eclipse.e4.ui.services_1.2.100.v20160506-0759.jar
Contents/Home/lib/missioncontrol/plugins/org.eclipse.e4.ui.widgets.nl_ja_4.5.0.v20151128060001.jar
Contents/Home/lib/missioncontrol/plugins/org.eclipse.e4.ui.widgets.nl_zh_4.5.0.v20151128060001.jar
Contents/Home/lib/missioncontrol/plugins/org.eclipse.e4.ui.widgets_1.1.100.v20160506-0759.jar
Contents/Home/lib/missioncontrol/plugins/org.eclipse.e4.ui.workbench.addons.swt.nl_ja_4.5.0.v20151128060001.jar
Contents/Home/lib/missioncontrol/plugins/org.eclipse.e4.ui.workbench.addons.swt.nl_zh_4.5.0.v20151128060001.jar
Contents/Home/lib/missioncontrol/plugins/org.eclipse.e4.ui.workbench.addons.swt_1.2.100.v20160506-0759.jar
Contents/Home/lib/missioncontrol/plugins/org.eclipse.e4.ui.workbench.nl_ja_4.5.0.v20151128060001.jar
Contents/Home/lib/missioncontrol/plugins/org.eclipse.e4.ui.workbench.nl_zh_4.5.0.v20151128060001.jar
Contents/Home/lib/missioncontrol/plugins/org.eclipse.e4.ui.workbench.renderers.swt.cocoa.nl_ja_4.5.0.v20151128060001.jar
Contents/Home/lib/missioncontrol/plugins/org.eclipse.e4.ui.workbench.renderers.swt.cocoa.nl_zh_4.5.0.v20151128060001.jar
Contents/Home/lib/missioncontrol/plugins/org.eclipse.e4.ui.workbench.renderers.swt.cocoa_0.11.300.v20160330-1418.jar
Contents/Home/lib/missioncontrol/plugins/org.eclipse.e4.ui.workbench.renderers.swt.nl_ja_4.5.0.v20151128060001.jar
Contents/Home/lib/missioncontrol/plugins/org.eclipse.e4.ui.workbench.renderers.swt.nl_zh_4.5.0.v20151128060001.jar
Contents/Home/lib/missioncontrol/plugins/org.eclipse.e4.ui.workbench.renderers.swt_0.14.0.v20160525-0940.jar
Contents/Home/lib/missioncontrol/plugins/org.eclipse.e4.ui.workbench.swt.nl_ja_4.5.0.v20151128060001.jar
Contents/Home/lib/missioncontrol/plugins/org.eclipse.e4.ui.workbench.swt.nl_zh_4.5.0.v20151128060001.jar
Contents/Home/lib/missioncontrol/plugins/org.eclipse.e4.ui.workbench.swt_0.14.0.v20160523-1900.jar
Contents/Home/lib/missioncontrol/plugins/org.eclipse.e4.ui.workbench3.nl_ja_4.5.0.v20151128060001.jar
Contents/Home/lib/missioncontrol/plugins/org.eclipse.e4.ui.workbench3.nl_zh_4.5.0.v20151128060001.jar
Contents/Home/lib/missioncontrol/plugins/org.eclipse.e4.ui.workbench3_0.13.100.v20160506-0759.jar
Contents/Home/lib/missioncontrol/plugins/org.eclipse.e4.ui.workbench_1.4.0.v20160517-1624.jar
Contents/Home/lib/missioncontrol/plugins/org.eclipse.ecf.filetransfer_5.0.0.v20160405-1820.jar
Contents/Home/lib/missioncontrol/plugins/org.eclipse.ecf.identity_3.7.0.v20160405-1820.jar
Contents/Home/lib/missioncontrol/plugins/org.eclipse.ecf.provider.filetransfer.httpclient4.ssl_1.1.0.v20160405-1820.jar
Contents/Home/lib/missioncontrol/plugins/org.eclipse.ecf.provider.filetransfer.httpclient4_1.1.100.v20160405-1820.jar
Contents/Home/lib/missioncontrol/plugins/org.eclipse.ecf.provider.filetransfer.ssl_1.0.0.v20160405-1820.jar
Contents/Home/lib/missioncontrol/plugins/org.eclipse.ecf.provider.filetransfer_3.2.200.v20160405-1820.jar
Contents/Home/lib/missioncontrol/plugins/org.eclipse.ecf.ssl_1.2.0.v20160405-1820.jar
Contents/Home/lib/missioncontrol/plugins/org.eclipse.ecf_3.8.0.v20160405-1820.jar
Contents/Home/lib/missioncontrol/plugins/org.eclipse.emf.common_2.12.0.v20160420-0247.jar
Contents/Home/lib/missioncontrol/plugins/org.eclipse.emf.ecore.change_2.11.0.v20160420-0247.jar
Contents/Home/lib/missioncontrol/plugins/org.eclipse.emf.ecore.xmi_2.12.0.v20160420-0247.jar
Contents/Home/lib/missioncontrol/plugins/org.eclipse.emf.ecore_2.12.0.v20160420-0247.jar
Contents/Home/lib/missioncontrol/plugins/org.eclipse.equinox.app_1.3.400.v20150715-1528.jar
Contents/Home/lib/missioncontrol/plugins/org.eclipse.equinox.bidi_1.0.0.v20160307-1318.jar
Contents/Home/lib/missioncontrol/plugins/org.eclipse.equinox.common_3.8.0.v20160509-1230.jar
Contents/Home/lib/missioncontrol/plugins/org.eclipse.equinox.concurrent_1.1.0.v20130327-1442.jar
Contents/Home/lib/missioncontrol/plugins/org.eclipse.equinox.console_1.1.200.v20150929-1405.jar
Contents/Home/lib/missioncontrol/plugins/org.eclipse.equinox.ds_1.4.400.v20160226-2036.jar
Contents/Home/lib/missioncontrol/plugins/org.eclipse.equinox.event_1.3.200.v20160324-1850.jar
Contents/Home/lib/missioncontrol/plugins/org.eclipse.equinox.frameworkadmin.equinox.nl_ja_4.5.0.v20151128060001.jar
Contents/Home/lib/missioncontrol/plugins/org.eclipse.equinox.frameworkadmin.equinox.nl_zh_4.5.0.v20151128060001.jar
Contents/Home/lib/missioncontrol/plugins/org.eclipse.equinox.frameworkadmin.equinox_1.0.700.v20160102-2223.jar
Contents/Home/lib/missioncontrol/plugins/org.eclipse.equinox.frameworkadmin.nl_ja_4.5.0.v20151128060001.jar
Contents/Home/lib/missioncontrol/plugins/org.eclipse.equinox.frameworkadmin.nl_zh_4.5.0.v20151128060001.jar
Contents/Home/lib/missioncontrol/plugins/org.eclipse.equinox.frameworkadmin_2.0.300.v20160504-1450.jar
Contents/Home/lib/missioncontrol/plugins/org.eclipse.equinox.http.jetty_3.3.0.v20160324-1850.jar
Contents/Home/lib/missioncontrol/plugins/org.eclipse.equinox.http.registry_1.1.400.v20150715-1528.jar
Contents/Home/lib/missioncontrol/plugins/org.eclipse.equinox.http.servlet_1.3.0.v20160517-1559.jar
Contents/Home/lib/missioncontrol/plugins/org.eclipse.equinox.jsp.jasper.registry_1.0.300.v20130327-1442.jar
Contents/Home/lib/missioncontrol/plugins/org.eclipse.equinox.jsp.jasper_1.0.500.v20150119-1358.jar
Contents/Home/lib/missioncontrol/plugins/org.eclipse.equinox.launcher.cocoa.macosx.x86_64.nl_ja_4.5.0.v20151128060001.jar
Contents/Home/lib/missioncontrol/plugins/org.eclipse.equinox.launcher.cocoa.macosx.x86_64.nl_zh_4.5.0.v20151128060001.jar
Contents/Home/lib/missioncontrol/plugins/org.eclipse.equinox.launcher.cocoa.macosx.x86_64_1.1.400.v20160701-1418
Contents/Home/lib/missioncontrol/plugins/org.eclipse.equinox.launcher.cocoa.macosx.x86_64_1.1.400.v20160701-1418/META-INF
Contents/Home/lib/missioncontrol/plugins/org.eclipse.equinox.launcher.cocoa.macosx.x86_64_1.1.400.v20160701-1418/META-INF/MANIFEST.MF
Contents/Home/lib/missioncontrol/plugins/org.eclipse.equinox.launcher.cocoa.macosx.x86_64_1.1.400.v20160701-1418/about.html
Contents/Home/lib/missioncontrol/plugins/org.eclipse.equinox.launcher.cocoa.macosx.x86_64_1.1.400.v20160701-1418/eclipse_1615.so
Contents/Home/lib/missioncontrol/plugins/org.eclipse.equinox.launcher.cocoa.macosx.x86_64_1.1.400.v20160701-1418/launcher.cocoa.macosx.x86_64.properties
Contents/Home/lib/missioncontrol/plugins/org.eclipse.equinox.launcher.nl_ja_4.5.0.v20151128060001.jar
Contents/Home/lib/missioncontrol/plugins/org.eclipse.equinox.launcher.nl_zh_4.5.0.v20151128060001.jar
Contents/Home/lib/missioncontrol/plugins/org.eclipse.equinox.launcher_1.3.200.v20160318-1642.jar
Contents/Home/lib/missioncontrol/plugins/org.eclipse.equinox.p2.artifact.repository.nl_ja_4.5.0.v20151128060001.jar
Contents/Home/lib/missioncontrol/plugins/org.eclipse.equinox.p2.artifact.repository.nl_zh_4.5.0.v20151128060001.jar
Contents/Home/lib/missioncontrol/plugins/org.eclipse.equinox.p2.artifact.repository_1.1.500.v20160419-0834.jar
Contents/Home/lib/missioncontrol/plugins/org.eclipse.equinox.p2.console.nl_ja_4.5.0.v20151128060001.jar
Contents/Home/lib/missioncontrol/plugins/org.eclipse.equinox.p2.console.nl_zh_4.5.0.v20151128060001.jar
Contents/Home/lib/missioncontrol/plugins/org.eclipse.equinox.p2.console_1.0.500.v20160504-1450.jar
Contents/Home/lib/missioncontrol/plugins/org.eclipse.equinox.p2.core.nl_ja_4.5.0.v20151128060001.jar
Contents/Home/lib/missioncontrol/plugins/org.eclipse.equinox.p2.core.nl_zh_4.5.0.v20151128060001.jar
Contents/Home/lib/missioncontrol/plugins/org.eclipse.equinox.p2.core_2.4.100.v20160419-0834.jar
Contents/Home/lib/missioncontrol/plugins/org.eclipse.equinox.p2.director.app.nl_ja_4.5.0.v20151128060001.jar
Contents/Home/lib/missioncontrol/plugins/org.eclipse.equinox.p2.director.app.nl_zh_4.5.0.v20151128060001.jar
Contents/Home/lib/missioncontrol/plugins/org.eclipse.equinox.p2.director.app_1.0.500.v20160419-0834.jar
Contents/Home/lib/missioncontrol/plugins/org.eclipse.equinox.p2.director.nl_ja_4.5.0.v20151128060001.jar
Contents/Home/lib/missioncontrol/plugins/org.eclipse.equinox.p2.director.nl_zh_4.5.0.v20151128060001.jar
Contents/Home/lib/missioncontrol/plugins/org.eclipse.equinox.p2.director_2.3.300.v20160504-1450.jar
Contents/Home/lib/missioncontrol/plugins/org.eclipse.equinox.p2.directorywatcher.nl_ja_4.5.0.v20151128060001.jar
Contents/Home/lib/missioncontrol/plugins/org.eclipse.equinox.p2.directorywatcher.nl_zh_4.5.0.v20151128060001.jar
Contents/Home/lib/missioncontrol/plugins/org.eclipse.equinox.p2.directorywatcher_1.1.100.v20150423-1455.jar
Contents/Home/lib/missioncontrol/plugins/org.eclipse.equinox.p2.engine.nl_ja_4.5.0.v20151128060001.jar
Contents/Home/lib/missioncontrol/plugins/org.eclipse.equinox.p2.engine.nl_zh_4.5.0.v20151128060001.jar
Contents/Home/lib/missioncontrol/plugins/org.eclipse.equinox.p2.engine_2.4.100.v20160419-0834.jar
Contents/Home/lib/missioncontrol/plugins/org.eclipse.equinox.p2.extensionlocation.nl_ja_4.5.0.v20151128060001.jar
Contents/Home/lib/missioncontrol/plugins/org.eclipse.equinox.p2.extensionlocation.nl_zh_4.5.0.v20151128060001.jar
Contents/Home/lib/missioncontrol/plugins/org.eclipse.equinox.p2.extensionlocation_1.2.300.v20160419-0834.jar
Contents/Home/lib/missioncontrol/plugins/org.eclipse.equinox.p2.garbagecollector.nl_ja_4.5.0.v20151128060001.jar
Contents/Home/lib/missioncontrol/plugins/org.eclipse.equinox.p2.garbagecollector.nl_zh_4.5.0.v20151128060001.jar
Contents/Home/lib/missioncontrol/plugins/org.eclipse.equinox.p2.garbagecollector_1.0.300.v20160504-1450.jar
Contents/Home/lib/missioncontrol/plugins/org.eclipse.equinox.p2.jarprocessor.nl_ja_4.5.0.v20151128060001.jar
Contents/Home/lib/missioncontrol/plugins/org.eclipse.equinox.p2.jarprocessor.nl_zh_4.5.0.v20151128060001.jar
Contents/Home/lib/missioncontrol/plugins/org.eclipse.equinox.p2.jarprocessor_1.0.500.v20160504-1450.jar
Contents/Home/lib/missioncontrol/plugins/org.eclipse.equinox.p2.metadata.nl_ja_4.5.0.v20151128060001.jar
Contents/Home/lib/missioncontrol/plugins/org.eclipse.equinox.p2.metadata.nl_zh_4.5.0.v20151128060001.jar
Contents/Home/lib/missioncontrol/plugins/org.eclipse.equinox.p2.metadata.repository.nl_ja_4.5.0.v20151128060001.jar
Contents/Home/lib/missioncontrol/plugins/org.eclipse.equinox.p2.metadata.repository.nl_zh_4.5.0.v20151128060001.jar
Contents/Home/lib/missioncontrol/plugins/org.eclipse.equinox.p2.metadata.repository_1.2.300.v20160419-0834.jar
Contents/Home/lib/missioncontrol/plugins/org.eclipse.equinox.p2.metadata_2.3.100.v20160427-2220.jar
Contents/Home/lib/missioncontrol/plugins/org.eclipse.equinox.p2.operations.nl_ja_4.5.0.v20151128060001.jar
Contents/Home/lib/missioncontrol/plugins/org.eclipse.equinox.p2.operations.nl_zh_4.5.0.v20151128060001.jar
Contents/Home/lib/missioncontrol/plugins/org.eclipse.equinox.p2.operations_2.4.200.v20160504-1450.jar
Contents/Home/lib/missioncontrol/plugins/org.eclipse.equinox.p2.publisher.eclipse.nl_ja_4.5.0.v20151128060001.jar
Contents/Home/lib/missioncontrol/plugins/org.eclipse.equinox.p2.publisher.eclipse.nl_zh_4.5.0.v20151128060001.jar
Contents/Home/lib/missioncontrol/plugins/org.eclipse.equinox.p2.publisher.eclipse_1.2.100.v20160504-1450.jar
Contents/Home/lib/missioncontrol/plugins/org.eclipse.equinox.p2.publisher.nl_ja_4.5.0.v20151128060001.jar
Contents/Home/lib/missioncontrol/plugins/org.eclipse.equinox.p2.publisher.nl_zh_4.5.0.v20151128060001.jar
Contents/Home/lib/missioncontrol/plugins/org.eclipse.equinox.p2.publisher_1.4.100.v20160504-1450.jar
Contents/Home/lib/missioncontrol/plugins/org.eclipse.equinox.p2.reconciler.dropins.nl_ja_4.5.0.v20151128060001.jar
Contents/Home/lib/missioncontrol/plugins/org.eclipse.equinox.p2.reconciler.dropins.nl_zh_4.5.0.v20151128060001.jar
Contents/Home/lib/missioncontrol/plugins/org.eclipse.equinox.p2.reconciler.dropins_1.1.400.v20160504-1450.jar
Contents/Home/lib/missioncontrol/plugins/org.eclipse.equinox.p2.repository.nl_ja_4.5.0.v20151128060001.jar
Contents/Home/lib/missioncontrol/plugins/org.eclipse.equinox.p2.repository.nl_zh_4.5.0.v20151128060001.jar
Contents/Home/lib/missioncontrol/plugins/org.eclipse.equinox.p2.repository_2.3.200.v20160421-0324.jar
Contents/Home/lib/missioncontrol/plugins/org.eclipse.equinox.p2.touchpoint.eclipse.nl_ja_4.5.0.v20151128060001.jar
Contents/Home/lib/missioncontrol/plugins/org.eclipse.equinox.p2.touchpoint.eclipse.nl_zh_4.5.0.v20151128060001.jar
Contents/Home/lib/missioncontrol/plugins/org.eclipse.equinox.p2.touchpoint.eclipse_2.1.400.v20160419-0834.jar
Contents/Home/lib/missioncontrol/plugins/org.eclipse.equinox.p2.touchpoint.natives.nl_ja_4.5.0.v20151128060001.jar
Contents/Home/lib/missioncontrol/plugins/org.eclipse.equinox.p2.touchpoint.natives.nl_zh_4.5.0.v20151128060001.jar
Contents/Home/lib/missioncontrol/plugins/org.eclipse.equinox.p2.touchpoint.natives_1.2.100.v20160419-0834.jar
Contents/Home/lib/missioncontrol/plugins/org.eclipse.equinox.p2.transport.ecf.nl_ja_4.5.0.v20151128060001.jar
Contents/Home/lib/missioncontrol/plugins/org.eclipse.equinox.p2.transport.ecf.nl_zh_4.5.0.v20151128060001.jar
Contents/Home/lib/missioncontrol/plugins/org.eclipse.equinox.p2.transport.ecf_1.1.200.v20160606-1311.jar
Contents/Home/lib/missioncontrol/plugins/org.eclipse.equinox.p2.ui.nl_ja_4.5.0.v20151128060001.jar
Contents/Home/lib/missioncontrol/plugins/org.eclipse.equinox.p2.ui.nl_zh_4.5.0.v20151128060001.jar
Contents/Home/lib/missioncontrol/plugins/org.eclipse.equinox.p2.ui.sdk.nl_ja_4.5.0.v20151128060001.jar
Contents/Home/lib/missioncontrol/plugins/org.eclipse.equinox.p2.ui.sdk.nl_zh_4.5.0.v20151128060001.jar
Contents/Home/lib/missioncontrol/plugins/org.eclipse.equinox.p2.ui.sdk.scheduler.nl_ja_4.5.0.v20151128060001.jar
Contents/Home/lib/missioncontrol/plugins/org.eclipse.equinox.p2.ui.sdk.scheduler.nl_zh_4.5.0.v20151128060001.jar
Contents/Home/lib/missioncontrol/plugins/org.eclipse.equinox.p2.ui.sdk.scheduler_1.2.200.v20160504-1450.jar
Contents/Home/lib/missioncontrol/plugins/org.eclipse.equinox.p2.ui.sdk_1.0.400.v20150423-1455.jar
Contents/Home/lib/missioncontrol/plugins/org.eclipse.equinox.p2.ui_2.4.100.v20160419-0834.jar
Contents/Home/lib/missioncontrol/plugins/org.eclipse.equinox.p2.updatechecker.nl_ja_4.5.0.v20151128060001.jar
Contents/Home/lib/missioncontrol/plugins/org.eclipse.equinox.p2.updatechecker.nl_zh_4.5.0.v20151128060001.jar
Contents/Home/lib/missioncontrol/plugins/org.eclipse.equinox.p2.updatechecker_1.1.200.v20131119-0908.jar
Contents/Home/lib/missioncontrol/plugins/org.eclipse.equinox.preferences_3.6.0.v20160120-1756.jar
Contents/Home/lib/missioncontrol/plugins/org.eclipse.equinox.registry_3.6.100.v20160223-2218.jar
Contents/Home/lib/missioncontrol/plugins/org.eclipse.equinox.security.macosx_1.100.200.v20130327-1442.jar
Contents/Home/lib/missioncontrol/plugins/org.eclipse.equinox.security.ui_1.1.300.v20150803-1225.jar
Contents/Home/lib/missioncontrol/plugins/org.eclipse.equinox.security_1.2.200.v20150715-1528.jar
Contents/Home/lib/missioncontrol/plugins/org.eclipse.equinox.simpleconfigurator.manipulator.nl_ja_4.5.0.v20151128060001.jar
Contents/Home/lib/missioncontrol/plugins/org.eclipse.equinox.simpleconfigurator.manipulator.nl_zh_4.5.0.v20151128060001.jar
Contents/Home/lib/missioncontrol/plugins/org.eclipse.equinox.simpleconfigurator.manipulator_2.0.200.v20160504-1450.jar
Contents/Home/lib/missioncontrol/plugins/org.eclipse.equinox.simpleconfigurator.nl_ja_4.5.0.v20151128060001.jar
Contents/Home/lib/missioncontrol/plugins/org.eclipse.equinox.simpleconfigurator.nl_zh_4.5.0.v20151128060001.jar
Contents/Home/lib/missioncontrol/plugins/org.eclipse.equinox.simpleconfigurator_1.1.200.v20160504-1450.jar
Contents/Home/lib/missioncontrol/plugins/org.eclipse.equinox.util_1.0.500.v20130404-1337.jar
Contents/Home/lib/missioncontrol/plugins/org.eclipse.help.base.nl_ja_4.5.0.v20151128060001.jar
Contents/Home/lib/missioncontrol/plugins/org.eclipse.help.base.nl_zh_4.5.0.v20151128060001.jar
Contents/Home/lib/missioncontrol/plugins/org.eclipse.help.base_4.1.0.v20160815-0911.jar
Contents/Home/lib/missioncontrol/plugins/org.eclipse.help.nl_ja_4.5.0.v20151128060001.jar
Contents/Home/lib/missioncontrol/plugins/org.eclipse.help.nl_zh_4.5.0.v20151128060001.jar
Contents/Home/lib/missioncontrol/plugins/org.eclipse.help.ui.nl_ja_4.5.0.v20151128060001.jar
Contents/Home/lib/missioncontrol/plugins/org.eclipse.help.ui.nl_zh_4.5.0.v20151128060001.jar
Contents/Home/lib/missioncontrol/plugins/org.eclipse.help.ui_4.0.200.v20160510-0758.jar
Contents/Home/lib/missioncontrol/plugins/org.eclipse.help.webapp.nl_ja_4.5.0.v20151128060001.jar
Contents/Home/lib/missioncontrol/plugins/org.eclipse.help.webapp.nl_zh_4.5.0.v20151128060001.jar
Contents/Home/lib/missioncontrol/plugins/org.eclipse.help.webapp_3.8.0.v20160504-0839.jar
Contents/Home/lib/missioncontrol/plugins/org.eclipse.help_3.7.0.v20160602-1307.jar
Contents/Home/lib/missioncontrol/plugins/org.eclipse.jetty.continuation_9.3.9.v20160517.jar
Contents/Home/lib/missioncontrol/plugins/org.eclipse.jetty.http_9.3.9.v20160517.jar
Contents/Home/lib/missioncontrol/plugins/org.eclipse.jetty.io_9.3.9.v20160517.jar
Contents/Home/lib/missioncontrol/plugins/org.eclipse.jetty.security_9.3.9.v20160517.jar
Contents/Home/lib/missioncontrol/plugins/org.eclipse.jetty.server_9.3.9.v20160517.jar
Contents/Home/lib/missioncontrol/plugins/org.eclipse.jetty.servlet_9.3.9.v20160517.jar
Contents/Home/lib/missioncontrol/plugins/org.eclipse.jetty.util_9.3.9.v20160517.jar
Contents/Home/lib/missioncontrol/plugins/org.eclipse.jface.databinding.nl_ja_4.5.0.v20151128060001.jar
Contents/Home/lib/missioncontrol/plugins/org.eclipse.jface.databinding.nl_zh_4.5.0.v20151128060001.jar
Contents/Home/lib/missioncontrol/plugins/org.eclipse.jface.databinding_1.8.0.v20160420-2231.jar
Contents/Home/lib/missioncontrol/plugins/org.eclipse.jface.nl_ja_4.5.0.v20151128060001.jar
Contents/Home/lib/missioncontrol/plugins/org.eclipse.jface.nl_zh_4.5.0.v20151128060001.jar
Contents/Home/lib/missioncontrol/plugins/org.eclipse.jface.text.nl_ja_4.5.0.v20151128060001.jar
Contents/Home/lib/missioncontrol/plugins/org.eclipse.jface.text.nl_zh_4.5.0.v20151128060001.jar
Contents/Home/lib/missioncontrol/plugins/org.eclipse.jface.text_3.11.0.v20160505-1301.jar
Contents/Home/lib/missioncontrol/plugins/org.eclipse.jface_3.12.0.v20160518-1929.jar
Contents/Home/lib/missioncontrol/plugins/org.eclipse.osgi.compatibility.state.nl_ja_4.5.0.v20151128060001.jar
Contents/Home/lib/missioncontrol/plugins/org.eclipse.osgi.compatibility.state.nl_zh_4.5.0.v20151128060001.jar
Contents/Home/lib/missioncontrol/plugins/org.eclipse.osgi.compatibility.state_1.0.200.v20160504-1419.jar
Contents/Home/lib/missioncontrol/plugins/org.eclipse.osgi.nl_ja_4.5.0.v20151128060001.jar
Contents/Home/lib/missioncontrol/plugins/org.eclipse.osgi.nl_zh_4.5.0.v20151128060001.jar
Contents/Home/lib/missioncontrol/plugins/org.eclipse.osgi.services.nl_ja_4.5.0.v20151128060001.jar
Contents/Home/lib/missioncontrol/plugins/org.eclipse.osgi.services.nl_zh_4.5.0.v20151128060001.jar
Contents/Home/lib/missioncontrol/plugins/org.eclipse.osgi.services_3.5.100.v20160504-1419.jar
Contents/Home/lib/missioncontrol/plugins/org.eclipse.osgi_3.11.0.v20160603-1336.jar
Contents/Home/lib/missioncontrol/plugins/org.eclipse.rcp_4.6.0.v20160815-0911.jar
Contents/Home/lib/missioncontrol/plugins/org.eclipse.swt.cocoa.macosx.x86_64.nl_ja_4.5.0.v20151128060001.jar
Contents/Home/lib/missioncontrol/plugins/org.eclipse.swt.cocoa.macosx.x86_64.nl_zh_4.5.0.v20151128060001.jar
Contents/Home/lib/missioncontrol/plugins/org.eclipse.swt.cocoa.macosx.x86_64_3.105.0.v20160603-0902.jar
Contents/Home/lib/missioncontrol/plugins/org.eclipse.swt.nl_ja_4.5.0.v20151128060001.jar
Contents/Home/lib/missioncontrol/plugins/org.eclipse.swt.nl_zh_4.5.0.v20151128060001.jar
Contents/Home/lib/missioncontrol/plugins/org.eclipse.swt_3.105.0.v20160603-0902.jar
Contents/Home/lib/missioncontrol/plugins/org.eclipse.text.nl_ja_4.5.0.v20151128060001.jar
Contents/Home/lib/missioncontrol/plugins/org.eclipse.text.nl_zh_4.5.0.v20151128060001.jar
Contents/Home/lib/missioncontrol/plugins/org.eclipse.text_3.6.0.v20160503-1849.jar
Contents/Home/lib/missioncontrol/plugins/org.eclipse.ui.cocoa.nl_ja_4.5.0.v20151128060001.jar
Contents/Home/lib/missioncontrol/plugins/org.eclipse.ui.cocoa.nl_zh_4.5.0.v20151128060001.jar
Contents/Home/lib/missioncontrol/plugins/org.eclipse.ui.cocoa_1.1.100.v20151202-1450.jar
Contents/Home/lib/missioncontrol/plugins/org.eclipse.ui.forms.nl_ja_4.5.0.v20151128060001.jar
Contents/Home/lib/missioncontrol/plugins/org.eclipse.ui.forms.nl_zh_4.5.0.v20151128060001.jar
Contents/Home/lib/missioncontrol/plugins/org.eclipse.ui.forms_3.7.0.v20160518-1929.jar
Contents/Home/lib/missioncontrol/plugins/org.eclipse.ui.intro.nl_ja_4.5.0.v20151128060001.jar
Contents/Home/lib/missioncontrol/plugins/org.eclipse.ui.intro.nl_zh_4.5.0.v20151128060001.jar
Contents/Home/lib/missioncontrol/plugins/org.eclipse.ui.intro_3.5.0.v20160509-1548.jar
Contents/Home/lib/missioncontrol/plugins/org.eclipse.ui.net.nl_ja_4.5.0.v20151128060001.jar
Contents/Home/lib/missioncontrol/plugins/org.eclipse.ui.net.nl_zh_4.5.0.v20151128060001.jar
Contents/Home/lib/missioncontrol/plugins/org.eclipse.ui.net_1.3.0.v20160426-1633.jar
Contents/Home/lib/missioncontrol/plugins/org.eclipse.ui.nl_ja_4.5.0.v20151128060001.jar
Contents/Home/lib/missioncontrol/plugins/org.eclipse.ui.nl_zh_4.5.0.v20151128060001.jar
Contents/Home/lib/missioncontrol/plugins/org.eclipse.ui.themes.nl_ja_4.5.0.v20151128060001.jar
Contents/Home/lib/missioncontrol/plugins/org.eclipse.ui.themes.nl_zh_4.5.0.v20151128060001.jar
Contents/Home/lib/missioncontrol/plugins/org.eclipse.ui.themes_1.1.100.v20160411-1921
Contents/Home/lib/missioncontrol/plugins/org.eclipse.ui.themes_1.1.100.v20160411-1921/META-INF
Contents/Home/lib/missioncontrol/plugins/org.eclipse.ui.themes_1.1.100.v20160411-1921/META-INF/ECLIPSE_.RSA
Contents/Home/lib/missioncontrol/plugins/org.eclipse.ui.themes_1.1.100.v20160411-1921/META-INF/ECLIPSE_.SF
Contents/Home/lib/missioncontrol/plugins/org.eclipse.ui.themes_1.1.100.v20160411-1921/META-INF/MANIFEST.MF
Contents/Home/lib/missioncontrol/plugins/org.eclipse.ui.themes_1.1.100.v20160411-1921/about.html
Contents/Home/lib/missioncontrol/plugins/org.eclipse.ui.themes_1.1.100.v20160411-1921/css
Contents/Home/lib/missioncontrol/plugins/org.eclipse.ui.themes_1.1.100.v20160411-1921/css/dark
Contents/Home/lib/missioncontrol/plugins/org.eclipse.ui.themes_1.1.100.v20160411-1921/css/dark/e4-dark_basestyle.css
Contents/Home/lib/missioncontrol/plugins/org.eclipse.ui.themes_1.1.100.v20160411-1921/css/dark/e4-dark_globalstyle.css
Contents/Home/lib/missioncontrol/plugins/org.eclipse.ui.themes_1.1.100.v20160411-1921/css/dark/e4-dark_partstyle.css
Contents/Home/lib/missioncontrol/plugins/org.eclipse.ui.themes_1.1.100.v20160411-1921/css/dark/e4-dark_preferencestyle.css
Contents/Home/lib/missioncontrol/plugins/org.eclipse.ui.themes_1.1.100.v20160411-1921/css/e4-dark.css
Contents/Home/lib/missioncontrol/plugins/org.eclipse.ui.themes_1.1.100.v20160411-1921/css/e4-dark_mac.css
Contents/Home/lib/missioncontrol/plugins/org.eclipse.ui.themes_1.1.100.v20160411-1921/css/e4-dark_win.css
Contents/Home/lib/missioncontrol/plugins/org.eclipse.ui.themes_1.1.100.v20160411-1921/css/e4_basestyle.css
Contents/Home/lib/missioncontrol/plugins/org.eclipse.ui.themes_1.1.100.v20160411-1921/css/e4_classic_win7.css
Contents/Home/lib/missioncontrol/plugins/org.eclipse.ui.themes_1.1.100.v20160411-1921/css/e4_classic_winxp.css
Contents/Home/lib/missioncontrol/plugins/org.eclipse.ui.themes_1.1.100.v20160411-1921/css/e4_default_gtk.css
Contents/Home/lib/missioncontrol/plugins/org.eclipse.ui.themes_1.1.100.v20160411-1921/css/e4_default_mac.css
Contents/Home/lib/missioncontrol/plugins/org.eclipse.ui.themes_1.1.100.v20160411-1921/css/e4_default_mru_on_win7.css
Contents/Home/lib/missioncontrol/plugins/org.eclipse.ui.themes_1.1.100.v20160411-1921/css/e4_default_win7.css
Contents/Home/lib/missioncontrol/plugins/org.eclipse.ui.themes_1.1.100.v20160411-1921/css/e4_default_winxp_blu.css
Contents/Home/lib/missioncontrol/plugins/org.eclipse.ui.themes_1.1.100.v20160411-1921/css/e4_default_winxp_olv.css
Contents/Home/lib/missioncontrol/plugins/org.eclipse.ui.themes_1.1.100.v20160411-1921/css/high-contrast.css
Contents/Home/lib/missioncontrol/plugins/org.eclipse.ui.themes_1.1.100.v20160411-1921/images
Contents/Home/lib/missioncontrol/plugins/org.eclipse.ui.themes_1.1.100.v20160411-1921/images/dragHandle.png
Contents/Home/lib/missioncontrol/plugins/org.eclipse.ui.themes_1.1.100.v20160411-1921/images/gtkHandle.png
Contents/Home/lib/missioncontrol/plugins/org.eclipse.ui.themes_1.1.100.v20160411-1921/images/gtkTSFrame.png
Contents/Home/lib/missioncontrol/plugins/org.eclipse.ui.themes_1.1.100.v20160411-1921/images/macGrey.png
Contents/Home/lib/missioncontrol/plugins/org.eclipse.ui.themes_1.1.100.v20160411-1921/images/macHandle.png
Contents/Home/lib/missioncontrol/plugins/org.eclipse.ui.themes_1.1.100.v20160411-1921/images/macTSFrame.png
Contents/Home/lib/missioncontrol/plugins/org.eclipse.ui.themes_1.1.100.v20160411-1921/images/win7.png
Contents/Home/lib/missioncontrol/plugins/org.eclipse.ui.themes_1.1.100.v20160411-1921/images/win7Handle.png
Contents/Home/lib/missioncontrol/plugins/org.eclipse.ui.themes_1.1.100.v20160411-1921/images/win7TSFrame.png
Contents/Home/lib/missioncontrol/plugins/org.eclipse.ui.themes_1.1.100.v20160411-1921/images/winClassicHandle.png
Contents/Home/lib/missioncontrol/plugins/org.eclipse.ui.themes_1.1.100.v20160411-1921/images/winClassicTSFrame.png
Contents/Home/lib/missioncontrol/plugins/org.eclipse.ui.themes_1.1.100.v20160411-1921/images/winXPBluHandle.png
Contents/Home/lib/missioncontrol/plugins/org.eclipse.ui.themes_1.1.100.v20160411-1921/images/winXPBluTSFrame.png
Contents/Home/lib/missioncontrol/plugins/org.eclipse.ui.themes_1.1.100.v20160411-1921/images/winXPBlue.png
Contents/Home/lib/missioncontrol/plugins/org.eclipse.ui.themes_1.1.100.v20160411-1921/images/winXPHandle.png
Contents/Home/lib/missioncontrol/plugins/org.eclipse.ui.themes_1.1.100.v20160411-1921/images/winXPOlive.png
Contents/Home/lib/missioncontrol/plugins/org.eclipse.ui.themes_1.1.100.v20160411-1921/images/winXPTSFrame.png
Contents/Home/lib/missioncontrol/plugins/org.eclipse.ui.themes_1.1.100.v20160411-1921/plugin.properties
Contents/Home/lib/missioncontrol/plugins/org.eclipse.ui.themes_1.1.100.v20160411-1921/plugin.xml
Contents/Home/lib/missioncontrol/plugins/org.eclipse.ui.views.nl_ja_4.5.0.v20151128060001.jar
Contents/Home/lib/missioncontrol/plugins/org.eclipse.ui.views.nl_zh_4.5.0.v20151128060001.jar
Contents/Home/lib/missioncontrol/plugins/org.eclipse.ui.views_3.8.100.v20160518-1929.jar
Contents/Home/lib/missioncontrol/plugins/org.eclipse.ui.workbench.nl_ja_4.5.0.v20151128060001.jar
Contents/Home/lib/missioncontrol/plugins/org.eclipse.ui.workbench.nl_zh_4.5.0.v20151128060001.jar
Contents/Home/lib/missioncontrol/plugins/org.eclipse.ui.workbench_3.108.0.v20160602-1232.jar
Contents/Home/lib/missioncontrol/plugins/org.eclipse.ui_3.108.0.v20160518-1929.jar
Contents/Home/lib/missioncontrol/plugins/org.eclipse.update.configurator.nl_ja_4.5.0.v20151128060001.jar
Contents/Home/lib/missioncontrol/plugins/org.eclipse.update.configurator.nl_zh_4.5.0.v20151128060001.jar
Contents/Home/lib/missioncontrol/plugins/org.eclipse.update.configurator_3.3.400.v20160506-0750.jar
Contents/Home/lib/missioncontrol/plugins/org.sat4j.core_2.3.5.v201308161310.jar
Contents/Home/lib/missioncontrol/plugins/org.sat4j.pb_2.3.5.v201404071733.jar
Contents/Home/lib/missioncontrol/plugins/org.tukaani.xz_1.3.0.v201308270617.jar
Contents/Home/lib/missioncontrol/plugins/org.w3c.css.sac_1.3.1.v200903091627.jar
Contents/Home/lib/missioncontrol/plugins/org.w3c.dom.events_3.0.0.draft20060413_v201105210656.jar
Contents/Home/lib/missioncontrol/plugins/org.w3c.dom.smil_1.0.1.v200903091627.jar
Contents/Home/lib/missioncontrol/plugins/org.w3c.dom.svg_1.1.0.v201011041433.jar
Contents/Home/lib/modules
Contents/Home/lib/nibs
Contents/Home/lib/nibs/MixedCodeHelpDialog.nib
Contents/Home/lib/nibs/MixedCodeMainDialog.nib
Contents/Home/lib/nibs/MixedCodeMainDialogJs.nib
Contents/Home/lib/plugin-legacy.jar
Contents/Home/lib/plugin.jar
Contents/Home/lib/psfont.properties.ja
Contents/Home/lib/psfontj2d.properties
Contents/Home/lib/security
Contents/Home/lib/security/blacklist
Contents/Home/lib/security/blacklisted.certs
Contents/Home/lib/security/cacerts
Contents/Home/lib/security/default.policy
Contents/Home/lib/security/public_suffix_list.dat
Contents/Home/lib/security/trusted.libraries
Contents/Home/lib/server
Contents/Home/lib/server/Xusage.txt
Contents/Home/lib/server/libjsig.dylib
Contents/Home/lib/server/libjvm.dylib
Contents/Home/lib/shortcuts
Contents/Home/lib/shortcuts/JavaWSApplicationStub
Contents/Home/lib/src.zip
Contents/Home/lib/tzdb.dat
Contents/Home/release
Contents/Info.plist
Contents/MacOS
Contents/MacOS/libjli.dylib
