dyld: /bin/sh
dyld: /usr/lib/libncurses.5.4.dylib
dyld: /usr/lib/libSystem.B.dylib
dyld: /usr/lib/system/libcache.dylib
dyld: /usr/lib/system/libcommonCrypto.dylib
dyld: /usr/lib/system/libcompiler_rt.dylib
dyld: /usr/lib/system/libcopyfile.dylib
dyld: /usr/lib/system/libcorecrypto.dylib
dyld: /usr/lib/system/libdispatch.dylib
dyld: /usr/lib/system/libdyld.dylib
dyld: /usr/lib/system/libkeymgr.dylib
dyld: /usr/lib/system/liblaunch.dylib
dyld: /usr/lib/system/libmacho.dylib
dyld: /usr/lib/system/libquarantine.dylib
dyld: /usr/lib/system/libremovefile.dylib
dyld: /usr/lib/system/libsystem_asl.dylib
dyld: /usr/lib/system/libsystem_blocks.dylib
dyld: /usr/lib/system/libsystem_c.dylib
dyld: /usr/lib/system/libsystem_configuration.dylib
dyld: /usr/lib/system/libsystem_coreservices.dylib
dyld: /usr/lib/system/libsystem_darwin.dylib
dyld: /usr/lib/system/libsystem_dnssd.dylib
dyld: /usr/lib/system/libsystem_info.dylib
dyld: /usr/lib/system/libsystem_m.dylib
dyld: /usr/lib/system/libsystem_malloc.dylib
dyld: /usr/lib/system/libsystem_network.dylib
dyld: /usr/lib/system/libsystem_networkextension.dylib
dyld: /usr/lib/system/libsystem_notify.dylib
dyld: /usr/lib/system/libsystem_sandbox.dylib
dyld: /usr/lib/system/libsystem_secinit.dylib
dyld: /usr/lib/system/libsystem_kernel.dylib
dyld: /usr/lib/system/libsystem_platform.dylib
dyld: /usr/lib/system/libsystem_pthread.dylib
dyld: /usr/lib/system/libsystem_symptoms.dylib
dyld: /usr/lib/system/libsystem_trace.dylib
dyld: /usr/lib/system/libunwind.dylib
dyld: /usr/lib/system/libxpc.dylib
dyld: /usr/lib/libobjc.A.dylib
dyld: /usr/lib/libc++abi.dylib
dyld: /usr/lib/libc++.1.dylib
dyld: /usr/lib/closure/libclosured.dylib
dyld: /usr/bin/sed
dyld: /usr/lib/libSystem.B.dylib
dyld: /usr/lib/system/libcache.dylib
dyld: /usr/lib/system/libcommonCrypto.dylib
dyld: /usr/lib/system/libcompiler_rt.dylib
dyld: /usr/lib/system/libcopyfile.dylib
dyld: /usr/lib/system/libcorecrypto.dylib
dyld: /usr/lib/system/libdispatch.dylib
dyld: /usr/lib/system/libdyld.dylib
dyld: /usr/lib/system/libkeymgr.dylib
dyld: /usr/lib/system/liblaunch.dylib
dyld: /usr/lib/system/libmacho.dylib
dyld: /usr/lib/system/libquarantine.dylib
dyld: /usr/lib/system/libremovefile.dylib
dyld: /usr/lib/system/libsystem_asl.dylib
dyld: /usr/lib/system/libsystem_blocks.dylib
dyld: /usr/lib/system/libsystem_c.dylib
dyld: /usr/lib/system/libsystem_configuration.dylib
dyld: /usr/lib/system/libsystem_coreservices.dylib
dyld: /usr/lib/system/libsystem_darwin.dylib
dyld: /usr/lib/system/libsystem_dnssd.dylib
dyld: /usr/lib/system/libsystem_info.dylib
dyld: /usr/lib/system/libsystem_m.dylib
dyld: /usr/lib/system/libsystem_malloc.dylib
dyld: /usr/lib/system/libsystem_network.dylib
dyld: /usr/lib/system/libsystem_networkextension.dylib
dyld: /usr/lib/system/libsystem_notify.dylib
dyld: /usr/lib/system/libsystem_sandbox.dylib
dyld: /usr/lib/system/libsystem_secinit.dylib
dyld: /usr/lib/system/libsystem_kernel.dylib
dyld: /usr/lib/system/libsystem_platform.dylib
dyld: /usr/lib/system/libsystem_pthread.dylib
dyld: /usr/lib/system/libsystem_symptoms.dylib
dyld: /usr/lib/system/libsystem_trace.dylib
dyld: /usr/lib/system/libunwind.dylib
dyld: /usr/lib/system/libxpc.dylib
dyld: /usr/lib/libobjc.A.dylib
dyld: /usr/lib/libc++abi.dylib
dyld: /usr/lib/libc++.1.dylib
dyld: /usr/lib/closure/libclosured.dylib
dyld: /usr/bin/sed
dyld: /usr/lib/libSystem.B.dylib
dyld: /usr/lib/system/libcache.dylib
dyld: /usr/lib/system/libcommonCrypto.dylib
dyld: /usr/lib/system/libcompiler_rt.dylib
dyld: /usr/lib/system/libcopyfile.dylib
dyld: /usr/lib/system/libcorecrypto.dylib
dyld: /usr/lib/system/libdispatch.dylib
dyld: /usr/lib/system/libdyld.dylib
dyld: /usr/lib/system/libkeymgr.dylib
dyld: /usr/lib/system/liblaunch.dylib
dyld: /usr/lib/system/libmacho.dylib
dyld: /usr/lib/system/libquarantine.dylib
dyld: /usr/lib/system/libremovefile.dylib
dyld: /usr/lib/system/libsystem_asl.dylib
dyld: /usr/lib/system/libsystem_blocks.dylib
dyld: /usr/lib/system/libsystem_c.dylib
dyld: /usr/lib/system/libsystem_configuration.dylib
dyld: /usr/lib/system/libsystem_coreservices.dylib
dyld: /usr/lib/system/libsystem_darwin.dylib
dyld: /usr/lib/system/libsystem_dnssd.dylib
dyld: /usr/lib/system/libsystem_info.dylib
dyld: /usr/lib/system/libsystem_m.dylib
dyld: /usr/lib/system/libsystem_malloc.dylib
dyld: /usr/lib/system/libsystem_network.dylib
dyld: /usr/lib/system/libsystem_networkextension.dylib
dyld: /usr/lib/system/libsystem_notify.dylib
dyld: /usr/lib/system/libsystem_sandbox.dylib
dyld: /usr/lib/system/libsystem_secinit.dylib
dyld: /usr/lib/system/libsystem_kernel.dylib
dyld: /usr/lib/system/libsystem_platform.dylib
dyld: /usr/lib/system/libsystem_pthread.dylib
dyld: /usr/lib/system/libsystem_symptoms.dylib
dyld: /usr/lib/system/libsystem_trace.dylib
dyld: /usr/lib/system/libunwind.dylib
dyld: /usr/lib/system/libxpc.dylib
dyld: /usr/lib/libobjc.A.dylib
dyld: /usr/lib/libc++abi.dylib
dyld: /usr/lib/libc++.1.dylib
dyld: /usr/lib/closure/libclosured.dylib
dyld: /usr/bin/uname
dyld: /usr/lib/libSystem.B.dylib
dyld: /usr/lib/system/libcache.dylib
dyld: /usr/lib/system/libcommonCrypto.dylib
dyld: /usr/lib/system/libcompiler_rt.dylib
dyld: /usr/lib/system/libcopyfile.dylib
dyld: /usr/lib/system/libcorecrypto.dylib
dyld: /usr/lib/system/libdispatch.dylib
dyld: /usr/lib/system/libdyld.dylib
dyld: /usr/lib/system/libkeymgr.dylib
dyld: /usr/lib/system/liblaunch.dylib
dyld: /usr/lib/system/libmacho.dylib
dyld: /usr/lib/system/libquarantine.dylib
dyld: /usr/lib/system/libremovefile.dylib
dyld: /usr/lib/system/libsystem_asl.dylib
dyld: /usr/lib/system/libsystem_blocks.dylib
dyld: /usr/lib/system/libsystem_c.dylib
dyld: /usr/lib/system/libsystem_configuration.dylib
dyld: /usr/lib/system/libsystem_coreservices.dylib
dyld: /usr/lib/system/libsystem_darwin.dylib
dyld: /usr/lib/system/libsystem_dnssd.dylib
dyld: /usr/lib/system/libsystem_info.dylib
dyld: /usr/lib/system/libsystem_m.dylib
dyld: /usr/lib/system/libsystem_malloc.dylib
dyld: /usr/lib/system/libsystem_network.dylib
dyld: /usr/lib/system/libsystem_networkextension.dylib
dyld: /usr/lib/system/libsystem_notify.dylib
dyld: /usr/lib/system/libsystem_sandbox.dylib
dyld: /usr/lib/system/libsystem_secinit.dylib
dyld: /usr/lib/system/libsystem_kernel.dylib
dyld: /usr/lib/system/libsystem_platform.dylib
dyld: /usr/lib/system/libsystem_pthread.dylib
dyld: /usr/lib/system/libsystem_symptoms.dylib
dyld: /usr/lib/system/libsystem_trace.dylib
dyld: /usr/lib/system/libunwind.dylib
dyld: /usr/lib/system/libxpc.dylib
dyld: /usr/lib/libobjc.A.dylib
dyld: /usr/lib/libc++abi.dylib
dyld: /usr/lib/libc++.1.dylib
dyld: /usr/lib/closure/libclosured.dylib
dyld: loaded: /tmp/mc3-rjd/envs/r3.4.2/lib/R/bin/exec/R
dyld: loaded: /private/tmp/mc3-rjd/envs/r3.4.2/lib/R/bin/exec/../../../R/lib/libR.dylib
dyld: loaded: /usr/lib/libSystem.B.dylib
dyld: loaded: /System/Library/Frameworks/Accelerate.framework/Versions/A/Accelerate
dyld: loaded: /private/tmp/mc3-rjd/envs/r3.4.2/lib/R/lib/../../libgfortran.3.dylib
dyld: loaded: /private/tmp/mc3-rjd/envs/r3.4.2/lib/R/lib/../../libquadmath.0.dylib
dyld: loaded: /private/tmp/mc3-rjd/envs/r3.4.2/lib/R/lib/../../libintl.8.dylib
dyld: loaded: /System/Library/Frameworks/CoreFoundation.framework/Versions/A/CoreFoundation
dyld: loaded: /private/tmp/mc3-rjd/envs/r3.4.2/lib/R/lib/../../libreadline.7.dylib
dyld: loaded: /private/tmp/mc3-rjd/envs/r3.4.2/lib/R/lib/../../libpcre.1.dylib
dyld: loaded: /private/tmp/mc3-rjd/envs/r3.4.2/lib/R/lib/../../liblzma.5.dylib
dyld: loaded: /usr/lib/libbz2.1.0.dylib
dyld: loaded: /private/tmp/mc3-rjd/envs/r3.4.2/lib/R/lib/../../libz.1.dylib
dyld: loaded: /private/tmp/mc3-rjd/envs/r3.4.2/lib/R/lib/../../libiconv.2.dylib
dyld: loaded: /private/tmp/mc3-rjd/envs/r3.4.2/lib/R/lib/../../libicuuc.58.dylib
dyld: loaded: /private/tmp/mc3-rjd/envs/r3.4.2/lib/R/lib/../../libicui18n.58.dylib
dyld: loaded: /System/Library/Frameworks/Accelerate.framework/Versions/A/Frameworks/vImage.framework/Versions/A/vImage
dyld: loaded: /System/Library/Frameworks/Accelerate.framework/Versions/A/Frameworks/vecLib.framework/Versions/A/vecLib
dyld: loaded: /System/Library/Frameworks/Accelerate.framework/Versions/A/Frameworks/vecLib.framework/Versions/A/libvDSP.dylib
dyld: loaded: /usr/lib/libc++.1.dylib
dyld: loaded: /usr/lib/libc++abi.dylib
dyld: loaded: /usr/lib/system/libcache.dylib
dyld: loaded: /usr/lib/system/libcommonCrypto.dylib
dyld: loaded: /usr/lib/system/libcompiler_rt.dylib
dyld: loaded: /usr/lib/system/libcopyfile.dylib
dyld: loaded: /usr/lib/system/libcorecrypto.dylib
dyld: loaded: /usr/lib/system/libdispatch.dylib
dyld: loaded: /usr/lib/system/libdyld.dylib
dyld: loaded: /usr/lib/system/libkeymgr.dylib
dyld: loaded: /usr/lib/system/liblaunch.dylib
dyld: loaded: /usr/lib/system/libmacho.dylib
dyld: loaded: /usr/lib/system/libquarantine.dylib
dyld: loaded: /usr/lib/system/libremovefile.dylib
dyld: loaded: /usr/lib/system/libsystem_asl.dylib
dyld: loaded: /usr/lib/system/libsystem_blocks.dylib
dyld: loaded: /usr/lib/system/libsystem_c.dylib
dyld: loaded: /usr/lib/system/libsystem_configuration.dylib
dyld: loaded: /usr/lib/system/libsystem_coreservices.dylib
dyld: loaded: /usr/lib/system/libsystem_darwin.dylib
dyld: loaded: /usr/lib/system/libsystem_dnssd.dylib
dyld: loaded: /usr/lib/system/libsystem_info.dylib
dyld: loaded: /usr/lib/system/libsystem_m.dylib
dyld: loaded: /usr/lib/system/libsystem_malloc.dylib
dyld: loaded: /usr/lib/system/libsystem_network.dylib
dyld: loaded: /usr/lib/system/libsystem_networkextension.dylib
dyld: loaded: /usr/lib/system/libsystem_notify.dylib
dyld: loaded: /usr/lib/system/libsystem_sandbox.dylib
dyld: loaded: /usr/lib/system/libsystem_secinit.dylib
dyld: loaded: /usr/lib/system/libsystem_kernel.dylib
dyld: loaded: /usr/lib/system/libsystem_platform.dylib
dyld: loaded: /usr/lib/system/libsystem_pthread.dylib
dyld: loaded: /usr/lib/system/libsystem_symptoms.dylib
dyld: loaded: /usr/lib/system/libsystem_trace.dylib
dyld: loaded: /usr/lib/system/libunwind.dylib
dyld: loaded: /usr/lib/system/libxpc.dylib
dyld: loaded: /usr/lib/closure/libclosured.dylib
dyld: loaded: /usr/lib/libobjc.A.dylib
dyld: loaded: /System/Library/Frameworks/Accelerate.framework/Versions/A/Frameworks/vecLib.framework/Versions/A/libBNNS.dylib
dyld: loaded: /System/Library/Frameworks/Accelerate.framework/Versions/A/Frameworks/vecLib.framework/Versions/A/libQuadrature.dylib
dyld: loaded: /System/Library/Frameworks/Accelerate.framework/Versions/A/Frameworks/vecLib.framework/Versions/A/libvMisc.dylib
dyld: loaded: /System/Library/Frameworks/Accelerate.framework/Versions/A/Frameworks/vecLib.framework/Versions/A/libLAPACK.dylib
dyld: loaded: /System/Library/Frameworks/Accelerate.framework/Versions/A/Frameworks/vecLib.framework/Versions/A/libBLAS.dylib
dyld: loaded: /System/Library/Frameworks/Accelerate.framework/Versions/A/Frameworks/vecLib.framework/Versions/A/libLinearAlgebra.dylib
dyld: loaded: /System/Library/Frameworks/Accelerate.framework/Versions/A/Frameworks/vecLib.framework/Versions/A/libSparse.dylib
dyld: loaded: /System/Library/Frameworks/Accelerate.framework/Versions/A/Frameworks/vecLib.framework/Versions/A/libSparseBLAS.dylib
dyld: loaded: /private/tmp/mc3-rjd/envs/r3.4.2/lib/libgcc_s.1.dylib
dyld: loaded: /usr/lib/libDiagnosticMessagesClient.dylib
dyld: loaded: /usr/lib/libicucore.A.dylib
dyld: loaded: /usr/lib/libz.1.dylib
dyld: loaded: /private/tmp/mc3-rjd/envs/r3.4.2/lib/libncursesw.6.dylib
dyld: loaded: /private/tmp/mc3-rjd/envs/r3.4.2/lib/libtinfow.6.dylib
dyld: loaded: /tmp/mc3-rjd/envs/r3.4.2/lib/libicudata.58.dylib
dyld: loaded: /tmp/mc3-rjd/envs/r3.4.2/lib/libc++.1.dylib
dyld: loaded: /private/tmp/mc3-rjd/envs/r3.4.2/lib/libc++abi.1.dylib
dyld: loaded: /private/tmp/mc3-rjd/envs/r3.4.2/lib/R/library/methods/libs/methods.so
dyld: loaded: /private/tmp/mc3-rjd/envs/r3.4.2/lib/R/library/utils/libs/utils.so
dyld: loaded: /private/tmp/mc3-rjd/envs/r3.4.2/lib/R/library/grDevices/libs/grDevices.so
dyld: loaded: /System/Library/Frameworks/AppKit.framework/Versions/C/AppKit
dyld: loaded: /System/Library/Frameworks/ApplicationServices.framework/Versions/A/ApplicationServices
dyld: loaded: /System/Library/Frameworks/CoreGraphics.framework/Versions/A/CoreGraphics
dyld: loaded: /System/Library/Frameworks/Foundation.framework/Versions/C/Foundation
dyld: loaded: /System/Library/Frameworks/ImageIO.framework/Versions/A/ImageIO
dyld: loaded: /System/Library/PrivateFrameworks/RemoteViewServices.framework/Versions/A/RemoteViewServices
dyld: loaded: /System/Library/PrivateFrameworks/UIFoundation.framework/Versions/A/UIFoundation
dyld: loaded: /System/Library/PrivateFrameworks/DFRFoundation.framework/Versions/A/DFRFoundation
dyld: loaded: /System/Library/Frameworks/Metal.framework/Versions/A/Metal
dyld: loaded: /System/Library/PrivateFrameworks/DesktopServicesPriv.framework/Versions/A/DesktopServicesPriv
dyld: loaded: /usr/lib/libenergytrace.dylib
dyld: loaded: /System/Library/PrivateFrameworks/SkyLight.framework/Versions/A/SkyLight
dyld: loaded: /usr/lib/libScreenReader.dylib
dyld: loaded: /System/Library/Frameworks/IOSurface.framework/Versions/A/IOSurface
dyld: loaded: /System/Library/Frameworks/AudioToolbox.framework/Versions/A/AudioToolbox
dyld: loaded: /System/Library/Frameworks/AudioUnit.framework/Versions/A/AudioUnit
dyld: loaded: /System/Library/Frameworks/CoreData.framework/Versions/A/CoreData
dyld: loaded: /System/Library/PrivateFrameworks/DataDetectorsCore.framework/Versions/A/DataDetectorsCore
dyld: loaded: /System/Library/Frameworks/Carbon.framework/Versions/A/Frameworks/HIToolbox.framework/Versions/A/HIToolbox
dyld: loaded: /System/Library/Frameworks/QuartzCore.framework/Versions/A/QuartzCore
dyld: loaded: /System/Library/Frameworks/Security.framework/Versions/A/Security
dyld: loaded: /System/Library/Frameworks/Carbon.framework/Versions/A/Frameworks/SpeechRecognition.framework/Versions/A/SpeechRecognition
dyld: loaded: /usr/lib/libauto.dylib
dyld: loaded: /usr/lib/libxml2.2.dylib
dyld: loaded: /System/Library/PrivateFrameworks/CoreUI.framework/Versions/A/CoreUI
dyld: loaded: /System/Library/Frameworks/CoreAudio.framework/Versions/A/CoreAudio
dyld: loaded: /System/Library/Frameworks/DiskArbitration.framework/Versions/A/DiskArbitration
dyld: loaded: /usr/lib/liblangid.dylib
dyld: loaded: /System/Library/PrivateFrameworks/MultitouchSupport.framework/Versions/A/MultitouchSupport
dyld: loaded: /System/Library/Frameworks/IOKit.framework/Versions/A/IOKit
dyld: loaded: /System/Library/Frameworks/CoreServices.framework/Versions/A/CoreServices
dyld: loaded: /System/Library/PrivateFrameworks/PerformanceAnalysis.framework/Versions/A/PerformanceAnalysis
dyld: loaded: /System/Library/Frameworks/OpenGL.framework/Versions/A/OpenGL
dyld: loaded: /System/Library/Frameworks/ColorSync.framework/Versions/A/ColorSync
dyld: loaded: /System/Library/Frameworks/CoreImage.framework/Versions/A/CoreImage
dyld: loaded: /System/Library/Frameworks/CoreText.framework/Versions/A/CoreText
dyld: loaded: /System/Library/PrivateFrameworks/Backup.framework/Versions/A/Backup
dyld: loaded: /usr/lib/libarchive.2.dylib
dyld: loaded: /System/Library/Frameworks/CFNetwork.framework/Versions/A/CFNetwork
dyld: loaded: /System/Library/Frameworks/SystemConfiguration.framework/Versions/A/SystemConfiguration
dyld: loaded: /usr/lib/libCRFSuite.dylib
dyld: loaded: /usr/lib/libbsm.0.dylib
dyld: loaded: /usr/lib/system/libkxld.dylib
dyld: loaded: /usr/lib/libOpenScriptingUtil.dylib
dyld: loaded: /usr/lib/libcoretls.dylib
dyld: loaded: /usr/lib/libcoretls_cfhelpers.dylib
dyld: loaded: /usr/lib/libpam.2.dylib
dyld: loaded: /usr/lib/libsqlite3.dylib
dyld: loaded: /usr/lib/libxar.1.dylib
dyld: loaded: /usr/lib/liblzma.5.dylib
dyld: loaded: /usr/lib/libnetwork.dylib
dyld: loaded: /usr/lib/libapple_nghttp2.dylib
dyld: loaded: /usr/lib/libpcap.A.dylib
dyld: loaded: /usr/lib/libboringssl.dylib
dyld: loaded: /usr/lib/libusrtcp.dylib
dyld: loaded: /usr/lib/libapple_crypto.dylib
dyld: loaded: /System/Library/Frameworks/CoreServices.framework/Versions/A/Frameworks/FSEvents.framework/Versions/A/FSEvents
dyld: loaded: /System/Library/Frameworks/CoreServices.framework/Versions/A/Frameworks/CarbonCore.framework/Versions/A/CarbonCore
dyld: loaded: /System/Library/Frameworks/CoreServices.framework/Versions/A/Frameworks/Metadata.framework/Versions/A/Metadata
dyld: loaded: /System/Library/Frameworks/CoreServices.framework/Versions/A/Frameworks/OSServices.framework/Versions/A/OSServices
dyld: loaded: /System/Library/Frameworks/CoreServices.framework/Versions/A/Frameworks/SearchKit.framework/Versions/A/SearchKit
dyld: loaded: /System/Library/Frameworks/CoreServices.framework/Versions/A/Frameworks/AE.framework/Versions/A/AE
dyld: loaded: /System/Library/Frameworks/CoreServices.framework/Versions/A/Frameworks/LaunchServices.framework/Versions/A/LaunchServices
dyld: loaded: /System/Library/Frameworks/CoreServices.framework/Versions/A/Frameworks/DictionaryServices.framework/Versions/A/DictionaryServices
dyld: loaded: /System/Library/Frameworks/CoreServices.framework/Versions/A/Frameworks/SharedFileList.framework/Versions/A/SharedFileList
dyld: loaded: /System/Library/Frameworks/NetFS.framework/Versions/A/NetFS
dyld: loaded: /System/Library/PrivateFrameworks/NetAuth.framework/Versions/A/NetAuth
dyld: loaded: /System/Library/PrivateFrameworks/login.framework/Versions/A/Frameworks/loginsupport.framework/Versions/A/loginsupport
dyld: loaded: /System/Library/PrivateFrameworks/TCC.framework/Versions/A/TCC
dyld: loaded: /usr/lib/libmecabra.dylib
dyld: loaded: /System/Library/Frameworks/ApplicationServices.framework/Versions/A/Frameworks/ATS.framework/Versions/A/ATS
dyld: loaded: /System/Library/Frameworks/ApplicationServices.framework/Versions/A/Frameworks/ColorSyncLegacy.framework/Versions/A/ColorSyncLegacy
dyld: loaded: /System/Library/Frameworks/ApplicationServices.framework/Versions/A/Frameworks/HIServices.framework/Versions/A/HIServices
dyld: loaded: /System/Library/Frameworks/ApplicationServices.framework/Versions/A/Frameworks/LangAnalysis.framework/Versions/A/LangAnalysis
dyld: loaded: /System/Library/Frameworks/ApplicationServices.framework/Versions/A/Frameworks/PrintCore.framework/Versions/A/PrintCore
dyld: loaded: /System/Library/Frameworks/ApplicationServices.framework/Versions/A/Frameworks/QD.framework/Versions/A/QD
dyld: loaded: /System/Library/Frameworks/ApplicationServices.framework/Versions/A/Frameworks/SpeechSynthesis.framework/Versions/A/SpeechSynthesis
dyld: loaded: /System/Library/Frameworks/CoreDisplay.framework/Versions/A/CoreDisplay
dyld: loaded: /System/Library/PrivateFrameworks/IOAccelerator.framework/Versions/A/IOAccelerator
dyld: loaded: /System/Library/PrivateFrameworks/IOPresentment.framework/Versions/A/IOPresentment
dyld: loaded: /System/Library/PrivateFrameworks/DSExternalDisplay.framework/Versions/A/DSExternalDisplay
dyld: loaded: /System/Library/Frameworks/OpenGL.framework/Versions/A/Libraries/libCoreFSCache.dylib
dyld: loaded: /System/Library/Frameworks/CoreVideo.framework/Versions/A/CoreVideo
dyld: loaded: /System/Library/PrivateFrameworks/GraphVisualizer.framework/Versions/A/GraphVisualizer
dyld: loaded: /System/Library/Frameworks/MetalPerformanceShaders.framework/Versions/A/MetalPerformanceShaders
dyld: loaded: /usr/lib/libFosl_dynamic.dylib
dyld: loaded: /System/Library/PrivateFrameworks/FaceCore.framework/Versions/A/FaceCore
dyld: loaded: /System/Library/Frameworks/OpenCL.framework/Versions/A/OpenCL
dyld: loaded: /usr/lib/libcompression.dylib
dyld: loaded: /System/Library/Frameworks/ApplicationServices.framework/Versions/A/Frameworks/ATS.framework/Versions/A/Resources/libFontParser.dylib
dyld: loaded: /System/Library/Frameworks/ApplicationServices.framework/Versions/A/Frameworks/ATS.framework/Versions/A/Resources/libFontRegistry.dylib
dyld: loaded: /System/Library/Frameworks/ImageIO.framework/Versions/A/Resources/libJPEG.dylib
dyld: loaded: /System/Library/Frameworks/ImageIO.framework/Versions/A/Resources/libTIFF.dylib
dyld: loaded: /System/Library/Frameworks/ImageIO.framework/Versions/A/Resources/libPng.dylib
dyld: loaded: /System/Library/Frameworks/ImageIO.framework/Versions/A/Resources/libGIF.dylib
dyld: loaded: /System/Library/Frameworks/ImageIO.framework/Versions/A/Resources/libJP2.dylib
dyld: loaded: /System/Library/Frameworks/ImageIO.framework/Versions/A/Resources/libRadiance.dylib
dyld: loaded: /System/Library/PrivateFrameworks/AppleJPEG.framework/Versions/A/AppleJPEG
dyld: loaded: /System/Library/PrivateFrameworks/MetalTools.framework/Versions/A/MetalTools
dyld: loaded: /System/Library/Frameworks/MetalPerformanceShaders.framework/Frameworks/MPSCore.framework/Versions/A/MPSCore
dyld: loaded: /System/Library/Frameworks/MetalPerformanceShaders.framework/Frameworks/MPSImage.framework/Versions/A/MPSImage
dyld: loaded: /System/Library/Frameworks/MetalPerformanceShaders.framework/Frameworks/MPSMatrix.framework/Versions/A/MPSMatrix
dyld: loaded: /System/Library/Frameworks/MetalPerformanceShaders.framework/Frameworks/MPSNeuralNetwork.framework/Versions/A/MPSNeuralNetwork
dyld: loaded: /System/Library/Frameworks/OpenGL.framework/Versions/A/Libraries/libGLU.dylib
dyld: loaded: /System/Library/Frameworks/OpenGL.framework/Versions/A/Libraries/libGFXShared.dylib
dyld: loaded: /System/Library/Frameworks/OpenGL.framework/Versions/A/Libraries/libGL.dylib
dyld: loaded: /System/Library/Frameworks/OpenGL.framework/Versions/A/Libraries/libGLImage.dylib
dyld: loaded: /System/Library/Frameworks/OpenGL.framework/Versions/A/Libraries/libCVMSPluginSupport.dylib
dyld: loaded: /System/Library/Frameworks/OpenGL.framework/Versions/A/Libraries/libCoreVMClient.dylib
dyld: loaded: /usr/lib/libcups.2.dylib
dyld: loaded: /System/Library/Frameworks/Kerberos.framework/Versions/A/Kerberos
dyld: loaded: /System/Library/Frameworks/GSS.framework/Versions/A/GSS
dyld: loaded: /usr/lib/libresolv.9.dylib
dyld: loaded: /usr/lib/libiconv.2.dylib
dyld: loaded: /System/Library/PrivateFrameworks/Heimdal.framework/Versions/A/Heimdal
dyld: loaded: /usr/lib/libheimdal-asn1.dylib
dyld: loaded: /System/Library/Frameworks/OpenDirectory.framework/Versions/A/OpenDirectory
dyld: loaded: /System/Library/PrivateFrameworks/CommonAuth.framework/Versions/A/CommonAuth
dyld: loaded: /System/Library/Frameworks/OpenDirectory.framework/Versions/A/Frameworks/CFOpenDirectory.framework/Versions/A/CFOpenDirectory
dyld: loaded: /System/Library/Frameworks/SecurityFoundation.framework/Versions/A/SecurityFoundation
dyld: loaded: /System/Library/PrivateFrameworks/APFS.framework/Versions/A/APFS
dyld: loaded: /usr/lib/libutil.dylib
dyld: loaded: /System/Library/PrivateFrameworks/AppleSauce.framework/Versions/A/AppleSauce
dyld: loaded: /System/Library/PrivateFrameworks/LinguisticData.framework/Versions/A/LinguisticData
dyld: loaded: /usr/lib/libmarisa.dylib
dyld: loaded: /System/Library/PrivateFrameworks/Lexicon.framework/Versions/A/Lexicon
dyld: loaded: /usr/lib/libChineseTokenizer.dylib
dyld: loaded: /usr/lib/libcmph.dylib
dyld: loaded: /System/Library/PrivateFrameworks/LanguageModeling.framework/Versions/A/LanguageModeling
dyld: loaded: /System/Library/PrivateFrameworks/CoreEmoji.framework/Versions/A/CoreEmoji
dyld: loaded: /System/Library/Frameworks/ServiceManagement.framework/Versions/A/ServiceManagement
dyld: loaded: /System/Library/PrivateFrameworks/BackgroundTaskManagement.framework/Versions/A/BackgroundTaskManagement
dyld: loaded: /usr/lib/libxslt.1.dylib
dyld: loaded: /System/Library/Frameworks/Carbon.framework/Versions/A/Frameworks/Ink.framework/Versions/A/Ink
dyld: loaded: /System/Library/PrivateFrameworks/TextureIO.framework/Versions/A/TextureIO
dyld: loaded: /usr/lib/libate.dylib
dyld: loaded: /System/Library/PrivateFrameworks/CrashReporterSupport.framework/Versions/A/CrashReporterSupport
dyld: loaded: /System/Library/PrivateFrameworks/Sharing.framework/Versions/A/Sharing
dyld: loaded: /System/Library/PrivateFrameworks/IconServices.framework/Versions/A/IconServices
dyld: loaded: /System/Library/PrivateFrameworks/ProtocolBuffer.framework/Versions/A/ProtocolBuffer
dyld: loaded: /System/Library/PrivateFrameworks/Apple80211.framework/Versions/A/Apple80211
dyld: loaded: /System/Library/Frameworks/CoreWLAN.framework/Versions/A/CoreWLAN
dyld: loaded: /System/Library/PrivateFrameworks/CoreUtils.framework/Versions/A/CoreUtils
dyld: loaded: /System/Library/Frameworks/IOBluetooth.framework/Versions/A/IOBluetooth
dyld: loaded: /System/Library/PrivateFrameworks/CoreWiFi.framework/Versions/A/CoreWiFi
dyld: loaded: /System/Library/Frameworks/CoreBluetooth.framework/Versions/A/CoreBluetooth
dyld: loaded: /System/Library/PrivateFrameworks/SignpostNotification.framework/Versions/A/SignpostNotification
dyld: loaded: /System/Library/PrivateFrameworks/DebugSymbols.framework/Versions/A/DebugSymbols
dyld: loaded: /System/Library/PrivateFrameworks/CoreSymbolication.framework/Versions/A/CoreSymbolication
dyld: loaded: /System/Library/PrivateFrameworks/Symbolication.framework/Versions/A/Symbolication
dyld: loaded: /System/Library/PrivateFrameworks/AppleFSCompression.framework/Versions/A/AppleFSCompression
dyld: loaded: /System/Library/PrivateFrameworks/SpeechRecognitionCore.framework/Versions/A/SpeechRecognitionCore
dyld: loaded: /private/tmp/mc3-rjd/envs/r3.4.2/lib/R/library/graphics/libs/graphics.so
dyld: loaded: /private/tmp/mc3-rjd/envs/r3.4.2/lib/R/library/stats/libs/stats.so
> library(rJava); .jinit()
dyld: loaded: /Library/Java/JavaVirtualMachines/jdk-9.0.1.jdk/Contents/Home/lib/jli/libjli.dylib
dyld: loaded: /System/Library/Frameworks/Cocoa.framework/Versions/A/Cocoa
dyld: loaded: /private/tmp/mc3-rjd/envs/r3.4.2/lib/R/library/rJava/libs/rJava.so
dyld: loaded: /System/Library/Frameworks/JavaVM.framework/Versions/A/JavaVM
dyld: loaded: /System/Library/PrivateFrameworks/JavaLaunching.framework/Versions/A/JavaLaunching
JavaVM: requested Java version ((null)) not available. Using Java at "" instead.
JavaVM: Failed to load JVM: /bundle/Libraries/libserver.dylib
JavaVM FATAL: Failed to load the jvm library.
Error in .jinit() : JNI_GetCreatedJavaVMs returned -1
Calls: .jinit -> .External
Execution halted
dyld: loaded: /bin/sh
dyld: loaded: /usr/lib/libncurses.5.4.dylib
dyld: loaded: /usr/lib/libSystem.B.dylib
dyld: loaded: /usr/lib/system/libcache.dylib
dyld: loaded: /usr/lib/system/libcommonCrypto.dylib
dyld: loaded: /usr/lib/system/libcompiler_rt.dylib
dyld: loaded: /usr/lib/system/libcopyfile.dylib
dyld: loaded: /usr/lib/system/libcorecrypto.dylib
dyld: loaded: /usr/lib/system/libdispatch.dylib
dyld: loaded: /usr/lib/system/libdyld.dylib
dyld: loaded: /usr/lib/system/libkeymgr.dylib
dyld: loaded: /usr/lib/system/liblaunch.dylib
dyld: loaded: /usr/lib/system/libmacho.dylib
dyld: loaded: /usr/lib/system/libquarantine.dylib
dyld: loaded: /usr/lib/system/libremovefile.dylib
dyld: loaded: /usr/lib/system/libsystem_asl.dylib
dyld: loaded: /usr/lib/system/libsystem_blocks.dylib
dyld: loaded: /usr/lib/system/libsystem_c.dylib
dyld: loaded: /usr/lib/system/libsystem_configuration.dylib
dyld: loaded: /usr/lib/system/libsystem_coreservices.dylib
dyld: loaded: /usr/lib/system/libsystem_darwin.dylib
dyld: loaded: /usr/lib/system/libsystem_dnssd.dylib
dyld: loaded: /usr/lib/system/libsystem_info.dylib
dyld: loaded: /usr/lib/system/libsystem_m.dylib
dyld: loaded: /usr/lib/system/libsystem_malloc.dylib
dyld: loaded: /usr/lib/system/libsystem_network.dylib
dyld: loaded: /usr/lib/system/libsystem_networkextension.dylib
dyld: loaded: /usr/lib/system/libsystem_notify.dylib
dyld: loaded: /usr/lib/system/libsystem_sandbox.dylib
dyld: loaded: /usr/lib/system/libsystem_secinit.dylib
dyld: loaded: /usr/lib/system/libsystem_kernel.dylib
dyld: loaded: /usr/lib/system/libsystem_platform.dylib
dyld: loaded: /usr/lib/system/libsystem_pthread.dylib
dyld: loaded: /usr/lib/system/libsystem_symptoms.dylib
dyld: loaded: /usr/lib/system/libsystem_trace.dylib
dyld: loaded: /usr/lib/system/libunwind.dylib
dyld: loaded: /usr/lib/system/libxpc.dylib
dyld: loaded: /usr/lib/closure/libclosured.dylib
dyld: loaded: /usr/lib/libobjc.A.dylib
dyld: loaded: /usr/lib/libc++abi.dylib
dyld: loaded: /usr/lib/libc++.1.dylib
dyld: loaded: /bin/rm
dyld: loaded: /usr/lib/libSystem.B.dylib
dyld: loaded: /usr/lib/system/libcache.dylib
dyld: loaded: /usr/lib/system/libcommonCrypto.dylib
dyld: loaded: /usr/lib/system/libcompiler_rt.dylib
dyld: loaded: /usr/lib/system/libcopyfile.dylib
dyld: loaded: /usr/lib/system/libcorecrypto.dylib
dyld: loaded: /usr/lib/system/libdispatch.dylib
dyld: loaded: /usr/lib/system/libdyld.dylib
dyld: loaded: /usr/lib/system/libkeymgr.dylib
dyld: loaded: /usr/lib/system/liblaunch.dylib
dyld: loaded: /usr/lib/system/libmacho.dylib
dyld: loaded: /usr/lib/system/libquarantine.dylib
dyld: loaded: /usr/lib/system/libremovefile.dylib
dyld: loaded: /usr/lib/system/libsystem_asl.dylib
dyld: loaded: /usr/lib/system/libsystem_blocks.dylib
dyld: loaded: /usr/lib/system/libsystem_c.dylib
dyld: loaded: /usr/lib/system/libsystem_configuration.dylib
dyld: loaded: /usr/lib/system/libsystem_coreservices.dylib
dyld: loaded: /usr/lib/system/libsystem_darwin.dylib
dyld: loaded: /usr/lib/system/libsystem_dnssd.dylib
dyld: loaded: /usr/lib/system/libsystem_info.dylib
dyld: loaded: /usr/lib/system/libsystem_m.dylib
dyld: loaded: /usr/lib/system/libsystem_malloc.dylib
dyld: loaded: /usr/lib/system/libsystem_network.dylib
dyld: loaded: /usr/lib/system/libsystem_networkextension.dylib
dyld: loaded: /usr/lib/system/libsystem_notify.dylib
dyld: loaded: /usr/lib/system/libsystem_sandbox.dylib
dyld: loaded: /usr/lib/system/libsystem_secinit.dylib
dyld: loaded: /usr/lib/system/libsystem_kernel.dylib
dyld: loaded: /usr/lib/system/libsystem_platform.dylib
dyld: loaded: /usr/lib/system/libsystem_pthread.dylib
dyld: loaded: /usr/lib/system/libsystem_symptoms.dylib
dyld: loaded: /usr/lib/system/libsystem_trace.dylib
dyld: loaded: /usr/lib/system/libunwind.dylib
dyld: loaded: /usr/lib/system/libxpc.dylib
dyld: loaded: /usr/lib/closure/libclosured.dylib
dyld: loaded: /usr/lib/libobjc.A.dylib
dyld: loaded: /usr/lib/libc++abi.dylib
dyld: loaded: /usr/lib/libc++.1.dylib
