package-id: com.apple.pkg.JavaEssentials
version: 1.0.0.0.1.1247562015
volume: /
location: /
install-time: 1504907318
groups: com.apple.FindSystemFiles.pkg-group 
Applications
Library
Library/Java
Library/Java/Extensions
Library/Java/Home
Library/Java/JavaVirtualMachines
System
System/Library
System/Library/CoreServices
System/Library/CoreServices/Jar Launcher.app
System/Library/CoreServices/Jar Launcher.app/Contents
System/Library/CoreServices/Jar Launcher.app/Contents/Info.plist
System/Library/CoreServices/Jar Launcher.app/Contents/MacOS
System/Library/CoreServices/Jar Launcher.app/Contents/MacOS/Jar Launcher
System/Library/CoreServices/Jar Launcher.app/Contents/PkgInfo
System/Library/CoreServices/Jar Launcher.app/Contents/Resources
System/Library/CoreServices/Jar Launcher.app/Contents/Resources/CLASS.icns
System/Library/CoreServices/Jar Launcher.app/Contents/Resources/Default.nib
System/Library/CoreServices/Jar Launcher.app/Contents/Resources/Dutch.lproj
System/Library/CoreServices/Jar Launcher.app/Contents/Resources/Dutch.lproj/InfoPlist.strings
System/Library/CoreServices/Jar Launcher.app/Contents/Resources/Dutch.lproj/jarlauncher.strings
System/Library/CoreServices/Jar Launcher.app/Contents/Resources/English.lproj
System/Library/CoreServices/Jar Launcher.app/Contents/Resources/English.lproj/InfoPlist.strings
System/Library/CoreServices/Jar Launcher.app/Contents/Resources/English.lproj/jarlauncher.strings
System/Library/CoreServices/Jar Launcher.app/Contents/Resources/French.lproj
System/Library/CoreServices/Jar Launcher.app/Contents/Resources/French.lproj/InfoPlist.strings
System/Library/CoreServices/Jar Launcher.app/Contents/Resources/French.lproj/jarlauncher.strings
System/Library/CoreServices/Jar Launcher.app/Contents/Resources/German.lproj
System/Library/CoreServices/Jar Launcher.app/Contents/Resources/German.lproj/InfoPlist.strings
System/Library/CoreServices/Jar Launcher.app/Contents/Resources/German.lproj/jarlauncher.strings
System/Library/CoreServices/Jar Launcher.app/Contents/Resources/Italian.lproj
System/Library/CoreServices/Jar Launcher.app/Contents/Resources/Italian.lproj/InfoPlist.strings
System/Library/CoreServices/Jar Launcher.app/Contents/Resources/Italian.lproj/jarlauncher.strings
System/Library/CoreServices/Jar Launcher.app/Contents/Resources/JAR.icns
System/Library/CoreServices/Jar Launcher.app/Contents/Resources/Japanese.lproj
System/Library/CoreServices/Jar Launcher.app/Contents/Resources/Japanese.lproj/InfoPlist.strings
System/Library/CoreServices/Jar Launcher.app/Contents/Resources/Japanese.lproj/jarlauncher.strings
System/Library/CoreServices/Jar Launcher.app/Contents/Resources/JarLauncher.icns
System/Library/CoreServices/Jar Launcher.app/Contents/Resources/Spanish.lproj
System/Library/CoreServices/Jar Launcher.app/Contents/Resources/Spanish.lproj/InfoPlist.strings
System/Library/CoreServices/Jar Launcher.app/Contents/Resources/Spanish.lproj/jarlauncher.strings
System/Library/CoreServices/Jar Launcher.app/Contents/Resources/ar.lproj
System/Library/CoreServices/Jar Launcher.app/Contents/Resources/ar.lproj/InfoPlist.strings
System/Library/CoreServices/Jar Launcher.app/Contents/Resources/ar.lproj/jarlauncher.strings
System/Library/CoreServices/Jar Launcher.app/Contents/Resources/ca.lproj
System/Library/CoreServices/Jar Launcher.app/Contents/Resources/ca.lproj/InfoPlist.strings
System/Library/CoreServices/Jar Launcher.app/Contents/Resources/ca.lproj/jarlauncher.strings
System/Library/CoreServices/Jar Launcher.app/Contents/Resources/cs.lproj
System/Library/CoreServices/Jar Launcher.app/Contents/Resources/cs.lproj/InfoPlist.strings
System/Library/CoreServices/Jar Launcher.app/Contents/Resources/cs.lproj/jarlauncher.strings
System/Library/CoreServices/Jar Launcher.app/Contents/Resources/da.lproj
System/Library/CoreServices/Jar Launcher.app/Contents/Resources/da.lproj/InfoPlist.strings
System/Library/CoreServices/Jar Launcher.app/Contents/Resources/da.lproj/jarlauncher.strings
System/Library/CoreServices/Jar Launcher.app/Contents/Resources/el.lproj
System/Library/CoreServices/Jar Launcher.app/Contents/Resources/el.lproj/InfoPlist.strings
System/Library/CoreServices/Jar Launcher.app/Contents/Resources/el.lproj/jarlauncher.strings
System/Library/CoreServices/Jar Launcher.app/Contents/Resources/fi.lproj
System/Library/CoreServices/Jar Launcher.app/Contents/Resources/fi.lproj/InfoPlist.strings
System/Library/CoreServices/Jar Launcher.app/Contents/Resources/fi.lproj/jarlauncher.strings
System/Library/CoreServices/Jar Launcher.app/Contents/Resources/he.lproj
System/Library/CoreServices/Jar Launcher.app/Contents/Resources/he.lproj/InfoPlist.strings
System/Library/CoreServices/Jar Launcher.app/Contents/Resources/he.lproj/jarlauncher.strings
System/Library/CoreServices/Jar Launcher.app/Contents/Resources/hr.lproj
System/Library/CoreServices/Jar Launcher.app/Contents/Resources/hr.lproj/InfoPlist.strings
System/Library/CoreServices/Jar Launcher.app/Contents/Resources/hr.lproj/jarlauncher.strings
System/Library/CoreServices/Jar Launcher.app/Contents/Resources/hu.lproj
System/Library/CoreServices/Jar Launcher.app/Contents/Resources/hu.lproj/InfoPlist.strings
System/Library/CoreServices/Jar Launcher.app/Contents/Resources/hu.lproj/jarlauncher.strings
System/Library/CoreServices/Jar Launcher.app/Contents/Resources/ko.lproj
System/Library/CoreServices/Jar Launcher.app/Contents/Resources/ko.lproj/InfoPlist.strings
System/Library/CoreServices/Jar Launcher.app/Contents/Resources/ko.lproj/jarlauncher.strings
System/Library/CoreServices/Jar Launcher.app/Contents/Resources/no.lproj
System/Library/CoreServices/Jar Launcher.app/Contents/Resources/no.lproj/InfoPlist.strings
System/Library/CoreServices/Jar Launcher.app/Contents/Resources/no.lproj/jarlauncher.strings
System/Library/CoreServices/Jar Launcher.app/Contents/Resources/pl.lproj
System/Library/CoreServices/Jar Launcher.app/Contents/Resources/pl.lproj/InfoPlist.strings
System/Library/CoreServices/Jar Launcher.app/Contents/Resources/pl.lproj/jarlauncher.strings
System/Library/CoreServices/Jar Launcher.app/Contents/Resources/pt.lproj
System/Library/CoreServices/Jar Launcher.app/Contents/Resources/pt.lproj/InfoPlist.strings
System/Library/CoreServices/Jar Launcher.app/Contents/Resources/pt.lproj/jarlauncher.strings
System/Library/CoreServices/Jar Launcher.app/Contents/Resources/pt_PT.lproj
System/Library/CoreServices/Jar Launcher.app/Contents/Resources/pt_PT.lproj/InfoPlist.strings
System/Library/CoreServices/Jar Launcher.app/Contents/Resources/pt_PT.lproj/jarlauncher.strings
System/Library/CoreServices/Jar Launcher.app/Contents/Resources/ro.lproj
System/Library/CoreServices/Jar Launcher.app/Contents/Resources/ro.lproj/InfoPlist.strings
System/Library/CoreServices/Jar Launcher.app/Contents/Resources/ro.lproj/jarlauncher.strings
System/Library/CoreServices/Jar Launcher.app/Contents/Resources/ru.lproj
System/Library/CoreServices/Jar Launcher.app/Contents/Resources/ru.lproj/InfoPlist.strings
System/Library/CoreServices/Jar Launcher.app/Contents/Resources/ru.lproj/jarlauncher.strings
System/Library/CoreServices/Jar Launcher.app/Contents/Resources/sk.lproj
System/Library/CoreServices/Jar Launcher.app/Contents/Resources/sk.lproj/InfoPlist.strings
System/Library/CoreServices/Jar Launcher.app/Contents/Resources/sk.lproj/jarlauncher.strings
System/Library/CoreServices/Jar Launcher.app/Contents/Resources/sv.lproj
System/Library/CoreServices/Jar Launcher.app/Contents/Resources/sv.lproj/InfoPlist.strings
System/Library/CoreServices/Jar Launcher.app/Contents/Resources/sv.lproj/jarlauncher.strings
System/Library/CoreServices/Jar Launcher.app/Contents/Resources/th.lproj
System/Library/CoreServices/Jar Launcher.app/Contents/Resources/th.lproj/InfoPlist.strings
System/Library/CoreServices/Jar Launcher.app/Contents/Resources/th.lproj/jarlauncher.strings
System/Library/CoreServices/Jar Launcher.app/Contents/Resources/tr.lproj
System/Library/CoreServices/Jar Launcher.app/Contents/Resources/tr.lproj/InfoPlist.strings
System/Library/CoreServices/Jar Launcher.app/Contents/Resources/tr.lproj/jarlauncher.strings
System/Library/CoreServices/Jar Launcher.app/Contents/Resources/uk.lproj
System/Library/CoreServices/Jar Launcher.app/Contents/Resources/uk.lproj/InfoPlist.strings
System/Library/CoreServices/Jar Launcher.app/Contents/Resources/uk.lproj/jarlauncher.strings
System/Library/CoreServices/Jar Launcher.app/Contents/Resources/zh_CN.lproj
System/Library/CoreServices/Jar Launcher.app/Contents/Resources/zh_CN.lproj/InfoPlist.strings
System/Library/CoreServices/Jar Launcher.app/Contents/Resources/zh_CN.lproj/jarlauncher.strings
System/Library/CoreServices/Jar Launcher.app/Contents/Resources/zh_TW.lproj
System/Library/CoreServices/Jar Launcher.app/Contents/Resources/zh_TW.lproj/InfoPlist.strings
System/Library/CoreServices/Jar Launcher.app/Contents/Resources/zh_TW.lproj/jarlauncher.strings
System/Library/CoreServices/Jar Launcher.app/Contents/_CodeSignature
System/Library/CoreServices/Jar Launcher.app/Contents/_CodeSignature/CodeResources
System/Library/CoreServices/Jar Launcher.app/Contents/version.plist
System/Library/CoreServices/Java Web Start.app
System/Library/CoreServices/Java Web Start.app/Contents
System/Library/CoreServices/Java Web Start.app/Contents/Info.plist
System/Library/CoreServices/Java Web Start.app/Contents/MacOS
System/Library/CoreServices/Java Web Start.app/Contents/MacOS/Java Web Start
System/Library/CoreServices/Java Web Start.app/Contents/PkgInfo
System/Library/CoreServices/Java Web Start.app/Contents/Resources
System/Library/CoreServices/Java Web Start.app/Contents/Resources/Dutch.lproj
System/Library/CoreServices/Java Web Start.app/Contents/Resources/Dutch.lproj/InfoPlist.strings
System/Library/CoreServices/Java Web Start.app/Contents/Resources/English.lproj
System/Library/CoreServices/Java Web Start.app/Contents/Resources/English.lproj/InfoPlist.strings
System/Library/CoreServices/Java Web Start.app/Contents/Resources/French.lproj
System/Library/CoreServices/Java Web Start.app/Contents/Resources/French.lproj/InfoPlist.strings
System/Library/CoreServices/Java Web Start.app/Contents/Resources/German.lproj
System/Library/CoreServices/Java Web Start.app/Contents/Resources/German.lproj/InfoPlist.strings
System/Library/CoreServices/Java Web Start.app/Contents/Resources/Italian.lproj
System/Library/CoreServices/Java Web Start.app/Contents/Resources/Italian.lproj/InfoPlist.strings
System/Library/CoreServices/Java Web Start.app/Contents/Resources/Japanese.lproj
System/Library/CoreServices/Java Web Start.app/Contents/Resources/Japanese.lproj/InfoPlist.strings
System/Library/CoreServices/Java Web Start.app/Contents/Resources/JavaWebStart.nib
System/Library/CoreServices/Java Web Start.app/Contents/Resources/JavaWebStart.nib/objects.nib
System/Library/CoreServices/Java Web Start.app/Contents/Resources/Spanish.lproj
System/Library/CoreServices/Java Web Start.app/Contents/Resources/Spanish.lproj/InfoPlist.strings
System/Library/CoreServices/Java Web Start.app/Contents/Resources/WebStart.icns
System/Library/CoreServices/Java Web Start.app/Contents/Resources/ar.lproj
System/Library/CoreServices/Java Web Start.app/Contents/Resources/ar.lproj/InfoPlist.strings
System/Library/CoreServices/Java Web Start.app/Contents/Resources/ca.lproj
System/Library/CoreServices/Java Web Start.app/Contents/Resources/ca.lproj/InfoPlist.strings
System/Library/CoreServices/Java Web Start.app/Contents/Resources/cs.lproj
System/Library/CoreServices/Java Web Start.app/Contents/Resources/cs.lproj/InfoPlist.strings
System/Library/CoreServices/Java Web Start.app/Contents/Resources/da.lproj
System/Library/CoreServices/Java Web Start.app/Contents/Resources/da.lproj/InfoPlist.strings
System/Library/CoreServices/Java Web Start.app/Contents/Resources/el.lproj
System/Library/CoreServices/Java Web Start.app/Contents/Resources/el.lproj/InfoPlist.strings
System/Library/CoreServices/Java Web Start.app/Contents/Resources/fi.lproj
System/Library/CoreServices/Java Web Start.app/Contents/Resources/fi.lproj/InfoPlist.strings
System/Library/CoreServices/Java Web Start.app/Contents/Resources/he.lproj
System/Library/CoreServices/Java Web Start.app/Contents/Resources/he.lproj/InfoPlist.strings
System/Library/CoreServices/Java Web Start.app/Contents/Resources/hr.lproj
System/Library/CoreServices/Java Web Start.app/Contents/Resources/hr.lproj/InfoPlist.strings
System/Library/CoreServices/Java Web Start.app/Contents/Resources/hu.lproj
System/Library/CoreServices/Java Web Start.app/Contents/Resources/hu.lproj/InfoPlist.strings
System/Library/CoreServices/Java Web Start.app/Contents/Resources/jnlp.icns
System/Library/CoreServices/Java Web Start.app/Contents/Resources/ko.lproj
System/Library/CoreServices/Java Web Start.app/Contents/Resources/ko.lproj/InfoPlist.strings
System/Library/CoreServices/Java Web Start.app/Contents/Resources/no.lproj
System/Library/CoreServices/Java Web Start.app/Contents/Resources/no.lproj/InfoPlist.strings
System/Library/CoreServices/Java Web Start.app/Contents/Resources/pl.lproj
System/Library/CoreServices/Java Web Start.app/Contents/Resources/pl.lproj/InfoPlist.strings
System/Library/CoreServices/Java Web Start.app/Contents/Resources/pt.lproj
System/Library/CoreServices/Java Web Start.app/Contents/Resources/pt.lproj/InfoPlist.strings
System/Library/CoreServices/Java Web Start.app/Contents/Resources/pt_PT.lproj
System/Library/CoreServices/Java Web Start.app/Contents/Resources/pt_PT.lproj/InfoPlist.strings
System/Library/CoreServices/Java Web Start.app/Contents/Resources/ro.lproj
System/Library/CoreServices/Java Web Start.app/Contents/Resources/ro.lproj/InfoPlist.strings
System/Library/CoreServices/Java Web Start.app/Contents/Resources/ru.lproj
System/Library/CoreServices/Java Web Start.app/Contents/Resources/ru.lproj/InfoPlist.strings
System/Library/CoreServices/Java Web Start.app/Contents/Resources/sk.lproj
System/Library/CoreServices/Java Web Start.app/Contents/Resources/sk.lproj/InfoPlist.strings
System/Library/CoreServices/Java Web Start.app/Contents/Resources/sv.lproj
System/Library/CoreServices/Java Web Start.app/Contents/Resources/sv.lproj/InfoPlist.strings
System/Library/CoreServices/Java Web Start.app/Contents/Resources/th.lproj
System/Library/CoreServices/Java Web Start.app/Contents/Resources/th.lproj/InfoPlist.strings
System/Library/CoreServices/Java Web Start.app/Contents/Resources/tr.lproj
System/Library/CoreServices/Java Web Start.app/Contents/Resources/tr.lproj/InfoPlist.strings
System/Library/CoreServices/Java Web Start.app/Contents/Resources/uk.lproj
System/Library/CoreServices/Java Web Start.app/Contents/Resources/uk.lproj/InfoPlist.strings
System/Library/CoreServices/Java Web Start.app/Contents/Resources/zh_CN.lproj
System/Library/CoreServices/Java Web Start.app/Contents/Resources/zh_CN.lproj/InfoPlist.strings
System/Library/CoreServices/Java Web Start.app/Contents/Resources/zh_TW.lproj
System/Library/CoreServices/Java Web Start.app/Contents/Resources/zh_TW.lproj/InfoPlist.strings
System/Library/CoreServices/Java Web Start.app/Contents/_CodeSignature
System/Library/CoreServices/Java Web Start.app/Contents/_CodeSignature/CodeResources
System/Library/CoreServices/Java Web Start.app/Contents/version.plist
System/Library/CoreServices/JavaVersion.plist
System/Library/Frameworks
System/Library/Frameworks/JavaFrameEmbedding.framework
System/Library/Frameworks/JavaFrameEmbedding.framework/JavaFrameEmbedding
System/Library/Frameworks/JavaFrameEmbedding.framework/Resources
System/Library/Frameworks/JavaFrameEmbedding.framework/Versions
System/Library/Frameworks/JavaFrameEmbedding.framework/Versions/A
System/Library/Frameworks/JavaFrameEmbedding.framework/Versions/A/JavaFrameEmbedding
System/Library/Frameworks/JavaFrameEmbedding.framework/Versions/A/Resources
System/Library/Frameworks/JavaFrameEmbedding.framework/Versions/A/Resources/Info.plist
System/Library/Frameworks/JavaFrameEmbedding.framework/Versions/A/Resources/version.plist
System/Library/Frameworks/JavaFrameEmbedding.framework/Versions/A/_CodeSignature
System/Library/Frameworks/JavaFrameEmbedding.framework/Versions/A/_CodeSignature/CodeResources
System/Library/Frameworks/JavaFrameEmbedding.framework/Versions/Current
System/Library/Frameworks/JavaVM.framework
System/Library/Frameworks/JavaVM.framework/Classes
System/Library/Frameworks/JavaVM.framework/Commands
System/Library/Frameworks/JavaVM.framework/Frameworks
System/Library/Frameworks/JavaVM.framework/Home
System/Library/Frameworks/JavaVM.framework/JavaVM
System/Library/Frameworks/JavaVM.framework/Libraries
System/Library/Frameworks/JavaVM.framework/Resources
System/Library/Frameworks/JavaVM.framework/Versions
System/Library/Frameworks/JavaVM.framework/Versions/1.4
System/Library/Frameworks/JavaVM.framework/Versions/1.4.2
System/Library/Frameworks/JavaVM.framework/Versions/1.5
System/Library/Frameworks/JavaVM.framework/Versions/1.5.0
System/Library/Frameworks/JavaVM.framework/Versions/1.6
System/Library/Frameworks/JavaVM.framework/Versions/1.6.0
System/Library/Frameworks/JavaVM.framework/Versions/A
System/Library/Frameworks/JavaVM.framework/Versions/A/Commands
System/Library/Frameworks/JavaVM.framework/Versions/A/Commands/appletviewer
System/Library/Frameworks/JavaVM.framework/Versions/A/Commands/apt
System/Library/Frameworks/JavaVM.framework/Versions/A/Commands/extcheck
System/Library/Frameworks/JavaVM.framework/Versions/A/Commands/idlj
System/Library/Frameworks/JavaVM.framework/Versions/A/Commands/jar
System/Library/Frameworks/JavaVM.framework/Versions/A/Commands/jarsigner
System/Library/Frameworks/JavaVM.framework/Versions/A/Commands/java
System/Library/Frameworks/JavaVM.framework/Versions/A/Commands/java_home
System/Library/Frameworks/JavaVM.framework/Versions/A/Commands/javac
System/Library/Frameworks/JavaVM.framework/Versions/A/Commands/javadoc
System/Library/Frameworks/JavaVM.framework/Versions/A/Commands/javah
System/Library/Frameworks/JavaVM.framework/Versions/A/Commands/javap
System/Library/Frameworks/JavaVM.framework/Versions/A/Commands/javaws
System/Library/Frameworks/JavaVM.framework/Versions/A/Commands/jcmd
System/Library/Frameworks/JavaVM.framework/Versions/A/Commands/jconsole
System/Library/Frameworks/JavaVM.framework/Versions/A/Commands/jdb
System/Library/Frameworks/JavaVM.framework/Versions/A/Commands/jdeps
System/Library/Frameworks/JavaVM.framework/Versions/A/Commands/jhat
System/Library/Frameworks/JavaVM.framework/Versions/A/Commands/jinfo
System/Library/Frameworks/JavaVM.framework/Versions/A/Commands/jjs
System/Library/Frameworks/JavaVM.framework/Versions/A/Commands/jmap
System/Library/Frameworks/JavaVM.framework/Versions/A/Commands/jmc
System/Library/Frameworks/JavaVM.framework/Versions/A/Commands/jps
System/Library/Frameworks/JavaVM.framework/Versions/A/Commands/jrunscript
System/Library/Frameworks/JavaVM.framework/Versions/A/Commands/jsadebugd
System/Library/Frameworks/JavaVM.framework/Versions/A/Commands/jstack
System/Library/Frameworks/JavaVM.framework/Versions/A/Commands/jstat
System/Library/Frameworks/JavaVM.framework/Versions/A/Commands/jstatd
System/Library/Frameworks/JavaVM.framework/Versions/A/Commands/jvisualvm
System/Library/Frameworks/JavaVM.framework/Versions/A/Commands/keytool
System/Library/Frameworks/JavaVM.framework/Versions/A/Commands/native2ascii
System/Library/Frameworks/JavaVM.framework/Versions/A/Commands/orbd
System/Library/Frameworks/JavaVM.framework/Versions/A/Commands/pack200
System/Library/Frameworks/JavaVM.framework/Versions/A/Commands/policytool
System/Library/Frameworks/JavaVM.framework/Versions/A/Commands/rmic
System/Library/Frameworks/JavaVM.framework/Versions/A/Commands/rmid
System/Library/Frameworks/JavaVM.framework/Versions/A/Commands/rmiregistry
System/Library/Frameworks/JavaVM.framework/Versions/A/Commands/schemagen
System/Library/Frameworks/JavaVM.framework/Versions/A/Commands/serialver
System/Library/Frameworks/JavaVM.framework/Versions/A/Commands/servertool
System/Library/Frameworks/JavaVM.framework/Versions/A/Commands/tnameserv
System/Library/Frameworks/JavaVM.framework/Versions/A/Commands/unpack200
System/Library/Frameworks/JavaVM.framework/Versions/A/Commands/wsgen
System/Library/Frameworks/JavaVM.framework/Versions/A/Commands/wsimport
System/Library/Frameworks/JavaVM.framework/Versions/A/Commands/xjc
System/Library/Frameworks/JavaVM.framework/Versions/A/Frameworks
System/Library/Frameworks/JavaVM.framework/Versions/A/Frameworks/JavaNativeFoundation.framework
System/Library/Frameworks/JavaVM.framework/Versions/A/Frameworks/JavaNativeFoundation.framework/Headers
System/Library/Frameworks/JavaVM.framework/Versions/A/Frameworks/JavaNativeFoundation.framework/JavaNativeFoundation
System/Library/Frameworks/JavaVM.framework/Versions/A/Frameworks/JavaNativeFoundation.framework/Resources
System/Library/Frameworks/JavaVM.framework/Versions/A/Frameworks/JavaNativeFoundation.framework/Versions
System/Library/Frameworks/JavaVM.framework/Versions/A/Frameworks/JavaNativeFoundation.framework/Versions/A
System/Library/Frameworks/JavaVM.framework/Versions/A/Frameworks/JavaNativeFoundation.framework/Versions/A/JavaNativeFoundation
System/Library/Frameworks/JavaVM.framework/Versions/A/Frameworks/JavaNativeFoundation.framework/Versions/A/Resources
System/Library/Frameworks/JavaVM.framework/Versions/A/Frameworks/JavaNativeFoundation.framework/Versions/A/Resources/English.lproj
System/Library/Frameworks/JavaVM.framework/Versions/A/Frameworks/JavaNativeFoundation.framework/Versions/A/Resources/English.lproj/InfoPlist.strings
System/Library/Frameworks/JavaVM.framework/Versions/A/Frameworks/JavaNativeFoundation.framework/Versions/A/Resources/Info.plist
System/Library/Frameworks/JavaVM.framework/Versions/A/Frameworks/JavaNativeFoundation.framework/Versions/A/Resources/version.plist
System/Library/Frameworks/JavaVM.framework/Versions/A/Frameworks/JavaNativeFoundation.framework/Versions/Current
System/Library/Frameworks/JavaVM.framework/Versions/A/Frameworks/JavaRuntimeSupport.framework
System/Library/Frameworks/JavaVM.framework/Versions/A/Frameworks/JavaRuntimeSupport.framework/Headers
System/Library/Frameworks/JavaVM.framework/Versions/A/Frameworks/JavaRuntimeSupport.framework/JavaRuntimeSupport
System/Library/Frameworks/JavaVM.framework/Versions/A/Frameworks/JavaRuntimeSupport.framework/Resources
System/Library/Frameworks/JavaVM.framework/Versions/A/Frameworks/JavaRuntimeSupport.framework/Versions
System/Library/Frameworks/JavaVM.framework/Versions/A/Frameworks/JavaRuntimeSupport.framework/Versions/A
System/Library/Frameworks/JavaVM.framework/Versions/A/Frameworks/JavaRuntimeSupport.framework/Versions/A/JavaRuntimeSupport
System/Library/Frameworks/JavaVM.framework/Versions/A/Frameworks/JavaRuntimeSupport.framework/Versions/A/Resources
System/Library/Frameworks/JavaVM.framework/Versions/A/Frameworks/JavaRuntimeSupport.framework/Versions/A/Resources/English.lproj
System/Library/Frameworks/JavaVM.framework/Versions/A/Frameworks/JavaRuntimeSupport.framework/Versions/A/Resources/English.lproj/InfoPlist.strings
System/Library/Frameworks/JavaVM.framework/Versions/A/Frameworks/JavaRuntimeSupport.framework/Versions/A/Resources/Info.plist
System/Library/Frameworks/JavaVM.framework/Versions/A/Frameworks/JavaRuntimeSupport.framework/Versions/A/Resources/version.plist
System/Library/Frameworks/JavaVM.framework/Versions/A/Frameworks/JavaRuntimeSupport.framework/Versions/A/_CodeSignature
System/Library/Frameworks/JavaVM.framework/Versions/A/Frameworks/JavaRuntimeSupport.framework/Versions/A/_CodeSignature/CodeResources
System/Library/Frameworks/JavaVM.framework/Versions/A/Frameworks/JavaRuntimeSupport.framework/Versions/Current
System/Library/Frameworks/JavaVM.framework/Versions/A/JavaVM
System/Library/Frameworks/JavaVM.framework/Versions/A/Resources
System/Library/Frameworks/JavaVM.framework/Versions/A/Resources/.compatibility
System/Library/Frameworks/JavaVM.framework/Versions/A/Resources/.compatibility/14compatibility.jar
System/Library/Frameworks/JavaVM.framework/Versions/A/Resources/.compatibility/IASupport.jar
System/Library/Frameworks/JavaVM.framework/Versions/A/Resources/.compatibility/libIASupport.jnilib
System/Library/Frameworks/JavaVM.framework/Versions/A/Resources/AppletBadge.pdf
System/Library/Frameworks/JavaVM.framework/Versions/A/Resources/Deploy.bundle
System/Library/Frameworks/JavaVM.framework/Versions/A/Resources/Documentation
System/Library/Frameworks/JavaVM.framework/Versions/A/Resources/Documentation/JavaApplicationStub-License.rtf
System/Library/Frameworks/JavaVM.framework/Versions/A/Resources/Documentation/man
System/Library/Frameworks/JavaVM.framework/Versions/A/Resources/Documentation/man/appletviewer.1
System/Library/Frameworks/JavaVM.framework/Versions/A/Resources/Documentation/man/apt.1
System/Library/Frameworks/JavaVM.framework/Versions/A/Resources/Documentation/man/extcheck.1
System/Library/Frameworks/JavaVM.framework/Versions/A/Resources/Documentation/man/idlj.1
System/Library/Frameworks/JavaVM.framework/Versions/A/Resources/Documentation/man/jar.1
System/Library/Frameworks/JavaVM.framework/Versions/A/Resources/Documentation/man/jarsigner.1
System/Library/Frameworks/JavaVM.framework/Versions/A/Resources/Documentation/man/java.1
System/Library/Frameworks/JavaVM.framework/Versions/A/Resources/Documentation/man/javac.1
System/Library/Frameworks/JavaVM.framework/Versions/A/Resources/Documentation/man/javadoc.1
System/Library/Frameworks/JavaVM.framework/Versions/A/Resources/Documentation/man/javah.1
System/Library/Frameworks/JavaVM.framework/Versions/A/Resources/Documentation/man/javap.1
System/Library/Frameworks/JavaVM.framework/Versions/A/Resources/Documentation/man/javaws.1
System/Library/Frameworks/JavaVM.framework/Versions/A/Resources/Documentation/man/jconsole.1
System/Library/Frameworks/JavaVM.framework/Versions/A/Resources/Documentation/man/jdb.1
System/Library/Frameworks/JavaVM.framework/Versions/A/Resources/Documentation/man/jhat.1
System/Library/Frameworks/JavaVM.framework/Versions/A/Resources/Documentation/man/jinfo.1
System/Library/Frameworks/JavaVM.framework/Versions/A/Resources/Documentation/man/jmap.1
System/Library/Frameworks/JavaVM.framework/Versions/A/Resources/Documentation/man/jps.1
System/Library/Frameworks/JavaVM.framework/Versions/A/Resources/Documentation/man/jrunscript.1
System/Library/Frameworks/JavaVM.framework/Versions/A/Resources/Documentation/man/jsadebugd.1
System/Library/Frameworks/JavaVM.framework/Versions/A/Resources/Documentation/man/jstack.1
System/Library/Frameworks/JavaVM.framework/Versions/A/Resources/Documentation/man/jstat.1
System/Library/Frameworks/JavaVM.framework/Versions/A/Resources/Documentation/man/jstatd.1
System/Library/Frameworks/JavaVM.framework/Versions/A/Resources/Documentation/man/keytool.1
System/Library/Frameworks/JavaVM.framework/Versions/A/Resources/Documentation/man/native2ascii.1
System/Library/Frameworks/JavaVM.framework/Versions/A/Resources/Documentation/man/orbd.1
System/Library/Frameworks/JavaVM.framework/Versions/A/Resources/Documentation/man/pack200.1
System/Library/Frameworks/JavaVM.framework/Versions/A/Resources/Documentation/man/policytool.1
System/Library/Frameworks/JavaVM.framework/Versions/A/Resources/Documentation/man/rmic.1
System/Library/Frameworks/JavaVM.framework/Versions/A/Resources/Documentation/man/rmid.1
System/Library/Frameworks/JavaVM.framework/Versions/A/Resources/Documentation/man/rmiregistry.1
System/Library/Frameworks/JavaVM.framework/Versions/A/Resources/Documentation/man/schemagen.1
System/Library/Frameworks/JavaVM.framework/Versions/A/Resources/Documentation/man/serialver.1
System/Library/Frameworks/JavaVM.framework/Versions/A/Resources/Documentation/man/servertool.1
System/Library/Frameworks/JavaVM.framework/Versions/A/Resources/Documentation/man/tnameserv.1
System/Library/Frameworks/JavaVM.framework/Versions/A/Resources/Documentation/man/unpack200.1
System/Library/Frameworks/JavaVM.framework/Versions/A/Resources/Documentation/man/wsgen.1
System/Library/Frameworks/JavaVM.framework/Versions/A/Resources/Documentation/man/wsimport.1
System/Library/Frameworks/JavaVM.framework/Versions/A/Resources/Documentation/man/xjc.1
System/Library/Frameworks/JavaVM.framework/Versions/A/Resources/Dutch.lproj
System/Library/Frameworks/JavaVM.framework/Versions/A/Resources/Dutch.lproj/DefaultApp.nib
System/Library/Frameworks/JavaVM.framework/Versions/A/Resources/Dutch.lproj/Menu.strings
System/Library/Frameworks/JavaVM.framework/Versions/A/Resources/English.lproj
System/Library/Frameworks/JavaVM.framework/Versions/A/Resources/English.lproj/DefaultApp.nib
System/Library/Frameworks/JavaVM.framework/Versions/A/Resources/English.lproj/DefaultApp.nib/objects.nib
System/Library/Frameworks/JavaVM.framework/Versions/A/Resources/English.lproj/Menu.strings
System/Library/Frameworks/JavaVM.framework/Versions/A/Resources/French.lproj
System/Library/Frameworks/JavaVM.framework/Versions/A/Resources/French.lproj/DefaultApp.nib
System/Library/Frameworks/JavaVM.framework/Versions/A/Resources/French.lproj/Menu.strings
System/Library/Frameworks/JavaVM.framework/Versions/A/Resources/GenericApp.icns
System/Library/Frameworks/JavaVM.framework/Versions/A/Resources/German.lproj
System/Library/Frameworks/JavaVM.framework/Versions/A/Resources/German.lproj/DefaultApp.nib
System/Library/Frameworks/JavaVM.framework/Versions/A/Resources/German.lproj/Menu.strings
System/Library/Frameworks/JavaVM.framework/Versions/A/Resources/Info.plist
System/Library/Frameworks/JavaVM.framework/Versions/A/Resources/Italian.lproj
System/Library/Frameworks/JavaVM.framework/Versions/A/Resources/Italian.lproj/DefaultApp.nib
System/Library/Frameworks/JavaVM.framework/Versions/A/Resources/Italian.lproj/Menu.strings
System/Library/Frameworks/JavaVM.framework/Versions/A/Resources/Japanese.lproj
System/Library/Frameworks/JavaVM.framework/Versions/A/Resources/Japanese.lproj/DefaultApp.nib
System/Library/Frameworks/JavaVM.framework/Versions/A/Resources/Japanese.lproj/Menu.strings
System/Library/Frameworks/JavaVM.framework/Versions/A/Resources/MacOS
System/Library/Frameworks/JavaVM.framework/Versions/A/Resources/MacOS/JavaApplicationStub
System/Library/Frameworks/JavaVM.framework/Versions/A/Resources/Spanish.lproj
System/Library/Frameworks/JavaVM.framework/Versions/A/Resources/Spanish.lproj/DefaultApp.nib
System/Library/Frameworks/JavaVM.framework/Versions/A/Resources/Spanish.lproj/Menu.strings
System/Library/Frameworks/JavaVM.framework/Versions/A/Resources/WebStart.icns
System/Library/Frameworks/JavaVM.framework/Versions/A/Resources/ar.lproj
System/Library/Frameworks/JavaVM.framework/Versions/A/Resources/ar.lproj/DefaultApp.nib
System/Library/Frameworks/JavaVM.framework/Versions/A/Resources/ar.lproj/Menu.strings
System/Library/Frameworks/JavaVM.framework/Versions/A/Resources/bin
System/Library/Frameworks/JavaVM.framework/Versions/A/Resources/bin/com.apple.java.updateSharing.plist
System/Library/Frameworks/JavaVM.framework/Versions/A/Resources/bin/updateSharingD
System/Library/Frameworks/JavaVM.framework/Versions/A/Resources/ca.lproj
System/Library/Frameworks/JavaVM.framework/Versions/A/Resources/ca.lproj/DefaultApp.nib
System/Library/Frameworks/JavaVM.framework/Versions/A/Resources/ca.lproj/Menu.strings
System/Library/Frameworks/JavaVM.framework/Versions/A/Resources/cs.lproj
System/Library/Frameworks/JavaVM.framework/Versions/A/Resources/cs.lproj/DefaultApp.nib
System/Library/Frameworks/JavaVM.framework/Versions/A/Resources/cs.lproj/Menu.strings
System/Library/Frameworks/JavaVM.framework/Versions/A/Resources/da.lproj
System/Library/Frameworks/JavaVM.framework/Versions/A/Resources/da.lproj/DefaultApp.nib
System/Library/Frameworks/JavaVM.framework/Versions/A/Resources/da.lproj/Menu.strings
System/Library/Frameworks/JavaVM.framework/Versions/A/Resources/el.lproj
System/Library/Frameworks/JavaVM.framework/Versions/A/Resources/el.lproj/DefaultApp.nib
System/Library/Frameworks/JavaVM.framework/Versions/A/Resources/el.lproj/Menu.strings
System/Library/Frameworks/JavaVM.framework/Versions/A/Resources/fi.lproj
System/Library/Frameworks/JavaVM.framework/Versions/A/Resources/fi.lproj/DefaultApp.nib
System/Library/Frameworks/JavaVM.framework/Versions/A/Resources/fi.lproj/Menu.strings
System/Library/Frameworks/JavaVM.framework/Versions/A/Resources/he.lproj
System/Library/Frameworks/JavaVM.framework/Versions/A/Resources/he.lproj/DefaultApp.nib
System/Library/Frameworks/JavaVM.framework/Versions/A/Resources/he.lproj/Menu.strings
System/Library/Frameworks/JavaVM.framework/Versions/A/Resources/hr.lproj
System/Library/Frameworks/JavaVM.framework/Versions/A/Resources/hr.lproj/DefaultApp.nib
System/Library/Frameworks/JavaVM.framework/Versions/A/Resources/hr.lproj/Menu.strings
System/Library/Frameworks/JavaVM.framework/Versions/A/Resources/hu.lproj
System/Library/Frameworks/JavaVM.framework/Versions/A/Resources/hu.lproj/DefaultApp.nib
System/Library/Frameworks/JavaVM.framework/Versions/A/Resources/hu.lproj/Menu.strings
System/Library/Frameworks/JavaVM.framework/Versions/A/Resources/ko.lproj
System/Library/Frameworks/JavaVM.framework/Versions/A/Resources/ko.lproj/DefaultApp.nib
System/Library/Frameworks/JavaVM.framework/Versions/A/Resources/ko.lproj/Menu.strings
System/Library/Frameworks/JavaVM.framework/Versions/A/Resources/no.lproj
System/Library/Frameworks/JavaVM.framework/Versions/A/Resources/no.lproj/DefaultApp.nib
System/Library/Frameworks/JavaVM.framework/Versions/A/Resources/no.lproj/Menu.strings
System/Library/Frameworks/JavaVM.framework/Versions/A/Resources/pl.lproj
System/Library/Frameworks/JavaVM.framework/Versions/A/Resources/pl.lproj/DefaultApp.nib
System/Library/Frameworks/JavaVM.framework/Versions/A/Resources/pl.lproj/Menu.strings
System/Library/Frameworks/JavaVM.framework/Versions/A/Resources/pt.lproj
System/Library/Frameworks/JavaVM.framework/Versions/A/Resources/pt.lproj/DefaultApp.nib
System/Library/Frameworks/JavaVM.framework/Versions/A/Resources/pt.lproj/Menu.strings
System/Library/Frameworks/JavaVM.framework/Versions/A/Resources/pt_PT.lproj
System/Library/Frameworks/JavaVM.framework/Versions/A/Resources/pt_PT.lproj/DefaultApp.nib
System/Library/Frameworks/JavaVM.framework/Versions/A/Resources/pt_PT.lproj/Menu.strings
System/Library/Frameworks/JavaVM.framework/Versions/A/Resources/ro.lproj
System/Library/Frameworks/JavaVM.framework/Versions/A/Resources/ro.lproj/DefaultApp.nib
System/Library/Frameworks/JavaVM.framework/Versions/A/Resources/ro.lproj/Menu.strings
System/Library/Frameworks/JavaVM.framework/Versions/A/Resources/ru.lproj
System/Library/Frameworks/JavaVM.framework/Versions/A/Resources/ru.lproj/DefaultApp.nib
System/Library/Frameworks/JavaVM.framework/Versions/A/Resources/ru.lproj/Menu.strings
System/Library/Frameworks/JavaVM.framework/Versions/A/Resources/sk.lproj
System/Library/Frameworks/JavaVM.framework/Versions/A/Resources/sk.lproj/DefaultApp.nib
System/Library/Frameworks/JavaVM.framework/Versions/A/Resources/sk.lproj/Menu.strings
System/Library/Frameworks/JavaVM.framework/Versions/A/Resources/sv.lproj
System/Library/Frameworks/JavaVM.framework/Versions/A/Resources/sv.lproj/DefaultApp.nib
System/Library/Frameworks/JavaVM.framework/Versions/A/Resources/sv.lproj/Menu.strings
System/Library/Frameworks/JavaVM.framework/Versions/A/Resources/th.lproj
System/Library/Frameworks/JavaVM.framework/Versions/A/Resources/th.lproj/DefaultApp.nib
System/Library/Frameworks/JavaVM.framework/Versions/A/Resources/th.lproj/Menu.strings
System/Library/Frameworks/JavaVM.framework/Versions/A/Resources/tr.lproj
System/Library/Frameworks/JavaVM.framework/Versions/A/Resources/tr.lproj/DefaultApp.nib
System/Library/Frameworks/JavaVM.framework/Versions/A/Resources/tr.lproj/Menu.strings
System/Library/Frameworks/JavaVM.framework/Versions/A/Resources/uk.lproj
System/Library/Frameworks/JavaVM.framework/Versions/A/Resources/uk.lproj/DefaultApp.nib
System/Library/Frameworks/JavaVM.framework/Versions/A/Resources/uk.lproj/Menu.strings
System/Library/Frameworks/JavaVM.framework/Versions/A/Resources/version.plist
System/Library/Frameworks/JavaVM.framework/Versions/A/Resources/zh_CN.lproj
System/Library/Frameworks/JavaVM.framework/Versions/A/Resources/zh_CN.lproj/DefaultApp.nib
System/Library/Frameworks/JavaVM.framework/Versions/A/Resources/zh_CN.lproj/Menu.strings
System/Library/Frameworks/JavaVM.framework/Versions/A/Resources/zh_TW.lproj
System/Library/Frameworks/JavaVM.framework/Versions/A/Resources/zh_TW.lproj/DefaultApp.nib
System/Library/Frameworks/JavaVM.framework/Versions/A/Resources/zh_TW.lproj/Menu.strings
System/Library/Frameworks/JavaVM.framework/Versions/A/_CodeSignature
System/Library/Frameworks/JavaVM.framework/Versions/A/_CodeSignature/CodeResources
System/Library/Frameworks/JavaVM.framework/Versions/Current
System/Library/Frameworks/JavaVM.framework/Versions/CurrentJDK
System/Library/Java
System/Library/Java/Extensions
System/Library/Java/Extensions/AppleScriptEngine.jar
System/Library/Java/Extensions/MRJToolkit.jar
System/Library/Java/Extensions/j3daudio.jar
System/Library/Java/Extensions/j3dcore.jar
System/Library/Java/Extensions/j3dutils.jar
System/Library/Java/Extensions/jai_codec.jar
System/Library/Java/Extensions/jai_core.jar
System/Library/Java/Extensions/libAppleScriptEngine.jnilib
System/Library/Java/Extensions/libJ3D.jnilib
System/Library/Java/Extensions/libJ3DAudio.jnilib
System/Library/Java/Extensions/libJ3DUtils.jnilib
System/Library/Java/Extensions/libmlib_jai.jnilib
System/Library/Java/Extensions/mlibwrapper_jai.jar
System/Library/Java/Extensions/vecmath.jar
System/Library/Java/Support
System/Library/Java/Support/CoreDeploy.bundle
System/Library/Java/Support/CoreDeploy.bundle/Contents
System/Library/Java/Support/CoreDeploy.bundle/Contents/Download Java Components.app
System/Library/Java/Support/CoreDeploy.bundle/Contents/Download Java Components.app/Contents
System/Library/Java/Support/CoreDeploy.bundle/Contents/Download Java Components.app/Contents/Info.plist
System/Library/Java/Support/CoreDeploy.bundle/Contents/Download Java Components.app/Contents/MacOS
System/Library/Java/Support/CoreDeploy.bundle/Contents/Download Java Components.app/Contents/MacOS/Download Java Components
System/Library/Java/Support/CoreDeploy.bundle/Contents/Download Java Components.app/Contents/PkgInfo
System/Library/Java/Support/CoreDeploy.bundle/Contents/Download Java Components.app/Contents/Resources
System/Library/Java/Support/CoreDeploy.bundle/Contents/Download Java Components.app/Contents/Resources/DownloadJavaComponents.nib
System/Library/Java/Support/CoreDeploy.bundle/Contents/Download Java Components.app/Contents/Resources/Dutch.lproj
System/Library/Java/Support/CoreDeploy.bundle/Contents/Download Java Components.app/Contents/Resources/Dutch.lproj/DownloadJavaComponents.strings
System/Library/Java/Support/CoreDeploy.bundle/Contents/Download Java Components.app/Contents/Resources/Dutch.lproj/InfoPlist.strings
System/Library/Java/Support/CoreDeploy.bundle/Contents/Download Java Components.app/Contents/Resources/English.lproj
System/Library/Java/Support/CoreDeploy.bundle/Contents/Download Java Components.app/Contents/Resources/English.lproj/DownloadJavaComponents.strings
System/Library/Java/Support/CoreDeploy.bundle/Contents/Download Java Components.app/Contents/Resources/English.lproj/InfoPlist.strings
System/Library/Java/Support/CoreDeploy.bundle/Contents/Download Java Components.app/Contents/Resources/French.lproj
System/Library/Java/Support/CoreDeploy.bundle/Contents/Download Java Components.app/Contents/Resources/French.lproj/DownloadJavaComponents.strings
System/Library/Java/Support/CoreDeploy.bundle/Contents/Download Java Components.app/Contents/Resources/French.lproj/InfoPlist.strings
System/Library/Java/Support/CoreDeploy.bundle/Contents/Download Java Components.app/Contents/Resources/German.lproj
System/Library/Java/Support/CoreDeploy.bundle/Contents/Download Java Components.app/Contents/Resources/German.lproj/DownloadJavaComponents.strings
System/Library/Java/Support/CoreDeploy.bundle/Contents/Download Java Components.app/Contents/Resources/German.lproj/InfoPlist.strings
System/Library/Java/Support/CoreDeploy.bundle/Contents/Download Java Components.app/Contents/Resources/Italian.lproj
System/Library/Java/Support/CoreDeploy.bundle/Contents/Download Java Components.app/Contents/Resources/Italian.lproj/DownloadJavaComponents.strings
System/Library/Java/Support/CoreDeploy.bundle/Contents/Download Java Components.app/Contents/Resources/Italian.lproj/InfoPlist.strings
System/Library/Java/Support/CoreDeploy.bundle/Contents/Download Java Components.app/Contents/Resources/Japanese.lproj
System/Library/Java/Support/CoreDeploy.bundle/Contents/Download Java Components.app/Contents/Resources/Japanese.lproj/DownloadJavaComponents.strings
System/Library/Java/Support/CoreDeploy.bundle/Contents/Download Java Components.app/Contents/Resources/Japanese.lproj/InfoPlist.strings
System/Library/Java/Support/CoreDeploy.bundle/Contents/Download Java Components.app/Contents/Resources/Spanish.lproj
System/Library/Java/Support/CoreDeploy.bundle/Contents/Download Java Components.app/Contents/Resources/Spanish.lproj/DownloadJavaComponents.strings
System/Library/Java/Support/CoreDeploy.bundle/Contents/Download Java Components.app/Contents/Resources/Spanish.lproj/InfoPlist.strings
System/Library/Java/Support/CoreDeploy.bundle/Contents/Download Java Components.app/Contents/Resources/WebStart.icns
System/Library/Java/Support/CoreDeploy.bundle/Contents/Download Java Components.app/Contents/Resources/ar.lproj
System/Library/Java/Support/CoreDeploy.bundle/Contents/Download Java Components.app/Contents/Resources/ar.lproj/DownloadJavaComponents.strings
System/Library/Java/Support/CoreDeploy.bundle/Contents/Download Java Components.app/Contents/Resources/ar.lproj/InfoPlist.strings
System/Library/Java/Support/CoreDeploy.bundle/Contents/Download Java Components.app/Contents/Resources/ca.lproj
System/Library/Java/Support/CoreDeploy.bundle/Contents/Download Java Components.app/Contents/Resources/ca.lproj/DownloadJavaComponents.strings
System/Library/Java/Support/CoreDeploy.bundle/Contents/Download Java Components.app/Contents/Resources/ca.lproj/InfoPlist.strings
System/Library/Java/Support/CoreDeploy.bundle/Contents/Download Java Components.app/Contents/Resources/cs.lproj
System/Library/Java/Support/CoreDeploy.bundle/Contents/Download Java Components.app/Contents/Resources/cs.lproj/DownloadJavaComponents.strings
System/Library/Java/Support/CoreDeploy.bundle/Contents/Download Java Components.app/Contents/Resources/cs.lproj/InfoPlist.strings
System/Library/Java/Support/CoreDeploy.bundle/Contents/Download Java Components.app/Contents/Resources/da.lproj
System/Library/Java/Support/CoreDeploy.bundle/Contents/Download Java Components.app/Contents/Resources/da.lproj/DownloadJavaComponents.strings
System/Library/Java/Support/CoreDeploy.bundle/Contents/Download Java Components.app/Contents/Resources/da.lproj/InfoPlist.strings
System/Library/Java/Support/CoreDeploy.bundle/Contents/Download Java Components.app/Contents/Resources/el.lproj
System/Library/Java/Support/CoreDeploy.bundle/Contents/Download Java Components.app/Contents/Resources/el.lproj/DownloadJavaComponents.strings
System/Library/Java/Support/CoreDeploy.bundle/Contents/Download Java Components.app/Contents/Resources/el.lproj/InfoPlist.strings
System/Library/Java/Support/CoreDeploy.bundle/Contents/Download Java Components.app/Contents/Resources/fi.lproj
System/Library/Java/Support/CoreDeploy.bundle/Contents/Download Java Components.app/Contents/Resources/fi.lproj/DownloadJavaComponents.strings
System/Library/Java/Support/CoreDeploy.bundle/Contents/Download Java Components.app/Contents/Resources/fi.lproj/InfoPlist.strings
System/Library/Java/Support/CoreDeploy.bundle/Contents/Download Java Components.app/Contents/Resources/he.lproj
System/Library/Java/Support/CoreDeploy.bundle/Contents/Download Java Components.app/Contents/Resources/he.lproj/DownloadJavaComponents.strings
System/Library/Java/Support/CoreDeploy.bundle/Contents/Download Java Components.app/Contents/Resources/he.lproj/InfoPlist.strings
System/Library/Java/Support/CoreDeploy.bundle/Contents/Download Java Components.app/Contents/Resources/hr.lproj
System/Library/Java/Support/CoreDeploy.bundle/Contents/Download Java Components.app/Contents/Resources/hr.lproj/DownloadJavaComponents.strings
System/Library/Java/Support/CoreDeploy.bundle/Contents/Download Java Components.app/Contents/Resources/hr.lproj/InfoPlist.strings
System/Library/Java/Support/CoreDeploy.bundle/Contents/Download Java Components.app/Contents/Resources/hu.lproj
System/Library/Java/Support/CoreDeploy.bundle/Contents/Download Java Components.app/Contents/Resources/hu.lproj/DownloadJavaComponents.strings
System/Library/Java/Support/CoreDeploy.bundle/Contents/Download Java Components.app/Contents/Resources/hu.lproj/InfoPlist.strings
System/Library/Java/Support/CoreDeploy.bundle/Contents/Download Java Components.app/Contents/Resources/ko.lproj
System/Library/Java/Support/CoreDeploy.bundle/Contents/Download Java Components.app/Contents/Resources/ko.lproj/DownloadJavaComponents.strings
System/Library/Java/Support/CoreDeploy.bundle/Contents/Download Java Components.app/Contents/Resources/ko.lproj/InfoPlist.strings
System/Library/Java/Support/CoreDeploy.bundle/Contents/Download Java Components.app/Contents/Resources/no.lproj
System/Library/Java/Support/CoreDeploy.bundle/Contents/Download Java Components.app/Contents/Resources/no.lproj/DownloadJavaComponents.strings
System/Library/Java/Support/CoreDeploy.bundle/Contents/Download Java Components.app/Contents/Resources/no.lproj/InfoPlist.strings
System/Library/Java/Support/CoreDeploy.bundle/Contents/Download Java Components.app/Contents/Resources/pl.lproj
System/Library/Java/Support/CoreDeploy.bundle/Contents/Download Java Components.app/Contents/Resources/pl.lproj/DownloadJavaComponents.strings
System/Library/Java/Support/CoreDeploy.bundle/Contents/Download Java Components.app/Contents/Resources/pl.lproj/InfoPlist.strings
System/Library/Java/Support/CoreDeploy.bundle/Contents/Download Java Components.app/Contents/Resources/pt.lproj
System/Library/Java/Support/CoreDeploy.bundle/Contents/Download Java Components.app/Contents/Resources/pt.lproj/DownloadJavaComponents.strings
System/Library/Java/Support/CoreDeploy.bundle/Contents/Download Java Components.app/Contents/Resources/pt.lproj/InfoPlist.strings
System/Library/Java/Support/CoreDeploy.bundle/Contents/Download Java Components.app/Contents/Resources/pt_PT.lproj
System/Library/Java/Support/CoreDeploy.bundle/Contents/Download Java Components.app/Contents/Resources/pt_PT.lproj/DownloadJavaComponents.strings
System/Library/Java/Support/CoreDeploy.bundle/Contents/Download Java Components.app/Contents/Resources/pt_PT.lproj/InfoPlist.strings
System/Library/Java/Support/CoreDeploy.bundle/Contents/Download Java Components.app/Contents/Resources/ro.lproj
System/Library/Java/Support/CoreDeploy.bundle/Contents/Download Java Components.app/Contents/Resources/ro.lproj/DownloadJavaComponents.strings
System/Library/Java/Support/CoreDeploy.bundle/Contents/Download Java Components.app/Contents/Resources/ro.lproj/InfoPlist.strings
System/Library/Java/Support/CoreDeploy.bundle/Contents/Download Java Components.app/Contents/Resources/ru.lproj
System/Library/Java/Support/CoreDeploy.bundle/Contents/Download Java Components.app/Contents/Resources/ru.lproj/DownloadJavaComponents.strings
System/Library/Java/Support/CoreDeploy.bundle/Contents/Download Java Components.app/Contents/Resources/ru.lproj/InfoPlist.strings
System/Library/Java/Support/CoreDeploy.bundle/Contents/Download Java Components.app/Contents/Resources/sk.lproj
System/Library/Java/Support/CoreDeploy.bundle/Contents/Download Java Components.app/Contents/Resources/sk.lproj/DownloadJavaComponents.strings
System/Library/Java/Support/CoreDeploy.bundle/Contents/Download Java Components.app/Contents/Resources/sk.lproj/InfoPlist.strings
System/Library/Java/Support/CoreDeploy.bundle/Contents/Download Java Components.app/Contents/Resources/sv.lproj
System/Library/Java/Support/CoreDeploy.bundle/Contents/Download Java Components.app/Contents/Resources/sv.lproj/DownloadJavaComponents.strings
System/Library/Java/Support/CoreDeploy.bundle/Contents/Download Java Components.app/Contents/Resources/sv.lproj/InfoPlist.strings
System/Library/Java/Support/CoreDeploy.bundle/Contents/Download Java Components.app/Contents/Resources/th.lproj
System/Library/Java/Support/CoreDeploy.bundle/Contents/Download Java Components.app/Contents/Resources/th.lproj/DownloadJavaComponents.strings
System/Library/Java/Support/CoreDeploy.bundle/Contents/Download Java Components.app/Contents/Resources/th.lproj/InfoPlist.strings
System/Library/Java/Support/CoreDeploy.bundle/Contents/Download Java Components.app/Contents/Resources/tr.lproj
System/Library/Java/Support/CoreDeploy.bundle/Contents/Download Java Components.app/Contents/Resources/tr.lproj/DownloadJavaComponents.strings
System/Library/Java/Support/CoreDeploy.bundle/Contents/Download Java Components.app/Contents/Resources/tr.lproj/InfoPlist.strings
System/Library/Java/Support/CoreDeploy.bundle/Contents/Download Java Components.app/Contents/Resources/uk.lproj
System/Library/Java/Support/CoreDeploy.bundle/Contents/Download Java Components.app/Contents/Resources/uk.lproj/DownloadJavaComponents.strings
System/Library/Java/Support/CoreDeploy.bundle/Contents/Download Java Components.app/Contents/Resources/uk.lproj/InfoPlist.strings
System/Library/Java/Support/CoreDeploy.bundle/Contents/Download Java Components.app/Contents/Resources/zh_CN.lproj
System/Library/Java/Support/CoreDeploy.bundle/Contents/Download Java Components.app/Contents/Resources/zh_CN.lproj/DownloadJavaComponents.strings
System/Library/Java/Support/CoreDeploy.bundle/Contents/Download Java Components.app/Contents/Resources/zh_CN.lproj/InfoPlist.strings
System/Library/Java/Support/CoreDeploy.bundle/Contents/Download Java Components.app/Contents/Resources/zh_TW.lproj
System/Library/Java/Support/CoreDeploy.bundle/Contents/Download Java Components.app/Contents/Resources/zh_TW.lproj/DownloadJavaComponents.strings
System/Library/Java/Support/CoreDeploy.bundle/Contents/Download Java Components.app/Contents/Resources/zh_TW.lproj/InfoPlist.strings
System/Library/Java/Support/CoreDeploy.bundle/Contents/Download Java Components.app/Contents/_CodeSignature
System/Library/Java/Support/CoreDeploy.bundle/Contents/Download Java Components.app/Contents/_CodeSignature/CodeResources
System/Library/Java/Support/CoreDeploy.bundle/Contents/Download Java Components.app/Contents/version.plist
System/Library/Java/Support/CoreDeploy.bundle/Contents/Home
System/Library/Java/Support/CoreDeploy.bundle/Contents/Home/lib
System/Library/Java/Support/CoreDeploy.bundle/Contents/Home/lib/deploy.jar
System/Library/Java/Support/CoreDeploy.bundle/Contents/Home/lib/security
System/Library/Java/Support/CoreDeploy.bundle/Contents/Home/lib/security/cacerts
System/Library/Java/Support/CoreDeploy.bundle/Contents/Info.plist
System/Library/Java/Support/CoreDeploy.bundle/Contents/JavaAppletPlugin.plugin
System/Library/Java/Support/CoreDeploy.bundle/Contents/JavaAppletPlugin.plugin/Contents
System/Library/Java/Support/CoreDeploy.bundle/Contents/JavaAppletPlugin.plugin/Contents/Info.plist
System/Library/Java/Support/CoreDeploy.bundle/Contents/JavaAppletPlugin.plugin/Contents/MacOS
System/Library/Java/Support/CoreDeploy.bundle/Contents/JavaAppletPlugin.plugin/Contents/MacOS/JavaAppletPlugin
System/Library/Java/Support/CoreDeploy.bundle/Contents/JavaAppletPlugin.plugin/Contents/Resources
System/Library/Java/Support/CoreDeploy.bundle/Contents/JavaAppletPlugin.plugin/Contents/Resources/Dutch.lproj
System/Library/Java/Support/CoreDeploy.bundle/Contents/JavaAppletPlugin.plugin/Contents/Resources/Dutch.lproj/InfoPlist.strings
System/Library/Java/Support/CoreDeploy.bundle/Contents/JavaAppletPlugin.plugin/Contents/Resources/Dutch.lproj/Plugin.strings
System/Library/Java/Support/CoreDeploy.bundle/Contents/JavaAppletPlugin.plugin/Contents/Resources/English.lproj
System/Library/Java/Support/CoreDeploy.bundle/Contents/JavaAppletPlugin.plugin/Contents/Resources/English.lproj/InfoPlist.strings
System/Library/Java/Support/CoreDeploy.bundle/Contents/JavaAppletPlugin.plugin/Contents/Resources/English.lproj/Plugin.strings
System/Library/Java/Support/CoreDeploy.bundle/Contents/JavaAppletPlugin.plugin/Contents/Resources/French.lproj
System/Library/Java/Support/CoreDeploy.bundle/Contents/JavaAppletPlugin.plugin/Contents/Resources/French.lproj/InfoPlist.strings
System/Library/Java/Support/CoreDeploy.bundle/Contents/JavaAppletPlugin.plugin/Contents/Resources/French.lproj/Plugin.strings
System/Library/Java/Support/CoreDeploy.bundle/Contents/JavaAppletPlugin.plugin/Contents/Resources/German.lproj
System/Library/Java/Support/CoreDeploy.bundle/Contents/JavaAppletPlugin.plugin/Contents/Resources/German.lproj/InfoPlist.strings
System/Library/Java/Support/CoreDeploy.bundle/Contents/JavaAppletPlugin.plugin/Contents/Resources/German.lproj/Plugin.strings
System/Library/Java/Support/CoreDeploy.bundle/Contents/JavaAppletPlugin.plugin/Contents/Resources/Italian.lproj
System/Library/Java/Support/CoreDeploy.bundle/Contents/JavaAppletPlugin.plugin/Contents/Resources/Italian.lproj/InfoPlist.strings
System/Library/Java/Support/CoreDeploy.bundle/Contents/JavaAppletPlugin.plugin/Contents/Resources/Italian.lproj/Plugin.strings
System/Library/Java/Support/CoreDeploy.bundle/Contents/JavaAppletPlugin.plugin/Contents/Resources/Japanese.lproj
System/Library/Java/Support/CoreDeploy.bundle/Contents/JavaAppletPlugin.plugin/Contents/Resources/Japanese.lproj/InfoPlist.strings
System/Library/Java/Support/CoreDeploy.bundle/Contents/JavaAppletPlugin.plugin/Contents/Resources/Japanese.lproj/Plugin.strings
System/Library/Java/Support/CoreDeploy.bundle/Contents/JavaAppletPlugin.plugin/Contents/Resources/Spanish.lproj
System/Library/Java/Support/CoreDeploy.bundle/Contents/JavaAppletPlugin.plugin/Contents/Resources/Spanish.lproj/InfoPlist.strings
System/Library/Java/Support/CoreDeploy.bundle/Contents/JavaAppletPlugin.plugin/Contents/Resources/Spanish.lproj/Plugin.strings
System/Library/Java/Support/CoreDeploy.bundle/Contents/JavaAppletPlugin.plugin/Contents/Resources/ar.lproj
System/Library/Java/Support/CoreDeploy.bundle/Contents/JavaAppletPlugin.plugin/Contents/Resources/ar.lproj/InfoPlist.strings
System/Library/Java/Support/CoreDeploy.bundle/Contents/JavaAppletPlugin.plugin/Contents/Resources/ar.lproj/Plugin.strings
System/Library/Java/Support/CoreDeploy.bundle/Contents/JavaAppletPlugin.plugin/Contents/Resources/ca.lproj
System/Library/Java/Support/CoreDeploy.bundle/Contents/JavaAppletPlugin.plugin/Contents/Resources/ca.lproj/InfoPlist.strings
System/Library/Java/Support/CoreDeploy.bundle/Contents/JavaAppletPlugin.plugin/Contents/Resources/ca.lproj/Plugin.strings
System/Library/Java/Support/CoreDeploy.bundle/Contents/JavaAppletPlugin.plugin/Contents/Resources/cs.lproj
System/Library/Java/Support/CoreDeploy.bundle/Contents/JavaAppletPlugin.plugin/Contents/Resources/cs.lproj/InfoPlist.strings
System/Library/Java/Support/CoreDeploy.bundle/Contents/JavaAppletPlugin.plugin/Contents/Resources/cs.lproj/Plugin.strings
System/Library/Java/Support/CoreDeploy.bundle/Contents/JavaAppletPlugin.plugin/Contents/Resources/da.lproj
System/Library/Java/Support/CoreDeploy.bundle/Contents/JavaAppletPlugin.plugin/Contents/Resources/da.lproj/InfoPlist.strings
System/Library/Java/Support/CoreDeploy.bundle/Contents/JavaAppletPlugin.plugin/Contents/Resources/da.lproj/Plugin.strings
System/Library/Java/Support/CoreDeploy.bundle/Contents/JavaAppletPlugin.plugin/Contents/Resources/el.lproj
System/Library/Java/Support/CoreDeploy.bundle/Contents/JavaAppletPlugin.plugin/Contents/Resources/el.lproj/InfoPlist.strings
System/Library/Java/Support/CoreDeploy.bundle/Contents/JavaAppletPlugin.plugin/Contents/Resources/el.lproj/Plugin.strings
System/Library/Java/Support/CoreDeploy.bundle/Contents/JavaAppletPlugin.plugin/Contents/Resources/fi.lproj
System/Library/Java/Support/CoreDeploy.bundle/Contents/JavaAppletPlugin.plugin/Contents/Resources/fi.lproj/InfoPlist.strings
System/Library/Java/Support/CoreDeploy.bundle/Contents/JavaAppletPlugin.plugin/Contents/Resources/fi.lproj/Plugin.strings
System/Library/Java/Support/CoreDeploy.bundle/Contents/JavaAppletPlugin.plugin/Contents/Resources/he.lproj
System/Library/Java/Support/CoreDeploy.bundle/Contents/JavaAppletPlugin.plugin/Contents/Resources/he.lproj/InfoPlist.strings
System/Library/Java/Support/CoreDeploy.bundle/Contents/JavaAppletPlugin.plugin/Contents/Resources/he.lproj/Plugin.strings
System/Library/Java/Support/CoreDeploy.bundle/Contents/JavaAppletPlugin.plugin/Contents/Resources/hr.lproj
System/Library/Java/Support/CoreDeploy.bundle/Contents/JavaAppletPlugin.plugin/Contents/Resources/hr.lproj/InfoPlist.strings
System/Library/Java/Support/CoreDeploy.bundle/Contents/JavaAppletPlugin.plugin/Contents/Resources/hr.lproj/Plugin.strings
System/Library/Java/Support/CoreDeploy.bundle/Contents/JavaAppletPlugin.plugin/Contents/Resources/hu.lproj
System/Library/Java/Support/CoreDeploy.bundle/Contents/JavaAppletPlugin.plugin/Contents/Resources/hu.lproj/InfoPlist.strings
System/Library/Java/Support/CoreDeploy.bundle/Contents/JavaAppletPlugin.plugin/Contents/Resources/hu.lproj/Plugin.strings
System/Library/Java/Support/CoreDeploy.bundle/Contents/JavaAppletPlugin.plugin/Contents/Resources/ko.lproj
System/Library/Java/Support/CoreDeploy.bundle/Contents/JavaAppletPlugin.plugin/Contents/Resources/ko.lproj/InfoPlist.strings
System/Library/Java/Support/CoreDeploy.bundle/Contents/JavaAppletPlugin.plugin/Contents/Resources/ko.lproj/Plugin.strings
System/Library/Java/Support/CoreDeploy.bundle/Contents/JavaAppletPlugin.plugin/Contents/Resources/no.lproj
System/Library/Java/Support/CoreDeploy.bundle/Contents/JavaAppletPlugin.plugin/Contents/Resources/no.lproj/InfoPlist.strings
System/Library/Java/Support/CoreDeploy.bundle/Contents/JavaAppletPlugin.plugin/Contents/Resources/no.lproj/Plugin.strings
System/Library/Java/Support/CoreDeploy.bundle/Contents/JavaAppletPlugin.plugin/Contents/Resources/pl.lproj
System/Library/Java/Support/CoreDeploy.bundle/Contents/JavaAppletPlugin.plugin/Contents/Resources/pl.lproj/InfoPlist.strings
System/Library/Java/Support/CoreDeploy.bundle/Contents/JavaAppletPlugin.plugin/Contents/Resources/pl.lproj/Plugin.strings
System/Library/Java/Support/CoreDeploy.bundle/Contents/JavaAppletPlugin.plugin/Contents/Resources/pt.lproj
System/Library/Java/Support/CoreDeploy.bundle/Contents/JavaAppletPlugin.plugin/Contents/Resources/pt.lproj/InfoPlist.strings
System/Library/Java/Support/CoreDeploy.bundle/Contents/JavaAppletPlugin.plugin/Contents/Resources/pt.lproj/Plugin.strings
System/Library/Java/Support/CoreDeploy.bundle/Contents/JavaAppletPlugin.plugin/Contents/Resources/pt_PT.lproj
System/Library/Java/Support/CoreDeploy.bundle/Contents/JavaAppletPlugin.plugin/Contents/Resources/pt_PT.lproj/InfoPlist.strings
System/Library/Java/Support/CoreDeploy.bundle/Contents/JavaAppletPlugin.plugin/Contents/Resources/pt_PT.lproj/Plugin.strings
System/Library/Java/Support/CoreDeploy.bundle/Contents/JavaAppletPlugin.plugin/Contents/Resources/ro.lproj
System/Library/Java/Support/CoreDeploy.bundle/Contents/JavaAppletPlugin.plugin/Contents/Resources/ro.lproj/InfoPlist.strings
System/Library/Java/Support/CoreDeploy.bundle/Contents/JavaAppletPlugin.plugin/Contents/Resources/ro.lproj/Plugin.strings
System/Library/Java/Support/CoreDeploy.bundle/Contents/JavaAppletPlugin.plugin/Contents/Resources/ru.lproj
System/Library/Java/Support/CoreDeploy.bundle/Contents/JavaAppletPlugin.plugin/Contents/Resources/ru.lproj/InfoPlist.strings
System/Library/Java/Support/CoreDeploy.bundle/Contents/JavaAppletPlugin.plugin/Contents/Resources/ru.lproj/Plugin.strings
System/Library/Java/Support/CoreDeploy.bundle/Contents/JavaAppletPlugin.plugin/Contents/Resources/sk.lproj
System/Library/Java/Support/CoreDeploy.bundle/Contents/JavaAppletPlugin.plugin/Contents/Resources/sk.lproj/InfoPlist.strings
System/Library/Java/Support/CoreDeploy.bundle/Contents/JavaAppletPlugin.plugin/Contents/Resources/sk.lproj/Plugin.strings
System/Library/Java/Support/CoreDeploy.bundle/Contents/JavaAppletPlugin.plugin/Contents/Resources/sv.lproj
System/Library/Java/Support/CoreDeploy.bundle/Contents/JavaAppletPlugin.plugin/Contents/Resources/sv.lproj/InfoPlist.strings
System/Library/Java/Support/CoreDeploy.bundle/Contents/JavaAppletPlugin.plugin/Contents/Resources/sv.lproj/Plugin.strings
System/Library/Java/Support/CoreDeploy.bundle/Contents/JavaAppletPlugin.plugin/Contents/Resources/th.lproj
System/Library/Java/Support/CoreDeploy.bundle/Contents/JavaAppletPlugin.plugin/Contents/Resources/th.lproj/InfoPlist.strings
System/Library/Java/Support/CoreDeploy.bundle/Contents/JavaAppletPlugin.plugin/Contents/Resources/th.lproj/Plugin.strings
System/Library/Java/Support/CoreDeploy.bundle/Contents/JavaAppletPlugin.plugin/Contents/Resources/tr.lproj
System/Library/Java/Support/CoreDeploy.bundle/Contents/JavaAppletPlugin.plugin/Contents/Resources/tr.lproj/InfoPlist.strings
System/Library/Java/Support/CoreDeploy.bundle/Contents/JavaAppletPlugin.plugin/Contents/Resources/tr.lproj/Plugin.strings
System/Library/Java/Support/CoreDeploy.bundle/Contents/JavaAppletPlugin.plugin/Contents/Resources/uk.lproj
System/Library/Java/Support/CoreDeploy.bundle/Contents/JavaAppletPlugin.plugin/Contents/Resources/uk.lproj/InfoPlist.strings
System/Library/Java/Support/CoreDeploy.bundle/Contents/JavaAppletPlugin.plugin/Contents/Resources/uk.lproj/Plugin.strings
System/Library/Java/Support/CoreDeploy.bundle/Contents/JavaAppletPlugin.plugin/Contents/Resources/zh_CN.lproj
System/Library/Java/Support/CoreDeploy.bundle/Contents/JavaAppletPlugin.plugin/Contents/Resources/zh_CN.lproj/InfoPlist.strings
System/Library/Java/Support/CoreDeploy.bundle/Contents/JavaAppletPlugin.plugin/Contents/Resources/zh_CN.lproj/Plugin.strings
System/Library/Java/Support/CoreDeploy.bundle/Contents/JavaAppletPlugin.plugin/Contents/Resources/zh_TW.lproj
System/Library/Java/Support/CoreDeploy.bundle/Contents/JavaAppletPlugin.plugin/Contents/Resources/zh_TW.lproj/InfoPlist.strings
System/Library/Java/Support/CoreDeploy.bundle/Contents/JavaAppletPlugin.plugin/Contents/Resources/zh_TW.lproj/Plugin.strings
System/Library/Java/Support/CoreDeploy.bundle/Contents/JavaAppletPlugin.plugin/Contents/_CodeSignature
System/Library/Java/Support/CoreDeploy.bundle/Contents/JavaAppletPlugin.plugin/Contents/_CodeSignature/CodeResources
System/Library/Java/Support/CoreDeploy.bundle/Contents/JavaAppletPlugin.plugin/Contents/version.plist
System/Library/Java/Support/CoreDeploy.bundle/Contents/Resources
System/Library/Java/Support/CoreDeploy.bundle/Contents/Resources/Dutch.lproj
System/Library/Java/Support/CoreDeploy.bundle/Contents/Resources/Dutch.lproj/deploystrings.properties
System/Library/Java/Support/CoreDeploy.bundle/Contents/Resources/English.lproj
System/Library/Java/Support/CoreDeploy.bundle/Contents/Resources/English.lproj/deploystrings.properties
System/Library/Java/Support/CoreDeploy.bundle/Contents/Resources/French.lproj
System/Library/Java/Support/CoreDeploy.bundle/Contents/Resources/French.lproj/deploystrings.properties
System/Library/Java/Support/CoreDeploy.bundle/Contents/Resources/German.lproj
System/Library/Java/Support/CoreDeploy.bundle/Contents/Resources/German.lproj/deploystrings.properties
System/Library/Java/Support/CoreDeploy.bundle/Contents/Resources/Italian.lproj
System/Library/Java/Support/CoreDeploy.bundle/Contents/Resources/Italian.lproj/deploystrings.properties
System/Library/Java/Support/CoreDeploy.bundle/Contents/Resources/Japanese.lproj
System/Library/Java/Support/CoreDeploy.bundle/Contents/Resources/Japanese.lproj/deploystrings.properties
System/Library/Java/Support/CoreDeploy.bundle/Contents/Resources/Java
System/Library/Java/Support/CoreDeploy.bundle/Contents/Resources/Java/deploy.jar
System/Library/Java/Support/CoreDeploy.bundle/Contents/Resources/Java/libdeploy.jnilib
System/Library/Java/Support/CoreDeploy.bundle/Contents/Resources/Spanish.lproj
System/Library/Java/Support/CoreDeploy.bundle/Contents/Resources/Spanish.lproj/deploystrings.properties
System/Library/Java/Support/CoreDeploy.bundle/Contents/Resources/ar.lproj
System/Library/Java/Support/CoreDeploy.bundle/Contents/Resources/ar.lproj/deploystrings.properties
System/Library/Java/Support/CoreDeploy.bundle/Contents/Resources/ca.lproj
System/Library/Java/Support/CoreDeploy.bundle/Contents/Resources/ca.lproj/deploystrings.properties
System/Library/Java/Support/CoreDeploy.bundle/Contents/Resources/cs.lproj
System/Library/Java/Support/CoreDeploy.bundle/Contents/Resources/cs.lproj/deploystrings.properties
System/Library/Java/Support/CoreDeploy.bundle/Contents/Resources/da.lproj
System/Library/Java/Support/CoreDeploy.bundle/Contents/Resources/da.lproj/deploystrings.properties
System/Library/Java/Support/CoreDeploy.bundle/Contents/Resources/el.lproj
System/Library/Java/Support/CoreDeploy.bundle/Contents/Resources/el.lproj/deploystrings.properties
System/Library/Java/Support/CoreDeploy.bundle/Contents/Resources/fi.lproj
System/Library/Java/Support/CoreDeploy.bundle/Contents/Resources/fi.lproj/deploystrings.properties
System/Library/Java/Support/CoreDeploy.bundle/Contents/Resources/he.lproj
System/Library/Java/Support/CoreDeploy.bundle/Contents/Resources/he.lproj/deploystrings.properties
System/Library/Java/Support/CoreDeploy.bundle/Contents/Resources/hr.lproj
System/Library/Java/Support/CoreDeploy.bundle/Contents/Resources/hr.lproj/deploystrings.properties
System/Library/Java/Support/CoreDeploy.bundle/Contents/Resources/hu.lproj
System/Library/Java/Support/CoreDeploy.bundle/Contents/Resources/hu.lproj/deploystrings.properties
System/Library/Java/Support/CoreDeploy.bundle/Contents/Resources/ko.lproj
System/Library/Java/Support/CoreDeploy.bundle/Contents/Resources/ko.lproj/deploystrings.properties
System/Library/Java/Support/CoreDeploy.bundle/Contents/Resources/no.lproj
System/Library/Java/Support/CoreDeploy.bundle/Contents/Resources/no.lproj/deploystrings.properties
System/Library/Java/Support/CoreDeploy.bundle/Contents/Resources/pl.lproj
System/Library/Java/Support/CoreDeploy.bundle/Contents/Resources/pl.lproj/deploystrings.properties
System/Library/Java/Support/CoreDeploy.bundle/Contents/Resources/pt.lproj
System/Library/Java/Support/CoreDeploy.bundle/Contents/Resources/pt.lproj/deploystrings.properties
System/Library/Java/Support/CoreDeploy.bundle/Contents/Resources/pt_PT.lproj
System/Library/Java/Support/CoreDeploy.bundle/Contents/Resources/pt_PT.lproj/deploystrings.properties
System/Library/Java/Support/CoreDeploy.bundle/Contents/Resources/ro.lproj
System/Library/Java/Support/CoreDeploy.bundle/Contents/Resources/ro.lproj/deploystrings.properties
System/Library/Java/Support/CoreDeploy.bundle/Contents/Resources/ru.lproj
System/Library/Java/Support/CoreDeploy.bundle/Contents/Resources/ru.lproj/deploystrings.properties
System/Library/Java/Support/CoreDeploy.bundle/Contents/Resources/sk.lproj
System/Library/Java/Support/CoreDeploy.bundle/Contents/Resources/sk.lproj/deploystrings.properties
System/Library/Java/Support/CoreDeploy.bundle/Contents/Resources/sv.lproj
System/Library/Java/Support/CoreDeploy.bundle/Contents/Resources/sv.lproj/deploystrings.properties
System/Library/Java/Support/CoreDeploy.bundle/Contents/Resources/th.lproj
System/Library/Java/Support/CoreDeploy.bundle/Contents/Resources/th.lproj/deploystrings.properties
System/Library/Java/Support/CoreDeploy.bundle/Contents/Resources/tr.lproj
System/Library/Java/Support/CoreDeploy.bundle/Contents/Resources/tr.lproj/deploystrings.properties
System/Library/Java/Support/CoreDeploy.bundle/Contents/Resources/uk.lproj
System/Library/Java/Support/CoreDeploy.bundle/Contents/Resources/uk.lproj/deploystrings.properties
System/Library/Java/Support/CoreDeploy.bundle/Contents/Resources/zh_CN.lproj
System/Library/Java/Support/CoreDeploy.bundle/Contents/Resources/zh_CN.lproj/deploystrings.properties
System/Library/Java/Support/CoreDeploy.bundle/Contents/Resources/zh_TW.lproj
System/Library/Java/Support/CoreDeploy.bundle/Contents/Resources/zh_TW.lproj/deploystrings.properties
System/Library/Java/Support/CoreDeploy.bundle/Contents/version.plist
System/Library/Java/Support/Deploy.bundle
System/Library/Java/Support/Deploy.bundle/Contents
System/Library/Java/Support/Deploy.bundle/Contents/Home
System/Library/Java/Support/Deploy.bundle/Contents/Home/bin
System/Library/Java/Support/Deploy.bundle/Contents/Home/bin/javaws
System/Library/Java/Support/Deploy.bundle/Contents/Home/lib
System/Library/Java/Support/Deploy.bundle/Contents/Home/lib/deploy
System/Library/Java/Support/Deploy.bundle/Contents/Home/lib/deploy/java-icon.ico
System/Library/Java/Support/Deploy.bundle/Contents/Home/lib/deploy/messages_en_US.properties
System/Library/Java/Support/Deploy.bundle/Contents/Home/lib/deploy/splash.gif
System/Library/Java/Support/Deploy.bundle/Contents/Home/lib/deploy.jar
System/Library/Java/Support/Deploy.bundle/Contents/Home/lib/javaws.jar
System/Library/Java/Support/Deploy.bundle/Contents/Home/lib/plugin.jar
System/Library/Java/Support/Deploy.bundle/Contents/Home/lib/security
System/Library/Java/Support/Deploy.bundle/Contents/Home/lib/security/blacklist
System/Library/Java/Support/Deploy.bundle/Contents/Home/lib/security/cacerts
System/Library/Java/Support/Deploy.bundle/Contents/Home/lib/security/javaws.policy
System/Library/Java/Support/Deploy.bundle/Contents/Home/lib/security/trusted.libraries
System/Library/Java/Support/Deploy.bundle/Contents/Info.plist
System/Library/Java/Support/Deploy.bundle/Contents/MacOS
System/Library/Java/Support/Deploy.bundle/Contents/MacOS/javaws
System/Library/Java/Support/Deploy.bundle/Contents/Resources
System/Library/Java/Support/Deploy.bundle/Contents/Resources/CoffeeCup.png
System/Library/Java/Support/Deploy.bundle/Contents/Resources/CoffeeCupError.png
System/Library/Java/Support/Deploy.bundle/Contents/Resources/Dutch.lproj
System/Library/Java/Support/Deploy.bundle/Contents/Resources/Dutch.lproj/deploystrings.properties
System/Library/Java/Support/Deploy.bundle/Contents/Resources/English.lproj
System/Library/Java/Support/Deploy.bundle/Contents/Resources/English.lproj/deploystrings.properties
System/Library/Java/Support/Deploy.bundle/Contents/Resources/French.lproj
System/Library/Java/Support/Deploy.bundle/Contents/Resources/French.lproj/deploystrings.properties
System/Library/Java/Support/Deploy.bundle/Contents/Resources/German.lproj
System/Library/Java/Support/Deploy.bundle/Contents/Resources/German.lproj/deploystrings.properties
System/Library/Java/Support/Deploy.bundle/Contents/Resources/Italian.lproj
System/Library/Java/Support/Deploy.bundle/Contents/Resources/Italian.lproj/deploystrings.properties
System/Library/Java/Support/Deploy.bundle/Contents/Resources/Japanese.lproj
System/Library/Java/Support/Deploy.bundle/Contents/Resources/Japanese.lproj/deploystrings.properties
System/Library/Java/Support/Deploy.bundle/Contents/Resources/Java
System/Library/Java/Support/Deploy.bundle/Contents/Resources/Java/deploy.jar
System/Library/Java/Support/Deploy.bundle/Contents/Resources/Java/javaws.jar
System/Library/Java/Support/Deploy.bundle/Contents/Resources/Java/libdeploy.jnilib
System/Library/Java/Support/Deploy.bundle/Contents/Resources/Java/libmacjavaws.jnilib
System/Library/Java/Support/Deploy.bundle/Contents/Resources/Java/libplugin2_npapi.jnilib
System/Library/Java/Support/Deploy.bundle/Contents/Resources/Java/plugin.jar
System/Library/Java/Support/Deploy.bundle/Contents/Resources/JavaMenuExtraIcon.pdf
System/Library/Java/Support/Deploy.bundle/Contents/Resources/JavaPlugin2_NPAPI.plugin
System/Library/Java/Support/Deploy.bundle/Contents/Resources/JavaPlugin2_NPAPI.plugin/Contents
System/Library/Java/Support/Deploy.bundle/Contents/Resources/JavaPlugin2_NPAPI.plugin/Contents/Info.plist
System/Library/Java/Support/Deploy.bundle/Contents/Resources/JavaPlugin2_NPAPI.plugin/Contents/MacOS
System/Library/Java/Support/Deploy.bundle/Contents/Resources/JavaPlugin2_NPAPI.plugin/Contents/MacOS/JavaPlugin2_NPAPI
System/Library/Java/Support/Deploy.bundle/Contents/Resources/JavaPlugin2_NPAPI.plugin/Contents/Resources
System/Library/Java/Support/Deploy.bundle/Contents/Resources/JavaPlugin2_NPAPI.plugin/Contents/version.plist
System/Library/Java/Support/Deploy.bundle/Contents/Resources/PluginProcess.icns
System/Library/Java/Support/Deploy.bundle/Contents/Resources/Spanish.lproj
System/Library/Java/Support/Deploy.bundle/Contents/Resources/Spanish.lproj/deploystrings.properties
System/Library/Java/Support/Deploy.bundle/Contents/Resources/ar.lproj
System/Library/Java/Support/Deploy.bundle/Contents/Resources/ar.lproj/deploystrings.properties
System/Library/Java/Support/Deploy.bundle/Contents/Resources/ca.lproj
System/Library/Java/Support/Deploy.bundle/Contents/Resources/ca.lproj/deploystrings.properties
System/Library/Java/Support/Deploy.bundle/Contents/Resources/cs.lproj
System/Library/Java/Support/Deploy.bundle/Contents/Resources/cs.lproj/deploystrings.properties
System/Library/Java/Support/Deploy.bundle/Contents/Resources/da.lproj
System/Library/Java/Support/Deploy.bundle/Contents/Resources/da.lproj/deploystrings.properties
System/Library/Java/Support/Deploy.bundle/Contents/Resources/el.lproj
System/Library/Java/Support/Deploy.bundle/Contents/Resources/el.lproj/deploystrings.properties
System/Library/Java/Support/Deploy.bundle/Contents/Resources/fi.lproj
System/Library/Java/Support/Deploy.bundle/Contents/Resources/fi.lproj/deploystrings.properties
System/Library/Java/Support/Deploy.bundle/Contents/Resources/he.lproj
System/Library/Java/Support/Deploy.bundle/Contents/Resources/he.lproj/deploystrings.properties
System/Library/Java/Support/Deploy.bundle/Contents/Resources/hr.lproj
System/Library/Java/Support/Deploy.bundle/Contents/Resources/hr.lproj/deploystrings.properties
System/Library/Java/Support/Deploy.bundle/Contents/Resources/hu.lproj
System/Library/Java/Support/Deploy.bundle/Contents/Resources/hu.lproj/deploystrings.properties
System/Library/Java/Support/Deploy.bundle/Contents/Resources/ko.lproj
System/Library/Java/Support/Deploy.bundle/Contents/Resources/ko.lproj/deploystrings.properties
System/Library/Java/Support/Deploy.bundle/Contents/Resources/no.lproj
System/Library/Java/Support/Deploy.bundle/Contents/Resources/no.lproj/deploystrings.properties
System/Library/Java/Support/Deploy.bundle/Contents/Resources/pl.lproj
System/Library/Java/Support/Deploy.bundle/Contents/Resources/pl.lproj/deploystrings.properties
System/Library/Java/Support/Deploy.bundle/Contents/Resources/pt.lproj
System/Library/Java/Support/Deploy.bundle/Contents/Resources/pt.lproj/deploystrings.properties
System/Library/Java/Support/Deploy.bundle/Contents/Resources/pt_PT.lproj
System/Library/Java/Support/Deploy.bundle/Contents/Resources/pt_PT.lproj/deploystrings.properties
System/Library/Java/Support/Deploy.bundle/Contents/Resources/ro.lproj
System/Library/Java/Support/Deploy.bundle/Contents/Resources/ro.lproj/deploystrings.properties
System/Library/Java/Support/Deploy.bundle/Contents/Resources/ru.lproj
System/Library/Java/Support/Deploy.bundle/Contents/Resources/ru.lproj/deploystrings.properties
System/Library/Java/Support/Deploy.bundle/Contents/Resources/sk.lproj
System/Library/Java/Support/Deploy.bundle/Contents/Resources/sk.lproj/deploystrings.properties
System/Library/Java/Support/Deploy.bundle/Contents/Resources/sv.lproj
System/Library/Java/Support/Deploy.bundle/Contents/Resources/sv.lproj/deploystrings.properties
System/Library/Java/Support/Deploy.bundle/Contents/Resources/th.lproj
System/Library/Java/Support/Deploy.bundle/Contents/Resources/th.lproj/deploystrings.properties
System/Library/Java/Support/Deploy.bundle/Contents/Resources/tr.lproj
System/Library/Java/Support/Deploy.bundle/Contents/Resources/tr.lproj/deploystrings.properties
System/Library/Java/Support/Deploy.bundle/Contents/Resources/uk.lproj
System/Library/Java/Support/Deploy.bundle/Contents/Resources/uk.lproj/deploystrings.properties
System/Library/Java/Support/Deploy.bundle/Contents/Resources/zh_CN.lproj
System/Library/Java/Support/Deploy.bundle/Contents/Resources/zh_CN.lproj/deploystrings.properties
System/Library/Java/Support/Deploy.bundle/Contents/Resources/zh_TW.lproj
System/Library/Java/Support/Deploy.bundle/Contents/Resources/zh_TW.lproj/deploystrings.properties
System/Library/Java/Support/Deploy.bundle/Contents/version.plist
System/Library/LaunchAgents
System/Library/LaunchAgents/com.apple.java.InstallOnDemand.plist
System/Library/LaunchAgents/com.apple.java.updateSharing.plist
System/Library/PrivateFrameworks
System/Library/PrivateFrameworks/JavaApplicationLauncher.framework
System/Library/PrivateFrameworks/JavaApplicationLauncher.framework/JavaApplicationLauncher
System/Library/PrivateFrameworks/JavaApplicationLauncher.framework/Resources
System/Library/PrivateFrameworks/JavaApplicationLauncher.framework/Versions
System/Library/PrivateFrameworks/JavaApplicationLauncher.framework/Versions/A
System/Library/PrivateFrameworks/JavaApplicationLauncher.framework/Versions/A/JavaApplicationLauncher
System/Library/PrivateFrameworks/JavaApplicationLauncher.framework/Versions/A/Resources
System/Library/PrivateFrameworks/JavaApplicationLauncher.framework/Versions/A/Resources/Dutch.lproj
System/Library/PrivateFrameworks/JavaApplicationLauncher.framework/Versions/A/Resources/Dutch.lproj/Alert.strings
System/Library/PrivateFrameworks/JavaApplicationLauncher.framework/Versions/A/Resources/Dutch.lproj/InfoPlist.strings
System/Library/PrivateFrameworks/JavaApplicationLauncher.framework/Versions/A/Resources/Dutch.lproj/OldJavaAlert.strings
System/Library/PrivateFrameworks/JavaApplicationLauncher.framework/Versions/A/Resources/English.lproj
System/Library/PrivateFrameworks/JavaApplicationLauncher.framework/Versions/A/Resources/English.lproj/Alert.strings
System/Library/PrivateFrameworks/JavaApplicationLauncher.framework/Versions/A/Resources/English.lproj/InfoPlist.strings
System/Library/PrivateFrameworks/JavaApplicationLauncher.framework/Versions/A/Resources/English.lproj/OldJavaAlert.strings
System/Library/PrivateFrameworks/JavaApplicationLauncher.framework/Versions/A/Resources/French.lproj
System/Library/PrivateFrameworks/JavaApplicationLauncher.framework/Versions/A/Resources/French.lproj/Alert.strings
System/Library/PrivateFrameworks/JavaApplicationLauncher.framework/Versions/A/Resources/French.lproj/InfoPlist.strings
System/Library/PrivateFrameworks/JavaApplicationLauncher.framework/Versions/A/Resources/French.lproj/OldJavaAlert.strings
System/Library/PrivateFrameworks/JavaApplicationLauncher.framework/Versions/A/Resources/German.lproj
System/Library/PrivateFrameworks/JavaApplicationLauncher.framework/Versions/A/Resources/German.lproj/Alert.strings
System/Library/PrivateFrameworks/JavaApplicationLauncher.framework/Versions/A/Resources/German.lproj/InfoPlist.strings
System/Library/PrivateFrameworks/JavaApplicationLauncher.framework/Versions/A/Resources/German.lproj/OldJavaAlert.strings
System/Library/PrivateFrameworks/JavaApplicationLauncher.framework/Versions/A/Resources/Info.plist
System/Library/PrivateFrameworks/JavaApplicationLauncher.framework/Versions/A/Resources/Italian.lproj
System/Library/PrivateFrameworks/JavaApplicationLauncher.framework/Versions/A/Resources/Italian.lproj/Alert.strings
System/Library/PrivateFrameworks/JavaApplicationLauncher.framework/Versions/A/Resources/Italian.lproj/InfoPlist.strings
System/Library/PrivateFrameworks/JavaApplicationLauncher.framework/Versions/A/Resources/Italian.lproj/OldJavaAlert.strings
System/Library/PrivateFrameworks/JavaApplicationLauncher.framework/Versions/A/Resources/Japanese.lproj
System/Library/PrivateFrameworks/JavaApplicationLauncher.framework/Versions/A/Resources/Japanese.lproj/Alert.strings
System/Library/PrivateFrameworks/JavaApplicationLauncher.framework/Versions/A/Resources/Japanese.lproj/InfoPlist.strings
System/Library/PrivateFrameworks/JavaApplicationLauncher.framework/Versions/A/Resources/Japanese.lproj/OldJavaAlert.strings
System/Library/PrivateFrameworks/JavaApplicationLauncher.framework/Versions/A/Resources/LauncherSupport.jar
System/Library/PrivateFrameworks/JavaApplicationLauncher.framework/Versions/A/Resources/Spanish.lproj
System/Library/PrivateFrameworks/JavaApplicationLauncher.framework/Versions/A/Resources/Spanish.lproj/Alert.strings
System/Library/PrivateFrameworks/JavaApplicationLauncher.framework/Versions/A/Resources/Spanish.lproj/InfoPlist.strings
System/Library/PrivateFrameworks/JavaApplicationLauncher.framework/Versions/A/Resources/Spanish.lproj/OldJavaAlert.strings
System/Library/PrivateFrameworks/JavaApplicationLauncher.framework/Versions/A/Resources/ar.lproj
System/Library/PrivateFrameworks/JavaApplicationLauncher.framework/Versions/A/Resources/ar.lproj/Alert.strings
System/Library/PrivateFrameworks/JavaApplicationLauncher.framework/Versions/A/Resources/ar.lproj/InfoPlist.strings
System/Library/PrivateFrameworks/JavaApplicationLauncher.framework/Versions/A/Resources/ar.lproj/OldJavaAlert.strings
System/Library/PrivateFrameworks/JavaApplicationLauncher.framework/Versions/A/Resources/ca.lproj
System/Library/PrivateFrameworks/JavaApplicationLauncher.framework/Versions/A/Resources/ca.lproj/Alert.strings
System/Library/PrivateFrameworks/JavaApplicationLauncher.framework/Versions/A/Resources/ca.lproj/InfoPlist.strings
System/Library/PrivateFrameworks/JavaApplicationLauncher.framework/Versions/A/Resources/ca.lproj/OldJavaAlert.strings
System/Library/PrivateFrameworks/JavaApplicationLauncher.framework/Versions/A/Resources/cs.lproj
System/Library/PrivateFrameworks/JavaApplicationLauncher.framework/Versions/A/Resources/cs.lproj/Alert.strings
System/Library/PrivateFrameworks/JavaApplicationLauncher.framework/Versions/A/Resources/cs.lproj/InfoPlist.strings
System/Library/PrivateFrameworks/JavaApplicationLauncher.framework/Versions/A/Resources/cs.lproj/OldJavaAlert.strings
System/Library/PrivateFrameworks/JavaApplicationLauncher.framework/Versions/A/Resources/da.lproj
System/Library/PrivateFrameworks/JavaApplicationLauncher.framework/Versions/A/Resources/da.lproj/Alert.strings
System/Library/PrivateFrameworks/JavaApplicationLauncher.framework/Versions/A/Resources/da.lproj/InfoPlist.strings
System/Library/PrivateFrameworks/JavaApplicationLauncher.framework/Versions/A/Resources/da.lproj/OldJavaAlert.strings
System/Library/PrivateFrameworks/JavaApplicationLauncher.framework/Versions/A/Resources/el.lproj
System/Library/PrivateFrameworks/JavaApplicationLauncher.framework/Versions/A/Resources/el.lproj/Alert.strings
System/Library/PrivateFrameworks/JavaApplicationLauncher.framework/Versions/A/Resources/el.lproj/InfoPlist.strings
System/Library/PrivateFrameworks/JavaApplicationLauncher.framework/Versions/A/Resources/el.lproj/OldJavaAlert.strings
System/Library/PrivateFrameworks/JavaApplicationLauncher.framework/Versions/A/Resources/fi.lproj
System/Library/PrivateFrameworks/JavaApplicationLauncher.framework/Versions/A/Resources/fi.lproj/Alert.strings
System/Library/PrivateFrameworks/JavaApplicationLauncher.framework/Versions/A/Resources/fi.lproj/InfoPlist.strings
System/Library/PrivateFrameworks/JavaApplicationLauncher.framework/Versions/A/Resources/fi.lproj/OldJavaAlert.strings
System/Library/PrivateFrameworks/JavaApplicationLauncher.framework/Versions/A/Resources/he.lproj
System/Library/PrivateFrameworks/JavaApplicationLauncher.framework/Versions/A/Resources/he.lproj/Alert.strings
System/Library/PrivateFrameworks/JavaApplicationLauncher.framework/Versions/A/Resources/he.lproj/InfoPlist.strings
System/Library/PrivateFrameworks/JavaApplicationLauncher.framework/Versions/A/Resources/he.lproj/OldJavaAlert.strings
System/Library/PrivateFrameworks/JavaApplicationLauncher.framework/Versions/A/Resources/hr.lproj
System/Library/PrivateFrameworks/JavaApplicationLauncher.framework/Versions/A/Resources/hr.lproj/Alert.strings
System/Library/PrivateFrameworks/JavaApplicationLauncher.framework/Versions/A/Resources/hr.lproj/InfoPlist.strings
System/Library/PrivateFrameworks/JavaApplicationLauncher.framework/Versions/A/Resources/hr.lproj/OldJavaAlert.strings
System/Library/PrivateFrameworks/JavaApplicationLauncher.framework/Versions/A/Resources/hu.lproj
System/Library/PrivateFrameworks/JavaApplicationLauncher.framework/Versions/A/Resources/hu.lproj/Alert.strings
System/Library/PrivateFrameworks/JavaApplicationLauncher.framework/Versions/A/Resources/hu.lproj/InfoPlist.strings
System/Library/PrivateFrameworks/JavaApplicationLauncher.framework/Versions/A/Resources/hu.lproj/OldJavaAlert.strings
System/Library/PrivateFrameworks/JavaApplicationLauncher.framework/Versions/A/Resources/ko.lproj
System/Library/PrivateFrameworks/JavaApplicationLauncher.framework/Versions/A/Resources/ko.lproj/Alert.strings
System/Library/PrivateFrameworks/JavaApplicationLauncher.framework/Versions/A/Resources/ko.lproj/InfoPlist.strings
System/Library/PrivateFrameworks/JavaApplicationLauncher.framework/Versions/A/Resources/ko.lproj/OldJavaAlert.strings
System/Library/PrivateFrameworks/JavaApplicationLauncher.framework/Versions/A/Resources/liblauncher.jnilib
System/Library/PrivateFrameworks/JavaApplicationLauncher.framework/Versions/A/Resources/no.lproj
System/Library/PrivateFrameworks/JavaApplicationLauncher.framework/Versions/A/Resources/no.lproj/Alert.strings
System/Library/PrivateFrameworks/JavaApplicationLauncher.framework/Versions/A/Resources/no.lproj/InfoPlist.strings
System/Library/PrivateFrameworks/JavaApplicationLauncher.framework/Versions/A/Resources/no.lproj/OldJavaAlert.strings
System/Library/PrivateFrameworks/JavaApplicationLauncher.framework/Versions/A/Resources/pl.lproj
System/Library/PrivateFrameworks/JavaApplicationLauncher.framework/Versions/A/Resources/pl.lproj/Alert.strings
System/Library/PrivateFrameworks/JavaApplicationLauncher.framework/Versions/A/Resources/pl.lproj/InfoPlist.strings
System/Library/PrivateFrameworks/JavaApplicationLauncher.framework/Versions/A/Resources/pl.lproj/OldJavaAlert.strings
System/Library/PrivateFrameworks/JavaApplicationLauncher.framework/Versions/A/Resources/pt.lproj
System/Library/PrivateFrameworks/JavaApplicationLauncher.framework/Versions/A/Resources/pt.lproj/Alert.strings
System/Library/PrivateFrameworks/JavaApplicationLauncher.framework/Versions/A/Resources/pt.lproj/InfoPlist.strings
System/Library/PrivateFrameworks/JavaApplicationLauncher.framework/Versions/A/Resources/pt.lproj/OldJavaAlert.strings
System/Library/PrivateFrameworks/JavaApplicationLauncher.framework/Versions/A/Resources/pt_PT.lproj
System/Library/PrivateFrameworks/JavaApplicationLauncher.framework/Versions/A/Resources/pt_PT.lproj/Alert.strings
System/Library/PrivateFrameworks/JavaApplicationLauncher.framework/Versions/A/Resources/pt_PT.lproj/InfoPlist.strings
System/Library/PrivateFrameworks/JavaApplicationLauncher.framework/Versions/A/Resources/pt_PT.lproj/OldJavaAlert.strings
System/Library/PrivateFrameworks/JavaApplicationLauncher.framework/Versions/A/Resources/ro.lproj
System/Library/PrivateFrameworks/JavaApplicationLauncher.framework/Versions/A/Resources/ro.lproj/Alert.strings
System/Library/PrivateFrameworks/JavaApplicationLauncher.framework/Versions/A/Resources/ro.lproj/InfoPlist.strings
System/Library/PrivateFrameworks/JavaApplicationLauncher.framework/Versions/A/Resources/ro.lproj/OldJavaAlert.strings
System/Library/PrivateFrameworks/JavaApplicationLauncher.framework/Versions/A/Resources/ru.lproj
System/Library/PrivateFrameworks/JavaApplicationLauncher.framework/Versions/A/Resources/ru.lproj/Alert.strings
System/Library/PrivateFrameworks/JavaApplicationLauncher.framework/Versions/A/Resources/ru.lproj/InfoPlist.strings
System/Library/PrivateFrameworks/JavaApplicationLauncher.framework/Versions/A/Resources/ru.lproj/OldJavaAlert.strings
System/Library/PrivateFrameworks/JavaApplicationLauncher.framework/Versions/A/Resources/sk.lproj
System/Library/PrivateFrameworks/JavaApplicationLauncher.framework/Versions/A/Resources/sk.lproj/Alert.strings
System/Library/PrivateFrameworks/JavaApplicationLauncher.framework/Versions/A/Resources/sk.lproj/InfoPlist.strings
System/Library/PrivateFrameworks/JavaApplicationLauncher.framework/Versions/A/Resources/sk.lproj/OldJavaAlert.strings
System/Library/PrivateFrameworks/JavaApplicationLauncher.framework/Versions/A/Resources/sv.lproj
System/Library/PrivateFrameworks/JavaApplicationLauncher.framework/Versions/A/Resources/sv.lproj/Alert.strings
System/Library/PrivateFrameworks/JavaApplicationLauncher.framework/Versions/A/Resources/sv.lproj/InfoPlist.strings
System/Library/PrivateFrameworks/JavaApplicationLauncher.framework/Versions/A/Resources/sv.lproj/OldJavaAlert.strings
System/Library/PrivateFrameworks/JavaApplicationLauncher.framework/Versions/A/Resources/th.lproj
System/Library/PrivateFrameworks/JavaApplicationLauncher.framework/Versions/A/Resources/th.lproj/Alert.strings
System/Library/PrivateFrameworks/JavaApplicationLauncher.framework/Versions/A/Resources/th.lproj/InfoPlist.strings
System/Library/PrivateFrameworks/JavaApplicationLauncher.framework/Versions/A/Resources/th.lproj/OldJavaAlert.strings
System/Library/PrivateFrameworks/JavaApplicationLauncher.framework/Versions/A/Resources/tr.lproj
System/Library/PrivateFrameworks/JavaApplicationLauncher.framework/Versions/A/Resources/tr.lproj/Alert.strings
System/Library/PrivateFrameworks/JavaApplicationLauncher.framework/Versions/A/Resources/tr.lproj/InfoPlist.strings
System/Library/PrivateFrameworks/JavaApplicationLauncher.framework/Versions/A/Resources/tr.lproj/OldJavaAlert.strings
System/Library/PrivateFrameworks/JavaApplicationLauncher.framework/Versions/A/Resources/uk.lproj
System/Library/PrivateFrameworks/JavaApplicationLauncher.framework/Versions/A/Resources/uk.lproj/Alert.strings
System/Library/PrivateFrameworks/JavaApplicationLauncher.framework/Versions/A/Resources/uk.lproj/InfoPlist.strings
System/Library/PrivateFrameworks/JavaApplicationLauncher.framework/Versions/A/Resources/uk.lproj/OldJavaAlert.strings
System/Library/PrivateFrameworks/JavaApplicationLauncher.framework/Versions/A/Resources/version.plist
System/Library/PrivateFrameworks/JavaApplicationLauncher.framework/Versions/A/Resources/zh_CN.lproj
System/Library/PrivateFrameworks/JavaApplicationLauncher.framework/Versions/A/Resources/zh_CN.lproj/Alert.strings
System/Library/PrivateFrameworks/JavaApplicationLauncher.framework/Versions/A/Resources/zh_CN.lproj/InfoPlist.strings
System/Library/PrivateFrameworks/JavaApplicationLauncher.framework/Versions/A/Resources/zh_CN.lproj/OldJavaAlert.strings
System/Library/PrivateFrameworks/JavaApplicationLauncher.framework/Versions/A/Resources/zh_TW.lproj
System/Library/PrivateFrameworks/JavaApplicationLauncher.framework/Versions/A/Resources/zh_TW.lproj/Alert.strings
System/Library/PrivateFrameworks/JavaApplicationLauncher.framework/Versions/A/Resources/zh_TW.lproj/InfoPlist.strings
System/Library/PrivateFrameworks/JavaApplicationLauncher.framework/Versions/A/Resources/zh_TW.lproj/OldJavaAlert.strings
System/Library/PrivateFrameworks/JavaApplicationLauncher.framework/Versions/A/_CodeSignature
System/Library/PrivateFrameworks/JavaApplicationLauncher.framework/Versions/A/_CodeSignature/CodeResources
System/Library/PrivateFrameworks/JavaApplicationLauncher.framework/Versions/Current
System/Library/PrivateFrameworks/JavaLaunching.framework
System/Library/PrivateFrameworks/JavaLaunching.framework/JavaLaunching
System/Library/PrivateFrameworks/JavaLaunching.framework/Resources
System/Library/PrivateFrameworks/JavaLaunching.framework/Versions
System/Library/PrivateFrameworks/JavaLaunching.framework/Versions/A
System/Library/PrivateFrameworks/JavaLaunching.framework/Versions/A/JavaLaunching
System/Library/PrivateFrameworks/JavaLaunching.framework/Versions/A/Resources
System/Library/PrivateFrameworks/JavaLaunching.framework/Versions/A/Resources/English.lproj
System/Library/PrivateFrameworks/JavaLaunching.framework/Versions/A/Resources/English.lproj/InfoPlist.strings
System/Library/PrivateFrameworks/JavaLaunching.framework/Versions/A/Resources/Info.plist
System/Library/PrivateFrameworks/JavaLaunching.framework/Versions/A/Resources/version.plist
System/Library/PrivateFrameworks/JavaLaunching.framework/Versions/Current
usr
usr/bin
usr/bin/appletviewer
usr/bin/apt
usr/bin/extcheck
usr/bin/idlj
usr/bin/jar
usr/bin/jarsigner
usr/bin/java
usr/bin/javac
usr/bin/javadoc
usr/bin/javah
usr/bin/javap
usr/bin/javaws
usr/bin/jcmd
usr/bin/jconsole
usr/bin/jdb
usr/bin/jdeps
usr/bin/jhat
usr/bin/jinfo
usr/bin/jjs
usr/bin/jmap
usr/bin/jmc
usr/bin/jps
usr/bin/jrunscript
usr/bin/jsadebugd
usr/bin/jstack
usr/bin/jstat
usr/bin/jstatd
usr/bin/jvisualvm
usr/bin/keytool
usr/bin/native2ascii
usr/bin/orbd
usr/bin/pack200
usr/bin/policytool
usr/bin/rmic
usr/bin/rmid
usr/bin/rmiregistry
usr/bin/schemagen
usr/bin/serialver
usr/bin/servertool
usr/bin/tnameserv
usr/bin/unpack200
usr/bin/wsgen
usr/bin/wsimport
usr/bin/xjc
usr/libexec
usr/libexec/java_home
usr/share
usr/share/man
usr/share/man/man1
usr/share/man/man1/appletviewer.1
usr/share/man/man1/apt.1
usr/share/man/man1/extcheck.1
usr/share/man/man1/idlj.1
usr/share/man/man1/jar.1
usr/share/man/man1/jarsigner.1
usr/share/man/man1/java.1
usr/share/man/man1/java_home.1
usr/share/man/man1/javac.1
usr/share/man/man1/javadoc.1
usr/share/man/man1/javah.1
usr/share/man/man1/javap.1
usr/share/man/man1/javaws.1
usr/share/man/man1/jconsole.1
usr/share/man/man1/jdb.1
usr/share/man/man1/jhat.1
usr/share/man/man1/jinfo.1
usr/share/man/man1/jmap.1
usr/share/man/man1/jps.1
usr/share/man/man1/jrunscript.1
usr/share/man/man1/jsadebugd.1
usr/share/man/man1/jstack.1
usr/share/man/man1/jstat.1
usr/share/man/man1/jstatd.1
usr/share/man/man1/keytool.1
usr/share/man/man1/native2ascii.1
usr/share/man/man1/orbd.1
usr/share/man/man1/pack200.1
usr/share/man/man1/policytool.1
usr/share/man/man1/rmic.1
usr/share/man/man1/rmid.1
usr/share/man/man1/rmiregistry.1
usr/share/man/man1/schemagen.1
usr/share/man/man1/serialver.1
usr/share/man/man1/servertool.1
usr/share/man/man1/tnameserv.1
usr/share/man/man1/unpack200.1
usr/share/man/man1/wsgen.1
usr/share/man/man1/wsimport.1
usr/share/man/man1/xjc.1
